{"numFailedTestSuites":1,"numFailedTests":1,"numPassedTestSuites":0,"numPassedTests":0,"numPendingTestSuites":0,"numPendingTests":4,"numRuntimeErrorTestSuites":0,"numTodoTests":0,"numTotalTestSuites":1,"numTotalTests":5,"openHandles":[],"snapshot":{"added":0,"didUpdate":false,"failure":false,"filesAdded":0,"filesRemoved":0,"filesRemovedList":[],"filesUnmatched":0,"filesUpdated":0,"matched":0,"total":0,"unchecked":0,"uncheckedKeysByFile":[],"unmatched":0,"updated":0},"startTime":1755673019745,"success":false,"testResults":[{"assertionResults":[{"ancestorTitles":["SpotifyService - Batch B (playlists & create/remove)"],"failureMessages":["ApiError: An unexpected error occurred.\n    at ApiErrorHandler.classifyError (C:\\Users\\defir\\Documents\\fun_with_Copilot\\Kiro vibes\\src\\services\\apiErrorHandler.ts:370:12)\n    at ApiErrorHandler.withRetry (C:\\Users\\defir\\Documents\\fun_with_Copilot\\Kiro vibes\\src\\services\\apiErrorHandler.ts:395:31)\n    at Object.<anonymous> (C:\\Users\\defir\\Documents\\fun_with_Copilot\\Kiro vibes\\src\\services\\__tests__\\spotify.batchB.test.ts:27:17)"],"fullName":"SpotifyService - Batch B (playlists & create/remove) getUserPlaylists single page returns items","location":null,"status":"failed","title":"getUserPlaylists single page returns items"},{"ancestorTitles":["SpotifyService - Batch B (playlists & create/remove)"],"failureMessages":[],"fullName":"SpotifyService - Batch B (playlists & create/remove) getUserPlaylists with all=true aggregates pages","location":null,"status":"pending","title":"getUserPlaylists with all=true aggregates pages"},{"ancestorTitles":["SpotifyService - Batch B (playlists & create/remove)"],"failureMessages":[],"fullName":"SpotifyService - Batch B (playlists & create/remove) getPlaylist returns playlist details","location":null,"status":"pending","title":"getPlaylist returns playlist details"},{"ancestorTitles":["SpotifyService - Batch B (playlists & create/remove)"],"failureMessages":[],"fullName":"SpotifyService - Batch B (playlists & create/remove) createPlaylist happy path returns created playlist","location":null,"status":"pending","title":"createPlaylist happy path returns created playlist"},{"ancestorTitles":["SpotifyService - Batch B (playlists & create/remove)"],"failureMessages":[],"fullName":"SpotifyService - Batch B (playlists & create/remove) removeTracksFromPlaylist successful response","location":null,"status":"pending","title":"removeTracksFromPlaylist successful response"}],"endTime":1755673021621,"message":"  ● SpotifyService - Batch B (playlists & create/remove) › getUserPlaylists single page returns items\n\n    ApiError: An unexpected error occurred.\n\n    \u001b[0m \u001b[90m 368 |\u001b[39m     }\n     \u001b[90m 369 |\u001b[39m\n    \u001b[31m\u001b[1m>\u001b[22m\u001b[39m\u001b[90m 370 |\u001b[39m     \u001b[36mreturn\u001b[39m \u001b[36mnew\u001b[39m \u001b[33mApiError\u001b[39m(\u001b[33mERROR_TYPES\u001b[39m\u001b[33m.\u001b[39m\u001b[33mUNKNOWN\u001b[39m\u001b[33m,\u001b[39m error\u001b[33m,\u001b[39m context)\u001b[33m;\u001b[39m\n     \u001b[90m     |\u001b[39m            \u001b[31m\u001b[1m^\u001b[22m\u001b[39m\n     \u001b[90m 371 |\u001b[39m   }\n     \u001b[90m 372 |\u001b[39m\n     \u001b[90m 373 |\u001b[39m   \u001b[90m/**\u001b[39m\u001b[0m\n\n      at ApiErrorHandler.classifyError (src/services/apiErrorHandler.ts:370:12)\n      at ApiErrorHandler.withRetry (src/services/apiErrorHandler.ts:395:31)\n      at Object.<anonymous> (src/services/__tests__/spotify.batchB.test.ts:27:17)\n","name":"C:\\Users\\defir\\Documents\\fun_with_Copilot\\Kiro vibes\\src\\services\\__tests__\\spotify.batchB.test.ts","startTime":1755673019768,"status":"failed","summary":""}],"wasInterrupted":false}