{"numFailedTestSuites":1,"numFailedTests":5,"numPassedTestSuites":0,"numPassedTests":0,"numPendingTestSuites":0,"numPendingTests":0,"numRuntimeErrorTestSuites":0,"numTodoTests":0,"numTotalTestSuites":1,"numTotalTests":5,"openHandles":[],"snapshot":{"added":0,"didUpdate":false,"failure":false,"filesAdded":0,"filesRemoved":0,"filesRemovedList":[],"filesUnmatched":0,"filesUpdated":0,"matched":0,"total":0,"unchecked":0,"uncheckedKeysByFile":[],"unmatched":0,"updated":0},"startTime":1755672927232,"success":false,"testResults":[{"assertionResults":[{"ancestorTitles":["SpotifyService - Batch F (batching, params, search, audio features, retry)"],"failureMessages":["ApiError: An unexpected error occurred.\n    at ApiErrorHandler.classifyError (C:\\Users\\defir\\Documents\\fun_with_Copilot\\Kiro vibes\\src\\services\\apiErrorHandler.ts:370:12)\n    at ApiErrorHandler.handleError (C:\\Users\\defir\\Documents\\fun_with_Copilot\\Kiro vibes\\src\\services\\apiErrorHandler.ts:377:27)\n    at SpotifyService.addTracksToPlaylist (C:\\Users\\defir\\Documents\\fun_with_Copilot\\Kiro vibes\\src\\services\\spotify.ts:462:42)\n    at Object.<anonymous> (C:\\Users\\defir\\Documents\\fun_with_Copilot\\Kiro vibes\\src\\services\\__tests__\\spotify.batchF.test.ts:51:20)"],"fullName":"SpotifyService - Batch F (batching, params, search, audio features, retry) addTracksToPlaylist batches >100 tracks and only first batch contains position","location":null,"status":"failed","title":"addTracksToPlaylist batches >100 tracks and only first batch contains position"},{"ancestorTitles":["SpotifyService - Batch F (batching, params, search, audio features, retry)"],"failureMessages":["ApiError: An unexpected error occurred.\n    at ApiErrorHandler.classifyError (C:\\Users\\defir\\Documents\\fun_with_Copilot\\Kiro vibes\\src\\services\\apiErrorHandler.ts:370:12)\n    at ApiErrorHandler.withRetry (C:\\Users\\defir\\Documents\\fun_with_Copilot\\Kiro vibes\\src\\services\\apiErrorHandler.ts:395:31)\n    at Object.<anonymous> (C:\\Users\\defir\\Documents\\fun_with_Copilot\\Kiro vibes\\src\\services\\__tests__\\spotify.batchF.test.ts:86:17)"],"fullName":"SpotifyService - Batch F (batching, params, search, audio features, retry) getPlaylist respects market and fields query params","location":null,"status":"failed","title":"getPlaylist respects market and fields query params"},{"ancestorTitles":["SpotifyService - Batch F (batching, params, search, audio features, retry)"],"failureMessages":["ApiError: An unexpected error occurred.\n    at ApiErrorHandler.classifyError (C:\\Users\\defir\\Documents\\fun_with_Copilot\\Kiro vibes\\src\\services\\apiErrorHandler.ts:370:12)\n    at ApiErrorHandler.withRetry (C:\\Users\\defir\\Documents\\fun_with_Copilot\\Kiro vibes\\src\\services\\apiErrorHandler.ts:395:31)\n    at Object.<anonymous> (C:\\Users\\defir\\Documents\\fun_with_Copilot\\Kiro vibes\\src\\services\\__tests__\\spotify.batchF.test.ts:131:17)"],"fullName":"SpotifyService - Batch F (batching, params, search, audio features, retry) searchPlaylists throws on empty query and on limit>50; returns playlists on normal query","location":null,"status":"failed","title":"searchPlaylists throws on empty query and on limit>50; returns playlists on normal query"},{"ancestorTitles":["SpotifyService - Batch F (batching, params, search, audio features, retry)"],"failureMessages":["ApiError: An unexpected error occurred.\n    at ApiErrorHandler.classifyError (C:\\Users\\defir\\Documents\\fun_with_Copilot\\Kiro vibes\\src\\services\\apiErrorHandler.ts:370:12)\n    at ApiErrorHandler.withRetry (C:\\Users\\defir\\Documents\\fun_with_Copilot\\Kiro vibes\\src\\services\\apiErrorHandler.ts:395:31)\n    at Object.<anonymous> (C:\\Users\\defir\\Documents\\fun_with_Copilot\\Kiro vibes\\src\\services\\__tests__\\spotify.batchF.test.ts:160:22)"],"fullName":"SpotifyService - Batch F (batching, params, search, audio features, retry) getMultipleTrackAudioFeatures validates input and returns features array","location":null,"status":"failed","title":"getMultipleTrackAudioFeatures validates input and returns features array"},{"ancestorTitles":["SpotifyService - Batch F (batching, params, search, audio features, retry)"],"failureMessages":["ApiError: An unexpected error occurred.\n    at ApiErrorHandler.classifyError (C:\\Users\\defir\\Documents\\fun_with_Copilot\\Kiro vibes\\src\\services\\apiErrorHandler.ts:370:12)\n    at ApiErrorHandler.withRetry (C:\\Users\\defir\\Documents\\fun_with_Copilot\\Kiro vibes\\src\\services\\apiErrorHandler.ts:395:31)\n    at Object.<anonymous> (C:\\Users\\defir\\Documents\\fun_with_Copilot\\Kiro vibes\\src\\services\\__tests__\\spotify.batchF.test.ts:198:23)"],"fullName":"SpotifyService - Batch F (batching, params, search, audio features, retry) withRetry will retry on transient 429 then succeed","location":null,"status":"failed","title":"withRetry will retry on transient 429 then succeed"}],"endTime":1755672932458,"message":"  ● SpotifyService - Batch F (batching, params, search, audio features, retry) › addTracksToPlaylist batches >100 tracks and only first batch contains position\n\n    ApiError: An unexpected error occurred.\n\n    \u001b[0m \u001b[90m 368 |\u001b[39m     }\n     \u001b[90m 369 |\u001b[39m\n    \u001b[31m\u001b[1m>\u001b[22m\u001b[39m\u001b[90m 370 |\u001b[39m     \u001b[36mreturn\u001b[39m \u001b[36mnew\u001b[39m \u001b[33mApiError\u001b[39m(\u001b[33mERROR_TYPES\u001b[39m\u001b[33m.\u001b[39m\u001b[33mUNKNOWN\u001b[39m\u001b[33m,\u001b[39m error\u001b[33m,\u001b[39m context)\u001b[33m;\u001b[39m\n     \u001b[90m     |\u001b[39m            \u001b[31m\u001b[1m^\u001b[22m\u001b[39m\n     \u001b[90m 371 |\u001b[39m   }\n     \u001b[90m 372 |\u001b[39m\n     \u001b[90m 373 |\u001b[39m   \u001b[90m/**\u001b[39m\u001b[0m\n\n      at ApiErrorHandler.classifyError (src/services/apiErrorHandler.ts:370:12)\n      at ApiErrorHandler.handleError (src/services/apiErrorHandler.ts:377:27)\n      at SpotifyService.addTracksToPlaylist (src/services/spotify.ts:462:42)\n      at Object.<anonymous> (src/services/__tests__/spotify.batchF.test.ts:51:20)\n\n  ● SpotifyService - Batch F (batching, params, search, audio features, retry) › getPlaylist respects market and fields query params\n\n    ApiError: An unexpected error occurred.\n\n    \u001b[0m \u001b[90m 368 |\u001b[39m     }\n     \u001b[90m 369 |\u001b[39m\n    \u001b[31m\u001b[1m>\u001b[22m\u001b[39m\u001b[90m 370 |\u001b[39m     \u001b[36mreturn\u001b[39m \u001b[36mnew\u001b[39m \u001b[33mApiError\u001b[39m(\u001b[33mERROR_TYPES\u001b[39m\u001b[33m.\u001b[39m\u001b[33mUNKNOWN\u001b[39m\u001b[33m,\u001b[39m error\u001b[33m,\u001b[39m context)\u001b[33m;\u001b[39m\n     \u001b[90m     |\u001b[39m            \u001b[31m\u001b[1m^\u001b[22m\u001b[39m\n     \u001b[90m 371 |\u001b[39m   }\n     \u001b[90m 372 |\u001b[39m\n     \u001b[90m 373 |\u001b[39m   \u001b[90m/**\u001b[39m\u001b[0m\n\n      at ApiErrorHandler.classifyError (src/services/apiErrorHandler.ts:370:12)\n      at ApiErrorHandler.withRetry (src/services/apiErrorHandler.ts:395:31)\n      at Object.<anonymous> (src/services/__tests__/spotify.batchF.test.ts:86:17)\n\n  ● SpotifyService - Batch F (batching, params, search, audio features, retry) › searchPlaylists throws on empty query and on limit>50; returns playlists on normal query\n\n    ApiError: An unexpected error occurred.\n\n    \u001b[0m \u001b[90m 368 |\u001b[39m     }\n     \u001b[90m 369 |\u001b[39m\n    \u001b[31m\u001b[1m>\u001b[22m\u001b[39m\u001b[90m 370 |\u001b[39m     \u001b[36mreturn\u001b[39m \u001b[36mnew\u001b[39m \u001b[33mApiError\u001b[39m(\u001b[33mERROR_TYPES\u001b[39m\u001b[33m.\u001b[39m\u001b[33mUNKNOWN\u001b[39m\u001b[33m,\u001b[39m error\u001b[33m,\u001b[39m context)\u001b[33m;\u001b[39m\n     \u001b[90m     |\u001b[39m            \u001b[31m\u001b[1m^\u001b[22m\u001b[39m\n     \u001b[90m 371 |\u001b[39m   }\n     \u001b[90m 372 |\u001b[39m\n     \u001b[90m 373 |\u001b[39m   \u001b[90m/**\u001b[39m\u001b[0m\n\n      at ApiErrorHandler.classifyError (src/services/apiErrorHandler.ts:370:12)\n      at ApiErrorHandler.withRetry (src/services/apiErrorHandler.ts:395:31)\n      at Object.<anonymous> (src/services/__tests__/spotify.batchF.test.ts:131:17)\n\n  ● SpotifyService - Batch F (batching, params, search, audio features, retry) › getMultipleTrackAudioFeatures validates input and returns features array\n\n    ApiError: An unexpected error occurred.\n\n    \u001b[0m \u001b[90m 368 |\u001b[39m     }\n     \u001b[90m 369 |\u001b[39m\n    \u001b[31m\u001b[1m>\u001b[22m\u001b[39m\u001b[90m 370 |\u001b[39m     \u001b[36mreturn\u001b[39m \u001b[36mnew\u001b[39m \u001b[33mApiError\u001b[39m(\u001b[33mERROR_TYPES\u001b[39m\u001b[33m.\u001b[39m\u001b[33mUNKNOWN\u001b[39m\u001b[33m,\u001b[39m error\u001b[33m,\u001b[39m context)\u001b[33m;\u001b[39m\n     \u001b[90m     |\u001b[39m            \u001b[31m\u001b[1m^\u001b[22m\u001b[39m\n     \u001b[90m 371 |\u001b[39m   }\n     \u001b[90m 372 |\u001b[39m\n     \u001b[90m 373 |\u001b[39m   \u001b[90m/**\u001b[39m\u001b[0m\n\n      at ApiErrorHandler.classifyError (src/services/apiErrorHandler.ts:370:12)\n      at ApiErrorHandler.withRetry (src/services/apiErrorHandler.ts:395:31)\n      at Object.<anonymous> (src/services/__tests__/spotify.batchF.test.ts:160:22)\n\n  ● SpotifyService - Batch F (batching, params, search, audio features, retry) › withRetry will retry on transient 429 then succeed\n\n    ApiError: An unexpected error occurred.\n\n    \u001b[0m \u001b[90m 368 |\u001b[39m     }\n     \u001b[90m 369 |\u001b[39m\n    \u001b[31m\u001b[1m>\u001b[22m\u001b[39m\u001b[90m 370 |\u001b[39m     \u001b[36mreturn\u001b[39m \u001b[36mnew\u001b[39m \u001b[33mApiError\u001b[39m(\u001b[33mERROR_TYPES\u001b[39m\u001b[33m.\u001b[39m\u001b[33mUNKNOWN\u001b[39m\u001b[33m,\u001b[39m error\u001b[33m,\u001b[39m context)\u001b[33m;\u001b[39m\n     \u001b[90m     |\u001b[39m            \u001b[31m\u001b[1m^\u001b[22m\u001b[39m\n     \u001b[90m 371 |\u001b[39m   }\n     \u001b[90m 372 |\u001b[39m\n     \u001b[90m 373 |\u001b[39m   \u001b[90m/**\u001b[39m\u001b[0m\n\n      at ApiErrorHandler.classifyError (src/services/apiErrorHandler.ts:370:12)\n      at ApiErrorHandler.withRetry (src/services/apiErrorHandler.ts:395:31)\n      at Object.<anonymous> (src/services/__tests__/spotify.batchF.test.ts:198:23)\n","name":"C:\\Users\\defir\\Documents\\fun_with_Copilot\\Kiro vibes\\src\\services\\__tests__\\spotify.batchF.test.ts","startTime":1755672927255,"status":"failed","summary":""}],"wasInterrupted":false}