{"numFailedTestSuites":1,"numFailedTests":5,"numPassedTestSuites":0,"numPassedTests":0,"numPendingTestSuites":0,"numPendingTests":0,"numRuntimeErrorTestSuites":0,"numTodoTests":0,"numTotalTestSuites":1,"numTotalTests":5,"openHandles":[],"snapshot":{"added":0,"didUpdate":false,"failure":false,"filesAdded":0,"filesRemoved":0,"filesRemovedList":[],"filesUnmatched":0,"filesUpdated":0,"matched":0,"total":0,"unchecked":0,"uncheckedKeysByFile":[],"unmatched":0,"updated":0},"startTime":1755673185303,"success":false,"testResults":[{"assertionResults":[{"ancestorTitles":["SpotifyService - Batch B (playlists & create/remove)"],"failureMessages":["Error: thrown: \"Exceeded timeout of 5000 ms for a test.\nUse jest.setTimeout(newTimeout) to increase the timeout value, if this is a long-running test.\"\n    at C:\\Users\\defir\\Documents\\fun_with_Copilot\\Kiro vibes\\src\\services\\__tests__\\spotify.batchB.test.ts:24:3\n    at _dispatchDescribe (C:\\Users\\defir\\Documents\\fun_with_Copilot\\Kiro vibes\\node_modules\\jest-circus\\build\\index.js:98:26)\n    at describe (C:\\Users\\defir\\Documents\\fun_with_Copilot\\Kiro vibes\\node_modules\\jest-circus\\build\\index.js:60:5)\n    at Object.<anonymous> (C:\\Users\\defir\\Documents\\fun_with_Copilot\\Kiro vibes\\src\\services\\__tests__\\spotify.batchB.test.ts:23:1)\n    at Runtime._execModule (C:\\Users\\defir\\Documents\\fun_with_Copilot\\Kiro vibes\\node_modules\\jest-runtime\\build\\index.js:1646:24)\n    at Runtime._loadModule (C:\\Users\\defir\\Documents\\fun_with_Copilot\\Kiro vibes\\node_modules\\jest-runtime\\build\\index.js:1185:12)\n    at Runtime.requireModule (C:\\Users\\defir\\Documents\\fun_with_Copilot\\Kiro vibes\\node_modules\\jest-runtime\\build\\index.js:1009:12)\n    at jestAdapter (C:\\Users\\defir\\Documents\\fun_with_Copilot\\Kiro vibes\\node_modules\\jest-circus\\build\\legacy-code-todo-rewrite\\jestAdapter.js:79:13)\n    at runTestInternal (C:\\Users\\defir\\Documents\\fun_with_Copilot\\Kiro vibes\\node_modules\\jest-runner\\build\\runTest.js:389:16)\n    at runTest (C:\\Users\\defir\\Documents\\fun_with_Copilot\\Kiro vibes\\node_modules\\jest-runner\\build\\runTest.js:475:34)"],"fullName":"SpotifyService - Batch B (playlists & create/remove) getUserPlaylists single page returns items","location":null,"status":"failed","title":"getUserPlaylists single page returns items"},{"ancestorTitles":["SpotifyService - Batch B (playlists & create/remove)"],"failureMessages":["Error: thrown: \"Exceeded timeout of 5000 ms for a test.\nUse jest.setTimeout(newTimeout) to increase the timeout value, if this is a long-running test.\"\n    at C:\\Users\\defir\\Documents\\fun_with_Copilot\\Kiro vibes\\src\\services\\__tests__\\spotify.batchB.test.ts:32:3\n    at _dispatchDescribe (C:\\Users\\defir\\Documents\\fun_with_Copilot\\Kiro vibes\\node_modules\\jest-circus\\build\\index.js:98:26)\n    at describe (C:\\Users\\defir\\Documents\\fun_with_Copilot\\Kiro vibes\\node_modules\\jest-circus\\build\\index.js:60:5)\n    at Object.<anonymous> (C:\\Users\\defir\\Documents\\fun_with_Copilot\\Kiro vibes\\src\\services\\__tests__\\spotify.batchB.test.ts:23:1)\n    at Runtime._execModule (C:\\Users\\defir\\Documents\\fun_with_Copilot\\Kiro vibes\\node_modules\\jest-runtime\\build\\index.js:1646:24)\n    at Runtime._loadModule (C:\\Users\\defir\\Documents\\fun_with_Copilot\\Kiro vibes\\node_modules\\jest-runtime\\build\\index.js:1185:12)\n    at Runtime.requireModule (C:\\Users\\defir\\Documents\\fun_with_Copilot\\Kiro vibes\\node_modules\\jest-runtime\\build\\index.js:1009:12)\n    at jestAdapter (C:\\Users\\defir\\Documents\\fun_with_Copilot\\Kiro vibes\\node_modules\\jest-circus\\build\\legacy-code-todo-rewrite\\jestAdapter.js:79:13)\n    at runTestInternal (C:\\Users\\defir\\Documents\\fun_with_Copilot\\Kiro vibes\\node_modules\\jest-runner\\build\\runTest.js:389:16)\n    at runTest (C:\\Users\\defir\\Documents\\fun_with_Copilot\\Kiro vibes\\node_modules\\jest-runner\\build\\runTest.js:475:34)"],"fullName":"SpotifyService - Batch B (playlists & create/remove) getUserPlaylists with all=true aggregates pages","location":null,"status":"failed","title":"getUserPlaylists with all=true aggregates pages"},{"ancestorTitles":["SpotifyService - Batch B (playlists & create/remove)"],"failureMessages":["Error: thrown: \"Exceeded timeout of 5000 ms for a test.\nUse jest.setTimeout(newTimeout) to increase the timeout value, if this is a long-running test.\"\n    at C:\\Users\\defir\\Documents\\fun_with_Copilot\\Kiro vibes\\src\\services\\__tests__\\spotify.batchB.test.ts:59:3\n    at _dispatchDescribe (C:\\Users\\defir\\Documents\\fun_with_Copilot\\Kiro vibes\\node_modules\\jest-circus\\build\\index.js:98:26)\n    at describe (C:\\Users\\defir\\Documents\\fun_with_Copilot\\Kiro vibes\\node_modules\\jest-circus\\build\\index.js:60:5)\n    at Object.<anonymous> (C:\\Users\\defir\\Documents\\fun_with_Copilot\\Kiro vibes\\src\\services\\__tests__\\spotify.batchB.test.ts:23:1)\n    at Runtime._execModule (C:\\Users\\defir\\Documents\\fun_with_Copilot\\Kiro vibes\\node_modules\\jest-runtime\\build\\index.js:1646:24)\n    at Runtime._loadModule (C:\\Users\\defir\\Documents\\fun_with_Copilot\\Kiro vibes\\node_modules\\jest-runtime\\build\\index.js:1185:12)\n    at Runtime.requireModule (C:\\Users\\defir\\Documents\\fun_with_Copilot\\Kiro vibes\\node_modules\\jest-runtime\\build\\index.js:1009:12)\n    at jestAdapter (C:\\Users\\defir\\Documents\\fun_with_Copilot\\Kiro vibes\\node_modules\\jest-circus\\build\\legacy-code-todo-rewrite\\jestAdapter.js:79:13)\n    at runTestInternal (C:\\Users\\defir\\Documents\\fun_with_Copilot\\Kiro vibes\\node_modules\\jest-runner\\build\\runTest.js:389:16)\n    at runTest (C:\\Users\\defir\\Documents\\fun_with_Copilot\\Kiro vibes\\node_modules\\jest-runner\\build\\runTest.js:475:34)"],"fullName":"SpotifyService - Batch B (playlists & create/remove) getPlaylist returns playlist details","location":null,"status":"failed","title":"getPlaylist returns playlist details"},{"ancestorTitles":["SpotifyService - Batch B (playlists & create/remove)"],"failureMessages":["Error: thrown: \"Exceeded timeout of 5000 ms for a test.\nUse jest.setTimeout(newTimeout) to increase the timeout value, if this is a long-running test.\"\n    at C:\\Users\\defir\\Documents\\fun_with_Copilot\\Kiro vibes\\src\\services\\__tests__\\spotify.batchB.test.ts:78:3\n    at _dispatchDescribe (C:\\Users\\defir\\Documents\\fun_with_Copilot\\Kiro vibes\\node_modules\\jest-circus\\build\\index.js:98:26)\n    at describe (C:\\Users\\defir\\Documents\\fun_with_Copilot\\Kiro vibes\\node_modules\\jest-circus\\build\\index.js:60:5)\n    at Object.<anonymous> (C:\\Users\\defir\\Documents\\fun_with_Copilot\\Kiro vibes\\src\\services\\__tests__\\spotify.batchB.test.ts:23:1)\n    at Runtime._execModule (C:\\Users\\defir\\Documents\\fun_with_Copilot\\Kiro vibes\\node_modules\\jest-runtime\\build\\index.js:1646:24)\n    at Runtime._loadModule (C:\\Users\\defir\\Documents\\fun_with_Copilot\\Kiro vibes\\node_modules\\jest-runtime\\build\\index.js:1185:12)\n    at Runtime.requireModule (C:\\Users\\defir\\Documents\\fun_with_Copilot\\Kiro vibes\\node_modules\\jest-runtime\\build\\index.js:1009:12)\n    at jestAdapter (C:\\Users\\defir\\Documents\\fun_with_Copilot\\Kiro vibes\\node_modules\\jest-circus\\build\\legacy-code-todo-rewrite\\jestAdapter.js:79:13)\n    at runTestInternal (C:\\Users\\defir\\Documents\\fun_with_Copilot\\Kiro vibes\\node_modules\\jest-runner\\build\\runTest.js:389:16)\n    at runTest (C:\\Users\\defir\\Documents\\fun_with_Copilot\\Kiro vibes\\node_modules\\jest-runner\\build\\runTest.js:475:34)"],"fullName":"SpotifyService - Batch B (playlists & create/remove) createPlaylist happy path returns created playlist","location":null,"status":"failed","title":"createPlaylist happy path returns created playlist"},{"ancestorTitles":["SpotifyService - Batch B (playlists & create/remove)"],"failureMessages":["Error: thrown: \"Exceeded timeout of 5000 ms for a test.\nUse jest.setTimeout(newTimeout) to increase the timeout value, if this is a long-running test.\"\n    at C:\\Users\\defir\\Documents\\fun_with_Copilot\\Kiro vibes\\src\\services\\__tests__\\spotify.batchB.test.ts:89:3\n    at _dispatchDescribe (C:\\Users\\defir\\Documents\\fun_with_Copilot\\Kiro vibes\\node_modules\\jest-circus\\build\\index.js:98:26)\n    at describe (C:\\Users\\defir\\Documents\\fun_with_Copilot\\Kiro vibes\\node_modules\\jest-circus\\build\\index.js:60:5)\n    at Object.<anonymous> (C:\\Users\\defir\\Documents\\fun_with_Copilot\\Kiro vibes\\src\\services\\__tests__\\spotify.batchB.test.ts:23:1)\n    at Runtime._execModule (C:\\Users\\defir\\Documents\\fun_with_Copilot\\Kiro vibes\\node_modules\\jest-runtime\\build\\index.js:1646:24)\n    at Runtime._loadModule (C:\\Users\\defir\\Documents\\fun_with_Copilot\\Kiro vibes\\node_modules\\jest-runtime\\build\\index.js:1185:12)\n    at Runtime.requireModule (C:\\Users\\defir\\Documents\\fun_with_Copilot\\Kiro vibes\\node_modules\\jest-runtime\\build\\index.js:1009:12)\n    at jestAdapter (C:\\Users\\defir\\Documents\\fun_with_Copilot\\Kiro vibes\\node_modules\\jest-circus\\build\\legacy-code-todo-rewrite\\jestAdapter.js:79:13)\n    at runTestInternal (C:\\Users\\defir\\Documents\\fun_with_Copilot\\Kiro vibes\\node_modules\\jest-runner\\build\\runTest.js:389:16)\n    at runTest (C:\\Users\\defir\\Documents\\fun_with_Copilot\\Kiro vibes\\node_modules\\jest-runner\\build\\runTest.js:475:34)"],"fullName":"SpotifyService - Batch B (playlists & create/remove) removeTracksFromPlaylist successful response","location":null,"status":"failed","title":"removeTracksFromPlaylist successful response"}],"endTime":1755673211253,"message":"  ● SpotifyService - Batch B (playlists & create/remove) › getUserPlaylists single page returns items\n\n    thrown: \"Exceeded timeout of 5000 ms for a test.\n    Use jest.setTimeout(newTimeout) to increase the timeout value, if this is a long-running test.\"\n\n    \u001b[0m \u001b[90m 22 |\u001b[39m\n     \u001b[90m 23 |\u001b[39m describe(\u001b[32m'SpotifyService - Batch B (playlists & create/remove)'\u001b[39m\u001b[33m,\u001b[39m () \u001b[33m=>\u001b[39m {\n    \u001b[31m\u001b[1m>\u001b[22m\u001b[39m\u001b[90m 24 |\u001b[39m   test(\u001b[32m'getUserPlaylists single page returns items'\u001b[39m\u001b[33m,\u001b[39m \u001b[36masync\u001b[39m () \u001b[33m=>\u001b[39m {\n     \u001b[90m    |\u001b[39m   \u001b[31m\u001b[1m^\u001b[22m\u001b[39m\n     \u001b[90m 25 |\u001b[39m     \u001b[36mif\u001b[39m (\u001b[33m!\u001b[39mserver) \u001b[36mreturn\u001b[39m\u001b[33m;\u001b[39m\n     \u001b[90m 26 |\u001b[39m     \u001b[36mconst\u001b[39m service \u001b[33m=\u001b[39m \u001b[36mnew\u001b[39m \u001b[33mSpotifyService\u001b[39m(\u001b[32m'normal_token'\u001b[39m)\u001b[33m;\u001b[39m\n     \u001b[90m 27 |\u001b[39m     \u001b[36mconst\u001b[39m res \u001b[33m=\u001b[39m \u001b[36mawait\u001b[39m service\u001b[33m.\u001b[39mgetUserPlaylists({ limit\u001b[33m:\u001b[39m \u001b[35m2\u001b[39m\u001b[33m,\u001b[39m offset\u001b[33m:\u001b[39m \u001b[35m0\u001b[39m })\u001b[33m;\u001b[39m\u001b[0m\n\n      at src/services/__tests__/spotify.batchB.test.ts:24:3\n      at Object.<anonymous> (src/services/__tests__/spotify.batchB.test.ts:23:1)\n\n  ● SpotifyService - Batch B (playlists & create/remove) › getUserPlaylists with all=true aggregates pages\n\n    thrown: \"Exceeded timeout of 5000 ms for a test.\n    Use jest.setTimeout(newTimeout) to increase the timeout value, if this is a long-running test.\"\n\n    \u001b[0m \u001b[90m 30 |\u001b[39m   })\u001b[33m;\u001b[39m\n     \u001b[90m 31 |\u001b[39m\n    \u001b[31m\u001b[1m>\u001b[22m\u001b[39m\u001b[90m 32 |\u001b[39m   test(\u001b[32m'getUserPlaylists with all=true aggregates pages'\u001b[39m\u001b[33m,\u001b[39m \u001b[36masync\u001b[39m () \u001b[33m=>\u001b[39m {\n     \u001b[90m    |\u001b[39m   \u001b[31m\u001b[1m^\u001b[22m\u001b[39m\n     \u001b[90m 33 |\u001b[39m     \u001b[36mif\u001b[39m (\u001b[33m!\u001b[39mserver) \u001b[36mreturn\u001b[39m\u001b[33m;\u001b[39m\n     \u001b[90m 34 |\u001b[39m\n     \u001b[90m 35 |\u001b[39m     \u001b[90m// Create multiple pages in MSW for this test\u001b[39m\u001b[0m\n\n      at src/services/__tests__/spotify.batchB.test.ts:32:3\n      at Object.<anonymous> (src/services/__tests__/spotify.batchB.test.ts:23:1)\n\n  ● SpotifyService - Batch B (playlists & create/remove) › getPlaylist returns playlist details\n\n    thrown: \"Exceeded timeout of 5000 ms for a test.\n    Use jest.setTimeout(newTimeout) to increase the timeout value, if this is a long-running test.\"\n\n    \u001b[0m \u001b[90m 57 |\u001b[39m   })\u001b[33m;\u001b[39m\n     \u001b[90m 58 |\u001b[39m\n    \u001b[31m\u001b[1m>\u001b[22m\u001b[39m\u001b[90m 59 |\u001b[39m   test(\u001b[32m'getPlaylist returns playlist details'\u001b[39m\u001b[33m,\u001b[39m \u001b[36masync\u001b[39m () \u001b[33m=>\u001b[39m {\n     \u001b[90m    |\u001b[39m   \u001b[31m\u001b[1m^\u001b[22m\u001b[39m\n     \u001b[90m 60 |\u001b[39m     \u001b[36mif\u001b[39m (\u001b[33m!\u001b[39mserver) \u001b[36mreturn\u001b[39m\u001b[33m;\u001b[39m\n     \u001b[90m 61 |\u001b[39m     \u001b[90m// Provide a handler for this test to avoid unhandled request\u001b[39m\n     \u001b[90m 62 |\u001b[39m     server\u001b[33m.\u001b[39muse(\u001b[0m\n\n      at src/services/__tests__/spotify.batchB.test.ts:59:3\n      at Object.<anonymous> (src/services/__tests__/spotify.batchB.test.ts:23:1)\n\n  ● SpotifyService - Batch B (playlists & create/remove) › createPlaylist happy path returns created playlist\n\n    thrown: \"Exceeded timeout of 5000 ms for a test.\n    Use jest.setTimeout(newTimeout) to increase the timeout value, if this is a long-running test.\"\n\n    \u001b[0m \u001b[90m 76 |\u001b[39m   })\u001b[33m;\u001b[39m\n     \u001b[90m 77 |\u001b[39m\n    \u001b[31m\u001b[1m>\u001b[22m\u001b[39m\u001b[90m 78 |\u001b[39m   test(\u001b[32m'createPlaylist happy path returns created playlist'\u001b[39m\u001b[33m,\u001b[39m \u001b[36masync\u001b[39m () \u001b[33m=>\u001b[39m {\n     \u001b[90m    |\u001b[39m   \u001b[31m\u001b[1m^\u001b[22m\u001b[39m\n     \u001b[90m 79 |\u001b[39m     \u001b[36mif\u001b[39m (\u001b[33m!\u001b[39mserver) \u001b[36mreturn\u001b[39m\u001b[33m;\u001b[39m\n     \u001b[90m 80 |\u001b[39m     \u001b[36mconst\u001b[39m service \u001b[33m=\u001b[39m \u001b[36mnew\u001b[39m \u001b[33mSpotifyService\u001b[39m(\u001b[32m'normal_token'\u001b[39m)\u001b[33m;\u001b[39m\n     \u001b[90m 81 |\u001b[39m     \u001b[36mconst\u001b[39m res \u001b[33m=\u001b[39m \u001b[36mawait\u001b[39m service\u001b[33m.\u001b[39mcreatePlaylist(\u001b[32m'test_user_123'\u001b[39m\u001b[33m,\u001b[39m {\u001b[0m\n\n      at src/services/__tests__/spotify.batchB.test.ts:78:3\n      at Object.<anonymous> (src/services/__tests__/spotify.batchB.test.ts:23:1)\n\n  ● SpotifyService - Batch B (playlists & create/remove) › removeTracksFromPlaylist successful response\n\n    thrown: \"Exceeded timeout of 5000 ms for a test.\n    Use jest.setTimeout(newTimeout) to increase the timeout value, if this is a long-running test.\"\n\n    \u001b[0m \u001b[90m 87 |\u001b[39m   })\u001b[33m;\u001b[39m\n     \u001b[90m 88 |\u001b[39m\n    \u001b[31m\u001b[1m>\u001b[22m\u001b[39m\u001b[90m 89 |\u001b[39m   test(\u001b[32m'removeTracksFromPlaylist successful response'\u001b[39m\u001b[33m,\u001b[39m \u001b[36masync\u001b[39m () \u001b[33m=>\u001b[39m {\n     \u001b[90m    |\u001b[39m   \u001b[31m\u001b[1m^\u001b[22m\u001b[39m\n     \u001b[90m 90 |\u001b[39m     \u001b[36mif\u001b[39m (\u001b[33m!\u001b[39mserver) \u001b[36mreturn\u001b[39m\u001b[33m;\u001b[39m\n     \u001b[90m 91 |\u001b[39m     \u001b[36mconst\u001b[39m service \u001b[33m=\u001b[39m \u001b[36mnew\u001b[39m \u001b[33mSpotifyService\u001b[39m(\u001b[32m'normal_token'\u001b[39m)\u001b[33m;\u001b[39m\n     \u001b[90m 92 |\u001b[39m     \u001b[36mconst\u001b[39m res \u001b[33m=\u001b[39m \u001b[36mawait\u001b[39m service\u001b[33m.\u001b[39mremoveTracksFromPlaylist(\u001b[32m'playlist_1'\u001b[39m\u001b[33m,\u001b[39m {\u001b[0m\n\n      at src/services/__tests__/spotify.batchB.test.ts:89:3\n      at Object.<anonymous> (src/services/__tests__/spotify.batchB.test.ts:23:1)\n","name":"C:\\Users\\defir\\Documents\\fun_with_Copilot\\Kiro vibes\\src\\services\\__tests__\\spotify.batchB.test.ts","startTime":1755673185327,"status":"failed","summary":""}],"wasInterrupted":false}