{"numFailedTestSuites":0,"numFailedTests":0,"numPassedTestSuites":168,"numPassedTests":1216,"numPendingTestSuites":0,"numPendingTests":0,"numRuntimeErrorTestSuites":0,"numTodoTests":0,"numTotalTestSuites":168,"numTotalTests":1216,"openHandles":[],"snapshot":{"added":0,"didUpdate":false,"failure":false,"filesAdded":0,"filesRemoved":0,"filesRemovedList":[],"filesUnmatched":0,"filesUpdated":0,"matched":0,"total":0,"unchecked":0,"uncheckedKeysByFile":[],"unmatched":0,"updated":0},"startTime":1755840377755,"success":true,"testResults":[{"assertionResults":[{"ancestorTitles":["PlaylistSelector","Rendering"],"failureMessages":[],"fullName":"PlaylistSelector Rendering renders with default state","location":null,"status":"passed","title":"renders with default state"},{"ancestorTitles":["PlaylistSelector","Rendering"],"failureMessages":[],"fullName":"PlaylistSelector Rendering shows clear all button when playlists are selected","location":null,"status":"passed","title":"shows clear all button when playlists are selected"},{"ancestorTitles":["PlaylistSelector","Rendering"],"failureMessages":[],"fullName":"PlaylistSelector Rendering shows maximum playlists warning when limit reached","location":null,"status":"passed","title":"shows maximum playlists warning when limit reached"},{"ancestorTitles":["PlaylistSelector","Rendering"],"failureMessages":[],"fullName":"PlaylistSelector Rendering shows loading overlay when loading","location":null,"status":"passed","title":"shows loading overlay when loading"},{"ancestorTitles":["PlaylistSelector","Search Functionality"],"failureMessages":[],"fullName":"PlaylistSelector Search Functionality displays search results when available","location":null,"status":"passed","title":"displays search results when available"},{"ancestorTitles":["PlaylistSelector","Search Functionality"],"failureMessages":[],"fullName":"PlaylistSelector Search Functionality shows checkmark for already selected playlists","location":null,"status":"passed","title":"shows checkmark for already selected playlists"},{"ancestorTitles":["PlaylistSelector","Search Functionality"],"failureMessages":[],"fullName":"PlaylistSelector Search Functionality handles search result clicks","location":null,"status":"passed","title":"handles search result clicks"},{"ancestorTitles":["PlaylistSelector","URL Handling"],"failureMessages":[],"fullName":"PlaylistSelector URL Handling changes button text to \"Add\" for valid URLs","location":null,"status":"passed","title":"changes button text to \"Add\" for valid URLs"},{"ancestorTitles":["PlaylistSelector","URL Handling"],"failureMessages":[],"fullName":"PlaylistSelector URL Handling handles URL submission","location":null,"status":"passed","title":"handles URL submission"},{"ancestorTitles":["PlaylistSelector","Keyboard Navigation"],"failureMessages":[],"fullName":"PlaylistSelector Keyboard Navigation handles arrow key navigation in search results","location":null,"status":"passed","title":"handles arrow key navigation in search results"},{"ancestorTitles":["PlaylistSelector","Keyboard Navigation"],"failureMessages":[],"fullName":"PlaylistSelector Keyboard Navigation handles Enter key to select highlighted result","location":null,"status":"passed","title":"handles Enter key to select highlighted result"},{"ancestorTitles":["PlaylistSelector","Error Handling"],"failureMessages":[],"fullName":"PlaylistSelector Error Handling displays search errors","location":null,"status":"passed","title":"displays search errors"},{"ancestorTitles":["PlaylistSelector","Error Handling"],"failureMessages":[],"fullName":"PlaylistSelector Error Handling shows error for empty input submission","location":null,"status":"passed","title":"shows error for empty input submission"},{"ancestorTitles":["PlaylistSelector","Accessibility"],"failureMessages":[],"fullName":"PlaylistSelector Accessibility has proper ARIA attributes","location":null,"status":"passed","title":"has proper ARIA attributes"},{"ancestorTitles":["PlaylistSelector","Accessibility"],"failureMessages":[],"fullName":"PlaylistSelector Accessibility supports keyboard navigation","location":null,"status":"passed","title":"supports keyboard navigation"},{"ancestorTitles":["PlaylistSelector","Integration with Custom Hooks"],"failureMessages":[],"fullName":"PlaylistSelector Integration with Custom Hooks calls setQuery when input changes","location":null,"status":"passed","title":"calls setQuery when input changes"},{"ancestorTitles":["PlaylistSelector","Integration with Custom Hooks"],"failureMessages":[],"fullName":"PlaylistSelector Integration with Custom Hooks calls clearResults when playlist is added","location":null,"status":"passed","title":"calls clearResults when playlist is added"}],"endTime":1755840380834,"message":"","name":"C:\\Users\\defir\\Documents\\fun_with_Copilot\\Kiro vibes\\src\\components\\__tests__\\PlaylistSelector.test.tsx","startTime":1755840378130,"status":"passed","summary":""},{"assertionResults":[{"ancestorTitles":["useApiErrorHandler"],"failureMessages":[],"fullName":"useApiErrorHandler initializes with no error","location":null,"status":"passed","title":"initializes with no error"},{"ancestorTitles":["useApiErrorHandler"],"failureMessages":[],"fullName":"useApiErrorHandler handles errors correctly","location":null,"status":"passed","title":"handles errors correctly"},{"ancestorTitles":["useApiErrorHandler"],"failureMessages":[],"fullName":"useApiErrorHandler clears errors correctly","location":null,"status":"passed","title":"clears errors correctly"},{"ancestorTitles":["useApiErrorHandler"],"failureMessages":[],"fullName":"useApiErrorHandler handles retry with successful function","location":null,"status":"passed","title":"handles retry with successful function"},{"ancestorTitles":["useApiErrorHandler"],"failureMessages":[],"fullName":"useApiErrorHandler handles retry with failing function","location":null,"status":"passed","title":"handles retry with failing function"},{"ancestorTitles":["useApiErrorHandler"],"failureMessages":[],"fullName":"useApiErrorHandler handles retry without function (just clears error)","location":null,"status":"passed","title":"handles retry without function (just clears error)"},{"ancestorTitles":["useApiErrorHandler"],"failureMessages":[],"fullName":"useApiErrorHandler wraps API calls correctly","location":null,"status":"passed","title":"wraps API calls correctly"},{"ancestorTitles":["useApiErrorHandler"],"failureMessages":[],"fullName":"useApiErrorHandler wraps API calls with retry correctly","location":null,"status":"passed","title":"wraps API calls with retry correctly"},{"ancestorTitles":["useApiErrorHandler"],"failureMessages":[],"fullName":"useApiErrorHandler executes withRetry correctly","location":null,"status":"passed","title":"executes withRetry correctly"},{"ancestorTitles":["useApiErrorHandler"],"failureMessages":[],"fullName":"useApiErrorHandler provides error information correctly","location":null,"status":"passed","title":"provides error information correctly"},{"ancestorTitles":["useApiErrorHandler"],"failureMessages":[],"fullName":"useApiErrorHandler calls custom error handler","location":null,"status":"passed","title":"calls custom error handler"},{"ancestorTitles":["useApiErrorHandler"],"failureMessages":[],"fullName":"useApiErrorHandler sets isRetrying state correctly during retry","location":null,"status":"passed","title":"sets isRetrying state correctly during retry"}],"endTime":1755840383069,"message":"","name":"C:\\Users\\defir\\Documents\\fun_with_Copilot\\Kiro vibes\\src\\hooks\\__tests__\\useApiErrorHandler.test.ts","startTime":1755840380843,"status":"passed","summary":""},{"assertionResults":[{"ancestorTitles":["AddUnselectedModal"],"failureMessages":[],"fullName":"AddUnselectedModal renders modal when open","location":null,"status":"passed","title":"renders modal when open"},{"ancestorTitles":["AddUnselectedModal"],"failureMessages":[],"fullName":"AddUnselectedModal does not render when closed","location":null,"status":"passed","title":"does not render when closed"},{"ancestorTitles":["AddUnselectedModal"],"failureMessages":[],"fullName":"AddUnselectedModal calls onClose when close button is clicked","location":null,"status":"passed","title":"calls onClose when close button is clicked"},{"ancestorTitles":["AddUnselectedModal"],"failureMessages":[],"fullName":"AddUnselectedModal fetches playlist tracks on mount","location":null,"status":"passed","title":"fetches playlist tracks on mount"},{"ancestorTitles":["AddUnselectedModal"],"failureMessages":[],"fullName":"AddUnselectedModal displays loading state while fetching tracks","location":null,"status":"passed","title":"displays loading state while fetching tracks"},{"ancestorTitles":["AddUnselectedModal"],"failureMessages":[],"fullName":"AddUnselectedModal displays tracks after loading","location":null,"status":"passed","title":"displays tracks after loading"},{"ancestorTitles":["AddUnselectedModal"],"failureMessages":[],"fullName":"AddUnselectedModal filters tracks based on search query","location":null,"status":"passed","title":"filters tracks based on search query"},{"ancestorTitles":["AddUnselectedModal"],"failureMessages":[],"fullName":"AddUnselectedModal handles track selection","location":null,"status":"passed","title":"handles track selection"},{"ancestorTitles":["AddUnselectedModal"],"failureMessages":[],"fullName":"AddUnselectedModal updates selected tracks count in footer","location":null,"status":"passed","title":"updates selected tracks count in footer"},{"ancestorTitles":["AddUnselectedModal"],"failureMessages":[],"fullName":"AddUnselectedModal enables add button when tracks are selected","location":null,"status":"passed","title":"enables add button when tracks are selected"},{"ancestorTitles":["AddUnselectedModal"],"failureMessages":[],"fullName":"AddUnselectedModal calls onAddTracks when add button is clicked","location":null,"status":"passed","title":"calls onAddTracks when add button is clicked"},{"ancestorTitles":["AddUnselectedModal"],"failureMessages":[],"fullName":"AddUnselectedModal clears selected tracks after adding","location":null,"status":"passed","title":"clears selected tracks after adding"},{"ancestorTitles":["AddUnselectedModal"],"failureMessages":[],"fullName":"AddUnselectedModal excludes tracks that are already in current tracks","location":null,"status":"passed","title":"excludes tracks that are already in current tracks"},{"ancestorTitles":["AddUnselectedModal"],"failureMessages":[],"fullName":"AddUnselectedModal displays empty message when no tracks match search","location":null,"status":"passed","title":"displays empty message when no tracks match search"},{"ancestorTitles":["AddUnselectedModal"],"failureMessages":[],"fullName":"AddUnselectedModal displays empty message when all tracks are already included","location":null,"status":"passed","title":"displays empty message when all tracks are already included"},{"ancestorTitles":["AddUnselectedModal"],"failureMessages":[],"fullName":"AddUnselectedModal resets selected tracks when modal is closed and reopened","location":null,"status":"passed","title":"resets selected tracks when modal is closed and reopened"},{"ancestorTitles":["AddUnselectedModal"],"failureMessages":[],"fullName":"AddUnselectedModal handles API errors gracefully","location":null,"status":"passed","title":"handles API errors gracefully"}],"endTime":1755840384820,"message":"","name":"C:\\Users\\defir\\Documents\\fun_with_Copilot\\Kiro vibes\\src\\components\\__tests__\\AddUnselectedModal.test.tsx","startTime":1755840383076,"status":"passed","summary":""},{"assertionResults":[{"ancestorTitles":["usePlaylistSearch Edge Cases and Error Handling"],"failureMessages":[],"fullName":"usePlaylistSearch Edge Cases and Error Handling handles missing accessToken","location":null,"status":"passed","title":"handles missing accessToken"},{"ancestorTitles":["usePlaylistSearch Edge Cases and Error Handling"],"failureMessages":[],"fullName":"usePlaylistSearch Edge Cases and Error Handling handles empty query strings","location":null,"status":"passed","title":"handles empty query strings"},{"ancestorTitles":["usePlaylistSearch Edge Cases and Error Handling"],"failureMessages":[],"fullName":"usePlaylistSearch Edge Cases and Error Handling detects and ignores Spotify URLs","location":null,"status":"passed","title":"detects and ignores Spotify URLs"},{"ancestorTitles":["usePlaylistSearch Edge Cases and Error Handling"],"failureMessages":[],"fullName":"usePlaylistSearch Edge Cases and Error Handling handles API response with tracks instead of playlists","location":null,"status":"passed","title":"handles API response with tracks instead of playlists"},{"ancestorTitles":["usePlaylistSearch Edge Cases and Error Handling"],"failureMessages":[],"fullName":"usePlaylistSearch Edge Cases and Error Handling handles unexpected API response shape","location":null,"status":"passed","title":"handles unexpected API response shape"},{"ancestorTitles":["usePlaylistSearch Edge Cases and Error Handling"],"failureMessages":[],"fullName":"usePlaylistSearch Edge Cases and Error Handling handles request abortion","location":null,"status":"passed","title":"handles request abortion"},{"ancestorTitles":["usePlaylistSearch Edge Cases and Error Handling"],"failureMessages":[],"fullName":"usePlaylistSearch Edge Cases and Error Handling works correctly in development mode","location":null,"status":"passed","title":"works correctly in development mode"},{"ancestorTitles":["usePlaylistSearch Edge Cases and Error Handling"],"failureMessages":[],"fullName":"usePlaylistSearch Edge Cases and Error Handling includes detailed error logging in development mode","location":null,"status":"passed","title":"includes detailed error logging in development mode"},{"ancestorTitles":["usePlaylistSearch Edge Cases and Error Handling"],"failureMessages":[],"fullName":"usePlaylistSearch Edge Cases and Error Handling includes verbose error logging when TEST_VERBOSE is set","location":null,"status":"passed","title":"includes verbose error logging when TEST_VERBOSE is set"},{"ancestorTitles":["usePlaylistSearch Edge Cases and Error Handling"],"failureMessages":[],"fullName":"usePlaylistSearch Edge Cases and Error Handling handles unexpected API response shapes when verbose mode is enabled","location":null,"status":"passed","title":"handles unexpected API response shapes when verbose mode is enabled"},{"ancestorTitles":["usePlaylistSearch Edge Cases and Error Handling"],"failureMessages":[],"fullName":"usePlaylistSearch Edge Cases and Error Handling handles debouncing correctly","location":null,"status":"passed","title":"handles debouncing correctly"},{"ancestorTitles":["usePlaylistSearch Edge Cases and Error Handling"],"failureMessages":[],"fullName":"usePlaylistSearch Edge Cases and Error Handling cleans up timeouts and abort controllers on unmount","location":null,"status":"passed","title":"cleans up timeouts and abort controllers on unmount"},{"ancestorTitles":["usePlaylistSearch Edge Cases and Error Handling"],"failureMessages":[],"fullName":"usePlaylistSearch Edge Cases and Error Handling clears results and error state","location":null,"status":"passed","title":"clears results and error state"},{"ancestorTitles":["usePlaylistSearch Edge Cases and Error Handling"],"failureMessages":[],"fullName":"usePlaylistSearch Edge Cases and Error Handling handles custom debounce and limit options","location":null,"status":"passed","title":"handles custom debounce and limit options"},{"ancestorTitles":["usePlaylistSearch Edge Cases and Error Handling"],"failureMessages":[],"fullName":"usePlaylistSearch Edge Cases and Error Handling handles errors without response object","location":null,"status":"passed","title":"handles errors without response object"},{"ancestorTitles":["usePlaylistSearch Edge Cases and Error Handling"],"failureMessages":[],"fullName":"usePlaylistSearch Edge Cases and Error Handling does not set error state when request is aborted","location":null,"status":"passed","title":"does not set error state when request is aborted"}],"endTime":1755840386449,"message":"","name":"C:\\Users\\defir\\Documents\\fun_with_Copilot\\Kiro vibes\\src\\hooks\\__tests__\\usePlaylistSearch.edge-cases.test.ts","startTime":1755840384827,"status":"passed","summary":""},{"assertionResults":[{"ancestorTitles":["SpotifyService","constructor"],"failureMessages":[],"fullName":"SpotifyService constructor should throw BAD_REQUEST error when access token missing","location":null,"status":"passed","title":"should throw BAD_REQUEST error when access token missing"},{"ancestorTitles":["SpotifyService","constructor"],"failureMessages":[],"fullName":"SpotifyService constructor should create instance when token provided","location":null,"status":"passed","title":"should create instance when token provided"},{"ancestorTitles":["SpotifyService","setAccessToken / getAccessToken"],"failureMessages":[],"fullName":"SpotifyService setAccessToken / getAccessToken should update internal api client when setting new token","location":null,"status":"passed","title":"should update internal api client when setting new token"},{"ancestorTitles":["SpotifyService","searchTracks"],"failureMessages":[],"fullName":"SpotifyService searchTracks should throw BAD_REQUEST when query empty","location":null,"status":"passed","title":"should throw BAD_REQUEST when query empty"},{"ancestorTitles":["SpotifyService","searchTracks"],"failureMessages":[],"fullName":"SpotifyService searchTracks should perform request and map response when successful","location":null,"status":"passed","title":"should perform request and map response when successful"},{"ancestorTitles":["SpotifyService","searchTracks"],"failureMessages":[],"fullName":"SpotifyService searchTracks should set hasMore true when more results available","location":null,"status":"passed","title":"should set hasMore true when more results available"},{"ancestorTitles":["SpotifyService","searchTracks"],"failureMessages":[],"fullName":"SpotifyService searchTracks should throw BAD_REQUEST when limit exceeds 50","location":null,"status":"passed","title":"should throw BAD_REQUEST when limit exceeds 50"},{"ancestorTitles":["SpotifyService","getPlaylistTracks"],"failureMessages":[],"fullName":"SpotifyService getPlaylistTracks should throw BAD_REQUEST when playlistId missing","location":null,"status":"passed","title":"should throw BAD_REQUEST when playlistId missing"},{"ancestorTitles":["SpotifyService","getPlaylistTracks"],"failureMessages":[],"fullName":"SpotifyService getPlaylistTracks should paginate and invoke progress callback","location":null,"status":"passed","title":"should paginate and invoke progress callback"},{"ancestorTitles":["SpotifyService","getPlaylistTracks"],"failureMessages":[],"fullName":"SpotifyService getPlaylistTracks should invoke progress callback at least once for empty playlist","location":null,"status":"passed","title":"should invoke progress callback at least once for empty playlist"},{"ancestorTitles":["SpotifyService","getUserPlaylists"],"failureMessages":[],"fullName":"SpotifyService getUserPlaylists should fetch single page by default","location":null,"status":"passed","title":"should fetch single page by default"},{"ancestorTitles":["SpotifyService","getUserPlaylists"],"failureMessages":[],"fullName":"SpotifyService getUserPlaylists should fetch all pages when all=true","location":null,"status":"passed","title":"should fetch all pages when all=true"},{"ancestorTitles":["SpotifyService","getUserPlaylists"],"failureMessages":[],"fullName":"SpotifyService getUserPlaylists should set hasMore true when more playlists exist","location":null,"status":"passed","title":"should set hasMore true when more playlists exist"},{"ancestorTitles":["SpotifyService","createPlaylist"],"failureMessages":[],"fullName":"SpotifyService createPlaylist should validate required fields","location":null,"status":"passed","title":"should validate required fields"},{"ancestorTitles":["SpotifyService","createPlaylist"],"failureMessages":[],"fullName":"SpotifyService createPlaylist should post playlist data and return response","location":null,"status":"passed","title":"should post playlist data and return response"},{"ancestorTitles":["SpotifyService","addTracksToPlaylist"],"failureMessages":[],"fullName":"SpotifyService addTracksToPlaylist should validate playlistId and trackUris array","location":null,"status":"passed","title":"should validate playlistId and trackUris array"},{"ancestorTitles":["SpotifyService","addTracksToPlaylist"],"failureMessages":[],"fullName":"SpotifyService addTracksToPlaylist should batch >100 URIs and return last snapshot id","location":null,"status":"passed","title":"should batch >100 URIs and return last snapshot id"},{"ancestorTitles":["SpotifyService","addTracksToPlaylist"],"failureMessages":[],"fullName":"SpotifyService addTracksToPlaylist should include position only on first batch when provided","location":null,"status":"passed","title":"should include position only on first batch when provided"},{"ancestorTitles":["SpotifyService","addTracksToPlaylist"],"failureMessages":[],"fullName":"SpotifyService addTracksToPlaylist should throw RATE_LIMIT ApiError when batch repeatedly 429s","location":null,"status":"passed","title":"should throw RATE_LIMIT ApiError when batch repeatedly 429s"},{"ancestorTitles":["SpotifyService","addTracksToPlaylist"],"failureMessages":[],"fullName":"SpotifyService addTracksToPlaylist should throw SERVER_ERROR ApiError when batch fails with 500","location":null,"status":"passed","title":"should throw SERVER_ERROR ApiError when batch fails with 500"},{"ancestorTitles":["SpotifyService","removeTracksFromPlaylist"],"failureMessages":[],"fullName":"SpotifyService removeTracksFromPlaylist should validate inputs","location":null,"status":"passed","title":"should validate inputs"},{"ancestorTitles":["SpotifyService","removeTracksFromPlaylist"],"failureMessages":[],"fullName":"SpotifyService removeTracksFromPlaylist should delete tracks and return snapshot","location":null,"status":"passed","title":"should delete tracks and return snapshot"},{"ancestorTitles":["SpotifyService","getPlaylist"],"failureMessages":[],"fullName":"SpotifyService getPlaylist should validate playlistId","location":null,"status":"passed","title":"should validate playlistId"},{"ancestorTitles":["SpotifyService","getPlaylist"],"failureMessages":[],"fullName":"SpotifyService getPlaylist should build query parameters when provided","location":null,"status":"passed","title":"should build query parameters when provided"},{"ancestorTitles":["SpotifyService","searchPlaylists"],"failureMessages":[],"fullName":"SpotifyService searchPlaylists should validate query","location":null,"status":"passed","title":"should validate query"},{"ancestorTitles":["SpotifyService","searchPlaylists"],"failureMessages":[],"fullName":"SpotifyService searchPlaylists should map response","location":null,"status":"passed","title":"should map response"},{"ancestorTitles":["SpotifyService","searchPlaylists"],"failureMessages":[],"fullName":"SpotifyService searchPlaylists should throw BAD_REQUEST when limit exceeds 50","location":null,"status":"passed","title":"should throw BAD_REQUEST when limit exceeds 50"},{"ancestorTitles":["SpotifyService","getTrackAudioFeatures"],"failureMessages":[],"fullName":"SpotifyService getTrackAudioFeatures should validate trackId","location":null,"status":"passed","title":"should validate trackId"},{"ancestorTitles":["SpotifyService","getTrackAudioFeatures"],"failureMessages":[],"fullName":"SpotifyService getTrackAudioFeatures should return audio features","location":null,"status":"passed","title":"should return audio features"},{"ancestorTitles":["SpotifyService","getMultipleTrackAudioFeatures"],"failureMessages":[],"fullName":"SpotifyService getMultipleTrackAudioFeatures should validate trackIds array","location":null,"status":"passed","title":"should validate trackIds array"},{"ancestorTitles":["SpotifyService","getMultipleTrackAudioFeatures"],"failureMessages":[],"fullName":"SpotifyService getMultipleTrackAudioFeatures should return features array","location":null,"status":"passed","title":"should return features array"}],"endTime":1755840388127,"message":"","name":"C:\\Users\\defir\\Documents\\fun_with_Copilot\\Kiro vibes\\src\\__tests__\\services\\spotify.service.test.ts","startTime":1755840386456,"status":"passed","summary":""},{"assertionResults":[{"ancestorTitles":["useUserPlaylists","Initialization"],"failureMessages":[],"fullName":"useUserPlaylists Initialization initializes with default state","location":null,"status":"passed","title":"initializes with default state"},{"ancestorTitles":["useUserPlaylists","Initialization"],"failureMessages":[],"fullName":"useUserPlaylists Initialization creates SpotifyService instance with access token","location":null,"status":"passed","title":"creates SpotifyService instance with access token"},{"ancestorTitles":["useUserPlaylists","Initialization"],"failureMessages":[],"fullName":"useUserPlaylists Initialization handles missing access token gracefully","location":null,"status":"passed","title":"handles missing access token gracefully"},{"ancestorTitles":["useUserPlaylists","Auto-fetch functionality"],"failureMessages":[],"fullName":"useUserPlaylists Auto-fetch functionality fetches playlists automatically by default","location":null,"status":"passed","title":"fetches playlists automatically by default"},{"ancestorTitles":["useUserPlaylists","Auto-fetch functionality"],"failureMessages":[],"fullName":"useUserPlaylists Auto-fetch functionality does not fetch when autoFetch is false","location":null,"status":"passed","title":"does not fetch when autoFetch is false"},{"ancestorTitles":["useUserPlaylists","Auto-fetch functionality"],"failureMessages":[],"fullName":"useUserPlaylists Auto-fetch functionality fetches all playlists when fetchAll is true","location":null,"status":"passed","title":"fetches all playlists when fetchAll is true"},{"ancestorTitles":["useUserPlaylists","Loading states"],"failureMessages":[],"fullName":"useUserPlaylists Loading states sets loading state during fetch","location":null,"status":"passed","title":"sets loading state during fetch"},{"ancestorTitles":["useUserPlaylists","Loading states"],"failureMessages":[],"fullName":"useUserPlaylists Loading states calculates isInitialLoad correctly","location":null,"status":"passed","title":"calculates isInitialLoad correctly"},{"ancestorTitles":["useUserPlaylists","Pagination"],"failureMessages":[],"fullName":"useUserPlaylists Pagination loads more playlists","location":null,"status":"passed","title":"loads more playlists"},{"ancestorTitles":["useUserPlaylists","Pagination"],"failureMessages":[],"fullName":"useUserPlaylists Pagination does not load more when already loading","location":null,"status":"passed","title":"does not load more when already loading"},{"ancestorTitles":["useUserPlaylists","Pagination"],"failureMessages":[],"fullName":"useUserPlaylists Pagination does not load more when hasMore is false","location":null,"status":"passed","title":"does not load more when hasMore is false"},{"ancestorTitles":["useUserPlaylists","Error handling"],"failureMessages":[],"fullName":"useUserPlaylists Error handling handles fetch errors","location":null,"status":"passed","title":"handles fetch errors"},{"ancestorTitles":["useUserPlaylists","Error handling"],"failureMessages":[],"fullName":"useUserPlaylists Error handling sets error when SpotifyService is not initialized","location":null,"status":"passed","title":"sets error when SpotifyService is not initialized"},{"ancestorTitles":["useUserPlaylists","Manual operations"],"failureMessages":[],"fullName":"useUserPlaylists Manual operations manually fetches playlists","location":null,"status":"passed","title":"manually fetches playlists"},{"ancestorTitles":["useUserPlaylists","Manual operations"],"failureMessages":[],"fullName":"useUserPlaylists Manual operations refreshes playlists","location":null,"status":"passed","title":"refreshes playlists"},{"ancestorTitles":["useUserPlaylists","Manual operations"],"failureMessages":[],"fullName":"useUserPlaylists Manual operations fetches all playlists manually","location":null,"status":"passed","title":"fetches all playlists manually"},{"ancestorTitles":["useUserPlaylists","Manual operations"],"failureMessages":[],"fullName":"useUserPlaylists Manual operations retries after error","location":null,"status":"passed","title":"retries after error"},{"ancestorTitles":["useUserPlaylists","Manual operations"],"failureMessages":[],"fullName":"useUserPlaylists Manual operations clears playlists and state","location":null,"status":"passed","title":"clears playlists and state"},{"ancestorTitles":["useUserPlaylists","Utility methods"],"failureMessages":[],"fullName":"useUserPlaylists Utility methods gets playlist by ID","location":null,"status":"passed","title":"gets playlist by ID"},{"ancestorTitles":["useUserPlaylists","Utility methods"],"failureMessages":[],"fullName":"useUserPlaylists Utility methods filters playlists","location":null,"status":"passed","title":"filters playlists"},{"ancestorTitles":["useUserPlaylists","Utility methods"],"failureMessages":[],"fullName":"useUserPlaylists Utility methods searches playlists by name","location":null,"status":"passed","title":"searches playlists by name"},{"ancestorTitles":["useUserPlaylists","Utility methods"],"failureMessages":[],"fullName":"useUserPlaylists Utility methods searches playlists by description","location":null,"status":"passed","title":"searches playlists by description"},{"ancestorTitles":["useUserPlaylists","Utility methods"],"failureMessages":[],"fullName":"useUserPlaylists Utility methods searches playlists by owner name","location":null,"status":"passed","title":"searches playlists by owner name"},{"ancestorTitles":["useUserPlaylists","Utility methods"],"failureMessages":[],"fullName":"useUserPlaylists Utility methods gets owned playlists","location":null,"status":"passed","title":"gets owned playlists"},{"ancestorTitles":["useUserPlaylists","Utility methods"],"failureMessages":[],"fullName":"useUserPlaylists Utility methods gets collaborative playlists","location":null,"status":"passed","title":"gets collaborative playlists"},{"ancestorTitles":["useUserPlaylists","Utility methods"],"failureMessages":[],"fullName":"useUserPlaylists Utility methods gets public playlists","location":null,"status":"passed","title":"gets public playlists"},{"ancestorTitles":["useUserPlaylists","Options"],"failureMessages":[],"fullName":"useUserPlaylists Options respects custom limit","location":null,"status":"passed","title":"respects custom limit"},{"ancestorTitles":["useUserPlaylists","Computed values"],"failureMessages":[],"fullName":"useUserPlaylists Computed values calculates isEmpty correctly","location":null,"status":"passed","title":"calculates isEmpty correctly"},{"ancestorTitles":["useUserPlaylists","Computed values"],"failureMessages":[],"fullName":"useUserPlaylists Computed values calculates isLoadingMore correctly","location":null,"status":"passed","title":"calculates isLoadingMore correctly"},{"ancestorTitles":["useUserPlaylists","Cleanup"],"failureMessages":[],"fullName":"useUserPlaylists Cleanup cancels ongoing requests on unmount","location":null,"status":"passed","title":"cancels ongoing requests on unmount"}],"endTime":1755840389550,"message":"","name":"C:\\Users\\defir\\Documents\\fun_with_Copilot\\Kiro vibes\\src\\hooks\\__tests__\\useUserPlaylists.test.ts","startTime":1755840388133,"status":"passed","summary":""},{"assertionResults":[{"ancestorTitles":["useMixGeneration"],"failureMessages":[],"fullName":"useMixGeneration throws when spotify service not available (no access token)","location":null,"status":"passed","title":"throws when spotify service not available (no access token)"},{"ancestorTitles":["useMixGeneration"],"failureMessages":[],"fullName":"useMixGeneration validates at least 2 playlists","location":null,"status":"passed","title":"validates at least 2 playlists"},{"ancestorTitles":["useMixGeneration"],"failureMessages":[],"fullName":"useMixGeneration throws when no tracks found across playlists","location":null,"status":"passed","title":"throws when no tracks found across playlists"},{"ancestorTitles":["useMixGeneration"],"failureMessages":[],"fullName":"useMixGeneration continues when one playlist fetch fails and mixes remaining","location":null,"status":"passed","title":"continues when one playlist fetch fails and mixes remaining"},{"ancestorTitles":["useMixGeneration"],"failureMessages":[],"fullName":"useMixGeneration concurrent generateMix calls only allow latest to update state","location":null,"status":"passed","title":"concurrent generateMix calls only allow latest to update state"},{"ancestorTitles":["useMixGeneration"],"failureMessages":[],"fullName":"useMixGeneration handles mixPlaylists returning object with exhaustedPlaylists and stoppedEarly","location":null,"status":"passed","title":"handles mixPlaylists returning object with exhaustedPlaylists and stoppedEarly"},{"ancestorTitles":["useMixGeneration"],"failureMessages":[],"fullName":"useMixGeneration createPlaylist validation and happy path","location":null,"status":"passed","title":"createPlaylist validation and happy path"},{"ancestorTitles":["useMixGeneration"],"failureMessages":[],"fullName":"useMixGeneration createPlaylist propagates spotify errors to onError","location":null,"status":"passed","title":"createPlaylist propagates spotify errors to onError"},{"ancestorTitles":["useMixGeneration"],"failureMessages":[],"fullName":"useMixGeneration emits events for empty playlist and fetch failure + stoppedEarly","location":null,"status":"passed","title":"emits events for empty playlist and fetch failure + stoppedEarly"},{"ancestorTitles":["useMixGeneration"],"failureMessages":[],"fullName":"useMixGeneration createPlaylist emits skippingTrackMissingUri and noValidTrackUris","location":null,"status":"passed","title":"createPlaylist emits skippingTrackMissingUri and noValidTrackUris"},{"ancestorTitles":["useMixGeneration"],"failureMessages":[],"fullName":"useMixGeneration handles plain-array return from mixPlaylists (back-compat)","location":null,"status":"passed","title":"handles plain-array return from mixPlaylists (back-compat)"},{"ancestorTitles":["useMixGeneration"],"failureMessages":[],"fullName":"useMixGeneration createPlaylist adds only valid URIs and emits skippingTrackMissingUri for invalid ones","location":null,"status":"passed","title":"createPlaylist adds only valid URIs and emits skippingTrackMissingUri for invalid ones"},{"ancestorTitles":["useMixGeneration"],"failureMessages":[],"fullName":"useMixGeneration mixPlaylists returning no tracks triggers error path and onError","location":null,"status":"passed","title":"mixPlaylists returning no tracks triggers error path and onError"},{"ancestorTitles":["useMixGeneration"],"failureMessages":[],"fullName":"useMixGeneration stale generateMix does not call onSuccess for earlier call","location":null,"status":"passed","title":"stale generateMix does not call onSuccess for earlier call"},{"ancestorTitles":["useMixGeneration"],"failureMessages":[],"fullName":"useMixGeneration token change mid-mix aborts stale setState and events only for latest","location":null,"status":"passed","title":"token change mid-mix aborts stale setState and events only for latest"}],"endTime":1755840390047,"message":"","name":"C:\\Users\\defir\\Documents\\fun_with_Copilot\\Kiro vibes\\src\\hooks\\useMixGeneration.test.tsx","startTime":1755840389557,"status":"passed","summary":""},{"assertionResults":[{"ancestorTitles":["Playlist Mixer Integration Tests","Modal and TrackList Integration"],"failureMessages":[],"fullName":"Playlist Mixer Integration Tests Modal and TrackList Integration displays track list inside modal with proper interactions","location":null,"status":"passed","title":"displays track list inside modal with proper interactions"},{"ancestorTitles":["Playlist Mixer Integration Tests","Modal and TrackList Integration"],"failureMessages":[],"fullName":"Playlist Mixer Integration Tests Modal and TrackList Integration handles keyboard navigation between modal and track list","location":null,"status":"passed","title":"handles keyboard navigation between modal and track list"},{"ancestorTitles":["Playlist Mixer Integration Tests","TrackList and TrackItem Integration"],"failureMessages":[],"fullName":"Playlist Mixer Integration Tests TrackList and TrackItem Integration handles track selection and removal workflows","location":null,"status":"passed","title":"handles track selection and removal workflows"},{"ancestorTitles":["Playlist Mixer Integration Tests","Complex User Workflows"],"failureMessages":[],"fullName":"Playlist Mixer Integration Tests Complex User Workflows handles multi-step track management workflow","location":null,"status":"passed","title":"handles multi-step track management workflow"},{"ancestorTitles":["Playlist Mixer Integration Tests","Complex User Workflows"],"failureMessages":[],"fullName":"Playlist Mixer Integration Tests Complex User Workflows handles error states and recovery","location":null,"status":"passed","title":"handles error states and recovery"},{"ancestorTitles":["Playlist Mixer Integration Tests","Accessibility Integration"],"failureMessages":[],"fullName":"Playlist Mixer Integration Tests Accessibility Integration maintains focus management across components","location":null,"status":"passed","title":"maintains focus management across components"},{"ancestorTitles":["Playlist Mixer Integration Tests","Accessibility Integration"],"failureMessages":[],"fullName":"Playlist Mixer Integration Tests Accessibility Integration provides proper ARIA relationships between components","location":null,"status":"passed","title":"provides proper ARIA relationships between components"},{"ancestorTitles":["Playlist Mixer Integration Tests","Performance Integration"],"failureMessages":[],"fullName":"Playlist Mixer Integration Tests Performance Integration renders components efficiently","location":null,"status":"passed","title":"renders components efficiently"},{"ancestorTitles":["Playlist Mixer Integration Tests","Performance Integration"],"failureMessages":[],"fullName":"Playlist Mixer Integration Tests Performance Integration handles large track lists efficiently","location":null,"status":"passed","title":"handles large track lists efficiently"}],"endTime":1755840390987,"message":"","name":"C:\\Users\\defir\\Documents\\fun_with_Copilot\\Kiro vibes\\src\\__tests__\\integration\\PlaylistMixerWorkflow.test.tsx","startTime":1755840390054,"status":"passed","summary":""},{"assertionResults":[{"ancestorTitles":["usePlaylistTracks","Initialization"],"failureMessages":[],"fullName":"usePlaylistTracks Initialization initializes with default state","location":null,"status":"passed","title":"initializes with default state"},{"ancestorTitles":["usePlaylistTracks","Initialization"],"failureMessages":[],"fullName":"usePlaylistTracks Initialization creates SpotifyService instance with access token","location":null,"status":"passed","title":"creates SpotifyService instance with access token"},{"ancestorTitles":["usePlaylistTracks","Initialization"],"failureMessages":[],"fullName":"usePlaylistTracks Initialization handles missing access token gracefully","location":null,"status":"passed","title":"handles missing access token gracefully"},{"ancestorTitles":["usePlaylistTracks","Auto-fetch functionality"],"failureMessages":[],"fullName":"usePlaylistTracks Auto-fetch functionality fetches tracks automatically when playlistId is provided","location":null,"status":"passed","title":"fetches tracks automatically when playlistId is provided"},{"ancestorTitles":["usePlaylistTracks","Auto-fetch functionality"],"failureMessages":[],"fullName":"usePlaylistTracks Auto-fetch functionality does not fetch when autoFetch is false","location":null,"status":"passed","title":"does not fetch when autoFetch is false"},{"ancestorTitles":["usePlaylistTracks","Auto-fetch functionality"],"failureMessages":[],"fullName":"usePlaylistTracks Auto-fetch functionality clears tracks when playlistId is null","location":null,"status":"passed","title":"clears tracks when playlistId is null"},{"ancestorTitles":["usePlaylistTracks","Auto-fetch functionality"],"failureMessages":[],"fullName":"usePlaylistTracks Auto-fetch functionality refetches when playlistId changes","location":null,"status":"passed","title":"refetches when playlistId changes"},{"ancestorTitles":["usePlaylistTracks","Loading states"],"failureMessages":[],"fullName":"usePlaylistTracks Loading states sets loading state during fetch","location":null,"status":"passed","title":"sets loading state during fetch"},{"ancestorTitles":["usePlaylistTracks","Loading states"],"failureMessages":[],"fullName":"usePlaylistTracks Loading states resets progress when starting new fetch","location":null,"status":"passed","title":"resets progress when starting new fetch"},{"ancestorTitles":["usePlaylistTracks","Progress tracking"],"failureMessages":[],"fullName":"usePlaylistTracks Progress tracking calls onProgress callback during fetch","location":null,"status":"passed","title":"calls onProgress callback during fetch"},{"ancestorTitles":["usePlaylistTracks","Progress tracking"],"failureMessages":[],"fullName":"usePlaylistTracks Progress tracking updates internal progress state","location":null,"status":"passed","title":"updates internal progress state"},{"ancestorTitles":["usePlaylistTracks","Error handling"],"failureMessages":[],"fullName":"usePlaylistTracks Error handling handles fetch errors","location":null,"status":"passed","title":"handles fetch errors"},{"ancestorTitles":["usePlaylistTracks","Error handling"],"failureMessages":[],"fullName":"usePlaylistTracks Error handling sets error when SpotifyService is not initialized","location":null,"status":"passed","title":"sets error when SpotifyService is not initialized"},{"ancestorTitles":["usePlaylistTracks","Manual operations"],"failureMessages":[],"fullName":"usePlaylistTracks Manual operations manually fetches tracks","location":null,"status":"passed","title":"manually fetches tracks"},{"ancestorTitles":["usePlaylistTracks","Manual operations"],"failureMessages":[],"fullName":"usePlaylistTracks Manual operations refreshes tracks","location":null,"status":"passed","title":"refreshes tracks"},{"ancestorTitles":["usePlaylistTracks","Manual operations"],"failureMessages":[],"fullName":"usePlaylistTracks Manual operations retries after error","location":null,"status":"passed","title":"retries after error"},{"ancestorTitles":["usePlaylistTracks","Manual operations"],"failureMessages":[],"fullName":"usePlaylistTracks Manual operations clears tracks and state","location":null,"status":"passed","title":"clears tracks and state"},{"ancestorTitles":["usePlaylistTracks","Utility methods"],"failureMessages":[],"fullName":"usePlaylistTracks Utility methods gets track by ID","location":null,"status":"passed","title":"gets track by ID"},{"ancestorTitles":["usePlaylistTracks","Utility methods"],"failureMessages":[],"fullName":"usePlaylistTracks Utility methods filters tracks","location":null,"status":"passed","title":"filters tracks"},{"ancestorTitles":["usePlaylistTracks","Utility methods"],"failureMessages":[],"fullName":"usePlaylistTracks Utility methods gets tracks with specific property","location":null,"status":"passed","title":"gets tracks with specific property"},{"ancestorTitles":["usePlaylistTracks","Options"],"failureMessages":[],"fullName":"usePlaylistTracks Options passes market option to getPlaylistTracks","location":null,"status":"passed","title":"passes market option to getPlaylistTracks"},{"ancestorTitles":["usePlaylistTracks","Computed values"],"failureMessages":[],"fullName":"usePlaylistTracks Computed values calculates isEmpty correctly","location":null,"status":"passed","title":"calculates isEmpty correctly"},{"ancestorTitles":["usePlaylistTracks","Computed values"],"failureMessages":[],"fullName":"usePlaylistTracks Computed values calculates isComplete correctly","location":null,"status":"passed","title":"calculates isComplete correctly"},{"ancestorTitles":["usePlaylistTracks","Cleanup"],"failureMessages":[],"fullName":"usePlaylistTracks Cleanup cancels ongoing requests on unmount","location":null,"status":"passed","title":"cancels ongoing requests on unmount"}],"endTime":1755840391930,"message":"","name":"C:\\Users\\defir\\Documents\\fun_with_Copilot\\Kiro vibes\\src\\hooks\\__tests__\\usePlaylistTracks.test.ts","startTime":1755840390998,"status":"passed","summary":""},{"assertionResults":[{"ancestorTitles":["SpotifyAuth"],"failureMessages":[],"fullName":"SpotifyAuth renders the component with default content","location":null,"status":"passed","title":"renders the component with default content"},{"ancestorTitles":["SpotifyAuth"],"failureMessages":[],"fullName":"SpotifyAuth applies custom className and testId props","location":null,"status":"passed","title":"applies custom className and testId props"},{"ancestorTitles":["SpotifyAuth"],"failureMessages":[],"fullName":"SpotifyAuth redirects to Spotify authorization URL when login button is clicked","location":null,"status":"passed","title":"redirects to Spotify authorization URL when login button is clicked"},{"ancestorTitles":["SpotifyAuth"],"failureMessages":[],"fullName":"SpotifyAuth uses custom redirect URI when provided","location":null,"status":"passed","title":"uses custom redirect URI when provided"},{"ancestorTitles":["SpotifyAuth"],"failureMessages":[],"fullName":"SpotifyAuth uses custom scopes when provided","location":null,"status":"passed","title":"uses custom scopes when provided"},{"ancestorTitles":["SpotifyAuth"],"failureMessages":[],"fullName":"SpotifyAuth uses custom client ID when provided","location":null,"status":"passed","title":"uses custom client ID when provided"},{"ancestorTitles":["SpotifyAuth"],"failureMessages":[],"fullName":"SpotifyAuth calls onError when client ID is not configured","location":null,"status":"passed","title":"calls onError when client ID is not configured"},{"ancestorTitles":["SpotifyAuth"],"failureMessages":[],"fullName":"SpotifyAuth calls onError when an exception occurs during login","location":null,"status":"passed","title":"calls onError when an exception occurs during login"},{"ancestorTitles":["SpotifyAuth"],"failureMessages":[],"fullName":"SpotifyAuth calls onAuth callback when provided (integration test)","location":null,"status":"passed","title":"calls onAuth callback when provided (integration test)"},{"ancestorTitles":["SpotifyAuth"],"failureMessages":[],"fullName":"SpotifyAuth has proper button type attribute","location":null,"status":"passed","title":"has proper button type attribute"},{"ancestorTitles":["SpotifyAuth"],"failureMessages":[],"fullName":"SpotifyAuth handles keyboard navigation properly","location":null,"status":"passed","title":"handles keyboard navigation properly"},{"ancestorTitles":["SpotifyAuth"],"failureMessages":[],"fullName":"SpotifyAuth handles space key activation","location":null,"status":"passed","title":"handles space key activation"},{"ancestorTitles":["SpotifyAuth"],"failureMessages":[],"fullName":"SpotifyAuth uses default scopes when scopes array is empty","location":null,"status":"passed","title":"uses default scopes when scopes array is empty"},{"ancestorTitles":["SpotifyAuth"],"failureMessages":[],"fullName":"SpotifyAuth properly encodes special characters in redirect URI","location":null,"status":"passed","title":"properly encodes special characters in redirect URI"},{"ancestorTitles":["SpotifyAuth"],"failureMessages":[],"fullName":"SpotifyAuth handles non-Error objects in catch block","location":null,"status":"passed","title":"handles non-Error objects in catch block"}],"endTime":1755840392747,"message":"","name":"C:\\Users\\defir\\Documents\\fun_with_Copilot\\Kiro vibes\\src\\__tests__\\components\\SpotifyAuth.test.tsx","startTime":1755840391937,"status":"passed","summary":""},{"assertionResults":[{"ancestorTitles":["MixPreview Behavior Tests"],"failureMessages":[],"fullName":"MixPreview Behavior Tests renders loading state correctly","location":null,"status":"passed","title":"renders loading state correctly"},{"ancestorTitles":["MixPreview Behavior Tests"],"failureMessages":[],"fullName":"MixPreview Behavior Tests returns null when no tracks and not loading","location":null,"status":"passed","title":"returns null when no tracks and not loading"},{"ancestorTitles":["MixPreview Behavior Tests"],"failureMessages":[],"fullName":"MixPreview Behavior Tests displays track and duration stats correctly","location":null,"status":"passed","title":"displays track and duration stats correctly"},{"ancestorTitles":["MixPreview Behavior Tests"],"failureMessages":[],"fullName":"MixPreview Behavior Tests formats duration in hours and minutes for longer durations","location":null,"status":"passed","title":"formats duration in hours and minutes for longer durations"},{"ancestorTitles":["MixPreview Behavior Tests"],"failureMessages":[],"fullName":"MixPreview Behavior Tests displays playlist breakdown correctly","location":null,"status":"passed","title":"displays playlist breakdown correctly"},{"ancestorTitles":["MixPreview Behavior Tests"],"failureMessages":[],"fullName":"MixPreview Behavior Tests opens and closes Spotify search modal","location":null,"status":"passed","title":"opens and closes Spotify search modal"},{"ancestorTitles":["MixPreview Behavior Tests"],"failureMessages":[],"fullName":"MixPreview Behavior Tests opens and closes Add Unselected modal","location":null,"status":"passed","title":"opens and closes Add Unselected modal"},{"ancestorTitles":["MixPreview Behavior Tests"],"failureMessages":[],"fullName":"MixPreview Behavior Tests handles adding tracks from Spotify search","location":null,"status":"passed","title":"handles adding tracks from Spotify search"},{"ancestorTitles":["MixPreview Behavior Tests"],"failureMessages":[],"fullName":"MixPreview Behavior Tests handles adding tracks from unselected modal","location":null,"status":"passed","title":"handles adding tracks from unselected modal"},{"ancestorTitles":["MixPreview Behavior Tests"],"failureMessages":[],"fullName":"MixPreview Behavior Tests shows empty state when no tracks in DroppableTrackList","location":null,"status":"passed","title":"shows empty state when no tracks in DroppableTrackList"},{"ancestorTitles":["MixPreview Behavior Tests"],"failureMessages":[],"fullName":"MixPreview Behavior Tests handles window resize for mobile layout","location":null,"status":"passed","title":"handles window resize for mobile layout"},{"ancestorTitles":["MixPreview Behavior Tests"],"failureMessages":[],"fullName":"MixPreview Behavior Tests calculates grid columns correctly for many playlists","location":null,"status":"passed","title":"calculates grid columns correctly for many playlists"},{"ancestorTitles":["MixPreview Behavior Tests"],"failureMessages":[],"fullName":"MixPreview Behavior Tests displays track count in short format on smaller screens","location":null,"status":"passed","title":"displays track count in short format on smaller screens"},{"ancestorTitles":["MixPreview Behavior Tests"],"failureMessages":[],"fullName":"MixPreview Behavior Tests shows playlist name with title attribute for truncation","location":null,"status":"passed","title":"shows playlist name with title attribute for truncation"},{"ancestorTitles":["MixPreview Behavior Tests"],"failureMessages":[],"fullName":"MixPreview Behavior Tests formats duration correctly for different time ranges","location":null,"status":"passed","title":"formats duration correctly for different time ranges"}],"endTime":1755840393379,"message":"","name":"C:\\Users\\defir\\Documents\\fun_with_Copilot\\Kiro vibes\\src\\components\\features\\mixer\\__tests__\\MixPreview.behavior.test.tsx","startTime":1755840392753,"status":"passed","summary":""},{"assertionResults":[{"ancestorTitles":["PresetTemplates"],"failureMessages":[],"fullName":"PresetTemplates renders null when no playlists are selected","location":null,"status":"passed","title":"renders null when no playlists are selected"},{"ancestorTitles":["PresetTemplates"],"failureMessages":[],"fullName":"PresetTemplates renders preset templates when playlists are selected","location":null,"status":"passed","title":"renders preset templates when playlists are selected"},{"ancestorTitles":["PresetTemplates"],"failureMessages":[],"fullName":"PresetTemplates displays correct playlist count in preset meta","location":null,"status":"passed","title":"displays correct playlist count in preset meta"},{"ancestorTitles":["PresetTemplates"],"failureMessages":[],"fullName":"PresetTemplates calls onApplyPreset with correct data when Karimctiva preset is clicked","location":null,"status":"passed","title":"calls onApplyPreset with correct data when Karimctiva preset is clicked"},{"ancestorTitles":["PresetTemplates"],"failureMessages":[],"fullName":"PresetTemplates calls onApplyPreset with correct data when Workout Mix preset is clicked","location":null,"status":"passed","title":"calls onApplyPreset with correct data when Workout Mix preset is clicked"},{"ancestorTitles":["PresetTemplates"],"failureMessages":[],"fullName":"PresetTemplates calls onApplyPreset with correct data when Road Trip preset is clicked","location":null,"status":"passed","title":"calls onApplyPreset with correct data when Road Trip preset is clicked"},{"ancestorTitles":["PresetTemplates"],"failureMessages":[],"fullName":"PresetTemplates handles keyboard navigation with Enter key","location":null,"status":"passed","title":"handles keyboard navigation with Enter key"},{"ancestorTitles":["PresetTemplates"],"failureMessages":[],"fullName":"PresetTemplates handles keyboard navigation with Space key","location":null,"status":"passed","title":"handles keyboard navigation with Space key"},{"ancestorTitles":["PresetTemplates"],"failureMessages":[],"fullName":"PresetTemplates shows alert when trying to apply preset with no playlists","location":null,"status":"passed","title":"shows alert when trying to apply preset with no playlists"},{"ancestorTitles":["PresetTemplates"],"failureMessages":[],"fullName":"PresetTemplates applies correct ratios for non-bachata/salsa playlists in Karimctiva preset","location":null,"status":"passed","title":"applies correct ratios for non-bachata/salsa playlists in Karimctiva preset"},{"ancestorTitles":["PresetTemplates"],"failureMessages":[],"fullName":"PresetTemplates has proper accessibility attributes","location":null,"status":"passed","title":"has proper accessibility attributes"},{"ancestorTitles":["PresetTemplates"],"failureMessages":[],"fullName":"PresetTemplates applies custom className and testId props","location":null,"status":"passed","title":"applies custom className and testId props"},{"ancestorTitles":["PresetTemplates"],"failureMessages":[],"fullName":"PresetTemplates handles fallback ratio configuration correctly","location":null,"status":"passed","title":"handles fallback ratio configuration correctly"}],"endTime":1755840393968,"message":"","name":"C:\\Users\\defir\\Documents\\fun_with_Copilot\\Kiro vibes\\src\\__tests__\\components\\PresetTemplates.test.tsx","startTime":1755840393384,"status":"passed","summary":""},{"assertionResults":[{"ancestorTitles":["PlaylistMixer behavior"],"failureMessages":[],"fullName":"PlaylistMixer behavior calls generatePreview when user requests it through controls","location":null,"status":"passed","title":"calls generatePreview when user requests it through controls"},{"ancestorTitles":["PlaylistMixer behavior"],"failureMessages":[],"fullName":"PlaylistMixer behavior renders MixPreview when there is a preview and MixControls reflects hasPreview","location":null,"status":"passed","title":"renders MixPreview when there is a preview and MixControls reflects hasPreview"},{"ancestorTitles":["PlaylistMixer behavior"],"failureMessages":[],"fullName":"PlaylistMixer behavior clears preview when mixOptions meaningful fields change","location":null,"status":"passed","title":"clears preview when mixOptions meaningful fields change"},{"ancestorTitles":["PlaylistMixer behavior"],"failureMessages":[],"fullName":"PlaylistMixer behavior reorders within preview when internal reorder event occurs","location":null,"status":"passed","title":"reorders within preview when internal reorder event occurs"},{"ancestorTitles":["PlaylistMixer behavior"],"failureMessages":[],"fullName":"PlaylistMixer behavior does nothing on drag end when there is no over target","location":null,"status":"passed","title":"does nothing on drag end when there is no over target"},{"ancestorTitles":["PlaylistMixer behavior"],"failureMessages":[],"fullName":"PlaylistMixer behavior does not call updateTrackOrder when active and over are same index","location":null,"status":"passed","title":"does not call updateTrackOrder when active and over are same index"},{"ancestorTitles":["PlaylistMixer behavior"],"failureMessages":[],"fullName":"PlaylistMixer behavior runs debug logging branches when DEBUG_PLAYLIST_MIXER=1","location":null,"status":"passed","title":"runs debug logging branches when DEBUG_PLAYLIST_MIXER=1"},{"ancestorTitles":["PlaylistMixer behavior"],"failureMessages":[],"fullName":"PlaylistMixer behavior handles optimistic drag end when target is the optimistic track (no move), but dispatches event","location":null,"status":"passed","title":"handles optimistic drag end when target is the optimistic track (no move), but dispatches event"},{"ancestorTitles":["PlaylistMixer behavior"],"failureMessages":[],"fullName":"PlaylistMixer behavior adds optimistic track on external drag start and removes on cancel","location":null,"status":"passed","title":"adds optimistic track on external drag start and removes on cancel"},{"ancestorTitles":["PlaylistMixer behavior"],"failureMessages":[],"fullName":"PlaylistMixer behavior finalizes optimistic track on drag end and dispatches event","location":null,"status":"passed","title":"finalizes optimistic track on drag end and dispatches event"},{"ancestorTitles":["PlaylistMixer behavior"],"failureMessages":[],"fullName":"PlaylistMixer behavior creates playlist using preview tracks when available","location":null,"status":"passed","title":"creates playlist using preview tracks when available"},{"ancestorTitles":["PlaylistMixer behavior"],"failureMessages":[],"fullName":"PlaylistMixer behavior falls back to generateMix when no preview, then creates","location":null,"status":"passed","title":"falls back to generateMix when no preview, then creates"},{"ancestorTitles":["PlaylistMixer behavior"],"failureMessages":[],"fullName":"PlaylistMixer behavior logs error and does not call onMixedPlaylist when create fails","location":null,"status":"passed","title":"logs error and does not call onMixedPlaylist when create fails"},{"ancestorTitles":["PlaylistMixer behavior"],"failureMessages":[],"fullName":"PlaylistMixer behavior emits debug logs for create playlist when DEBUG_PLAYLIST_MIXER=1 (preview path)","location":null,"status":"passed","title":"emits debug logs for create playlist when DEBUG_PLAYLIST_MIXER=1 (preview path)"},{"ancestorTitles":["PlaylistMixer behavior"],"failureMessages":[],"fullName":"PlaylistMixer behavior handles generateMix rejection by logging and not calling onMixedPlaylist","location":null,"status":"passed","title":"handles generateMix rejection by logging and not calling onMixedPlaylist"},{"ancestorTitles":["PlaylistMixer behavior"],"failureMessages":[],"fullName":"PlaylistMixer behavior does NOT clear preview when mixOptions fields that do not affect mixing change (playlistName)","location":null,"status":"passed","title":"does NOT clear preview when mixOptions fields that do not affect mixing change (playlistName)"},{"ancestorTitles":["PlaylistMixer behavior"],"failureMessages":[],"fullName":"PlaylistMixer behavior moves optimistic track to a different target index on drag end","location":null,"status":"passed","title":"moves optimistic track to a different target index on drag end"},{"ancestorTitles":["PlaylistMixer behavior"],"failureMessages":[],"fullName":"PlaylistMixer behavior logs reordering within preview when DEBUG_PLAYLIST_MIXER=1 and active/over are in preview","location":null,"status":"passed","title":"logs reordering within preview when DEBUG_PLAYLIST_MIXER=1 and active/over are in preview"},{"ancestorTitles":["PlaylistMixer behavior"],"failureMessages":[],"fullName":"PlaylistMixer behavior logs reorder failed when DEBUG_PLAYLIST_MIXER=1 and tracks not found","location":null,"status":"passed","title":"logs reorder failed when DEBUG_PLAYLIST_MIXER=1 and tracks not found"},{"ancestorTitles":["PlaylistMixer behavior"],"failureMessages":[],"fullName":"PlaylistMixer behavior moves optimistic track to a different target index on optimistic move button","location":null,"status":"passed","title":"moves optimistic track to a different target index on optimistic move button"},{"ancestorTitles":["PlaylistMixer behavior"],"failureMessages":[],"fullName":"PlaylistMixer behavior invokes mixPreview.updateTrackOrder when MixPreview onTrackOrderChange is called","location":null,"status":"passed","title":"invokes mixPreview.updateTrackOrder when MixPreview onTrackOrderChange is called"},{"ancestorTitles":["PlaylistMixer behavior"],"failureMessages":[],"fullName":"PlaylistMixer behavior calls autoScroll.canScroll for both scrollingElement and other element","location":null,"status":"passed","title":"calls autoScroll.canScroll for both scrollingElement and other element"}],"endTime":1755840394482,"message":"","name":"C:\\Users\\defir\\Documents\\fun_with_Copilot\\Kiro vibes\\src\\components\\__tests__\\PlaylistMixer.behavior.test.tsx","startTime":1755840393973,"status":"passed","summary":""},{"assertionResults":[{"ancestorTitles":["SpotifySearchModal","Rendering"],"failureMessages":[],"fullName":"SpotifySearchModal Rendering renders the modal when open","location":null,"status":"passed","title":"renders the modal when open"},{"ancestorTitles":["SpotifySearchModal","Rendering"],"failureMessages":[],"fullName":"SpotifySearchModal Rendering does not render when closed","location":null,"status":"passed","title":"does not render when closed"},{"ancestorTitles":["SpotifySearchModal","Rendering"],"failureMessages":[],"fullName":"SpotifySearchModal Rendering renders search input and button","location":null,"status":"passed","title":"renders search input and button"},{"ancestorTitles":["SpotifySearchModal","Rendering"],"failureMessages":[],"fullName":"SpotifySearchModal Rendering renders track count information","location":null,"status":"passed","title":"renders track count information"},{"ancestorTitles":["SpotifySearchModal","Rendering"],"failureMessages":[],"fullName":"SpotifySearchModal Rendering renders loading state","location":null,"status":"passed","title":"renders loading state"},{"ancestorTitles":["SpotifySearchModal","Rendering"],"failureMessages":[],"fullName":"SpotifySearchModal Rendering renders error state","location":null,"status":"passed","title":"renders error state"},{"ancestorTitles":["SpotifySearchModal","Search Functionality"],"failureMessages":[],"fullName":"SpotifySearchModal Search Functionality updates query when typing in search input","location":null,"status":"passed","title":"updates query when typing in search input"},{"ancestorTitles":["SpotifySearchModal","Search Functionality"],"failureMessages":[],"fullName":"SpotifySearchModal Search Functionality triggers search when clicking search button","location":null,"status":"passed","title":"triggers search when clicking search button"},{"ancestorTitles":["SpotifySearchModal","Search Functionality"],"failureMessages":[],"fullName":"SpotifySearchModal Search Functionality triggers search when pressing Enter in search input","location":null,"status":"passed","title":"triggers search when pressing Enter in search input"},{"ancestorTitles":["SpotifySearchModal","Search Functionality"],"failureMessages":[],"fullName":"SpotifySearchModal Search Functionality disables search button when query is empty","location":null,"status":"passed","title":"disables search button when query is empty"},{"ancestorTitles":["SpotifySearchModal","Search Functionality"],"failureMessages":[],"fullName":"SpotifySearchModal Search Functionality disables search button when loading","location":null,"status":"passed","title":"disables search button when loading"},{"ancestorTitles":["SpotifySearchModal","Track Selection"],"failureMessages":[],"fullName":"SpotifySearchModal Track Selection shows selected track count","location":null,"status":"passed","title":"shows selected track count"},{"ancestorTitles":["SpotifySearchModal","Track Selection"],"failureMessages":[],"fullName":"SpotifySearchModal Track Selection calls handleTrackSelection when track is selected","location":null,"status":"passed","title":"calls handleTrackSelection when track is selected"},{"ancestorTitles":["SpotifySearchModal","Track Selection"],"failureMessages":[],"fullName":"SpotifySearchModal Track Selection enables add button when tracks are selected","location":null,"status":"passed","title":"enables add button when tracks are selected"},{"ancestorTitles":["SpotifySearchModal","Modal Behavior"],"failureMessages":[],"fullName":"SpotifySearchModal Modal Behavior calls onClose when close button is clicked","location":null,"status":"passed","title":"calls onClose when close button is clicked"},{"ancestorTitles":["SpotifySearchModal","Modal Behavior"],"failureMessages":[],"fullName":"SpotifySearchModal Modal Behavior calls onClose when cancel button is clicked","location":null,"status":"passed","title":"calls onClose when cancel button is clicked"},{"ancestorTitles":["SpotifySearchModal","Modal Behavior"],"failureMessages":[],"fullName":"SpotifySearchModal Modal Behavior clears search when modal closes","location":null,"status":"passed","title":"clears search when modal closes"},{"ancestorTitles":["SpotifySearchModal","Add Tracks Functionality"],"failureMessages":[],"fullName":"SpotifySearchModal Add Tracks Functionality calls onAddTracks with selected tracks","location":null,"status":"passed","title":"calls onAddTracks with selected tracks"},{"ancestorTitles":["SpotifySearchModal","Add Tracks Functionality"],"failureMessages":[],"fullName":"SpotifySearchModal Add Tracks Functionality clears selected tracks after adding","location":null,"status":"passed","title":"clears selected tracks after adding"},{"ancestorTitles":["SpotifySearchModal","Add Tracks Functionality"],"failureMessages":[],"fullName":"SpotifySearchModal Add Tracks Functionality disables add button when no tracks are selected","location":null,"status":"passed","title":"disables add button when no tracks are selected"},{"ancestorTitles":["SpotifySearchModal","Accessibility"],"failureMessages":[],"fullName":"SpotifySearchModal Accessibility has proper ARIA attributes","location":null,"status":"passed","title":"has proper ARIA attributes"},{"ancestorTitles":["SpotifySearchModal","Accessibility"],"failureMessages":[],"fullName":"SpotifySearchModal Accessibility renders search input with correct attributes","location":null,"status":"passed","title":"renders search input with correct attributes"},{"ancestorTitles":["SpotifySearchModal","Accessibility"],"failureMessages":[],"fullName":"SpotifySearchModal Accessibility manages focus properly","location":null,"status":"passed","title":"manages focus properly"},{"ancestorTitles":["SpotifySearchModal","Responsive Design"],"failureMessages":[],"fullName":"SpotifySearchModal Responsive Design applies responsive classes correctly","location":null,"status":"passed","title":"applies responsive classes correctly"},{"ancestorTitles":["SpotifySearchModal","Error Handling"],"failureMessages":[],"fullName":"SpotifySearchModal Error Handling handles search errors gracefully","location":null,"status":"passed","title":"handles search errors gracefully"},{"ancestorTitles":["SpotifySearchModal","Error Handling"],"failureMessages":[],"fullName":"SpotifySearchModal Error Handling handles missing access token","location":null,"status":"passed","title":"handles missing access token"}],"endTime":1755840395007,"message":"","name":"C:\\Users\\defir\\Documents\\fun_with_Copilot\\Kiro vibes\\src\\components\\__tests__\\SpotifySearchModal.test.tsx","startTime":1755840394488,"status":"passed","summary":""},{"assertionResults":[{"ancestorTitles":["Component Integration Tests","Modal and TrackList Integration"],"failureMessages":[],"fullName":"Component Integration Tests Modal and TrackList Integration displays track list inside modal with proper interactions","location":null,"status":"passed","title":"displays track list inside modal with proper interactions"},{"ancestorTitles":["Component Integration Tests","Modal and TrackList Integration"],"failureMessages":[],"fullName":"Component Integration Tests Modal and TrackList Integration handles keyboard navigation between modal and track list","location":null,"status":"passed","title":"handles keyboard navigation between modal and track list"},{"ancestorTitles":["Component Integration Tests","TrackList and TrackItem Integration"],"failureMessages":[],"fullName":"Component Integration Tests TrackList and TrackItem Integration handles track selection and removal workflows","location":null,"status":"passed","title":"handles track selection and removal workflows"}],"endTime":1755840395394,"message":"","name":"C:\\Users\\defir\\Documents\\fun_with_Copilot\\Kiro vibes\\src\\__tests__\\integration\\ComponentInteractions.test.tsx","startTime":1755840395012,"status":"passed","summary":""},{"assertionResults":[{"ancestorTitles":["TrackList"],"failureMessages":[],"fullName":"TrackList renders the list of tracks","location":null,"status":"passed","title":"renders the list of tracks"},{"ancestorTitles":["TrackList"],"failureMessages":[],"fullName":"TrackList shows empty message when no tracks provided","location":null,"status":"passed","title":"shows empty message when no tracks provided"},{"ancestorTitles":["TrackList"],"failureMessages":[],"fullName":"TrackList calls onTrackClick with correct args when track clicked","location":null,"status":"passed","title":"calls onTrackClick with correct args when track clicked"},{"ancestorTitles":["TrackList"],"failureMessages":[],"fullName":"TrackList calls onTrackSelect when selectable and item clicked","location":null,"status":"passed","title":"calls onTrackSelect when selectable and item clicked"},{"ancestorTitles":["TrackList"],"failureMessages":[],"fullName":"TrackList renders checkbox and shows selected state","location":null,"status":"passed","title":"renders checkbox and shows selected state"},{"ancestorTitles":["TrackList"],"failureMessages":[],"fullName":"TrackList supports keyboard activation (Enter) to trigger click handler","location":null,"status":"passed","title":"supports keyboard activation (Enter) to trigger click handler"},{"ancestorTitles":["TrackList"],"failureMessages":[],"fullName":"TrackList renders virtualized items and supports renderTrackActions + containerProps","location":null,"status":"passed","title":"renders virtualized items and supports renderTrackActions + containerProps"},{"ancestorTitles":["TrackList"],"failureMessages":[],"fullName":"TrackList wires up touch/mouse handlers when provided","location":null,"status":"passed","title":"wires up touch/mouse handlers when provided"},{"ancestorTitles":["TrackList"],"failureMessages":[],"fullName":"TrackList calls onTrackRemove when remove button clicked","location":null,"status":"passed","title":"calls onTrackRemove when remove button clicked"},{"ancestorTitles":["TrackList"],"failureMessages":[],"fullName":"TrackList forwards onTrackClick args (event, track, index)","location":null,"status":"passed","title":"forwards onTrackClick args (event, track, index)"},{"ancestorTitles":["TrackList"],"failureMessages":[],"fullName":"TrackList invokes mouseDown and mouseUp handlers when provided","location":null,"status":"passed","title":"invokes mouseDown and mouseUp handlers when provided"},{"ancestorTitles":["TrackList"],"failureMessages":[],"fullName":"TrackList invokes touchMove and touchEnd handlers when provided","location":null,"status":"passed","title":"invokes touchMove and touchEnd handlers when provided"}],"endTime":1755840395815,"message":"","name":"C:\\Users\\defir\\Documents\\fun_with_Copilot\\Kiro vibes\\src\\components\\ui\\__tests__\\TrackList.test.tsx","startTime":1755840395400,"status":"passed","summary":""},{"assertionResults":[{"ancestorTitles":["PlaylistSelector"],"failureMessages":[],"fullName":"PlaylistSelector shows error when submitting empty input","location":null,"status":"passed","title":"shows error when submitting empty input"},{"ancestorTitles":["PlaylistSelector"],"failureMessages":[],"fullName":"PlaylistSelector switches to url input type when paste looks like spotify link and adds via url handler","location":null,"status":"passed","title":"switches to url input type when paste looks like spotify link and adds via url handler"},{"ancestorTitles":["PlaylistSelector"],"failureMessages":[],"fullName":"PlaylistSelector renders search results and allows clicking a result","location":null,"status":"passed","title":"renders search results and allows clicking a result"},{"ancestorTitles":["PlaylistSelector"],"failureMessages":[],"fullName":"PlaylistSelector shows max playlists warning when >=10 playlists selected","location":null,"status":"passed","title":"shows max playlists warning when >=10 playlists selected"},{"ancestorTitles":["PlaylistSelector"],"failureMessages":[],"fullName":"PlaylistSelector displays 0 tracks for playlist without tracks.total and allows Enter on highlighted item","location":null,"status":"passed","title":"displays 0 tracks for playlist without tracks.total and allows Enter on highlighted item"},{"ancestorTitles":["PlaylistSelector"],"failureMessages":[],"fullName":"PlaylistSelector calls onError with normalized details when searchError is an object","location":null,"status":"passed","title":"calls onError with normalized details when searchError is an object"},{"ancestorTitles":["PlaylistSelector"],"failureMessages":[],"fullName":"PlaylistSelector focus shows results when input has text and inputType is search","location":null,"status":"passed","title":"focus shows results when input has text and inputType is search"},{"ancestorTitles":["PlaylistSelector"],"failureMessages":[],"fullName":"PlaylistSelector calls onError when submitting non-url term with no results","location":null,"status":"passed","title":"calls onError when submitting non-url term with no results"},{"ancestorTitles":["PlaylistSelector"],"failureMessages":[],"fullName":"PlaylistSelector calls onError unchanged when searchError is a string","location":null,"status":"passed","title":"calls onError unchanged when searchError is a string"},{"ancestorTitles":["PlaylistSelector"],"failureMessages":[],"fullName":"PlaylistSelector ArrowDown then ArrowUp then Enter selects the first highlighted result","location":null,"status":"passed","title":"ArrowDown then ArrowUp then Enter selects the first highlighted result"},{"ancestorTitles":["PlaylistSelector"],"failureMessages":[],"fullName":"PlaylistSelector renders Untitled Playlist when name missing and hide results on blur","location":null,"status":"passed","title":"renders Untitled Playlist when name missing and hide results on blur"},{"ancestorTitles":["PlaylistSelector"],"failureMessages":[],"fullName":"PlaylistSelector ArrowDown then Enter selects the highlighted (second) search result","location":null,"status":"passed","title":"ArrowDown then Enter selects the highlighted (second) search result"},{"ancestorTitles":["PlaylistSelector"],"failureMessages":[],"fullName":"PlaylistSelector filters out invalid entries, shows Unknown owner and image/checkmark branches","location":null,"status":"passed","title":"filters out invalid entries, shows Unknown owner and image/checkmark branches"},{"ancestorTitles":["PlaylistSelector"],"failureMessages":[],"fullName":"PlaylistSelector Add button disabled when inputType is url but playlist url invalid","location":null,"status":"passed","title":"Add button disabled when inputType is url but playlist url invalid"},{"ancestorTitles":["PlaylistSelector"],"failureMessages":[],"fullName":"PlaylistSelector clicking a search result refocuses input using fallback when focus with options throws","location":null,"status":"passed","title":"clicking a search result refocuses input using fallback when focus with options throws"},{"ancestorTitles":["PlaylistSelector"],"failureMessages":[],"fullName":"PlaylistSelector URL add shows loading overlay while pending and triggers autofocus via onPlaylistSelect","location":null,"status":"passed","title":"URL add shows loading overlay while pending and triggers autofocus via onPlaylistSelect"},{"ancestorTitles":["PlaylistSelector"],"failureMessages":[],"fullName":"PlaylistSelector ArrowDown from -1 then Enter selects the first result (prevIndex -1 branch)","location":null,"status":"passed","title":"ArrowDown from -1 then Enter selects the first result (prevIndex -1 branch)"},{"ancestorTitles":["PlaylistSelector"],"failureMessages":[],"fullName":"PlaylistSelector input is auto-focused on mount using focus with options when supported","location":null,"status":"passed","title":"input is auto-focused on mount using focus with options when supported"},{"ancestorTitles":["PlaylistSelector"],"failureMessages":[],"fullName":"PlaylistSelector pressing Enter when there are no search results triggers handleInputSubmit (empty input path)","location":null,"status":"passed","title":"pressing Enter when there are no search results triggers handleInputSubmit (empty input path)"},{"ancestorTitles":["PlaylistSelector"],"failureMessages":[],"fullName":"PlaylistSelector when results show but no item highlighted, Enter calls handleInputSubmit (empty input path)","location":null,"status":"passed","title":"when results show but no item highlighted, Enter calls handleInputSubmit (empty input path)"},{"ancestorTitles":["PlaylistSelector"],"failureMessages":[],"fullName":"PlaylistSelector pressing Enter or Space on a search result triggers onPlaylistSelect","location":null,"status":"passed","title":"pressing Enter or Space on a search result triggers onPlaylistSelect"},{"ancestorTitles":["PlaylistSelector"],"failureMessages":[],"fullName":"PlaylistSelector Enter on input with highlighted result sets loading true then false when promise resolves","location":null,"status":"passed","title":"Enter on input with highlighted result sets loading true then false when promise resolves"},{"ancestorTitles":["PlaylistSelector"],"failureMessages":[],"fullName":"PlaylistSelector mouseEnter then mouseLeave and Enter/Space on result div triggers onPlaylistSelect","location":null,"status":"passed","title":"mouseEnter then mouseLeave and Enter/Space on result div triggers onPlaylistSelect"}],"endTime":1755840396168,"message":"","name":"C:\\Users\\defir\\Documents\\fun_with_Copilot\\Kiro vibes\\src\\__tests__\\components\\PlaylistSelector.test.tsx","startTime":1755840395822,"status":"passed","summary":""},{"assertionResults":[{"ancestorTitles":["App handlers (direct callback surface)"],"failureMessages":[],"fullName":"App handlers (direct callback surface) parses access_token from window.location.hash and calls setAccessToken (dev logging path)","location":null,"status":"passed","title":"parses access_token from window.location.hash and calls setAccessToken (dev logging path)"},{"ancestorTitles":["App handlers (direct callback surface)"],"failureMessages":[],"fullName":"App handlers (direct callback surface) cal
[...]
2,"status":"passed","summary":""},{"assertionResults":[{"ancestorTitles":["trackUtils","formatDuration"],"failureMessages":[],"fullName":"trackUtils formatDuration should format milliseconds to MM:SS","location":null,"status":"passed","title":"should format milliseconds to MM:SS"},{"ancestorTitles":["trackUtils","getTrackQuadrant"],"failureMessages":[],"fullName":"trackUtils getTrackQuadrant should return default quadrant for falsy input","location":null,"status":"passed","title":"should return default quadrant for falsy input"},{"ancestorTitles":["trackUtils","getTrackQuadrant"],"failureMessages":[],"fullName":"trackUtils getTrackQuadrant should determine quadrant based on popularity and name length","location":null,"status":"passed","title":"should determine quadrant based on popularity and name length"},{"ancestorTitles":["trackUtils","getPopularityStyle"],"failureMessages":[],"fullName":"trackUtils getPopularityStyle should return styles for quadrants and include popularity text","location":null,"status":"passed","title":"should return styles for quadrants and include popularity text"},{"ancestorTitles":["trackUtils","instance id utilities"],"failureMessages":[],"fullName":"trackUtils instance id utilities generateTrackInstanceId should produce different values","location":null,"status":"passed","title":"generateTrackInstanceId should produce different values"},{"ancestorTitles":["trackUtils","instance id utilities"],"failureMessages":[],"fullName":"trackUtils instance id utilities getTrackDragId should prefer instanceId over id","location":null,"status":"passed","title":"getTrackDragId should prefer instanceId over id"},{"ancestorTitles":["trackUtils","instance id utilities"],"failureMessages":[],"fullName":"trackUtils instance id utilities createMixedTrackInstance and ensureTrackInstanceId should set instanceId","location":null,"status":"passed","title":"createMixedTrackInstance and ensureTrackInstanceId should set instanceId"}],"endTime":1755840408206,"message":"","name":"C:\\Users\\defir\\Documents\\fun_with_Copilot\\Kiro vibes\\src\\utils\\__tests__\\trackUtils.test.ts","startTime":1755840408152,"status":"passed","summary":""},{"assertionResults":[{"ancestorTitles":["playlistMixer validateInputs"],"failureMessages":[],"fullName":"playlistMixer validateInputs invalid when playlists empty","location":null,"status":"passed","title":"invalid when playlists empty"},{"ancestorTitles":["playlistMixer validateInputs"],"failureMessages":[],"fullName":"playlistMixer validateInputs valid with simple playlist + ratios","location":null,"status":"passed","title":"valid with simple playlist + ratios"},{"ancestorTitles":["mixPlaylists basic behavior"],"failureMessages":[],"fullName":"mixPlaylists basic behavior produces non-empty mix respecting totalSongs","location":null,"status":"passed","title":"produces non-empty mix respecting totalSongs"},{"ancestorTitles":["mixPlaylists basic behavior"],"failureMessages":[],"fullName":"mixPlaylists basic behavior returns empty array for invalid inputs","location":null,"status":"passed","title":"returns empty array for invalid inputs"},{"ancestorTitles":["createMixingContext integration"],"failureMessages":[],"fullName":"createMixingContext integration target counts sum > 0","location":null,"status":"passed","title":"target counts sum > 0"}],"endTime":1755840408266,"message":"","name":"C:\\Users\\defir\\Documents\\fun_with_Copilot\\Kiro vibes\\src\\utils\\__tests__\\playlistMixer.test.ts","startTime":1755840408211,"status":"passed","summary":""},{"assertionResults":[{"ancestorTitles":["mixHooks mocks"],"failureMessages":[],"fullName":"mixHooks mocks useMixPreview fallback (non-hook) works when called outside React","location":null,"status":"passed","title":"useMixPreview fallback (non-hook) works when called outside React"},{"ancestorTitles":["mixHooks mocks"],"failureMessages":[],"fullName":"mixHooks mocks useMixPreview uses provided impl when given and returns array shape","location":null,"status":"passed","title":"useMixPreview uses provided impl when given and returns array shape"},{"ancestorTitles":["mixHooks mocks"],"failureMessages":[],"fullName":"mixHooks mocks useMixGeneration returns mix functions and createPlaylist respects TEST_VERBOSE","location":null,"status":"passed","title":"useMixGeneration returns mix functions and createPlaylist respects TEST_VERBOSE"},{"ancestorTitles":["mixHooks mocks"],"failureMessages":[],"fullName":"mixHooks mocks legacy makeUseMixPreviewMock and makeUseMixGenerationMock produce predictable modules","location":null,"status":"passed","title":"legacy makeUseMixPreviewMock and makeUseMixGenerationMock produce predictable modules"}],"endTime":1755840408328,"message":"","name":"C:\\Users\\defir\\Documents\\fun_with_Copilot\\Kiro vibes\\src\\test-utils\\mocks\\mixHooks.test.ts","startTime":1755840408274,"status":"passed","summary":""},{"assertionResults":[{"ancestorTitles":["migration utilities"],"failureMessages":[],"fullName":"migration utilities validateStoreState reports orphaned and missing configs","location":null,"status":"passed","title":"validateStoreState reports orphaned and missing configs"},{"ancestorTitles":["migration utilities"],"failureMessages":[],"fullName":"migration utilities validateStoreState returns empty array when consistent","location":null,"status":"passed","title":"validateStoreState returns empty array when consistent"},{"ancestorTitles":["migration utilities"],"failureMessages":[],"fullName":"migration utilities cleanupStoreState removes orphaned and adds missing configs","location":null,"status":"passed","title":"cleanupStoreState removes orphaned and adds missing configs"}],"endTime":1755840408385,"message":"","name":"C:\\Users\\defir\\Documents\\fun_with_Copilot\\Kiro vibes\\src\\store\\__tests__\\migration.test.ts","startTime":1755840408333,"status":"passed","summary":""},{"assertionResults":[{"ancestorTitles":["SpotifyService - Batch A (pagination & batching)"],"failureMessages":[],"fullName":"SpotifyService - Batch A (pagination & batching) getPlaylistTracks paginates and calls onProgress","location":null,"status":"passed","title":"getPlaylistTracks paginates and calls onProgress"},{"ancestorTitles":["SpotifyService - Batch A (pagination & batching)"],"failureMessages":[],"fullName":"SpotifyService - Batch A (pagination & batching) addTracksToPlaylist validates empty URIs and batches large requests","location":null,"status":"passed","title":"addTracksToPlaylist validates empty URIs and batches large requests"}],"endTime":1755840408441,"message":"","name":"C:\\Users\\defir\\Documents\\fun_with_Copilot\\Kiro vibes\\src\\services\\__tests__\\spotify.batchA.test.ts","startTime":1755840408387,"status":"passed","summary":""},{"assertionResults":[{"ancestorTitles":["mixingStrategies development logging and fallback coverage"],"failureMessages":[],"fullName":"mixingStrategies development logging and fallback coverage development logs are called across strategies","location":null,"status":"passed","title":"development logs are called across strategies"},{"ancestorTitles":["mixingStrategies development logging and fallback coverage"],"failureMessages":[],"fullName":"mixingStrategies development logging and fallback coverage addFallbackTracks returns original when no fallback available","location":null,"status":"passed","title":"addFallbackTracks returns original when no fallback available"},{"ancestorTitles":["mixingStrategies development logging and fallback coverage"],"failureMessages":[],"fullName":"mixingStrategies development logging and fallback coverage strategy manager getAllStrategies returns non-empty list","location":null,"status":"passed","title":"strategy manager getAllStrategies returns non-empty list"}],"endTime":1755840408498,"message":"","name":"C:\\Users\\defir\\Documents\\fun_with_Copilot\\Kiro vibes\\src\\utils\\mixer\\__tests__\\mixingStrategies.logging.test.ts","startTime":1755840408445,"status":"passed","summary":""},{"assertionResults":[{"ancestorTitles":["authSlice"],"failureMessages":[],"fullName":"authSlice setAccessToken calls set with expected payload","location":null,"status":"passed","title":"setAccessToken calls set with expected payload"},{"ancestorTitles":["authSlice"],"failureMessages":[],"fullName":"authSlice clearAuth removes localStorage item when window.localStorage is available","location":null,"status":"passed","title":"clearAuth removes localStorage item when window.localStorage is available"},{"ancestorTitles":["authSlice"],"failureMessages":[],"fullName":"authSlice clearAuth swallows errors from localStorage.removeItem","location":null,"status":"passed","title":"clearAuth swallows errors from localStorage.removeItem"},{"ancestorTitles":["authSlice"],"failureMessages":[],"fullName":"authSlice clearAuth does not throw when window is undefined","location":null,"status":"passed","title":"clearAuth does not throw when window is undefined"}],"endTime":1755840408557,"message":"","name":"C:\\Users\\defir\\Documents\\fun_with_Copilot\\Kiro vibes\\src\\__tests__\\store\\authSlice.test.ts","startTime":1755840408503,"status":"passed","summary":""},{"assertionResults":[{"ancestorTitles":["playlistMixer compatibility re-exports"],"failureMessages":[],"fullName":"playlistMixer compatibility re-exports should re-export mixPlaylists and utility functions from the new mixer module","location":null,"status":"passed","title":"should re-export mixPlaylists and utility functions from the new mixer module"}],"endTime":1755840408613,"message":"","name":"C:\\Users\\defir\\Documents\\fun_with_Copilot\\Kiro vibes\\src\\utils\\__tests__\\playlistMixer.compat.test.ts","startTime":1755840408565,"status":"passed","summary":""},{"assertionResults":[{"ancestorTitles":["normalizeMixResult"],"failureMessages":[],"fullName":"normalizeMixResult returns empty for null/undefined","location":null,"status":"passed","title":"returns empty for null/undefined"},{"ancestorTitles":["normalizeMixResult"],"failureMessages":[],"fullName":"normalizeMixResult handles array return with attached metadata","location":null,"status":"passed","title":"handles array return with attached metadata"},{"ancestorTitles":["normalizeMixResult"],"failureMessages":[],"fullName":"normalizeMixResult handles object return with tracks array","location":null,"status":"passed","title":"handles object return with tracks array"},{"ancestorTitles":["normalizeMixResult"],"failureMessages":[],"fullName":"normalizeMixResult handles object with malformed tracks","location":null,"status":"passed","title":"handles object with malformed tracks"}],"endTime":1755840408676,"message":"","name":"C:\\Users\\defir\\Documents\\fun_with_Copilot\\Kiro vibes\\src\\utils\\normalizeMixResult.test.ts","startTime":1755840408622,"status":"passed","summary":""},{"assertionResults":[{"ancestorTitles":["Mixer Utils Integration"],"failureMessages":[],"fullName":"Mixer Utils Integration should export all required utility functions","location":null,"status":"passed","title":"should export all required utility functions"},{"ancestorTitles":["Mixer Utils Integration"],"failureMessages":[],"fullName":"Mixer Utils Integration should work together in a realistic scenario","location":null,"status":"passed","title":"should work together in a realistic scenario"}],"endTime":1755840408734,"message":"","name":"C:\\Users\\defir\\Documents\\fun_with_Copilot\\Kiro vibes\\src\\utils\\mixer\\__tests__\\integration.test.ts","startTime":1755840408681,"status":"passed","summary":""},{"assertionResults":[{"ancestorTitles":["playlistFactory _resolvedTracks helper"],"failureMessages":[],"fullName":"playlistFactory _resolvedTracks helper exposes _resolvedTracks for low-level utilities","location":null,"status":"passed","title":"exposes _resolvedTracks for low-level utilities"}],"endTime":1755840408793,"message":"","name":"C:\\Users\\defir\\Documents\\fun_with_Copilot\\Kiro vibes\\src\\__tests__\\utils\\playlistResolvedTracks.test.ts","startTime":1755840408739,"status":"passed","summary":""},{"assertionResults":[{"ancestorTitles":["mixPlaylists behavior via compat layer"],"failureMessages":[],"fullName":"mixPlaylists behavior via compat layer should return a mixed track array for valid inputs","location":null,"status":"passed","title":"should return a mixed track array for valid inputs"},{"ancestorTitles":["mixPlaylists behavior via compat layer"],"failureMessages":[],"fullName":"mixPlaylists behavior via compat layer should return empty array for invalid inputs","location":null,"status":"passed","title":"should return empty array for invalid inputs"}],"endTime":1755840408853,"message":"","name":"C:\\Users\\defir\\Documents\\fun_with_Copilot\\Kiro vibes\\src\\utils\\__tests__\\playlistMixer.behavior.test.ts","startTime":1755840408799,"status":"passed","summary":""},{"assertionResults":[{"ancestorTitles":["haptics"],"failureMessages":[],"fullName":"haptics isVibrationSupported returns false when navigator is undefined","location":null,"status":"passed","title":"isVibrationSupported returns false when navigator is undefined"},{"ancestorTitles":["haptics"],"failureMessages":[],"fullName":"haptics isVibrationSupported returns true when navigator.vibrate exists","location":null,"status":"passed","title":"isVibrationSupported returns true when navigator.vibrate exists"},{"ancestorTitles":["haptics"],"failureMessages":[],"fullName":"haptics vibrate calls navigator.vibrate when supported","location":null,"status":"passed","title":"vibrate calls navigator.vibrate when supported"},{"ancestorTitles":["haptics"],"failureMessages":[],"fullName":"haptics vibrate does not throw when navigator.vibrate is absent","location":null,"status":"passed","title":"vibrate does not throw when navigator.vibrate is absent"},{"ancestorTitles":["haptics"],"failureMessages":[],"fullName":"haptics vibrate logs debug info when DEBUG_HAPTICS=1","location":null,"status":"passed","title":"vibrate logs debug info when DEBUG_HAPTICS=1"}],"endTime":1755840408913,"message":"","name":"C:\\Users\\defir\\Documents\\fun_with_Copilot\\Kiro vibes\\src\\utils\\__tests__\\haptics.unit.test.ts","startTime":1755840408863,"status":"passed","summary":""},{"assertionResults":[{"ancestorTitles":[],"failureMessages":[],"fullName":"module auto-initializes immediately when document.readyState is complete","location":null,"status":"passed","title":"module auto-initializes immediately when document.readyState is complete"},{"ancestorTitles":[],"failureMessages":[],"fullName":"module attaches DOMContentLoaded listener when readyState loading and handles event","location":null,"status":"passed","title":"module attaches DOMContentLoaded listener when readyState loading and handles event"},{"ancestorTitles":[],"failureMessages":[],"fullName":"announceToScreenReader with assertive priority updates assertive region after timeout","location":null,"status":"passed","title":"announceToScreenReader with assertive priority updates assertive region after timeout"}],"endTime":1755840408977,"message":"","name":"C:\\Users\\defir\\Documents\\fun_with_Copilot\\Kiro vibes\\src\\utils\\__tests__\\accessibility.more.test.ts","startTime":1755840408922,"status":"passed","summary":""},{"assertionResults":[{"ancestorTitles":["mixerUtils edge cases"],"failureMessages":[],"fullName":"mixerUtils edge cases safeObjectKeys returns [] for non-object","location":null,"status":"passed","title":"safeObjectKeys returns [] for non-object"},{"ancestorTitles":["mixerUtils edge cases"],"failureMessages":[],"fullName":"mixerUtils edge cases calculateTotalDuration handles non-array input and invalid tracks","location":null,"status":"passed","title":"calculateTotalDuration handles non-array input and invalid tracks"},{"ancestorTitles":["mixerUtils edge cases"],"failureMessages":[],"fullName":"mixerUtils edge cases cleanPlaylistTracks normalizes different playlist shapes","location":null,"status":"passed","title":"cleanPlaylistTracks normalizes different playlist shapes"},{"ancestorTitles":["mixerUtils edge cases"],"failureMessages":[],"fullName":"mixerUtils edge cases formatDuration handles invalid and valid inputs","location":null,"status":"passed","title":"formatDuration handles invalid and valid inputs"},{"ancestorTitles":["mixerUtils edge cases"],"failureMessages":[],"fullName":"mixerUtils edge cases logDebugInfo only logs in development","location":null,"status":"passed","title":"logDebugInfo only logs in development"}],"endTime":1755840409036,"message":"","name":"C:\\Users\\defir\\Documents\\fun_with_Copilot\\Kiro vibes\\src\\utils\\mixer\\__tests__\\mixerUtils.edgecases.test.ts","startTime":1755840408982,"status":"passed","summary":""},{"assertionResults":[{"ancestorTitles":["buildAddRequestBody"],"failureMessages":[],"fullName":"buildAddRequestBody filters invalid uris and builds body","location":null,"status":"passed","title":"filters invalid uris and builds body"},{"ancestorTitles":["buildAddRequestBody"],"failureMessages":[],"fullName":"buildAddRequestBody handles empty list","location":null,"status":"passed","title":"handles empty list"},{"ancestorTitles":["buildAddRequestBody"],"failureMessages":[],"fullName":"buildAddRequestBody includes snapshot_id when provided","location":null,"status":"passed","title":"includes snapshot_id when provided"}],"endTime":1755840409094,"message":"","name":"C:\\Users\\defir\\Documents\\fun_with_Copilot\\Kiro vibes\\src\\services\\_helpers\\requestBody.test.ts","startTime":1755840409041,"status":"passed","summary":""},{"assertionResults":[{"ancestorTitles":["haptics"],"failureMessages":[],"fullName":"haptics isVibrationSupported false without vibrate","location":null,"status":"passed","title":"isVibrationSupported false without vibrate"},{"ancestorTitles":["haptics"],"failureMessages":[],"fullName":"haptics isVibrationSupported true with vibrate","location":null,"status":"passed","title":"isVibrationSupported true with vibrate"},{"ancestorTitles":["haptics"],"failureMessages":[],"fullName":"haptics vibrate calls underlying navigator.vibrate when supported","location":null,"status":"passed","title":"vibrate calls underlying navigator.vibrate when supported"},{"ancestorTitles":["haptics"],"failureMessages":[],"fullName":"haptics vibrate swallows errors","location":null,"status":"passed","title":"vibrate swallows errors"}],"endTime":1755840409171,"message":"","name":"C:\\Users\\defir\\Documents\\fun_with_Copilot\\Kiro vibes\\src\\utils\\__tests__\\haptics.test.ts","startTime":1755840409102,"status":"passed","summary":""},{"assertionResults":[{"ancestorTitles":[],"failureMessages":[],"fullName":"__setup_integration_noop","location":null,"status":"passed","title":"__setup_integration_noop"}],"endTime":1755840409229,"message":"","name":"C:\\Users\\defir\\Documents\\fun_with_Copilot\\Kiro vibes\\src\\__tests__\\setupIntegrationTests.ts","startTime":1755840409177,"status":"passed","summary":""},{"assertionResults":[{"ancestorTitles":["Diagnostics - headers"],"failureMessages":[],"fullName":"Diagnostics - headers Authorization header formatting works correctly","location":null,"status":"passed","title":"Authorization header formatting works correctly"},{"ancestorTitles":["Diagnostics - headers"],"failureMessages":[],"fullName":"Diagnostics - headers can handle different token formats","location":null,"status":"passed","title":"can handle different token formats"}],"endTime":1755840409284,"message":"","name":"C:\\Users\\defir\\Documents\\fun_with_Copilot\\Kiro vibes\\src\\services\\__tests__\\diagnostics.headers.test.ts","startTime":1755840409234,"status":"passed","summary":""},{"assertionResults":[{"ancestorTitles":[],"failureMessages":[],"fullName":"fixtures helper - noop","location":null,"status":"passed","title":"fixtures helper - noop"}],"endTime":1755840409344,"message":"","name":"C:\\Users\\defir\\Documents\\fun_with_Copilot\\Kiro vibes\\src\\utils\\mixer\\__tests__\\fixtures.ts","startTime":1755840409292,"status":"passed","summary":""}],"wasInterrupted":false}