{"numFailedTestSuites":13,"numFailedTests":27,"numPassedTestSuites":93,"numPassedTests":771,"numPendingTestSuites":0,"numPendingTests":0,"numRuntimeErrorTestSuites":0,"numTodoTests":0,"numTotalTestSuites":106,"numTotalTests":798,"openHandles":[],"snapshot":{"added":0,"didUpdate":false,"failure":false,"filesAdded":0,"filesRemoved":0,"filesRemovedList":[],"filesUnmatched":0,"filesUpdated":0,"matched":0,"total":0,"unchecked":0,"uncheckedKeysByFile":[],"unmatched":0,"updated":0},"startTime":1755672701360,"success":false,"testResults":[{"assertionResults":[{"ancestorTitles":["SpotifyService - Batch B (playlists & create/remove)"],"failureMessages":["ApiError: An unexpected error occurred.\n    at ApiErrorHandler.classifyError (C:\\Users\\defir\\Documents\\fun_with_Copilot\\Kiro vibes\\src\\services\\apiErrorHandler.ts:370:12)\n    at ApiErrorHandler.withRetry (C:\\Users\\defir\\Documents\\fun_with_Copilot\\Kiro vibes\\src\\services\\apiErrorHandler.ts:395:31)\n    at Object.<anonymous> (C:\\Users\\defir\\Documents\\fun_with_Copilot\\Kiro vibes\\src\\services\\__tests__\\spotify.batchB.test.ts:27:17)"],"fullName":"SpotifyService - Batch B (playlists & create/remove) getUserPlaylists single page returns items","location":null,"status":"failed","title":"getUserPlaylists single page returns items"},{"ancestorTitles":["SpotifyService - Batch B (playlists & create/remove)"],"failureMessages":["ApiError: An unexpected error occurred.\n    at ApiErrorHandler.classifyError (C:\\Users\\defir\\Documents\\fun_with_Copilot\\Kiro vibes\\src\\services\\apiErrorHandler.ts:370:12)\n    at ApiErrorHandler.withRetry (C:\\Users\\defir\\Documents\\fun_with_Copilot\\Kiro vibes\\src\\services\\apiErrorHandler.ts:395:31)\n    at fetchPage (C:\\Users\\defir\\Documents\\fun_with_Copilot\\Kiro vibes\\src\\services\\spotify.ts:275:26)\n    at pl (C:\\Users\\defir\\Documents\\fun_with_Copilot\\Kiro vibes\\src\\services\\_helpers\\pagination.ts:9:18)\n    at SpotifyService.getUserPlaylists (C:\\Users\\defir\\Documents\\fun_with_Copilot\\Kiro vibes\\src\\services\\spotify.ts:291:24)\n    at Object.<anonymous> (C:\\Users\\defir\\Documents\\fun_with_Copilot\\Kiro vibes\\src\\services\\__tests__\\spotify.batchB.test.ts:55:17)"],"fullName":"SpotifyService - Batch B (playlists & create/remove) getUserPlaylists with all=true aggregates pages","location":null,"status":"failed","title":"getUserPlaylists with all=true aggregates pages"},{"ancestorTitles":["SpotifyService - Batch B (playlists & create/remove)"],"failureMessages":["ApiError: An unexpected error occurred.\n    at ApiErrorHandler.classifyError (C:\\Users\\defir\\Documents\\fun_with_Copilot\\Kiro vibes\\src\\services\\apiErrorHandler.ts:370:12)\n    at ApiErrorHandler.withRetry (C:\\Users\\defir\\Documents\\fun_with_Copilot\\Kiro vibes\\src\\services\\apiErrorHandler.ts:395:31)\n    at runNextTicks (node:internal/process/task_queues:65:5)\n    at listOnTimeout (node:internal/timers:549:9)\n    at processTimers (node:internal/timers:523:7)\n    at Object.<anonymous> (C:\\Users\\defir\\Documents\\fun_with_Copilot\\Kiro vibes\\src\\services\\__tests__\\spotify.batchB.test.ts:74:17)"],"fullName":"SpotifyService - Batch B (playlists & create/remove) getPlaylist returns playlist details","location":null,"status":"failed","title":"getPlaylist returns playlist details"},{"ancestorTitles":["SpotifyService - Batch B (playlists & create/remove)"],"failureMessages":["ApiError: An unexpected error occurred.\n    at ApiErrorHandler.classifyError (C:\\Users\\defir\\Documents\\fun_with_Copilot\\Kiro vibes\\src\\services\\apiErrorHandler.ts:370:12)\n    at ApiErrorHandler.withRetry (C:\\Users\\defir\\Documents\\fun_with_Copilot\\Kiro vibes\\src\\services\\apiErrorHandler.ts:395:31)\n    at runNextTicks (node:internal/process/task_queues:65:5)\n    at listOnTimeout (node:internal/timers:549:9)\n    at processTimers (node:internal/timers:523:7)\n    at Object.<anonymous> (C:\\Users\\defir\\Documents\\fun_with_Copilot\\Kiro vibes\\src\\services\\__tests__\\spotify.batchB.test.ts:81:17)"],"fullName":"SpotifyService - Batch B (playlists & create/remove) createPlaylist happy path returns created playlist","location":null,"status":"failed","title":"createPlaylist happy path returns created playlist"},{"ancestorTitles":["SpotifyService - Batch B (playlists & create/remove)"],"failureMessages":["ApiError: An unexpected error occurred.\n    at ApiErrorHandler.classifyError (C:\\Users\\defir\\Documents\\fun_with_Copilot\\Kiro vibes\\src\\services\\apiErrorHandler.ts:370:12)\n    at ApiErrorHandler.withRetry (C:\\Users\\defir\\Documents\\fun_with_Copilot\\Kiro vibes\\src\\services\\apiErrorHandler.ts:395:31)\n    at runNextTicks (node:internal/process/task_queues:65:5)\n    at listOnTimeout (node:internal/timers:549:9)\n    at processTimers (node:internal/timers:523:7)\n    at Object.<anonymous> (C:\\Users\\defir\\Documents\\fun_with_Copilot\\Kiro vibes\\src\\services\\__tests__\\spotify.batchB.test.ts:92:17)"],"fullName":"SpotifyService - Batch B (playlists & create/remove) removeTracksFromPlaylist successful response","location":null,"status":"failed","title":"removeTracksFromPlaylist successful response"}],"endTime":1755672707442,"message":"  ● SpotifyService - Batch B (playlists & create/remove) › getUserPlaylists single page returns items\n\n    ApiError: An unexpected error occurred.\n\n    \u001b[0m \u001b[90m 368 |\u001b[39m     }\n     \u001b[90m 369 |\u001b[39m\n    \u001b[31m\u001b[1m>\u001b[22m\u001b[39m\u001b[90m 370 |\u001b[39m     \u001b[36mreturn\u001b[39m \u001b[36mnew\u001b[39m \u001b[33mApiError\u001b[39m(\u001b[33mERROR_TYPES\u001b[39m\u001b[33m.\u001b[39m\u001b[33mUNKNOWN\u001b[39m\u001b[33m,\u001b[39m error\u001b[33m,\u001b[39m context)\u001b[33m;\u001b[39m\n     \u001b[90m     |\u001b[39m            \u001b[31m\u001b[1m^\u001b[22m\u001b[39m\n     \u001b[90m 371 |\u001b[39m   }\n     \u001b[90m 372 |\u001b[39m\n     \u001b[90m 373 |\u001b[39m   \u001b[90m/**\u001b[39m\u001b[0m\n\n      at ApiErrorHandler.classifyError (src/services/apiErrorHandler.ts:370:12)\n      at ApiErrorHandler.withRetry (src/services/apiErrorHandler.ts:395:31)\n      at Object.<anonymous> (src/services/__tests__/spotify.batchB.test.ts:27:17)\n\n  ● SpotifyService - Batch B (playlists & create/remove) › getUserPlaylists with all=true aggregates pages\n\n    ApiError: An unexpected error occurred.\n\n    \u001b[0m \u001b[90m 368 |\u001b[39m     }\n     \u001b[90m 369 |\u001b[39m\n    \u001b[31m\u001b[1m>\u001b[22m\u001b[39m\u001b[90m 370 |\u001b[39m     \u001b[36mreturn\u001b[39m \u001b[36mnew\u001b[39m \u001b[33mApiError\u001b[39m(\u001b[33mERROR_TYPES\u001b[39m\u001b[33m.\u001b[39m\u001b[33mUNKNOWN\u001b[39m\u001b[33m,\u001b[39m error\u001b[33m,\u001b[39m context)\u001b[33m;\u001b[39m\n     \u001b[90m     |\u001b[39m            \u001b[31m\u001b[1m^\u001b[22m\u001b[39m\n     \u001b[90m 371 |\u001b[39m   }\n     \u001b[90m 372 |\u001b[39m\n     \u001b[90m 373 |\u001b[39m   \u001b[90m/**\u001b[39m\u001b[0m\n\n      at ApiErrorHandler.classifyError (src/services/apiErrorHandler.ts:370:12)\n      at ApiErrorHandler.withRetry (src/services/apiErrorHandler.ts:395:31)\n      at fetchPage (src/services/spotify.ts:275:26)\n      at pl (src/services/_helpers/pagination.ts:9:18)\n      at SpotifyService.getUserPlaylists (src/services/spotify.ts:291:24)\n      at Object.<anonymous> (src/services/__tests__/spotify.batchB.test.ts:55:17)\n\n  ● SpotifyService - Batch B (playlists & create/remove) › getPlaylist returns playlist details\n\n    ApiError: An unexpected error occurred.\n\n    \u001b[0m \u001b[90m 368 |\u001b[39m     }\n     \u001b[90m 369 |\u001b[39m\n    \u001b[31m\u001b[1m>\u001b[22m\u001b[39m\u001b[90m 370 |\u001b[39m     \u001b[36mreturn\u001b[39m \u001b[36mnew\u001b[39m \u001b[33mApiError\u001b[39m(\u001b[33mERROR_TYPES\u001b[39m\u001b[33m.\u001b[39m\u001b[33mUNKNOWN\u001b[39m\u001b[33m,\u001b[39m error\u001b[33m,\u001b[39m context)\u001b[33m;\u001b[39m\n     \u001b[90m     |\u001b[39m            \u001b[31m\u001b[1m^\u001b[22m\u001b[39m\n     \u001b[90m 371 |\u001b[39m   }\n     \u001b[90m 372 |\u001b[39m\n     \u001b[90m 373 |\u001b[39m   \u001b[90m/**\u001b[39m\u001b[0m\n\n      at ApiErrorHandler.classifyError (src/services/apiErrorHandler.ts:370:12)\n      at ApiErrorHandler.withRetry (src/services/apiErrorHandler.ts:395:31)\n      at Object.<anonymous> (src/services/__tests__/spotify.batchB.test.ts:74:17)\n\n  ● SpotifyService - Batch B (playlists & create/remove) › createPlaylist happy path returns created playlist\n\n    ApiError: An unexpected error occurred.\n\n    \u001b[0m \u001b[90m 368 |\u001b[39m     }\n     \u001b[90m 369 |\u001b[39m\n    \u001b[31m\u001b[1m>\u001b[22m\u001b[39m\u001b[90m 370 |\u001b[39m     \u001b[36mreturn\u001b[39m \u001b[36mnew\u001b[39m \u001b[33mApiError\u001b[39m(\u001b[33mERROR_TYPES\u001b[39m\u001b[33m.\u001b[39m\u001b[33mUNKNOWN\u001b[39m\u001b[33m,\u001b[39m error\u001b[33m,\u001b[39m context)\u001b[33m;\u001b[39m\n     \u001b[90m     |\u001b[39m            \u001b[31m\u001b[1m^\u001b[22m\u001b[39m\n     \u001b[90m 371 |\u001b[39m   }\n     \u001b[90m 372 |\u001b[39m\n     \u001b[90m 373 |\u001b[39m   \u001b[90m/**\u001b[39m\u001b[0m\n\n      at ApiErrorHandler.classifyError (src/services/apiErrorHandler.ts:370:12)\n      at ApiErrorHandler.withRetry (src/services/apiErrorHandler.ts:395:31)\n      at Object.<anonymous> (src/services/__tests__/spotify.batchB.test.ts:81:17)\n\n  ● SpotifyService - Batch B (playlists & create/remove) › removeTracksFromPlaylist successful response\n\n    ApiError: An unexpected error occurred.\n\n    \u001b[0m \u001b[90m 368 |\u001b[39m     }\n     \u001b[90m 369 |\u001b[39m\n    \u001b[31m\u001b[1m>\u001b[22m\u001b[39m\u001b[90m 370 |\u001b[39m     \u001b[36mreturn\u001b[39m \u001b[36mnew\u001b[39m \u001b[33mApiError\u001b[39m(\u001b[33mERROR_TYPES\u001b[39m\u001b[33m.\u001b[39m\u001b[33mUNKNOWN\u001b[39m\u001b[33m,\u001b[39m error\u001b[33m,\u001b[39m context)\u001b[33m;\u001b[39m\n     \u001b[90m     |\u001b[39m            \u001b[31m\u001b[1m^\u001b[22m\u001b[39m\n     \u001b[90m 371 |\u001b[39m   }\n     \u001b[90m 372 |\u001b[39m\n     \u001b[90m 373 |\u001b[39m   \u001b[90m/**\u001b[39m\u001b[0m\n\n      at ApiErrorHandler.classifyError (src/services/apiErrorHandler.ts:370:12)\n      at ApiErrorHandler.withRetry (src/services/apiErrorHandler.ts:395:31)\n      at Object.<anonymous> (src/services/__tests__/spotify.batchB.test.ts:92:17)\n","name":"C:\\Users\\defir\\Documents\\fun_with_Copilot\\Kiro vibes\\src\\services\\__tests__\\spotify.batchB.test.ts","startTime":1755672701386,"status":"failed","summary":""},{"assertionResults":[{"ancestorTitles":["SpotifyService - Batch F (batching, params, search, audio features, retry)"],"failureMessages":["ApiError: An unexpected error occurred.\n    at ApiErrorHandler.classifyError (C:\\Users\\defir\\Documents\\fun_with_Copilot\\Kiro vibes\\src\\services\\apiErrorHandler.ts:370:12)\n    at ApiErrorHandler.handleError (C:\\Users\\defir\\Documents\\fun_with_Copilot\\Kiro vibes\\src\\services\\apiErrorHandler.ts:377:27)\n    at SpotifyService.addTracksToPlaylist (C:\\Users\\defir\\Documents\\fun_with_Copilot\\Kiro vibes\\src\\services\\spotify.ts:462:42)\n    at Object.<anonymous> (C:\\Users\\defir\\Documents\\fun_with_Copilot\\Kiro vibes\\src\\services\\__tests__\\spotify.batchF.test.ts:51:20)"],"fullName":"SpotifyService - Batch F (batching, params, search, audio features, retry) addTracksToPlaylist batches >100 tracks and only first batch contains position","location":null,"status":"failed","title":"addTracksToPlaylist batches >100 tracks and only first batch contains position"},{"ancestorTitles":["SpotifyService - Batch F (batching, params, search, audio features, retry)"],"failureMessages":["ApiError: An unexpected error occurred.\n    at ApiErrorHandler.classifyError (C:\\Users\\defir\\Documents\\fun_with_Copilot\\Kiro vibes\\src\\services\\apiErrorHandler.ts:370:12)\n    at ApiErrorHandler.withRetry (C:\\Users\\defir\\Documents\\fun_with_Copilot\\Kiro vibes\\src\\services\\apiErrorHandler.ts:395:31)\n    at Object.<anonymous> (C:\\Users\\defir\\Documents\\fun_with_Copilot\\Kiro vibes\\src\\services\\__tests__\\spotify.batchF.test.ts:86:17)"],"fullName":"SpotifyService - Batch F (batching, params, search, audio features, retry) getPlaylist respects market and fields query params","location":null,"status":"failed","title":"getPlaylist respects market and fields query params"},{"ancestorTitles":["SpotifyService - Batch F (batching, params, search, audio features, retry)"],"failureMessages":["ApiError: An unexpected error occurred.\n    at ApiErrorHandler.classifyError (C:\\Users\\defir\\Documents\\fun_with_Copilot\\Kiro vibes\\src\\services\\apiErrorHandler.ts:370:12)\n    at ApiErrorHandler.withRetry (C:\\Users\\defir\\Documents\\fun_with_Copilot\\Kiro vibes\\src\\services\\apiErrorHandler.ts:395:31)\n    at Object.<anonymous> (C:\\Users\\defir\\Documents\\fun_with_Copilot\\Kiro vibes\\src\\services\\__tests__\\spotify.batchF.test.ts:131:17)"],"fullName":"SpotifyService - Batch F (batching, params, search, audio features, retry) searchPlaylists throws on empty query and on limit>50; returns playlists on normal query","location":null,"status":"failed","title":"searchPlaylists throws on empty query and on limit>50; returns playlists on normal query"},{"ancestorTitles":["SpotifyService - Batch F (batching, params, search, audio features, retry)"],"failureMessages":["ApiError: An unexpected error occurred.\n    at ApiErrorHandler.classifyError (C:\\Users\\defir\\Documents\\fun_with_Copilot\\Kiro vibes\\src\\services\\apiErrorHandler.ts:370:12)\n    at ApiErrorHandler.withRetry (C:\\Users\\defir\\Documents\\fun_with_Copilot\\Kiro vibes\\src\\services\\apiErrorHandler.ts:395:31)\n    at Object.<anonymous> (C:\\Users\\defir\\Documents\\fun_with_Copilot\\Kiro vibes\\src\\services\\__tests__\\spotify.batchF.test.ts:160:22)"],"fullName":"SpotifyService - Batch F (batching, params, search, audio features, retry) getMultipleTrackAudioFeatures validates input and returns features array","location":null,"status":"failed","title":"getMultipleTrackAudioFeatures validates input and returns features array"},{"ancestorTitles":["SpotifyService - Batch F (batching, params, search, audio features, retry)"],"failureMessages":["ApiError: An unexpected error occurred.\n    at ApiErrorHandler.classifyError (C:\\Users\\defir\\Documents\\fun_with_Copilot\\Kiro vibes\\src\\services\\apiErrorHandler.ts:370:12)\n    at ApiErrorHandler.withRetry (C:\\Users\\defir\\Documents\\fun_with_Copilot\\Kiro vibes\\src\\services\\apiErrorHandler.ts:395:31)\n    at Object.<anonymous> (C:\\Users\\defir\\Documents\\fun_with_Copilot\\Kiro vibes\\src\\services\\__tests__\\spotify.batchF.test.ts:198:23)"],"fullName":"SpotifyService - Batch F (batching, params, search, audio features, retry) withRetry will retry on transient 429 then succeed","location":null,"status":"failed","title":"withRetry will retry on transient 429 then succeed"}],"endTime":1755672712044,"message":"  ● SpotifyService - Batch F (batching, params, search, audio features, retry) › addTracksToPlaylist batches >100 tracks and only first batch contains position\n\n    ApiError: An unexpected error occurred.\n\n    \u001b[0m \u001b[90m 368 |\u001b[39m     }\n     \u001b[90m 369 |\u001b[39m\n    \u001b[31m\u001b[1m>\u001b[22m\u001b[39m\u001b[90m 370 |\u001b[39m     \u001b[36mreturn\u001b[39m \u001b[36mnew\u001b[39m \u001b[33mApiError\u001b[39m(\u001b[33mERROR_TYPES\u001b[39m\u001b[33m.\u001b[39m\u001b[33mUNKNOWN\u001b[39m\u001b[33m,\u001b[39m error\u001b[33m,\u001b[39m context)\u001b[33m;\u001b[39m\n     \u001b[90m     |\u001b[39m            \u001b[31m\u001b[1m^\u001b[22m\u001b[39m\n     \u001b[90m 371 |\u001b[39m   }\n     \u001b[90m 372 |\u001b[39m\n     \u001b[90m 373 |\u001b[39m   \u001b[90m/**\u001b[39m\u001b[0m\n\n      at ApiErrorHandler.classifyError (src/services/apiErrorHandler.ts:370:12)\n      at ApiErrorHandler.handleError (src/services/apiErrorHandler.ts:377:27)\n      at SpotifyService.addTracksToPlaylist (src/services/spotify.ts:462:42)\n      at Object.<anonymous> (src/services/__tests__/spotify.batchF.test.ts:51:20)\n\n  ● SpotifyService - Batch F (batching, params, search, audio features, retry) › getPlaylist respects market and fields query params\n\n    ApiError: An unexpected error occurred.\n\n    \u001b[0m \u001b[90m 368 |\u001b[39m     }\n     \u001b[90m 369 |\u001b[39m\n    \u001b[31m\u001b[1m>\u001b[22m\u001b[39m\u001b[90m 370 |\u001b[39m     \u001b[36mreturn\u001b[39m \u001b[36mnew\u001b[39m \u001b[33mApiError\u001b[39m(\u001b[33mERROR_TYPES\u001b[39m\u001b[33m.\u001b[39m\u001b[33mUNKNOWN\u001b[39m\u001b[33m,\u001b[39m error\u001b[33m,\u001b[39m context)\u001b[33m;\u001b[39m\n     \u001b[90m     |\u001b[39m            \u001b[31m\u001b[1m^\u001b[22m\u001b[39m\n     \u001b[90m 371 |\u001b[39m   }\n     \u001b[90m 372 |\u001b[39m\n     \u001b[90m 373 |\u001b[39m   \u001b[90m/**\u001b[39m\u001b[0m\n\n      at ApiErrorHandler.classifyError (src/services/apiErrorHandler.ts:370:12)\n      at ApiErrorHandler.withRetry (src/services/apiErrorHandler.ts:395:31)\n      at Object.<anonymous> (src/services/__tests__/spotify.batchF.test.ts:86:17)\n\n  ● SpotifyService - Batch F (batching, params, search, audio features, retry) › searchPlaylists throws on empty query and on limit>50; returns playlists on normal query\n\n    ApiError: An unexpected error occurred.\n\n    \u001b[0m \u001b[90m 368 |\u001b[39m     }\n     \u001b[90m 369 |\u001b[39m\n    \u001b[31m\u001b[1m>\u001b[22m\u001b[39m\u001b[90m 370 |\u001b[39m     \u001b[36mreturn\u001b[39m \u001b[36mnew\u001b[39m \u001b[33mApiError\u001b[39m(\u001b[33mERROR_TYPES\u001b[39m\u001b[33m.\u001b[39m\u001b[33mUNKNOWN\u001b[39m\u001b[33m,\u001b[39m error\u001b[33m,\u001b[39m context)\u001b[33m;\u001b[39m\n     \u001b[90m     |\u001b[39m            \u001b[31m\u001b[1m^\u001b[22m\u001b[39m\n     \u001b[90m 371 |\u001b[39m   }\n     \u001b[90m 372 |\u001b[39m\n     \u001b[90m 373 |\u001b[39m   \u001b[90m/**\u001b[39m\u001b[0m\n\n      at ApiErrorHandler.classifyError (src/services/apiErrorHandler.ts:370:12)\n      at ApiErrorHandler.withRetry (src/services/apiErrorHandler.ts:395:31)\n      at Object.<anonymous> (src/services/__tests__/spotify.batchF.test.ts:131:17)\n\n  ● SpotifyService - Batch F (batching, params, search, audio features, retry) › getMultipleTrackAudioFeatures validates input and returns features array\n\n    ApiError: An unexpected error occurred.\n\n    \u001b[0m \u001b[90m 368 |\u001b[39m     }\n     \u001b[90m 369 |\u001b[39m\n    \u001b[31m\u001b[1m>\u001b[22m\u001b[39m\u001b[90m 370 |\u001b[39m     \u001b[36mreturn\u001b[39m \u001b[36mnew\u001b[39m \u001b[33mApiError\u001b[39m(\u001b[33mERROR_TYPES\u001b[39m\u001b[33m.\u001b[39m\u001b[33mUNKNOWN\u001b[39m\u001b[33m,\u001b[39m error\u001b[33m,\u001b[39m context)\u001b[33m;\u001b[39m\n     \u001b[90m     |\u001b[39m            \u001b[31m\u001b[1m^\u001b[22m\u001b[39m\n     \u001b[90m 371 |\u001b[39m   }\n     \u001b[90m 372 |\u001b[39m\n     \u001b[90m 373 |\u001b[39m   \u001b[90m/**\u001b[39m\u001b[0m\n\n      at ApiErrorHandler.classifyError (src/services/apiErrorHandler.ts:370:12)\n      at ApiErrorHandler.withRetry (src/services/apiErrorHandler.ts:395:31)\n      at Object.<anonymous> (src/services/__tests__/spotify.batchF.test.ts:160:22)\n\n  ● SpotifyService - Batch F (batching, params, search, audio features, retry) › withRetry will retry on transient 429 then succeed\n\n    ApiError: An unexpected error occurred.\n\n    \u001b[0m \u001b[90m 368 |\u001b[39m     }\n     \u001b[90m 369 |\u001b[39m\n    \u001b[31m\u001b[1m>\u001b[22m\u001b[39m\u001b[90m 370 |\u001b[39m     \u001b[36mreturn\u001b[39m \u001b[36mnew\u001b[39m \u001b[33mApiError\u001b[39m(\u001b[33mERROR_TYPES\u001b[39m\u001b[33m.\u001b[39m\u001b[33mUNKNOWN\u001b[39m\u001b[33m,\u001b[39m error\u001b[33m,\u001b[39m context)\u001b[33m;\u001b[39m\n     \u001b[90m     |\u001b[39m            \u001b[31m\u001b[1m^\u001b[22m\u001b[39m\n     \u001b[90m 371 |\u001b[39m   }\n     \u001b[90m 372 |\u001b[39m\n     \u001b[90m 373 |\u001b[39m   \u001b[90m/**\u001b[39m\u001b[0m\n\n      at ApiErrorHandler.classifyError (src/services/apiErrorHandler.ts:370:12)\n      at ApiErrorHandler.withRetry (src/services/apiErrorHandler.ts:395:31)\n      at Object.<anonymous> (src/services/__tests__/spotify.batchF.test.ts:198:23)\n","name":"C:\\Users\\defir\\Documents\\fun_with_Copilot\\Kiro vibes\\src\\services\\__tests__\\spotify.batchF.test.ts","startTime":1755672707450,"status":"failed","summary":""},{"assertionResults":[{"ancestorTitles":["SpotifyService - Batch D (validation & position batching)"],"failureMessages":["ApiError: An unexpected error occurred.\n    at ApiErrorHandler.classifyError (C:\\Users\\defir\\Documents\\fun_with_Copilot\\Kiro vibes\\src\\services\\apiErrorHandler.ts:370:12)\n    at ApiErrorHandler.withRetry (C:\\Users\\defir\\Documents\\fun_with_Copilot\\Kiro vibes\\src\\services\\apiErrorHandler.ts:395:31)\n    at Object.<anonymous> (C:\\Users\\defir\\Documents\\fun_with_Copilot\\Kiro vibes\\src\\services\\__tests__\\spotify.batchD.test.ts:27:17)"],"fullName":"SpotifyService - Batch D (validation & position batching) searchTracks with market param returns items","location":null,"status":"failed","title":"searchTracks with market param returns items"},{"ancestorTitles":["SpotifyService - Batch D (validation & position batching)"],"failureMessages":[],"fullName":"SpotifyService - Batch D (validation & position batching) searchTracks rejects when limit > 50","location":null,"status":"passed","title":"searchTracks rejects when limit > 50"},{"ancestorTitles":["SpotifyService - Batch D (validation & position batching)"],"failureMessages":[],"fullName":"SpotifyService - Batch D (validation & position batching) getUserPlaylists rejects when limit > 50","location":null,"status":"passed","title":"getUserPlaylists rejects when limit > 50"},{"ancestorTitles":["SpotifyService - Batch D (validation & position batching)"],"failureMessages":["ApiError: An unexpected error occurred.\n    at ApiErrorHandler.classifyError (C:\\Users\\defir\\Documents\\fun_with_Copilot\\Kiro vibes\\src\\services\\apiErrorHandler.ts:370:12)\n    at ApiErrorHandler.withRetry (C:\\Users\\defir\\Documents\\fun_with_Copilot\\Kiro vibes\\src\\services\\apiErrorHandler.ts:395:31)\n    at fetchPage (C:\\Users\\defir\\Documents\\fun_with_Copilot\\Kiro vibes\\src\\services\\spotify.ts:187:24)\n    at track (C:\\Users\\defir\\Documents\\fun_with_Copilot\\Kiro vibes\\src\\services\\_helpers\\pagination.ts:9:18)\n    at SpotifyService.getPlaylistTracks (C:\\Users\\defir\\Documents\\fun_with_Copilot\\Kiro vibes\\src\\services\\spotify.ts:218:22)\n    at Object.<anonymous> (C:\\Users\\defir\\Documents\\fun_with_Copilot\\Kiro vibes\\src\\services\\__tests__\\spotify.batchD.test.ts:82:17)"],"fullName":"SpotifyService - Batch D (validation & position batching) getPlaylistTracks filters out invalid/null items","location":null,"status":"failed","title":"getPlaylistTracks filters out invalid/null items"},{"ancestorTitles":["SpotifyService - Batch D (validation & position batching)"],"failureMessages":[],"fullName":"SpotifyService - Batch D (validation & position batching) getTrackAudioFeatures rejects on empty id","location":null,"status":"passed","title":"getTrackAudioFeatures rejects on empty id"},{"ancestorTitles":["SpotifyService - Batch D (validation & position batching)"],"failureMessages":[],"fullName":"SpotifyService - Batch D (validation & position batching) getMultipleTrackAudioFeatures rejects on empty array","location":null,"status":"passed","title":"getMultipleTrackAudioFeatures rejects on empty array"},{"ancestorTitles":["SpotifyService - Batch D (validation & position batching)"],"failureMessages":[],"fullName":"SpotifyService - Batch D (validation & position batching) getPlaylist rejects on empty id","location":null,"status":"passed","title":"getPlaylist rejects on empty id"},{"ancestorTitles":["SpotifyService - Batch D (validation & position batching)"],"failureMessages":["ApiError: An unexpected error occurred.\n    at ApiErrorHandler.classifyError (C:\\Users\\defir\\Documents\\fun_with_Copilot\\Kiro vibes\\src\\services\\apiErrorHandler.ts:370:12)\n    at ApiErrorHandler.handleError (C:\\Users\\defir\\Documents\\fun_with_Copilot\\Kiro vibes\\src\\services\\apiErrorHandler.ts:377:27)\n    at SpotifyService.addTracksToPlaylist (C:\\Users\\defir\\Documents\\fun_with_Copilot\\Kiro vibes\\src\\services\\spotify.ts:462:42)\n    at Object.<anonymous> (C:\\Users\\defir\\Documents\\fun_with_Copilot\\Kiro vibes\\src\\services\\__tests__\\spotify.batchD.test.ts:133:20)"],"fullName":"SpotifyService - Batch D (validation & position batching) addTracksToPlaylist sends position only on first batch","location":null,"status":"failed","title":"addTracksToPlaylist sends position only on first batch"}],"endTime":1755672715514,"message":"  ● SpotifyService - Batch D (validation & position batching) › searchTracks with market param returns items\n\n    ApiError: An unexpected error occurred.\n\n    \u001b[0m \u001b[90m 368 |\u001b[39m     }\n     \u001b[90m 369 |\u001b[39m\n    \u001b[31m\u001b[1m>\u001b[22m\u001b[39m\u001b[90m 370 |\u001b[39m     \u001b[36mreturn\u001b[39m \u001b[36mnew\u001b[39m \u001b[33mApiError\u001b[39m(\u001b[33mERROR_TYPES\u001b[39m\u001b[33m.\u001b[39m\u001b[33mUNKNOWN\u001b[39m\u001b[33m,\u001b[39m error\u001b[33m,\u001b[39m context)\u001b[33m;\u001b[39m\n     \u001b[90m     |\u001b[39m            \u001b[31m\u001b[1m^\u001b[22m\u001b[39m\n     \u001b[90m 371 |\u001b[39m   }\n     \u001b[90m 372 |\u001b[39m\n     \u001b[90m 373 |\u001b[39m   \u001b[90m/**\u001b[39m\u001b[0m\n\n      at ApiErrorHandler.classifyError (src/services/apiErrorHandler.ts:370:12)\n      at ApiErrorHandler.withRetry (src/services/apiErrorHandler.ts:395:31)\n      at Object.<anonymous> (src/services/__tests__/spotify.batchD.test.ts:27:17)\n\n  ● SpotifyService - Batch D (validation & position batching) › getPlaylistTracks filters out invalid/null items\n\n    ApiError: An unexpected error occurred.\n\n    \u001b[0m \u001b[90m 368 |\u001b[39m     }\n     \u001b[90m 369 |\u001b[39m\n    \u001b[31m\u001b[1m>\u001b[22m\u001b[39m\u001b[90m 370 |\u001b[39m     \u001b[36mreturn\u001b[39m \u001b[36mnew\u001b[39m \u001b[33mApiError\u001b[39m(\u001b[33mERROR_TYPES\u001b[39m\u001b[33m.\u001b[39m\u001b[33mUNKNOWN\u001b[39m\u001b[33m,\u001b[39m error\u001b[33m,\u001b[39m context)\u001b[33m;\u001b[39m\n     \u001b[90m     |\u001b[39m            \u001b[31m\u001b[1m^\u001b[22m\u001b[39m\n     \u001b[90m 371 |\u001b[39m   }\n     \u001b[90m 372 |\u001b[39m\n     \u001b[90m 373 |\u001b[39m   \u001b[90m/**\u001b[39m\u001b[0m\n\n      at ApiErrorHandler.classifyError (src/services/apiErrorHandler.ts:370:12)\n      at ApiErrorHandler.withRetry (src/services/apiErrorHandler.ts:395:31)\n      at fetchPage (src/services/spotify.ts:187:24)\n      at track (src/services/_helpers/pagination.ts:9:18)\n      at SpotifyService.getPlaylistTracks (src/services/spotify.ts:218:22)\n      at Object.<anonymous> (src/services/__tests__/spotify.batchD.test.ts:82:17)\n\n  ● SpotifyService - Batch D (validation & position batching) › addTracksToPlaylist sends position only on first batch\n\n    ApiError: An unexpected error occurred.\n\n    \u001b[0m \u001b[90m 368 |\u001b[39m     }\n     \u001b[90m 369 |\u001b[39m\n    \u001b[31m\u001b[1m>\u001b[22m\u001b[39m\u001b[90m 370 |\u001b[39m     \u001b[36mreturn\u001b[39m \u001b[36mnew\u001b[39m \u001b[33mApiError\u001b[39m(\u001b[33mERROR_TYPES\u001b[39m\u001b[33m.\u001b[39m\u001b[33mUNKNOWN\u001b[39m\u001b[33m,\u001b[39m error\u001b[33m,\u001b[39m context)\u001b[33m;\u001b[39m\n     \u001b[90m     |\u001b[39m            \u001b[31m\u001b[1m^\u001b[22m\u001b[39m\n     \u001b[90m 371 |\u001b[39m   }\n     \u001b[90m 372 |\u001b[39m\n     \u001b[90m 373 |\u001b[39m   \u001b[90m/**\u001b[39m\u001b[0m\n\n      at ApiErrorHandler.classifyError (src/services/apiErrorHandler.ts:370:12)\n      at ApiErrorHandler.handleError (src/services/apiErrorHandler.ts:377:27)\n      at SpotifyService.addTracksToPlaylist (src/services/spotify.ts:462:42)\n      at Object.<anonymous> (src/services/__tests__/spotify.batchD.test.ts:133:20)\n","name":"C:\\Users\\defir\\Documents\\fun_with_Copilot\\Kiro vibes\\src\\services\\__tests__\\spotify.batchD.test.ts","startTime":1755672712046,"status":"failed","summary":""},{"assertionResults":[{"ancestorTitles":["SpotifyService - MSW integration"],"failureMessages":["ApiError: An unexpected error occurred.\n    at ApiErrorHandler.classifyError (C:\\Users\\defir\\Documents\\fun_with_Copilot\\Kiro vibes\\src\\services\\apiErrorHandler.ts:370:12)\n    at ApiErrorHandler.withRetry (C:\\Users\\defir\\Documents\\fun_with_Copilot\\Kiro vibes\\src\\services\\apiErrorHandler.ts:395:31)\n    at Object.<anonymous> (C:\\Users\\defir\\Documents\\fun_with_Copilot\\Kiro vibes\\src\\services\\__tests__\\spotify.msw.test.ts:58:19)"],"fullName":"SpotifyService - MSW integration searchTracks via network returns items","location":null,"status":"failed","title":"searchTracks via network returns items"},{"ancestorTitles":["SpotifyService - MSW integration"],"failureMessages":[],"fullName":"SpotifyService - MSW integration searchTracks surfaces rate-limit from MSW (429)","location":null,"status":"passed","title":"searchTracks surfaces rate-limit from MSW (429)"},{"ancestorTitles":["SpotifyService - MSW integration"],"failureMessages":[],"fullName":"SpotifyService - MSW integration getUserProfile surfaces auth expiry (401)","location":null,"status":"passed","title":"getUserProfile surfaces auth expiry (401)"},{"ancestorTitles":["SpotifyService - MSW integration"],"failureMessages":[],"fullName":"SpotifyService - MSW integration createPlaylist throws BAD_REQUEST on malformed payload (missing name)","location":null,"status":"passed","title":"createPlaylist throws BAD_REQUEST on malformed payload (missing name)"},{"ancestorTitles":["SpotifyService - MSW integration"],"failureMessages":[],"fullName":"SpotifyService - MSW integration searchTracks surfaces server error (500) when MSW returns 500","location":null,"status":"passed","title":"searchTracks surfaces server error (500) when MSW returns 500"}],"endTime":1755672718887,"message":"  ● SpotifyService - MSW integration › searchTracks via network returns items\n\n    ApiError: An unexpected error occurred.\n\n    \u001b[0m \u001b[90m 368 |\u001b[39m     }\n     \u001b[90m 369 |\u001b[39m\n    \u001b[31m\u001b[1m>\u001b[22m\u001b[39m\u001b[90m 370 |\u001b[39m     \u001b[36mreturn\u001b[39m \u001b[36mnew\u001b[39m \u001b[33mApiError\u001b[39m(\u001b[33mERROR_TYPES\u001b[39m\u001b[33m.\u001b[39m\u001b[33mUNKNOWN\u001b[39m\u001b[33m,\u001b[39m error\u001b[33m,\u001b[39m context)\u001b[33m;\u001b[39m\n     \u001b[90m     |\u001b[39m            \u001b[31m\u001b[1m^\u001b[22m\u001b[39m\n     \u001b[90m 371 |\u001b[39m   }\n     \u001b[90m 372 |\u001b[39m\n     \u001b[90m 373 |\u001b[39m   \u001b[90m/**\u001b[39m\u001b[0m\n\n      at ApiErrorHandler.classifyError (src/services/apiErrorHandler.ts:370:12)\n      at ApiErrorHandler.withRetry (src/services/apiErrorHandler.ts:395:31)\n      at Object.<anonymous> (src/services/__tests__/spotify.msw.test.ts:58:19)\n","name":"C:\\Users\\defir\\Documents\\fun_with_Copilot\\Kiro vibes\\src\\services\\__tests__\\spotify.msw.test.ts","startTime":1755672715518,"status":"failed","summary":""},{"assertionResults":[{"ancestorTitles":["SpotifyService - Batch E (remove/create/playlists edge cases)"],"failureMessages":["ApiError: An unexpected error occurred.\n    at ApiErrorHandler.classifyError (C:\\Users\\defir\\Documents\\fun_with_Copilot\\Kiro vibes\\src\\services\\apiErrorHandler.ts:370:12)\n    at ApiErrorHandler.withRetry (C:\\Users\\defir\\Documents\\fun_with_Copilot\\Kiro vibes\\src\\services\\apiErrorHandler.ts:395:31)\n    at Object.<anonymous> (C:\\Users\\defir\\Documents\\fun_with_Copilot\\Kiro vibes\\src\\services\\__tests__\\spotify.batchE.test.ts:31:17)"],"fullName":"SpotifyService - Batch E (remove/create/playlists edge cases) removeTracksFromPlaylist returns snapshot_id for valid request","location":null,"status":"failed","title":"removeTracksFromPlaylist returns snapshot_id for valid request"},{"ancestorTitles":["SpotifyService - Batch E (remove/create/playlists edge cases)"],"failureMessages":[],"fullName":"SpotifyService - Batch E (remove/create/playlists edge cases) removeTracksFromPlaylist throws BAD_REQUEST when tracks array empty","location":null,"status":"passed","title":"removeTracksFromPlaylist throws BAD_REQUEST when tracks array empty"},{"ancestorTitles":["SpotifyService - Batch E (remove/create/playlists edge cases)"],"failureMessages":[],"fullName":"SpotifyService - Batch E (remove/create/playlists edge cases) createPlaylist surfaces rate-limit (429) quickly by zeroing retry delay","location":null,"status":"passed","title":"createPlaylist surfaces rate-limit (429) quickly by zeroing retry delay"},{"ancestorTitles":["SpotifyService - Batch E (remove/create/playlists edge cases)"],"failureMessages":[],"fullName":"SpotifyService - Batch E (remove/create/playlists edge cases) createPlaylist surfaces server error (500)","location":null,"status":"passed","title":"createPlaylist surfaces server error (500)"},{"ancestorTitles":["SpotifyService - Batch E (remove/create/playlists edge cases)"],"failureMessages":[],"fullName":"SpotifyService - Batch E (remove/create/playlists edge cases) getUserPlaylists throws when limit > 50","location":null,"status":"passed","title":"getUserPlaylists throws when limit > 50"},{"ancestorTitles":["SpotifyService - Batch E (remove/create/playlists edge cases)"],"failureMessages":["ApiError: An unexpected error occurred.\n    at ApiErrorHandler.classifyError (C:\\Users\\defir\\Documents\\fun_with_Copilot\\Kiro vibes\\src\\services\\apiErrorHandler.ts:370:12)\n    at ApiErrorHandler.withRetry (C:\\Users\\defir\\Documents\\fun_with_Copilot\\Kiro vibes\\src\\services\\apiErrorHandler.ts:395:31)\n    at fetchPage (C:\\Users\\defir\\Documents\\fun_with_Copilot\\Kiro vibes\\src\\services\\spotify.ts:275:26)\n    at pl (C:\\Users\\defir\\Documents\\fun_with_Copilot\\Kiro vibes\\src\\services\\_helpers\\pagination.ts:9:18)\n    at SpotifyService.getUserPlaylists (C:\\Users\\defir\\Documents\\fun_with_Copilot\\Kiro vibes\\src\\services\\spotify.ts:291:24)\n    at Object.<anonymous> (C:\\Users\\defir\\Documents\\fun_with_Copilot\\Kiro vibes\\src\\services\\__tests__\\spotify.batchE.test.ts:81:17)"],"fullName":"SpotifyService - Batch E (remove/create/playlists edge cases) getUserPlaylists with all=true returns combined items","location":null,"status":"failed","title":"getUserPlaylists with all=true returns combined items"}],"endTime":1755672722107,"message":"  ● SpotifyService - Batch E (remove/create/playlists edge cases) › removeTracksFromPlaylist returns snapshot_id for valid request\n\n    ApiError: An unexpected error occurred.\n\n    \u001b[0m \u001b[90m 368 |\u001b[39m     }\n     \u001b[90m 369 |\u001b[39m\n    \u001b[31m\u001b[1m>\u001b[22m\u001b[39m\u001b[90m 370 |\u001b[39m     \u001b[36mreturn\u001b[39m \u001b[36mnew\u001b[39m \u001b[33mApiError\u001b[39m(\u001b[33mERROR_TYPES\u001b[39m\u001b[33m.\u001b[39m\u001b[33mUNKNOWN\u001b[39m\u001b[33m,\u001b[39m error\u001b[33m,\u001b[39m context)\u001b[33m;\u001b[39m\n     \u001b[90m     |\u001b[39m            \u001b[31m\u001b[1m^\u001b[22m\u001b[39m\n     \u001b[90m 371 |\u001b[39m   }\n     \u001b[90m 372 |\u001b[39m\n     \u001b[90m 373 |\u001b[39m   \u001b[90m/**\u001b[39m\u001b[0m\n\n      at ApiErrorHandler.classifyError (src/services/apiErrorHandler.ts:370:12)\n      at ApiErrorHandler.withRetry (src/services/apiErrorHandler.ts:395:31)\n      at Object.<anonymous> (src/services/__tests__/spotify.batchE.test.ts:31:17)\n\n  ● SpotifyService - Batch E (remove/create/playlists edge cases) › getUserPlaylists with all=true returns combined items\n\n    ApiError: An unexpected error occurred.\n\n    \u001b[0m \u001b[90m 368 |\u001b[39m     }\n     \u001b[90m 369 |\u001b[39m\n    \u001b[31m\u001b[1m>\u001b[22m\u001b[39m\u001b[90m 370 |\u001b[39m     \u001b[36mreturn\u001b[39m \u001b[36mnew\u001b[39m \u001b[33mApiError\u001b[39m(\u001b[33mERROR_TYPES\u001b[39m\u001b[33m.\u001b[39m\u001b[33mUNKNOWN\u001b[39m\u001b[33m,\u001b[39m error\u001b[33m,\u001b[39m context)\u001b[33m;\u001b[39m\n     \u001b[90m     |\u001b[39m            \u001b[31m\u001b[1m^\u001b[22m\u001b[39m\n     \u001b[90m 371 |\u001b[39m   }\n     \u001b[90m 372 |\u001b[39m\n     \u001b[90m 373 |\u001b[39m   \u001b[90m/**\u001b[39m\u001b[0m\n\n      at ApiErrorHandler.classifyError (src/services/apiErrorHandler.ts:370:12)\n      at ApiErrorHandler.withRetry (src/services/apiErrorHandler.ts:395:31)\n      at fetchPage (src/services/spotify.ts:275:26)\n      at pl (src/services/_helpers/pagination.ts:9:18)\n      at SpotifyService.getUserPlaylists (src/services/spotify.ts:291:24)\n      at Object.<anonymous> (src/services/__tests__/spotify.batchE.test.ts:81:17)\n","name":"C:\\Users\\defir\\Documents\\fun_with_Copilot\\Kiro vibes\\src\\services\\__tests__\\spotify.batchE.test.ts","startTime":1755672718890,"status":"failed","summary":""},{"assertionResults":[{"ancestorTitles":["SpotifyService - Batch A (pagination & batching)"],"failureMessages":["ApiError: An unexpected error occurred.\n    at ApiErrorHandler.classifyError (C:\\Users\\defir\\Documents\\fun_with_Copilot\\Kiro vibes\\src\\services\\apiErrorHandler.ts:370:12)\n    at ApiErrorHandler.withRetry (C:\\Users\\defir\\Documents\\fun_with_Copilot\\Kiro vibes\\src\\services\\apiErrorHandler.ts:395:31)\n    at fetchPage (C:\\Users\\defir\\Documents\\fun_with_Copilot\\Kiro vibes\\src\\services\\spotify.ts:187:24)\n    at track (C:\\Users\\defir\\Documents\\fun_with_Copilot\\Kiro vibes\\src\\services\\_helpers\\pagination.ts:9:18)\n    at SpotifyService.getPlaylistTracks (C:\\Users\\defir\\Documents\\fun_with_Copilot\\Kiro vibes\\src\\services\\spotify.ts:218:22)\n    at Object.<anonymous> (C:\\Users\\defir\\Documents\\fun_with_Copilot\\Kiro vibes\\src\\services\\__tests__\\spotify.batchA.test.ts:83:17)"],"fullName":"SpotifyService - Batch A (pagination & batching) getPlaylistTracks paginates and calls onProgress","location":null,"status":"failed","title":"getPlaylistTracks paginates and calls onProgress"},{"ancestorTitles":["SpotifyService - Batch A (pagination & batching)"],"failureMessages":["ApiError: An unexpected error occurred.\n    at ApiErrorHandler.classifyError (C:\\Users\\defir\\Documents\\fun_with_Copilot\\Kiro vibes\\src\\services\\apiErrorHandler.ts:370:12)\n    at ApiErrorHandler.handleError (C:\\Users\\defir\\Documents\\fun_with_Copilot\\Kiro vibes\\src\\services\\apiErrorHandler.ts:377:27)\n    at SpotifyService.addTracksToPlaylist (C:\\Users\\defir\\Documents\\fun_with_Copilot\\Kiro vibes\\src\\services\\spotify.ts:462:42)\n    at Object.<anonymous> (C:\\Users\\defir\\Documents\\fun_with_Copilot\\Kiro vibes\\src\\services\\__tests__\\spotify.batchA.test.ts:128:20)"],"fullName":"SpotifyService - Batch A (pagination & batching) addTracksToPlaylist validates empty URIs and batches large requests","location":null,"status":"failed","title":"addTracksToPlaylist validates empty URIs and batches large requests"}],"endTime":1755672724671,"message":"  ● SpotifyService - Batch A (pagination & batching) › getPlaylistTracks paginates and calls onProgress\n\n    ApiError: An unexpected error occurred.\n\n    \u001b[0m \u001b[90m 368 |\u001b[39m     }\n     \u001b[90m 369 |\u001b[39m\n    \u001b[31m\u001b[1m>\u001b[22m\u001b[39m\u001b[90m 370 |\u001b[39m     \u001b[36mreturn\u001b[39m \u001b[36mnew\u001b[39m \u001b[33mApiError\u001b[39m(\u001b[33mERROR_TYPES\u001b[39m\u001b[33m.\u001b[39m\u001b[33mUNKNOWN\u001b[39m\u001b[33m,\u001b[39m error\u001b[33m,\u001b[39m context)\u001b[33m;\u001b[39m\n     \u001b[90m     |\u001b[39m            \u001b[31m\u001b[1m^\u001b[22m\u001b[39m\n     \u001b[90m 371 |\u001b[39m   }\n     \u001b[90m 372 |\u001b[39m\n     \u001b[90m 373 |\u001b[39m   \u001b[90m/**\u001b[39m\u001b[0m\n\n      at ApiErrorHandler.classifyError (src/services/apiErrorHandler.ts:370:12)\n      at ApiErrorHandler.withRetry (src/services/apiErrorHandler.ts:395:31)\n      at fetchPage (src/services/spotify.ts:187:24)\n      at track (src/services/_helpers/pagination.ts:9:18)\n      at SpotifyService.getPlaylistTracks (src/services/spotify.ts:218:22)\n      at Object.<anonymous> (src/services/__tests__/spotify.batchA.test.ts:83:17)\n\n  ● SpotifyService - Batch A (pagination & batching) › addTracksToPlaylist validates empty URIs and batches large requests\n\n    ApiError: An unexpected error occurred.\n\n    \u001b[0m \u001b[90m 368 |\u001b[39m     }\n     \u001b[90m 369 |\u001b[39m\n    \u001b[31m\u001b[1m>\u001b[22m\u001b[39m\u001b[90m 370 |\u001b[39m     \u001b[36mreturn\u001b[39m \u001b[36mnew\u001b[39m \u001b[33mApiError\u001b[39m(\u001b[33mERROR_TYPES\u001b[39m\u001b[33m.\u001b[39m\u001b[33mUNKNOWN\u001b[39m\u001b[33m,\u001b[39m error\u001b[33m,\u001b[39m context)\u001b[33m;\u001b[39m\n     \u001b[90m     |\u001b[39m            \u001b[31m\u001b[1m^\u001b[22m\u001b[39m\n     \u001b[90m 371 |\u001b[39m   }\n     \u001b[90m 372 |\u001b[39m\n     \u001b[90m 373 |\u001b[39m   \u001b[90m/**\u001b[39m\u001b[0m\n\n      at ApiErrorHandler.classifyError (src/services/apiErrorHandler.ts:370:12)\n      at ApiErrorHandler.handleError (src/services/apiErrorHandler.ts:377:27)\n      at SpotifyService.addTracksToPlaylist (src/services/spotify.ts:462:42)\n      at Object.<anonymous> (src/services/__tests__/spotify.batchA.test.ts:128:20)\n","name":"C:\\Users\\defir\\Documents\\fun_with_Copilot\\Kiro vibes\\src\\services\\__tests__\\spotify.batchA.test.ts","startTime":1755672722109,"status":"failed","summary":""},{"assertionResults":[{"ancestorTitles":["SpotifyService - Batch G (getPlaylistTracks edge cases)"],"failureMessages":["ApiError: An unexpected error occurred.\n    at ApiErrorHandler.classifyError (C:\\Users\\defir\\Documents\\fun_with_Copilot\\Kiro vibes\\src\\services\\apiErrorHandler.ts:370:12)\n    at ApiErrorHandler.withRetry (C:\\Users\\defir\\Documents\\fun_with_Copilot\\Kiro vibes\\src\\services\\apiErrorHandler.ts:395:31)\n    at fetchPage (C:\\Users\\defir\\Documents\\fun_with_Copilot\\Kiro vibes\\src\\services\\spotify.ts:187:24)\n    at track (C:\\Users\\defir\\Documents\\fun_with_Copilot\\Kiro vibes\\src\\services\\_helpers\\pagination.ts:9:18)\n    at SpotifyService.getPlaylistTracks (C:\\Users\\defir\\Documents\\fun_with_Copilot\\Kiro vibes\\src\\services\\spotify.ts:218:22)\n    at Object.<anonymous> (C:\\Users\\defir\\Documents\\fun_with_Copilot\\Kiro vibes\\src\\services\\__tests__\\spotify.batchG.test.ts:68:17)"],"fullName":"SpotifyService - Batch G (getPlaylistTracks edge cases) sets total when only returned on first request and reports progress","location":null,"status":"failed","title":"sets total when only returned on first request and reports progress"},{"ancestorTitles":["SpotifyService - Batch G (getPlaylistTracks edge cases)"],"failureMessages":["ApiError: An unexpected error occurred.\n    at ApiErrorHandler.classifyError (C:\\Users\\defir\\Documents\\fun_with_Copilot\\Kiro vibes\\src\\services\\apiErrorHandler.ts:370:12)\n    at ApiErrorHandler.withRetry (C:\\Users\\defir\\Documents\\fun_with_Copilot\\Kiro vibes\\src\\services\\apiErrorHandler.ts:395:31)\n    at fetchPage (C:\\Users\\defir\\Documents\\fun_with_Copilot\\Kiro vibes\\src\\services\\spotify.ts:187:24)\n    at track (C:\\Users\\defir\\Documents\\fun_with_Copilot\\Kiro vibes\\src\\services\\_helpers\\pagination.ts:9:18)\n    at SpotifyService.getPlaylistTracks (C:\\Users\\defir\\Documents\\fun_with_Copilot\\Kiro vibes\\src\\services\\spotify.ts:218:22)\n    at Object.<anonymous> (C:\\Users\\defir\\Documents\\fun_with_Copilot\\Kiro vibes\\src\\services\\__tests__\\spotify.batchG.test.ts:97:17)"],"fullName":"SpotifyService - Batch G (getPlaylistTracks edge cases) handles total zero and returns hasMore false and zero percentage","location":null,"status":"failed","title":"handles total zero and returns hasMore false and zero percentage"}],"endTime":1755672726842,"message":"  ● SpotifyService - Batch G (getPlaylistTracks edge cases) › sets total when only returned on first request and reports progress\n\n    ApiError: An unexpected error occurred.\n\n    \u001b[0m \u001b[90m 368 |\u001b[39m     }\n     \u001b[90m 369 |\u001b[39m\n    \u001b[31m\u001b[1m>\u001b[22m\u001b[39m\u001b[90m 370 |\u001b[39m     \u001b[36mreturn\u001b[39m \u001b[36mnew\u001b[39m \u001b[33mApiError\u001b[39m(\u001b[33mERROR_TYPES\u001b[39m\u001b[33m.\u001b[39m\u001b[33mUNKNOWN\u001b[39m\u001b[33m,\u001b[39m error\u001b[33m,\u001b[39m context)\u001b[33m;\u001b[39m\n     \u001b[90m     |\u001b[39m            \u001b[31m\u001b[1m^\u001b[22m\u001b[39m\n     \u001b[90m 371 |\u001b[39m   }\n     \u001b[90m 372 |\u001b[39m\n     \u001b[90m 373 |\u001b[39m   \u001b[90m/**\u001b[39m\u001b[0m\n\n      at ApiErrorHandler.classifyError (src/services/apiErrorHandler.ts:370:12)\n      at ApiErrorHandler.withRetry (src/services/apiErrorHandler.ts:395:31)\n      at fetchPage (src/services/spotify.ts:187:24)\n      at track (src/services/_helpers/pagination.ts:9:18)\n      at SpotifyService.getPlaylistTracks (src/services/spotify.ts:218:22)\n      at Object.<anonymous> (src/services/__tests__/spotify.batchG.test.ts:68:17)\n\n  ● SpotifyService - Batch G (getPlaylistTracks edge cases) › handles total zero and returns hasMore false and zero percentage\n\n    ApiError: An unexpected error occurred.\n\n    \u001b[0m \u001b[90m 368 |\u001b[39m     }\n     \u001b[90m 369 |\u001b[39m\n    \u001b[31m\u001b[1m>\u001b[22m\u001b[39m\u001b[90m 370 |\u001b[39m     \u001b[36mreturn\u001b[39m \u001b[36mnew\u001b[39m \u001b[33mApiError\u001b[39m(\u001b[33mERROR_TYPES\u001b[39m\u001b[33m.\u001b[39m\u001b[33mUNKNOWN\u001b[39m\u001b[33m,\u001b[39m error\u001b[33m,\u001b[39m context)\u001b[33m;\u001b[39m\n     \u001b[90m     |\u001b[39m            \u001b[31m\u001b[1m^\u001b[22m\u001b[39m\n     \u001b[90m 371 |\u001b[39m   }\n     \u001b[90m 372 |\u001b[39m\n     \u001b[90m 373 |\u001b[39m   \u001b[90m/**\u001b[39m\u001b[0m\n\n      at ApiErrorHandler.classifyError (src/services/apiErrorHandler.ts:370:12)\n      at ApiErrorHandler.withRetry (src/services/apiErrorHandler.ts:395:31)\n      at fetchPage (src/services/spotify.ts:187:24)\n      at track (src/services/_helpers/pagination.ts:9:18)\n      at SpotifyService.getPlaylistTracks (src/services/spotify.ts:218:22)\n      at Object.<anonymous> (src/services/__tests__/spotify.batchG.test.ts:97:17)\n","name":"C:\\Users\\defir\\Documents\\fun_with_Copilot\\Kiro vibes\\src\\services\\__tests__\\spotify.batchG.test.ts","startTime":1755672724674,"status":"failed","summary":""},{"assertionResults":[{"ancestorTitles":["SpotifyService - Batch C (search & audio features)"],"failureMessages":[],"fullName":"SpotifyService - Batch C (search & audio features) searchTracks validation: empty query rejects","location":null,"status":"passed","title":"searchTracks validation: empty query rejects"},{"ancestorTitles":["SpotifyService - Batch C (search & audio features)"],"failureMessages":[],"fullName":"SpotifyService - Batch C (search & audio features) searchPlaylists validation: empty query rejects","location":null,"status":"passed","title":"searchPlaylists validation: empty query rejects"},{"ancestorTitles":["SpotifyService - Batch C (search & audio features)"],"failureMessages":["ApiError: An unexpected error occurred.\n    at ApiErrorHandler.classifyError (C:\\Users\\defir\\Documents\\fun_with_Copilot\\Kiro vibes\\src\\services\\apiErrorHandler.ts:370:12)\n    at ApiErrorHandler.withRetry (C:\\Users\\defir\\Documents\\fun_with_Copilot\\Kiro vibes\\src\\services\\apiErrorHandler.ts:395:31)\n    at Object.<anonymous> (C:\\Users\\defir\\Documents\\fun_with_Copilot\\Kiro vibes\\src\\services\\__tests__\\spotify.batchC.test.ts:53:20)"],"fullName":"SpotifyService - Batch C (search & audio features) getTrackAudioFeatures and getMultipleTrackAudioFeatures return data","location":null,"status":"failed","title":"getTrackAudioFeatures and getMultipleTrackAudioFeatures return data"},{"ancestorTitles":["SpotifyService - Batch C (search & audio features)"],"failureMessages":["ApiError: An unexpected error occurred.\n    at ApiErrorHandler.classifyError (C:\\Users\\defir\\Documents\\fun_with_Copilot\\Kiro vibes\\src\\services\\apiErrorHandler.ts:370:12)\n    at ApiErrorHandler.withRetry (C:\\Users\\defir\\Documents\\fun_with_Copilot\\Kiro vibes\\src\\services\\apiErrorHandler.ts:395:31)\n    at Object.<anonymous> (C:\\Users\\defir\\Documents\\fun_with_Copilot\\Kiro vibes\\src\\services\\__tests__\\spotify.batchC.test.ts:65:21)"],"fullName":"SpotifyService - Batch C (search & audio features) getUserProfile happy path returns profile","location":null,"status":"failed","title":"getUserProfile happy path returns profile"}],"endTime":1755672729017,"message":"  ● SpotifyService - Batch C (search & audio features) › getTrackAudioFeatures and getMultipleTrackAudioFeatures return data\n\n    ApiError: An unexpected error occurred.\n\n    \u001b[0m \u001b[90m 368 |\u001b[39m     }\n     \u001b[90m 369 |\u001b[39m\n    \u001b[31m\u001b[1m>\u001b[22m\u001b[39m\u001b[90m 370 |\u001b[39m     \u001b[36mreturn\u001b[39m \u001b[36mnew\u001b[39m \u001b[33mApiError\u001b[39m(\u001b[33mERROR_TYPES\u001b[39m\u001b[33m.\u001b[39m\u001b[33mUNKNOWN\u001b[39m\u001b[33m,\u001b[39m error\u001b[33m,\u001b[39m context)\u001b[33m;\u001b[39m\n     \u001b[90m     |\u001b[39m            \u001b[31m\u001b[1m^\u001b[22m\u001b[39m\n     \u001b[90m 371 |\u001b[39m   }\n     \u001b[90m 372 |\u001b[39m\n     \u001b[90m 373 |\u001b[39m   \u001b[90m/**\u001b[39m\u001b[0m\n\n      at ApiErrorHandler.classifyError (src/services/apiErrorHandler.ts:370:12)\n      at ApiErrorHandler.withRetry (src/services/apiErrorHandler.ts:395:31)\n      at Object.<anonymous> (src/services/__tests__/spotify.batchC.test.ts:53:20)\n\n  ● SpotifyService - Batch C (search & audio features) › getUserProfile happy path returns profile\n\n    ApiError: An unexpected error occurred.\n\n    \u001b[0m \u001b[90m 368 |\u001b[39m     }\n     \u001b[90m 369 |\u001b[39m\n    \u001b[31m\u001b[1m>\u001b[22m\u001b[39m\u001b[90m 370 |\u001b[39m     \u001b[36mreturn\u001b[39m \u001b[36mnew\u001b[39m \u001b[33mApiError\u001b[39m(\u001b[33mERROR_TYPES\u001b[39m\u001b[33m.\u001b[39m\u001b[33mUNKNOWN\u001b[39m\u001b[33m,\u001b[39m error\u001b[33m,\u001b[39m context)\u001b[33m;\u001b[39m\n     \u001b[90m     |\u001b[39m            \u001b[31m\u001b[1m^\u001b[22m\u001b[39m\n     \u001b[90m 371 |\u001b[39m   }\n     \u001b[90m 372 |\u001b[39m\n     \u001b[90m 373 |\u001b[39m   \u001b[90m/**\u001b[39m\u001b[0m\n\n      at ApiErrorHandler.classifyError (src/services/apiErrorHandler.ts:370:12)\n      at ApiErrorHandler.withRetry (src/services/apiErrorHandler.ts:395:31)\n      at Object.<anonymous> (src/services/__tests__/spotify.batchC.test.ts:65:21)\n","name":"C:\\Users\\defir\\Documents\\fun_with_Copilot\\Kiro vibes\\src\\services\\__tests__\\spotify.batchC.test.ts","startTime":1755672726844,"status":"failed","summary":""},{"assertionResults":[{"ancestorTitles":["SpotifyService - Batch H (multi-batch errors & retry)"],"failureMessages":[],"fullName":"SpotifyService - Batch H (multi-batch errors & retry) addTracksToPlaylist fails when second batch returns 500 and no retry available","location":null,"status":"passed","title":"addTracksToPlaylist fails when second batch returns 500 and no retry available"},{"ancestorTitles":["SpotifyService - Batch H (multi-batch errors & retry)"],"failureMessages":["ApiError: An unexpected error occurred.\n    at ApiErrorHandler.classifyError (C:\\Users\\defir\\Documents\\fun_with_Copilot\\Kiro vibes\\src\\services\\apiErrorHandler.ts:370:12)\n    at ApiErrorHandler.withRetry (C:\\Users\\defir\\Documents\\fun_with_Copilot\\Kiro vibes\\src\\services\\apiErrorHandler.ts:395:31)\n    at Object.<anonymous> (C:\\Users\\defir\\Documents\\fun_with_Copilot\\Kiro vibes\\src\\services\\__tests__\\spotify.batchH.test.ts:95:19)"],"fullName":"SpotifyService - Batch H (multi-batch errors & retry) removeTracksFromPlaylist retries on transient 429 then succeeds","location":null,"status":"failed","title":"removeTracksFromPlaylist retries on transient 429 then succeeds"}],"endTime":1755672730523,"message":"  ● SpotifyService - Batch H (multi-batch errors & retry) › removeTracksFromPlaylist retries on transient 429 then succeeds\n\n    ApiError: An unexpected error occurred.\n\n    \u001b[0m \u001b[90m 368 |\u001b[39m     }\n     \u001b[90m 369 |\u001b[39m\n    \u001b[31m\u001b[1m>\u001b[22m\u001b[39m\u001b[90m 370 |\u001b[39m     \u001b[36mreturn\u001b[39m \u001b[36mnew\u001b[39m \u001b[33mApiError\u001b[39m(\u001b[33mERROR_TYPES\u001b[39m\u001b[33m.\u001b[39m\u001b[33mUNKNOWN\u001b[39m\u001b[33m,\u001b[39m error\u001b[33m,\u001b[39m context)\u001b[33m;\u001b[39m\n     \u001b[90m     |\u001b[39m            \u001b[31m\u001b[1m^\u001b[22m\u001b[39m\n     \u001b[90m 371 |\u001b[39m   }\n     \u001b[90m 372 |\u001b[39m\n     \u001b[90m 373 |\u001b[39m   \u001b[90m/**\u001b[39m\u001b[0m\n\n      at ApiErrorHandler.classifyError (src/services/apiErrorHandler.ts:370:12)\n      at ApiErrorHandler.withRetry (src/services/apiErrorHandler.ts:395:31)\n      at Object.<anonymous> (src/services/__tests__/spotify.batchH.test.ts:95:19)\n","name":"C:\\Users\\defir\\Documents\\fun_with_Copilot\\Kiro vibes\\src\\services\\__tests__\\spotify.batchH.test.ts","startTime":1755672729020,"status":"failed","summary":""},{"assertionResults":[{"ancestorTitles":["App integration (happy path) - template"],"failureMessages":["Error: Unable to find an element with the text: /Chill Vibes/i. This could be because the text is broken up by multiple elements. In this case, you can provide a function for your text matcher to make your matcher more flexible.\n\nIgnored nodes: comments, script, style\n\u001b[36m<body>\u001b[39m\n  \u001b[36m<div>\u001b[39m\n    \u001b[36m<div\u001b[39m\n      \u001b[33mclass\u001b[39m=\u001b[32m\"container\"\u001b[39m\n    \u001b[36m>\u001b[39m\n      \u001b[36m<div\u001b[39m\n        \u001b[33mclass\u001b[39m=\u001b[32m\"header\"\u001b[39m\n      \u001b[36m>\u001b[39m\n        \u001b[36m<h1>\u001b[39m\n          \u001b[0m🎵 Spotify Playlist Mixer\u001b[0m\n        \u001b[36m</h1>\u001b[39m\n        \u001b[36m<p>\u001b[39m\n          \u001b[0mMix your playlists with custom ratios\u001b[0m\n        \u001b[36m</p>\u001b[39m\n        \u001b[36m<div\u001b[39m\n          \u001b[33mstyle\u001b[39m=\u001b[32m\"font-size: 12px; margin-top: 6px; color: rgb(102, 102, 102);\"\u001b[39m\n        \u001b[36m>\u001b[39m\n          \u001b[0mDEV: token=\u001b[0m\n          \u001b[0mtest_a..._123\u001b[0m\n        \u001b[36m</div>\u001b[39m\n      \u001b[36m</div>\u001b[39m\n      \u001b[36m<div\u001b[39m\n        \u001b[33mclass\u001b[39m=\u001b[32m\"card container containerWithResults\"\u001b[39m\n      \u001b[36m>\u001b[39m\n        \u001b[36m<div\u001b[39m\n          \u001b[33mclass\u001b[39m=\u001b[32m\"header\"\u001b[39m\n        \u001b[36m>\u001b[39m\n          \u001b[36m<h2\u001b[39m\n            \u001b[33mclass\u001b[39m=\u001b[32m\"title\"\u001b[39m\n          \u001b[36m>\u001b[39m\n            \u001b[0mAdd Playlists to Mix\u001b[0m\n          \u001b[36m</h2>\u001b[39m\n          \u001b[36m<div\u001b[39m\n            \u001b[33mclass\u001b[39m=\u001b[32m\"headerActions\"\u001b[39m\n          \u001b[36m>\u001b[39m\n            \u001b[36m<div\u001b[39m\n              \u001b[33mclass\u001b[39m=\u001b[32m\"playlistCounter\"\u001b[39m\n            \u001b[36m>\u001b[39m\n              \u001b[0m0\u001b[0m\n              \u001b[0m/10 playlists\u001b[0m\n            \u001b[36m</div>\u001b[39m\n          \u001b[36m</div>\u001b[39m\n        \u001b[36m</div>\u001b[39m\n        \u001b[36m<div\u001b[39m\n          \u001b[33mclass\u001b[39m=\u001b[32m\"inputSection\"\u001b[39m\n        \u001b[36m>\u001b[39m\n          \u001b[36m<div\u001b[39m\n            \u001b[33mclass\u001b[39m=\u001b[32m\"input-group\"\u001b[39m\n          \u001b[36m>\u001b[39m\n            \u001b[36m<label>\u001b[39m\n              \u001b[0mSearch playlists or paste URL:\u001b[0m\n            \u001b[36m</label>\u001b[39m\n            \u001b[36m<div\u001b[39m\n              \u001b[33mclass\u001b[39m=\u001b[32m\"inputGroup\"\u001b[39m\n            \u001b[36m>\u001b[39m\n              \u001b[36m<input\u001b[39m\n                \u001b[33mclass\u001b[39m=\u001b[32m\"input\"\u001b[39m\n                \u001b[33mplaceholder\u001b[39m=\u001b[32m\"Try: 'salsa romantica', 'bachata sensual' or paste Spotify URL...\"\u001b[39m\n                \u001b[33mtype\u001b[39m=\u001b[32m\"text\"\u001b[39m\n                \u001b[33mvalue\u001b[39m=\u001b[32m\"Chill\"\u001b[39m\n              \u001b[36m/>\u001b[39m\n              \u001b[36m<button\u001b[39m\n                \u001b[33mclass\u001b[39m=\u001b[32m\"btn submitButton\"\u001b[39m\n              \u001b[36m>\u001b[39m\n                \u001b[0mSearch\u001b[0m\n              \u001b[36m</button>\u001b[39m\n            \u001b[36m</div>\u001b[39m\n          \u001b[36m</div>\u001b[39m\n        \u001b[36m</div>\u001b[39m\n      \u001b[36m</div>\u001b[39m\n    \u001b[36m</div>\u001b[39m\n    \u001b[36m<footer\u001b[39m\n      \u001b[33mclass\u001b[39m=\u001b[32m\"footer\"\u001b[39m\n    \u001b[36m>\u001b[39m\n      \u001b[36m<a\u001b[39m\n        \u001b[33mclass\u001b[39m=\u001b[32m\"footerLink\"\u001b[39m\n        \u001b[33mhref\u001b[39m=\u001b[32m\"/privacy\"\u001b[39m\n      \u001b[36m>\u001b[39m\n        \u001b[0mPrivacy Policy\u001b[0m\n      \u001b[36m</a>\u001b[39m\n      \u001b[0m|\u001b[0m\n      \u001b[36m<a\u001b[39m\n        \u001b[33mclass\u001b[39m=\u001b[32m\"footerLink\"\u001b[39m\n        \u001b[33mhref\u001b[39m=\u001b[32m\"/terms\"\u001b[39m\n      \u001b[36m>\u001b[39m\n        \u001b[0mTerms of Service\u001b[0m\n      \u001b[36m</a>\u001b[39m\n      \u001b[0m|\u001b[0m\n      \u001b[36m<a\u001b[39m\n        \u001b[33mclass\u001b[39m=\u001b[32m\"footerLink\"\u001b[39m\n        \u001b[33mhref\u001b[39m=\u001b[32m\"/\"\u001b[39m\n      \u001b[36m>\u001b[39m\n        \u001b[0mBack to Mixer\u001b[0m\n      \u001b[36m</a>\u001b[39m\n    \u001b[36m</footer>\u001b[39m\n  \u001b[36m</div>\u001b[39m\n\u001b[36m</body>\u001b[39m\n    at waitForWrapper (C:\\Users\\defir\\Documents\\fun_with_Copilot\\Kiro vibes\\node_modules\\@testing-library\\dom\\dist\\wait-for.js:163:27)\n    at findByText (C:\\Users\\defir\\Documents\\fun_with_Copilot\\Kiro vibes\\node_modules\\@testing-library\\dom\\dist\\query-helpers.js:86:33)\n    at Object.<anonymous> (C:\\Users\\defir\\Documents\\fun_with_Copilot\\Kiro vibes\\src\\__tests__\\app.integration.test.tsx:46:32)"],"fullName":"App integration (happy path) - template full happy-path: auth -> select playlists -> generate preview -> create playlist","location":null,"status":"failed","title":"full happy-path: auth -> select playlists -> generate preview -> create playlist"}],"endTime":1755672732459,"message":"  ● App integration (happy path) - template › full happy-path: auth -> select playlists -> generate preview -> create playlist\n\n    Unable to find an element with the text: /Chill Vibes/i. This could be because the text is broken up by multiple elements. In this case, you can provide a function for your text matcher to make your matcher more flexible.\n\n    Ignored nodes: comments, script, style\n    \u001b[36m<body>\u001b[39m\n      \u001b[36m<div>\u001b[39m\n        \u001b[36m<div\u001b[39m\n          \u001b[33mclass\u001b[39m=\u001b[32m\"container\"\u001b[39m\n        \u001b[36m>\u001b[39m\n          \u001b[36m<div\u001b[39m\n            \u001b[33mclass\u001b[39m=\u001b[32m\"header\"\u001b[39m\n          \u001b[36m>\u001b[39m\n            \u001b[36m<h1>\u001b[39m\n              \u001b[0m🎵 Spotify Playlist Mixer\u001b[0m\n            \u001b[36m</h1>\u001b[39m\n            \u001b[36m<p>\u001b[39m\n              \u001b[0mMix your playlists with custom ratios\u001b[0m\n            \u001b[36m</p>\u001b[39m\n            \u001b[36m<div\u001b[39m\n              \u001b[33mstyle\u001b[39m=\u001b[32m\"font-size: 12px; margin-top: 6px; color: rgb(102, 102, 102);\"\u001b[39m\n            \u001b[36m>\u001b[39m\n              \u001b[0mDEV: token=\u001b[0m\n              \u001b[0mtest_a..._123\u001b[0m\n            \u001b[36m</div>\u001b[39m\n          \u001b[36m</div>\u001b[39m\n          \u001b[36m<div\u001b[39m\n            \u001b[33mclass\u001b[39m=\u001b[32m\"card container containerWithResults\"\u001b[39m\n          \u001b[36m>\u001b[39m\n            \u001b[36m<div\u001b[39m\n              \u001b[33mclass\u001b[39m=\u001b[32m\"header\"\u001b[39m\n            \u001b[36m>\u001b[39m\n              \u001b[36m<h2\u001b[39m\n                \u001b[33mclass\u001b[39m=\u001b[32m\"title\"\u001b[39m\n              \u001b[36m>\u001b[39m\n                \u001b[0mAdd Playlists to Mix\u001b[0m\n              \u001b[36m</h2>\u001b[39m\n              \u001b[36m<div\u001b[39m\n                \u001b[33mclass\u001b[39m=\u001b[32m\"headerActions\"\u001b[39m\n              \u001b[36m>\u001b[39m\n                \u001b[36m<div\u001b[39m\n                  \u001b[33mclass\u001b[39m=\u001b[32m\"playlistCounter\"\u001b[39m\n                \u001b[36m>\u001b[39m\n                  \u001b[0m0\u001b[0m\n                  \u001b[0m/10 playlists\u001b[0m\n                \u001b[36m</div>\u001b[39m\n              \u001b[36m</div>\u001b[39m\n            \u001b[36m</div>\u001b[39m\n            \u001b[36m<div\u001b[39m\n              \u001b[33mclass\u001b[39m=\u001b[32m\"inputSection\"\u001b[39m\n            \u001b[36m>\u001b[39m\n              \u001b[36m<div\u001b[39m\n                \u001b[33mclass\u001b[39m=\u001b[32m\"input-group\"\u001b[39m\n              \u001b[36m>\u001b[39m\n                \u001b[36m<label>\u001b[39m\n                  \u001b[0mSearch playlists or paste URL:\u001b[0m\n                \u001b[36m</label>\u001b[39m\n                \u001b[36m<div\u001b[39m\n                  \u001b[33mclass\u001b[39m=\u001b[32m\"inputGroup\"\u001b[39m\n                \u001b[36m>\u001b[39m\n                  \u001b[36m<input\u001b[39m\n                    \u001b[33mclass\u001b[39m=\u001b[32m\"input\"\u001b[39m\n                    \u001b[33mplaceholder\u001b[39m=\u001b[32m\"Try: 'salsa romantica', 'bachata sensual' or paste Spotify URL...\"\u001b[39m\n                    \u001b[33mtype\u001b[39m=\u001b[32m\"text\"\u001b[39m\n                    \u001b[33mvalue\u001b[39m=\u001b[32m\"Chill\"\u001b[39m\n                  \u001b[36m/>\u001b[39m\n                  \u001b[36m<button\u001b[39m\n                    \u001b[33mclass\u001b[39m=\u001b[32m\"btn submitButton\"\u001b[39m\n                  \u001b[36m>\u001b[39m\n                    \u001b[0mSearch\u001b[0m\n                  \u001b[36m</button>\u001b[39m\n                \u001b[36m</div>\u001b[39m\n              \u001b[36m</div>\u001b[39m\n            \u001b[36m</div>\u001b[39m\n          \u001b[36m</div>\u001b[39m\n        \u001b[36m</div>\u001b[39m\n        \u001b[36m<footer\u001b[39m\n          \u001b[33mclass\u001b[39m=\u001b[32m\"footer\"\u001b[39m\n        \u001b[36m>\u001b[39m\n          \u001b[36m<a\u001b[39m\n            \u001b[33mclass\u001b[39m=\u001b[32m\"footerLink\"\u001b[39m\n            \u001b[33mhref\u001b[39m=\u001b[32m\"/privacy\"\u001b[39m\n          \u001b[36m>\u001b[39m\n            \u001b[0mPrivacy Policy\u001b[0m\n          \u001b[36m</a>\u001b[39m\n          \u001b[0m|\u001b[0m\n          \u001b[36m<a\u001b[39m\n            \u001b[33mclass\u001b[39m=\u001b[32m\"footerLink\"\u001b[39m\n            \u001b[33mhref\u001b[39m=\u001b[32m\"/terms\"\u001b[39m\n          \u001b[36m>\u001b[39m\n            \u001b[0mTerms of Service\u001b[0m\n          \u001b[36m</a>\u001b[39m\n          \u001b[0m|\u001b[0m\n          \u001b[36m<a\u001b[39m\n            \u001b[33mclass\u001b[39m=\u001b[32m\"footerLink\"\u001b[39m\n            \u001b[33mhref\u001b[39m=\u001b[32m\"/\"\u001b[39m\n          \u001b[36m>\u001b[39m\n            \u001b[0mBack to Mixer\u001b[0m\n          \u001b[36m</a>\u001b[39m\n        \u001b[36m</footer>\u001b[39m\n      \u001b[36m</div>\u001b[39m\n    \u001b[36m</body>\u001b[39m\n\n    \u001b[0m \u001b[90m 44 |\u001b[39m\n     \u001b[90m 45 |\u001b[39m     \u001b[90m// Wait for both playlist search results to render (MSW search handler returns two playlists)\u001b[39m\n    \u001b[31m\u001b[1m>\u001b[22m\u001b[39m\u001b[90m 46 |\u001b[39m     \u001b[36mconst\u001b[39m chill \u001b[33m=\u001b[39m \u001b[36mawait\u001b[39m screen\u001b[33m.\u001b[39mfindByText(\u001b[35m/Chill Vibes/i\u001b[39m)\u001b[33m;\u001b[39m\n     \u001b[90m    |\u001b[39m                                \u001b[31m\u001b[1m^\u001b[22m\u001b[39m\n     \u001b[90m 47 |\u001b[39m     \u001b[36mconst\u001b[39m awesome \u001b[33m=\u001b[39m \u001b[36mawait\u001b[39m screen\u001b[33m.\u001b[39mfindByText(\u001b[35m/My Awesome Playlist/i\u001b[39m)\u001b[33m;\u001b[39m\n     \u001b[90m 48 |\u001b[39m     expect(chill)\u001b[33m.\u001b[39mtoBeInTheDocument()\u001b[33m;\u001b[39m\n     \u001b[90m 49 |\u001b[39m     expect(awesome)\u001b[33m.\u001b[39mtoBeInTheDocument()\u001b[33m;\u001b[39m\u001b[0m\n\n      at waitForWrapper (node_modules/@testing-library/dom/dist/wait-for.js:163:27)\n      at findByText (node_modules/@testing-library/dom/dist/query-helpers.js:86:33)\n      at Object.<anonymous> (src/__tests__/app.integration.test.tsx:46:32)\n","name":"C:\\Users\\defir\\Documents\\fun_with_Copilot\\Kiro vibes\\src\\__tests__\\app.integration.test.tsx","startTime":1755672730884,"status":"failed","summary":""},{"assertionResults":[{"ancestorTitles":["End-to-end mixing flow (integration with MSW)"],"failureMessages":["Error: Unable to find an element with the text: /My Awesome Playlist/i. This could be because the text is broken up by multiple elements. In this case, you can provide a function for your text matcher to make your matcher more flexible.\n\nIgnored nodes: comments, script, style\n\u001b[36m<body>\u001b[39m\n  \u001b[36m<div>\u001b[39m\n    \u001b[36m<div\u001b[39m\n      \u001b[33mclass\u001b[39m=\u001b[32m\"container\"\u001b[39m\n    \u001b[36m>\u001b[39m\n      \u001b[36m<div\u001b[39m\n        \u001b[33mclass\u001b[39m=\u001b[32m\"header\"\u001b[39m\n      \u001b[36m>\u001b[39m\n        \u001b[36m<h1>\u001b[39m\n          \u001b[0m🎵 Spotify Playlist Mixer\u001b[0m\n        \u001b[36m</h1>\u001b[39m\n        \u001b[36m<p>\u001b[39m\n          \u001b[0mMix your playlists with custom ratios\u001b[0m\n        \u001b[36m</p>\u001b[39m\n        \u001b[36m<div\u001b[39m\n          \u001b[33mstyle\u001b[39m=\u001b[32m\"font-size: 12px; margin-top: 6px; color: rgb(102, 102, 102);\"\u001b[39m\n        \u001b[36m>\u001b[39m\n          \u001b[0mDEV: token=\u001b[0m\n          \u001b[0mmock_a...oken\u001b[0m\n        \u001b[36m</div>\u001b[39m\n      \u001b[36m</div>\u001b[39m\n      \u001b[36m<div\u001b[39m\n        \u001b[33mclass\u001b[39m=\u001b[32m\"card container containerWithResults\"\u001b[39m\n      \u001b[36m>\u001b[39m\n        \u001b[36m<div\u001b[39m\n          \u001b[33mclass\u001b[39m=\u001b[32m\"header\"\u001b[39m\n        \u001b[36m>\u001b[39m\n          \u001b[36m<h2\u001b[39m\n            \u001b[33mclass\u001b[39m=\u001b[32m\"title\"\u001b[39m\n          \u001b[36m>\u001b[39m\n            \u001b[0mAdd Playlists to Mix\u001b[0m\n          \u001b[36m</h2>\u001b[39m\n          \u001b[36m<div\u001b[39m\n            \u001b[33mclass\u001b[39m=\u001b[32m\"headerActions\"\u001b[39m\n          \u001b[36m>\u001b[39m\n            \u001b[36m<div\u001b[39m\n              \u001b[33mclass\u001b[39m=\u001b[32m\"playlistCounter\"\u001b[39m\n            \u001b[36m>\u001b[39m\n              \u001b[0m0\u001b[0m\n              \u001b[0m/10 playlists\u001b[0m\n            \u001b[36m</div>\u001b[39m\n          \u001b[36m</div>\u001b[39m\n        \u001b[36m</div>\u001b[39m\n        \u001b[36m<div\u001b[39m\n          \u001b[33mclass\u001b[39m=\u001b[32m\"inputSection\"\u001b[39m\n        \u001b[36m>\u001b[39m\n          \u001b[36m<div\u001b[39m\n            \u001b[33mclass\u001b[39m=\u001b[32m\"input-group\"\u001b[39m\n          \u001b[36m>\u001b[39m\n            \u001b[36m<label>\u001b[39m\n              \u001b[0mSearch playlists or paste URL:\u001b[0m\n            \u001b[36m</label>\u001b[39m\n            \u001b[36m<div\u001b[39m\n              \u001b[33mclass\u001b[39m=\u001b[32m\"inputGroup\"\u001b[39m\n            \u001b[36m>\u001b[39m\n              \u001b[36m<input\u001b[39m\n                \u001b[33mclass\u001b[39m=\u001b[32m\"input\"\u001b[39m\n                \u001b[33mplaceholder\u001b[39m=\u001b[32m\"Try: 'salsa romantica', 'bachata sensual' or paste Spotify URL...\"\u001b[39m\n                \u001b[33mtype\u001b[39m=\u001b[32m\"text\"\u001b[39m\n                \u001b[33mvalue\u001b[39m=\u001b[32m\"My Awesome\"\u001b[39m\n              \u001b[36m/>\u001b[39m\n              \u001b[36m<button\u001b[39m\n                \u001b[33mclass\u001b[39m=\u001b[32m\"btn submitButton\"\u001b[39m\n              \u001b[36m>\u001b[39m\n                \u001b[0mSearch\u001b[0m\n              \u001b[36m</button>\u001b[39m\n            \u001b[36m</div>\u001b[39m\n          \u001b[36m</div>\u001b[39m\n        \u001b[36m</div>\u001b[39m\n      \u001b[36m</div>\u001b[39m\n    \u001b[36m</div>\u001b[39m\n    \u001b[36m<footer\u001b[39m\n      \u001b[33mclass\u001b[39m=\u001b[32m\"footer\"\u001b[39m\n    \u001b[36m>\u001b[39m\n      \u001b[36m<a\u001b[39m\n        \u001b[33mclass\u001b[39m=\u001b[32m\"footerLink\"\u001b[39m\n        \u001b[33mhref\u001b[39m=\u001b[32m\"/privacy\"\u001b[39m\n      \u001b[36m>\u001b[39m\n        \u001b[0mPrivacy Policy\u001b[0m\n      \u001b[36m</a>\u001b[39m\n      \u001b[0m|\u001b[0m\n      \u001b[36m<a\u001b[39m\n        \u001b[33mclass\u001b[39m=\u001b[32m\"footerLink\"\u001b[39m\n        \u001b[33mhref\u001b[39m=\u001b[32m\"/terms\"\u001b[39m\n      \u001b[36m>\u001b[39m\n        \u001b[0mTerms of Service\u001b[0m\n      \u001b[36m</a>\u001b[39m\n      \u001b[0m|\u001b[0m\n      \u001b[36m<a\u001b[39m\n        \u001b[33mclass\u001b[39m=\u001b[32m\"footerLink\"\u001b[39m\n        \u001b[33mhref\u001b[39m=\u001b[32m\"/\"\u001b[39m\n      \u001b[36m>\u001b[39m\n        \u001b[0mBack to Mixer\u001b[0m\n      \u001b[36m</a>\u001b[39m\n    \u001b[36m</footer>\u001b[39m\n  \u001b[36m</div>\u001b[39m\n\u001b[36m</body>\u001b[39m\n    at waitForWrapper (C:\\Users\\defir\\Documents\\fun_with_Copilot\\Kiro vibes\\node_modules\\@testing-library\\dom\\dist\\wait-for.js:163:27)\n    at findByText (C:\\Users\\defir\\Documents\\fun_with_Copilot\\Kiro vibes\\node_modules\\@testing-library\\dom\\dist\\query-helpers.js:86:33)\n    at Object.<anonymous> (C:\\Users\\defir\\Documents\\fun_with_Copilot\\Kiro vibes\\src\\__tests__\\integration\\EndToEndMixFlow.test.tsx:44:39)"],"fullName":"End-to-end mixing flow (integration with MSW) selects two playlists, generates a preview, and creates a playlist","location":null,"status":"failed","title":"selects two playlists, generates a preview, and creates a playlist"}],"endTime":1755672733829,"message":"  ● End-to-end mixing flow (integration with MSW) › selects two playlists, generates a preview, and creates a playlist\n\n    Unable to find an element with the text: /My Awesome Playlist/i. This could be because the text is broken up by multiple elements. In this case, you can provide a function for your text matcher to make your matcher more flexible.\n\n    Ignored nodes: comments, script, style\n    \u001b[36m<body>\u001b[39m\n      \u001b[36m<div>\u001b[39m\n        \u001b[36m<div\u001b[39m\n          \u001b[33mclass\u001b[39m=\u001b[32m\"container\"\u001b[39m\n        \u001b[36m>\u001b[39m\n          \u001b[36m<div\u001b[39m\n            \u001b[33mclass\u001b[39m=\u001b[32m\"header\"\u001b[39m\n          \u001b[36m>\u001b[39m\n            \u001b[36m<h1>\u001b[39m\n              \u001b[0m🎵 Spotify Playlist Mixer\u001b[0m\n            \u001b[36m</h1>\u001b[39m\n            \u001b[36m<p>\u001b[39m\n              \u001b[0mMix your playlists with custom ratios\u001b[0m\n            \u001b[36m</p>\u001b[39m\n            \u001b[36m<div\u001b[39m\n              \u001b[33mstyle\u001b[39m=\u001b[32m\"font-size: 12px; margin-top: 6px; color: rgb(102, 102, 102);\"\u001b[39m\n            \u001b[36m>\u001b[39m\n              \u001b[0mDEV: token=\u001b[0m\n              \u001b[0mmock_a...oken\u001b[0m\n            \u001b[36m</div>\u001b[39m\n          \u001b[36m</div>\u001b[39m\n          \u001b[36m<div\u001b[39m\n            \u001b[33mclass\u001b[39m=\u001b[32m\"card container containerWithResults\"\u001b[39m\n          \u001b[36m>\u001b[39m\n            \u001b[36m<div\u001b[39m\n              \u001b[33mclass\u001b[39m=\u001b[32m\"header\"\u001b[39m\n            \u001b[36m>\u001b[39m\n              \u001b[36m<h2\u001b[39m\n                \u001b[33mclass\u001b[39m=\u001b[32m\"title\"\u001b[39m\n              \u001b[36m>\u001b[39m\n                \u001b[0mAdd Playlists to Mix\u001b[0m\n              \u001b[36m</h2>\u001b[39m\n              \u001b[36m<div\u001b[39m\n                \u001b[33mclass\u001b[39m=\u001b[32m\"headerActions\"\u001b[39m\n              \u001b[36m>\u001b[39m\n                \u001b[36m<div\u001b[39m\n                  \u001b[33mclass\u001b[39m=\u001b[32m\"playlistCounter\"\u001b[39m\n                \u001b[36m>\u001b[39m\n                  \u001b[0m0\u001b[0m\n                  \u001b[0m/10 playlists\u001b[0m\n                \u001b[36m</div>\u001b[39m\n              \u001b[36m</div>\u001b[39m\n            \u001b[36m</div>\u001b[39m\n            \u001b[36m<div\u001b[39m\n              \u001b[33mclass\u001b[39m=\u001b[32m\"inputSection\"\u001b[39m\n            \u001b[36m>\u001b[39m\n              \u001b[36m<div\u001b[39m\n                \u001b[33mclass\u001b[39m=\u001b[32m\"input-group\"\u001b[39m\n              \u001b[36m>\u001b[39m\n                \u001b[36m<label>\u001b[39m\n                  \u001b[0mSearch playlists or paste URL:\u001b[0m\n                \u001b[36m</label>\u001b[39m\n                \u001b[36m<div\u001b[39m\n                  \u001b[33mclass\u001b[39m=\u001b[32m\"inputGroup\"\u001b[39m\n                \u001b[36m>\u001b[39m\n                  \u001b[36m<input\u001b[39m\n                    \u001b[33mclass\u001b[39m=\u001b[32m\"input\"\u001b[39m\n                    \u001b[33mplaceholder\u001b[39m=\u001b[32m\"Try: 'salsa romantica', 'bachata sensual' or paste Spotify URL...\"\u001b[39m\n                    \u001b[33mtype\u001b[39m=\u001b[32m\"text\"\u001b[39m\n                    \u001b[33mvalue\u001b[39m=\u001b[32m\"My Awesome\"\u001b[39m\n                  \u001b[36m/>\u001b[39m\n                  \u001b[36m<button\u001b[39m\n                    \u001b[33mclass\u001b[39m=\u001b[32m\"btn submitButton\"\u001b[39m\n                  \u001b[36m>\u001b[39m\n                    \u001b[0mSearch\u001b[0m\n                  \u001b[36m</button>\u001b[39m\n                \u001b[36m</div>\u001b[39m\n              \u001b[36m</div>\u001b[39m\n            \u001b[36m</div>\u001b[39m\n          \u001b[36m</div>\u001b[39m\n        \u001b[36m</div>\u001b[39m\n        \u001b[36m<footer\u001b[39m\n          \u001b[33mclass\u001b[39m=\u001b[32m\"footer\"\u001b[39m\n        \u001b[36m>\u001b[39m\n          \u001b[36m<a\u001b[39m\n            \u001b[33mclass\u001b[39m=\u001b[32m\"footerLink\"\u001b[39m\n            \u001b[33mhref\u001b[39m=\u001b[32m\"/privacy\"\u001b[39m\n          \u001b[36m>\u001b[39m\n            \u001b[0mPrivacy Policy\u001b[0m\n          \u001b[36m</a>\u001b[39m\n          \u001b[0m|\u001b[0m\n          \u001b[36m<a\u001b[39m\n            \u001b[33mclass\u001b[39m=\u001b[32m\"footerLink\"\u001b[39m\n            \u001b[33mhref\u001b[39m=\u001b[32m\"/terms\"\u001b[39m\n          \u001b[36m>\u001b[39m\n            \u001b[0mTerms of Service\u001b[0m\n          \u001b[36m</a>\u001b[39m\n          \u001b[0m|\u001b[0m\n          \u001b[36m<a\u001b[39m\n            \u001b[33mclass\u001b[39m=\u001b[32m\"footerLink\"\u001b[39m\n            \u001b[33mhref\u001b[39m=\u001b[32m\"/\"\u001b[39m\n          \u001b[36m>\u001b[39m\n            \u001b[0mBack to Mixer\u001b[0m\n          \u001b[36m</a>\u001b[39m\n        \u001b[36m</footer>\u001b[39m\n      \u001b[36m</div>\u001b[39m\n    \u001b[36m</body>\u001b[39m\n\n    \u001b[0m \u001b[90m 42 |\u001b[39m\n     \u001b[90m 43 |\u001b[39m     \u001b[90m// Wait for search results (use text from mockPlaylists)\u001b[39m\n    \u001b[31m\u001b[1m>\u001b[22m\u001b[39m\u001b[90m 44 |\u001b[39m     \u001b[36mconst\u001b[39m playlistItem \u001b[33m=\u001b[39m \u001b[36mawait\u001b[39m screen\u001b[33m.\u001b[39mfindByText(\n     \u001b[90m    |\u001b[39m                                       \u001b[31m\u001b[1m^\u001b[22m\u001b[39m\n     \u001b[90m 45 |\u001b[39m       \u001b[36mnew\u001b[39m \u001b[33mRegExp\u001b[39m(mockPlaylists[\u001b[35m0\u001b[39m]\u001b[33m.\u001b[39mname\u001b[33m,\u001b[39m \u001b[32m'i'\u001b[39m)\n     \u001b[90m 46 |\u001b[39m     )\u001b[33m;\u001b[39m\n     \u001b[90m 47 |\u001b[39m     expect(playlistItem)\u001b[33m.\u001b[39mtoBeInTheDocument()\u001b[33m;\u001b[39m\u001b[0m\n\n      at waitForWrapper (node_modules/@testing-library/dom/dist/wait-for.js:163:27)\n      at findByText (node_modules/@testing-library/dom/dist/query-helpers.js:86:33)\n      at Object.<anonymous> (src/__tests__/integration/EndToEndMixFlow.test.tsx:44:39)\n","name":"C:\\Users\\defir\\Documents\\fun_with_Copilot\\Kiro vibes\\src\\__tests__\\integration\\EndToEndMixFlow.test.tsx","startTime":1755672732469,"status":"failed","summary":""},{"assertionResults":[{"ancestorTitles":["SpotifyService - Retry/Retry-After regression (MSW)"],"failureMessages":["ApiError: An unexpected error occurred.\n    at ApiErrorHandler.classifyError (C:\\Users\\defir\\Documents\\fun_with_Copilot\\Kiro vibes\\src\\services\\apiErrorHandler.ts:370:12)\n    at ApiErrorHandler.withRetry (C:\\Users\\defir\\Documents\\fun_with_Copilot\\Kiro vibes\\src\\services\\apiErrorHandler.ts:395:31)\n    at Object.<anonymous> (C:\\Users\\defir\\Documents\\fun_with_Copilot\\Kiro vibes\\src\\services\\__tests__\\spotify.retry.msw.test.ts:62:20)"],"fullName":"SpotifyService - Retry/Retry-After regression (MSW) retries when server returns 429 with Retry-After and eventually succeeds","location":null,"status":"failed","title":"retries when server returns 429 with Retry-After and eventually succeeds"}],"endTime":1755672734985,"message":"  ● SpotifyService - Retry/Retry-After regression (MSW) › retries when server returns 429 with Retry-After and eventually succeeds\n\n    ApiError: An unexpected error occurred.\n\n    \u001b[0m \u001b[90m 368 |\u001b[39m     }\n     \u001b[90m 369 |\u001b[39m\n    \u001b[31m\u001b[1m>\u001b[22m\u001b[39m\u001b[90m 370 |\u001b[39m     \u001b[36mreturn\u001b[39m \u001b[36mnew\u001b[39m \u001b[33mApiError\u001b[39m(\u001b[33mERROR_TYPES\u001b[39m\u001b[33m.\u001b[39m\u001b[33mUNKNOWN\u001b[39m\u001b[33m,\u001b[39m error\u001b[33m,\u001b[39m context)\u001b[33m;\u001b[39m\n     \u001b[90m     |\u001b[39m            \u001b[31m\u001b[1m^\u001b[22m\u001b[39m\n     \u001b[90m 371 |\u001b[39m   }\n     \u001b[90m 372 |\u001b[39m\n     \u001b[90m 373 |\u001b[39m   \u001b[90m/**\u001b[39m\u001b[0m\n\n      at ApiErrorHandler.classifyError (src/services/apiErrorHandler.ts:370:12)\n      at ApiErrorHandler.withRetry (src/services/apiErro
[...]
ith correct number of tracks"},{"ancestorTitles":["Playlist Mixer Orchestrator","mixPlaylists"],"failureMessages":[],"fullName":"Playlist Mixer Orchestrator mixPlaylists should respect playlist ratios","location":null,"status":"passed","title":"should respect playlist ratios"},{"ancestorTitles":["Playlist Mixer Orchestrator","mixPlaylists"],"failureMessages":[],"fullName":"Playlist Mixer Orchestrator mixPlaylists should return empty array for invalid inputs","location":null,"status":"passed","title":"should return empty array for invalid inputs"},{"ancestorTitles":["Playlist Mixer Orchestrator","mixPlaylists"],"failureMessages":[],"fullName":"Playlist Mixer Orchestrator mixPlaylists should handle different popularity strategies","location":null,"status":"passed","title":"should handle different popularity strategies"},{"ancestorTitles":["Playlist Mixer Orchestrator","mixPlaylists"],"failureMessages":[],"fullName":"Playlist Mixer Orchestrator mixPlaylists should handle useAllSongs option","location":null,"status":"passed","title":"should handle useAllSongs option"},{"ancestorTitles":["Playlist Mixer Orchestrator","mixPlaylists"],"failureMessages":[],"fullName":"Playlist Mixer Orchestrator mixPlaylists should handle time-based weighting","location":null,"status":"passed","title":"should handle time-based weighting"}],"endTime":1755672754291,"message":"","name":"C:\\Users\\defir\\Documents\\fun_with_Copilot\\Kiro vibes\\src\\utils\\mixer\\__tests__\\playlistMixer.test.ts","startTime":1755672754226,"status":"passed","summary":""},{"assertionResults":[{"ancestorTitles":["normalizeError / getDisplayErrorWithLabel"],"failureMessages":[],"fullName":"normalizeError / getDisplayErrorWithLabel handles string errors","location":null,"status":"passed","title":"handles string errors"},{"ancestorTitles":["normalizeError / getDisplayErrorWithLabel"],"failureMessages":[],"fullName":"normalizeError / getDisplayErrorWithLabel handles Error instances","location":null,"status":"passed","title":"handles Error instances"},{"ancestorTitles":["normalizeError / getDisplayErrorWithLabel"],"failureMessages":[],"fullName":"normalizeError / getDisplayErrorWithLabel handles ApiError instances and preserves title/suggestions","location":null,"status":"passed","title":"handles ApiError instances and preserves title/suggestions"},{"ancestorTitles":["normalizeError / getDisplayErrorWithLabel"],"failureMessages":[],"fullName":"normalizeError / getDisplayErrorWithLabel stringifies unknown objects","location":null,"status":"passed","title":"stringifies unknown objects"}],"endTime":1755672754358,"message":"","name":"C:\\Users\\defir\\Documents\\fun_with_Copilot\\Kiro vibes\\src\\utils\\__tests__\\normalizeError.test.ts","startTime":1755672754300,"status":"passed","summary":""},{"assertionResults":[{"ancestorTitles":["SpotifyService validation errors"],"failureMessages":[],"fullName":"SpotifyService validation errors throws ApiError when constructed without accessToken","location":null,"status":"passed","title":"throws ApiError when constructed without accessToken"},{"ancestorTitles":["SpotifyService validation errors"],"failureMessages":[],"fullName":"SpotifyService validation errors searchTracks validation throws ApiError for empty query","location":null,"status":"passed","title":"searchTracks validation throws ApiError for empty query"},{"ancestorTitles":["SpotifyService validation errors"],"failureMessages":[],"fullName":"SpotifyService validation errors addTracksToPlaylist validation throws ApiError for empty uris","location":null,"status":"passed","title":"addTracksToPlaylist validation throws ApiError for empty uris"}],"endTime":1755672754431,"message":"","name":"C:\\Users\\defir\\Documents\\fun_with_Copilot\\Kiro vibes\\src\\services\\__tests__\\spotify.validation.test.ts","startTime":1755672754364,"status":"passed","summary":""},{"assertionResults":[{"ancestorTitles":["mixingStrategies development logging and fallback coverage"],"failureMessages":[],"fullName":"mixingStrategies development logging and fallback coverage development logs are called across strategies","location":null,"status":"passed","title":"development logs are called across strategies"},{"ancestorTitles":["mixingStrategies development logging and fallback coverage"],"failureMessages":[],"fullName":"mixingStrategies development logging and fallback coverage addFallbackTracks returns original when no fallback available","location":null,"status":"passed","title":"addFallbackTracks returns original when no fallback available"},{"ancestorTitles":["mixingStrategies development logging and fallback coverage"],"failureMessages":[],"fullName":"mixingStrategies development logging and fallback coverage strategy manager getAllStrategies returns non-empty list","location":null,"status":"passed","title":"strategy manager getAllStrategies returns non-empty list"}],"endTime":1755672754493,"message":"","name":"C:\\Users\\defir\\Documents\\fun_with_Copilot\\Kiro vibes\\src\\utils\\mixer\\__tests__\\mixingStrategies.logging.test.ts","startTime":1755672754437,"status":"passed","summary":""},{"assertionResults":[{"ancestorTitles":["mixingStrategies branches"],"failureMessages":[],"fullName":"mixingStrategies branches MixedStrategy returns combined arrays","location":null,"status":"passed","title":"MixedStrategy returns combined arrays"},{"ancestorTitles":["mixingStrategies branches"],"failureMessages":[],"fullName":"mixingStrategies branches FrontLoaded strategy changes pools by position and uses fallback","location":null,"status":"passed","title":"FrontLoaded strategy changes pools by position and uses fallback"},{"ancestorTitles":["mixingStrategies branches"],"failureMessages":[],"fullName":"mixingStrategies branches MidPeak strategy covers all ranges","location":null,"status":"passed","title":"MidPeak strategy covers all ranges"},{"ancestorTitles":["mixingStrategies branches"],"failureMessages":[],"fullName":"mixingStrategies branches Crescendo strategy covers ranges and fallback","location":null,"status":"passed","title":"Crescendo strategy covers ranges and fallback"},{"ancestorTitles":["mixingStrategies branches"],"failureMessages":[],"fullName":"mixingStrategies branches Strategy manager fallback for unknown strategy","location":null,"status":"passed","title":"Strategy manager fallback for unknown strategy"},{"ancestorTitles":["mixingStrategies branches"],"failureMessages":[],"fullName":"mixingStrategies branches addFallbackTracks returns all tracks when strategy empty","location":null,"status":"passed","title":"addFallbackTracks returns all tracks when strategy empty"}],"endTime":1755672754558,"message":"","name":"C:\\Users\\defir\\Documents\\fun_with_Copilot\\Kiro vibes\\src\\utils\\mixer\\__tests__\\mixingStrategies.edgecases.test.ts","startTime":1755672754498,"status":"passed","summary":""},{"assertionResults":[{"ancestorTitles":["SpotifyService - service level behaviors"],"failureMessages":[],"fullName":"SpotifyService - service level behaviors searchTracks returns filtered tracks for valid query","location":null,"status":"passed","title":"searchTracks returns filtered tracks for valid query"},{"ancestorTitles":["SpotifyService - service level behaviors"],"failureMessages":[],"fullName":"SpotifyService - service level behaviors searchTracks throws on empty query","location":null,"status":"passed","title":"searchTracks throws on empty query"},{"ancestorTitles":["SpotifyService - service level behaviors"],"failureMessages":[],"fullName":"SpotifyService - service level behaviors getPlaylistTracks paginates and returns tracks","location":null,"status":"passed","title":"getPlaylistTracks paginates and returns tracks"},{"ancestorTitles":["SpotifyService - service level behaviors"],"failureMessages":[],"fullName":"SpotifyService - service level behaviors handles 429 rate-limit by surfacing an error via withRetry","location":null,"status":"passed","title":"handles 429 rate-limit by surfacing an error via withRetry"},{"ancestorTitles":["SpotifyService - service level behaviors"],"failureMessages":[],"fullName":"SpotifyService - service level behaviors handles 401 auth expiry by surfacing an error","location":null,"status":"passed","title":"handles 401 auth expiry by surfacing an error"}],"endTime":1755672754629,"message":"","name":"C:\\Users\\defir\\Documents\\fun_with_Copilot\\Kiro vibes\\src\\services\\__tests__\\spotify.service.test.ts","startTime":1755672754564,"status":"passed","summary":""},{"assertionResults":[{"ancestorTitles":["ApiError"],"failureMessages":[],"fullName":"ApiError creates an error with correct properties","location":null,"status":"passed","title":"creates an error with correct properties"},{"ancestorTitles":["ApiError"],"failureMessages":[],"fullName":"ApiError calculates retry delay correctly","location":null,"status":"passed","title":"calculates retry delay correctly"},{"ancestorTitles":["ApiError"],"failureMessages":[],"fullName":"ApiError determines retry eligibility correctly","location":null,"status":"passed","title":"determines retry eligibility correctly"},{"ancestorTitles":["ApiError"],"failureMessages":[],"fullName":"ApiError serializes to JSON correctly","location":null,"status":"passed","title":"serializes to JSON correctly"},{"ancestorTitles":["ApiErrorHandler","classifyError"],"failureMessages":[],"fullName":"ApiErrorHandler classifyError classifies network errors correctly","location":null,"status":"passed","title":"classifies network errors correctly"},{"ancestorTitles":["ApiErrorHandler","classifyError"],"failureMessages":[],"fullName":"ApiErrorHandler classifyError classifies HTTP status errors correctly","location":null,"status":"passed","title":"classifies HTTP status errors correctly"},{"ancestorTitles":["ApiErrorHandler","classifyError"],"failureMessages":[],"fullName":"ApiErrorHandler classifyError classifies rate limit errors correctly","location":null,"status":"passed","title":"classifies rate limit errors correctly"},{"ancestorTitles":["ApiErrorHandler","classifyError"],"failureMessages":[],"fullName":"ApiErrorHandler classifyError classifies timeout errors correctly","location":null,"status":"passed","title":"classifies timeout errors correctly"},{"ancestorTitles":["ApiErrorHandler","classifyError"],"failureMessages":[],"fullName":"ApiErrorHandler classifyError falls back to unknown error type","location":null,"status":"passed","title":"falls back to unknown error type"},{"ancestorTitles":["ApiErrorHandler","handleError"],"failureMessages":[],"fullName":"ApiErrorHandler handleError calls onError callback with classified error","location":null,"status":"passed","title":"calls onError callback with classified error"}],"endTime":1755672754699,"message":"","name":"C:\\Users\\defir\\Documents\\fun_with_Copilot\\Kiro vibes\\src\\services\\__tests__\\apiErrorHandler.test.ts","startTime":1755672754638,"status":"passed","summary":""},{"assertionResults":[{"ancestorTitles":["ApiErrorHandler - Batch I (classification, retry config, wrappers)"],"failureMessages":[],"fullName":"ApiErrorHandler - Batch I (classification, retry config, wrappers) classifyError maps HTTP statuses to correct types","location":null,"status":"passed","title":"classifyError maps HTTP statuses to correct types"},{"ancestorTitles":["ApiErrorHandler - Batch I (classification, retry config, wrappers)"],"failureMessages":[],"fullName":"ApiErrorHandler - Batch I (classification, retry config, wrappers) getRetryDelay exponential behavior and shouldRetry boundaries","location":null,"status":"passed","title":"getRetryDelay exponential behavior and shouldRetry boundaries"},{"ancestorTitles":["ApiErrorHandler - Batch I (classification, retry config, wrappers)"],"failureMessages":[],"fullName":"ApiErrorHandler - Batch I (classification, retry config, wrappers) wrapApiCall handles errors via handler and rethrows ApiError","location":null,"status":"passed","title":"wrapApiCall handles errors via handler and rethrows ApiError"},{"ancestorTitles":["ApiErrorHandler - Batch I (classification, retry config, wrappers)"],"failureMessages":[],"fullName":"ApiErrorHandler - Batch I (classification, retry config, wrappers) wrapApiCallWithRetry retries and eventually fails if non-retryable","location":null,"status":"passed","title":"wrapApiCallWithRetry retries and eventually fails if non-retryable"}],"endTime":1755672754760,"message":"","name":"C:\\Users\\defir\\Documents\\fun_with_Copilot\\Kiro vibes\\src\\services\\__tests__\\spotify.batchI.test.ts","startTime":1755672754702,"status":"passed","summary":""},{"assertionResults":[{"ancestorTitles":["mixerUtils edge cases"],"failureMessages":[],"fullName":"mixerUtils edge cases safeObjectKeys returns [] for non-object","location":null,"status":"passed","title":"safeObjectKeys returns [] for non-object"},{"ancestorTitles":["mixerUtils edge cases"],"failureMessages":[],"fullName":"mixerUtils edge cases calculateTotalDuration handles non-array input and invalid tracks","location":null,"status":"passed","title":"calculateTotalDuration handles non-array input and invalid tracks"},{"ancestorTitles":["mixerUtils edge cases"],"failureMessages":[],"fullName":"mixerUtils edge cases cleanPlaylistTracks normalizes different playlist shapes","location":null,"status":"passed","title":"cleanPlaylistTracks normalizes different playlist shapes"},{"ancestorTitles":["mixerUtils edge cases"],"failureMessages":[],"fullName":"mixerUtils edge cases formatDuration handles invalid and valid inputs","location":null,"status":"passed","title":"formatDuration handles invalid and valid inputs"},{"ancestorTitles":["mixerUtils edge cases"],"failureMessages":[],"fullName":"mixerUtils edge cases logDebugInfo only logs in development","location":null,"status":"passed","title":"logDebugInfo only logs in development"}],"endTime":1755672754824,"message":"","name":"C:\\Users\\defir\\Documents\\fun_with_Copilot\\Kiro vibes\\src\\utils\\mixer\\__tests__\\mixerUtils.edgecases.test.ts","startTime":1755672754765,"status":"passed","summary":""},{"assertionResults":[{"ancestorTitles":["Mixer Utils Integration"],"failureMessages":[],"fullName":"Mixer Utils Integration should export all required utility functions","location":null,"status":"passed","title":"should export all required utility functions"},{"ancestorTitles":["Mixer Utils Integration"],"failureMessages":[],"fullName":"Mixer Utils Integration should work together in a realistic scenario","location":null,"status":"passed","title":"should work together in a realistic scenario"}],"endTime":1755672754887,"message":"","name":"C:\\Users\\defir\\Documents\\fun_with_Copilot\\Kiro vibes\\src\\utils\\mixer\\__tests__\\integration.test.ts","startTime":1755672754829,"status":"passed","summary":""},{"assertionResults":[{"ancestorTitles":["buildAddRequestBody"],"failureMessages":[],"fullName":"buildAddRequestBody filters invalid uris and builds body","location":null,"status":"passed","title":"filters invalid uris and builds body"},{"ancestorTitles":["buildAddRequestBody"],"failureMessages":[],"fullName":"buildAddRequestBody handles empty list","location":null,"status":"passed","title":"handles empty list"},{"ancestorTitles":["buildAddRequestBody"],"failureMessages":[],"fullName":"buildAddRequestBody includes snapshot_id when provided","location":null,"status":"passed","title":"includes snapshot_id when provided"}],"endTime":1755672754951,"message":"","name":"C:\\Users\\defir\\Documents\\fun_with_Copilot\\Kiro vibes\\src\\services\\_helpers\\requestBody.test.ts","startTime":1755672754897,"status":"passed","summary":""},{"assertionResults":[{"ancestorTitles":["normalizeApiError"],"failureMessages":[],"fullName":"normalizeApiError classifies network errors","location":null,"status":"passed","title":"classifies network errors"},{"ancestorTitles":["normalizeApiError"],"failureMessages":[],"fullName":"normalizeApiError classifies 401","location":null,"status":"passed","title":"classifies 401"},{"ancestorTitles":["normalizeApiError"],"failureMessages":[],"fullName":"normalizeApiError classifies 429 with Retry-After","location":null,"status":"passed","title":"classifies 429 with Retry-After"},{"ancestorTitles":["normalizeApiError"],"failureMessages":[],"fullName":"normalizeApiError classifies 500 as server error","location":null,"status":"passed","title":"classifies 500 as server error"},{"ancestorTitles":["normalizeApiError"],"failureMessages":[],"fullName":"normalizeApiError falls back to message for unknown object","location":null,"status":"passed","title":"falls back to message for unknown object"}],"endTime":1755672755026,"message":"","name":"C:\\Users\\defir\\Documents\\fun_with_Copilot\\Kiro vibes\\src\\services\\_helpers\\errorNormalizer.test.ts","startTime":1755672754960,"status":"passed","summary":""},{"assertionResults":[{"ancestorTitles":["mixingCalculations edge cases"],"failureMessages":[],"fullName":"mixingCalculations edge cases calculateTargetCounts uses time-based path when weightType=time","location":null,"status":"passed","title":"calculateTargetCounts uses time-based path when weightType=time"},{"ancestorTitles":["mixingCalculations edge cases"],"failureMessages":[],"fullName":"mixingCalculations edge cases calculateTargetCounts uses frequency-based path when no time weighting","location":null,"status":"passed","title":"calculateTargetCounts uses frequency-based path when no time weighting"},{"ancestorTitles":["mixingCalculations edge cases"],"failureMessages":[],"fullName":"mixingCalculations edge cases shouldContinueMixing respects useTimeLimit and totalSongs","location":null,"status":"passed","title":"shouldContinueMixing respects useTimeLimit and totalSongs"},{"ancestorTitles":["mixingCalculations edge cases"],"failureMessages":[],"fullName":"mixingCalculations edge cases shouldStopDueToExhaustion stops appropriately","location":null,"status":"passed","title":"shouldStopDueToExhaustion stops appropriately"}],"endTime":1755672755089,"message":"","name":"C:\\Users\\defir\\Documents\\fun_with_Copilot\\Kiro vibes\\src\\utils\\mixer\\__tests__\\mixingCalculations.edgecases.test.ts","startTime":1755672755032,"status":"passed","summary":""},{"assertionResults":[{"ancestorTitles":["Mixer output invariants"],"failureMessages":[],"fullName":"Mixer output invariants output respects total track count and no duplicates","location":null,"status":"passed","title":"output respects total track count and no duplicates"}],"endTime":1755672755152,"message":"","name":"C:\\Users\\defir\\Documents\\fun_with_Copilot\\Kiro vibes\\src\\__tests__\\integration\\MixerOutputDeterminism.test.ts","startTime":1755672755094,"status":"passed","summary":""},{"assertionResults":[{"ancestorTitles":[],"failureMessages":[],"fullName":"__setup_integration_noop","location":null,"status":"passed","title":"__setup_integration_noop"}],"endTime":1755672755211,"message":"","name":"C:\\Users\\defir\\Documents\\fun_with_Copilot\\Kiro vibes\\src\\__tests__\\setupIntegrationTests.ts","startTime":1755672755157,"status":"passed","summary":""},{"assertionResults":[{"ancestorTitles":["paginate"],"failureMessages":[],"fullName":"paginate yields items across pages","location":null,"status":"passed","title":"yields items across pages"},{"ancestorTitles":["paginate"],"failureMessages":[],"fullName":"paginate throws on malformed page","location":null,"status":"passed","title":"throws on malformed page"}],"endTime":1755672755279,"message":"","name":"C:\\Users\\defir\\Documents\\fun_with_Copilot\\Kiro vibes\\src\\services\\_helpers\\pagination.test.ts","startTime":1755672755216,"status":"passed","summary":""},{"assertionResults":[{"ancestorTitles":[],"failureMessages":[],"fullName":"fixtures helper - noop","location":null,"status":"passed","title":"fixtures helper - noop"}],"endTime":1755672755334,"message":"","name":"C:\\Users\\defir\\Documents\\fun_with_Copilot\\Kiro vibes\\src\\utils\\mixer\\__tests__\\fixtures.ts","startTime":1755672755284,"status":"passed","summary":""}],"wasInterrupted":false}