<?xml version="1.0" encoding="UTF-8"?>
<coverage generated="1755853516972" clover="3.2.0">
  <project timestamp="1755853516972" name="All files">
    <metrics statements="96" coveredstatements="93" conditionals="74" coveredconditionals="67" methods="19" coveredmethods="17" elements="189" coveredelements="177" complexity="0" loc="96" ncloc="96" packages="1" files="1" classes="1"/>
    <file name="apiErrorHandler.ts" path="C:\Users\defir\Documents\fun_with_Copilot\Kiro vibes\src\services\apiErrorHandler.ts">
      <metrics statements="96" coveredstatements="93" conditionals="74" coveredconditionals="67" methods="19" coveredmethods="17"/>
      <line num="13" count="1" type="stmt"/>
      <line num="74" count="1" type="stmt"/>
      <line num="114" count="1" type="stmt"/>
      <line num="202" count="37" type="stmt"/>
      <line num="220" count="37" type="cond" truecount="1" falsecount="1"/>
      <line num="221" count="37" type="stmt"/>
      <line num="223" count="37" type="stmt"/>
      <line num="224" count="37" type="stmt"/>
      <line num="225" count="37" type="stmt"/>
      <line num="226" count="37" type="stmt"/>
      <line num="227" count="37" type="stmt"/>
      <line num="228" count="37" type="stmt"/>
      <line num="229" count="37" type="stmt"/>
      <line num="233" count="37" type="cond" truecount="2" falsecount="0"/>
      <line num="234" count="1" type="stmt"/>
      <line num="235" count="1" type="stmt"/>
      <line num="236" count="1" type="stmt"/>
      <line num="237" count="36" type="cond" truecount="2" falsecount="0"/>
      <line num="239" count="21" type="stmt"/>
      <line num="240" count="21" type="stmt"/>
      <line num="241" count="21" type="stmt"/>
      <line num="242" count="21" type="stmt"/>
      <line num="243" count="15" type="cond" truecount="2" falsecount="0"/>
      <line num="244" count="3" type="stmt"/>
      <line num="245" count="3" type="stmt"/>
      <line num="246" count="3" type="stmt"/>
      <line num="251" count="37" type="cond" truecount="2" falsecount="0"/>
      <line num="258" count="14" type="stmt"/>
      <line num="265" count="9" type="stmt"/>
      <line num="266" count="9" type="stmt"/>
      <line num="273" count="4" type="stmt"/>
      <line num="274" count="4" type="cond" truecount="2" falsecount="0"/>
      <line num="275" count="2" type="stmt"/>
      <line num="278" count="2" type="stmt"/>
      <line num="279" count="2" type="stmt"/>
      <line num="280" count="2" type="stmt"/>
      <line num="287" count="2" type="stmt"/>
      <line num="308" count="13" type="stmt"/>
      <line num="311" count="13" type="cond" truecount="2" falsecount="0"/>
      <line num="312" count="13" type="stmt"/>
      <line num="318" count="13" type="stmt"/>
      <line num="319" count="4" type="cond" truecount="2" falsecount="0"/>
      <line num="320" count="1" type="stmt"/>
      <line num="334" count="31" type="stmt"/>
      <line num="336" count="31" type="cond" truecount="2" falsecount="0"/>
      <line num="339" count="31" type="cond" truecount="2" falsecount="0"/>
      <line num="344" count="1" type="stmt"/>
      <line num="348" count="30" type="cond" truecount="2" falsecount="0"/>
      <line num="352" count="2" type="stmt"/>
      <line num="361" count="28" type="cond" truecount="2" falsecount="0"/>
      <line num="367" count="6" type="cond" truecount="2" falsecount="0"/>
      <line num="368" count="3" type="stmt"/>
      <line num="369" count="3" type="cond" truecount="3" falsecount="1"/>
      <line num="370" count="3" type="cond" truecount="2" falsecount="0"/>
      <line num="372" count="2" type="stmt"/>
      <line num="377" count="2" type="stmt"/>
      <line num="383" count="6" type="stmt"/>
      <line num="387" count="22" type="cond" truecount="4" falsecount="0"/>
      <line num="388" count="20" type="stmt"/>
      <line num="390" count="20" type="cond" truecount="10" falsecount="0"/>
      <line num="392" count="1" type="stmt"/>
      <line num="394" count="1" type="stmt"/>
      <line num="396" count="2" type="stmt"/>
      <line num="398" count="3" type="stmt"/>
      <line num="400" count="1" type="stmt"/>
      <line num="405" count="11" type="stmt"/>
      <line num="407" count="1" type="stmt"/>
      <line num="411" count="2" type="stmt"/>
      <line num="418" count="5" type="stmt"/>
      <line num="419" count="5" type="stmt"/>
      <line num="420" count="5" type="stmt"/>
      <line num="430" count="4" type="stmt"/>
      <line num="432" count="4" type="stmt"/>
      <line num="433" count="8" type="stmt"/>
      <line num="434" count="8" type="stmt"/>
      <line num="436" count="6" type="stmt"/>
      <line num="441" count="6" type="cond" truecount="2" falsecount="0"/>
      <line num="442" count="2" type="stmt"/>
      <line num="443" count="2" type="stmt"/>
      <line num="446" count="4" type="stmt"/>
      <line num="448" count="4" type="cond" truecount="1" falsecount="1"/>
      <line num="449" count="0" type="stmt"/>
      <line num="455" count="4" type="stmt"/>
      <line num="456" count="4" type="stmt"/>
      <line num="468" count="1" type="stmt"/>
      <line num="469" count="1" type="stmt"/>
      <line num="470" count="1" type="stmt"/>
      <line num="472" count="1" type="stmt"/>
      <line num="473" count="1" type="stmt"/>
      <line num="485" count="1" type="stmt"/>
      <line num="486" count="2" type="stmt"/>
      <line num="494" count="1" type="stmt"/>
      <line num="499" count="1" type="stmt"/>
      <line num="503" count="0" type="stmt"/>
      <line num="509" count="1" type="stmt"/>
      <line num="513" count="0" type="stmt"/>
    </file>
  </project>
</coverage>
