{"C:\\Users\\defir\\Documents\\fun_with_Copilot\\Kiro vibes\\src\\services\\apiErrorHandler.ts": {"path":"C:\\Users\\defir\\Documents\\fun_with_Copilot\\Kiro vibes\\src\\services\\apiErrorHandler.ts","statementMap":{"0":{"start":{"line":13,"column":27},"end":{"line":23,"column":10}},"1":{"start":{"line":74,"column":53},"end":{"line":104,"column":1}},"2":{"start":{"line":114,"column":56},"end":{"line":196,"column":1}},"3":{"start":{"line":202,"column":25},"end":{"line":202,"column":35}},"4":{"start":{"line":220,"column":6},"end":{"line":220,"column":65}},"5":{"start":{"line":221,"column":4},"end":{"line":221,"column":29}},"6":{"start":{"line":223,"column":4},"end":{"line":223,"column":21}},"7":{"start":{"line":224,"column":4},"end":{"line":224,"column":33}},"8":{"start":{"line":225,"column":4},"end":{"line":225,"column":45}},"9":{"start":{"line":226,"column":4},"end":{"line":226,"column":39}},"10":{"start":{"line":227,"column":4},"end":{"line":227,"column":27}},"11":{"start":{"line":228,"column":4},"end":{"line":228,"column":46}},"12":{"start":{"line":229,"column":4},"end":{"line":229,"column":55}},"13":{"start":{"line":233,"column":4},"end":{"line":247,"column":5}},"14":{"start":{"line":234,"column":6},"end":{"line":234,"column":51}},"15":{"start":{"line":235,"column":6},"end":{"line":235,"column":59}},"16":{"start":{"line":236,"column":6},"end":{"line":236,"column":47}},"17":{"start":{"line":237,"column":11},"end":{"line":247,"column":5}},"18":{"start":{"line":239,"column":19},"end":{"line":239,"column":50}},"19":{"start":{"line":240,"column":6},"end":{"line":240,"column":33}},"20":{"start":{"line":241,"column":6},"end":{"line":241,"column":41}},"21":{"start":{"line":242,"column":6},"end":{"line":242,"column":29}},"22":{"start":{"line":243,"column":11},"end":{"line":247,"column":5}},"23":{"start":{"line":244,"column":6},"end":{"line":244,"column":50}},"24":{"start":{"line":245,"column":6},"end":{"line":245,"column":58}},"25":{"start":{"line":246,"column":6},"end":{"line":246,"column":46}},"26":{"start":{"line":251,"column":4},"end":{"line":251,"column":52}},"27":{"start":{"line":258,"column":4},"end":{"line":258,"column":35}},"28":{"start":{"line":265,"column":19},"end":{"line":265,"column":40}},"29":{"start":{"line":266,"column":4},"end":{"line":266,"column":45}},"30":{"start":{"line":273,"column":19},"end":{"line":273,"column":40}},"31":{"start":{"line":274,"column":4},"end":{"line":276,"column":5}},"32":{"start":{"line":275,"column":6},"end":{"line":275,"column":30}},"33":{"start":{"line":278,"column":18},"end":{"line":278,"column":63}},"34":{"start":{"line":279,"column":19},"end":{"line":279,"column":46}},"35":{"start":{"line":280,"column":4},"end":{"line":280,"column":26}},"36":{"start":{"line":287,"column":4},"end":{"line":298,"column":6}},"37":{"start":{"line":308,"column":47},"end":{"line":308,"column":56}},"38":{"start":{"line":311,"column":4},"end":{"line":311,"column":63}},"39":{"start":{"line":312,"column":4},"end":{"line":312,"column":57}},"40":{"start":{"line":318,"column":32},"end":{"line":322,"column":3}},"41":{"start":{"line":319,"column":4},"end":{"line":321,"column":5}},"42":{"start":{"line":320,"column":6},"end":{"line":320,"column":50}},"43":{"start":{"line":334,"column":24},"end":{"line":334,"column":36}},"44":{"start":{"line":336,"column":6},"end":{"line":336,"column":63}},"45":{"start":{"line":339,"column":4},"end":{"line":345,"column":5}},"46":{"start":{"line":344,"column":6},"end":{"line":344,"column":63}},"47":{"start":{"line":348,"column":4},"end":{"line":353,"column":5}},"48":{"start":{"line":352,"column":6},"end":{"line":352,"column":63}},"49":{"start":{"line":361,"column":4},"end":{"line":384,"column":5}},"50":{"start":{"line":367,"column":6},"end":{"line":382,"column":7}},"51":{"start":{"line":368,"column":8},"end":{"line":381,"column":9}},"52":{"start":{"line":369,"column":22},"end":{"line":369,"column":75}},"53":{"start":{"line":370,"column":10},"end":{"line":378,"column":11}},"54":{"start":{"line":372,"column":12},"end":{"line":376,"column":15}},"55":{"start":{"line":377,"column":12},"end":{"line":377,"column":48}},"56":{"start":{"line":383,"column":6},"end":{"line":383,"column":63}},"57":{"start":{"line":387,"column":4},"end":{"line":409,"column":5}},"58":{"start":{"line":388,"column":21},"end":{"line":388,"column":42}},"59":{"start":{"line":390,"column":6},"end":{"line":408,"column":7}},"60":{"start":{"line":392,"column":10},"end":{"line":392,"column":74}},"61":{"start":{"line":394,"column":10},"end":{"line":394,"column":73}},"62":{"start":{"line":396,"column":10},"end":{"line":396,"column":69}},"63":{"start":{"line":398,"column":10},"end":{"line":398,"column":71}},"64":{"start":{"line":400,"column":10},"end":{"line":400,"column":70}},"65":{"start":{"line":405,"column":10},"end":{"line":405,"column":72}},"66":{"start":{"line":407,"column":10},"end":{"line":407,"column":67}},"67":{"start":{"line":411,"column":4},"end":{"line":411,"column":61}},"68":{"start":{"line":418,"column":21},"end":{"line":418,"column":55}},"69":{"start":{"line":419,"column":4},"end":{"line":419,"column":27}},"70":{"start":{"line":420,"column":4},"end":{"line":420,"column":20}},"71":{"start":{"line":430,"column":24},"end":{"line":430,"column":25}},"72":{"start":{"line":432,"column":4},"end":{"line":458,"column":5}},"73":{"start":{"line":433,"column":6},"end":{"line":457,"column":7}},"74":{"start":{"line":434,"column":8},"end":{"line":434,"column":31}},"75":{"start":{"line":436,"column":25},"end":{"line":439,"column":10}},"76":{"start":{"line":441,"column":8},"end":{"line":444,"column":9}},"77":{"start":{"line":442,"column":10},"end":{"line":442,"column":46}},"78":{"start":{"line":443,"column":10},"end":{"line":443,"column":25}},"79":{"start":{"line":446,"column":22},"end":{"line":446,"column":59}},"80":{"start":{"line":448,"column":8},"end":{"line":453,"column":9}},"81":{"start":{"line":449,"column":10},"end":{"line":452,"column":12}},"82":{"start":{"line":455,"column":8},"end":{"line":455,"column":65}},"83":{"start":{"line":455,"column":37},"end":{"line":455,"column":63}},"84":{"start":{"line":456,"column":8},"end":{"line":456,"column":24}},"85":{"start":{"line":468,"column":4},"end":{"line":475,"column":6}},"86":{"start":{"line":469,"column":6},"end":{"line":474,"column":7}},"87":{"start":{"line":470,"column":8},"end":{"line":470,"column":38}},"88":{"start":{"line":472,"column":25},"end":{"line":472,"column":79}},"89":{"start":{"line":473,"column":8},"end":{"line":473,"column":23}},"90":{"start":{"line":485,"column":4},"end":{"line":487,"column":6}},"91":{"start":{"line":486,"column":6},"end":{"line":486,"column":61}},"92":{"start":{"line":486,"column":34},"end":{"line":486,"column":50}},"93":{"start":{"line":494,"column":38},"end":{"line":494,"column":59}},"94":{"start":{"line":499,"column":30},"end":{"line":504,"column":1}},"95":{"start":{"line":503,"column":2},"end":{"line":503,"column":60}},"96":{"start":{"line":509,"column":25},"end":{"line":514,"column":1}},"97":{"start":{"line":513,"column":2},"end":{"line":513,"column":60}}},"fnMap":{"0":{"name":"(anonymous_0)","decl":{"start":{"line":214,"column":2},"end":{"line":214,"column":3}},"loc":{"start":{"line":218,"column":4},"end":{"line":248,"column":3}},"line":218},"1":{"name":"(anonymous_1)","decl":{"start":{"line":250,"column":2},"end":{"line":250,"column":3}},"loc":{"start":{"line":250,"column":71},"end":{"line":252,"column":3}},"line":250},"2":{"name":"(anonymous_2)","decl":{"start":{"line":257,"column":2},"end":{"line":257,"column":3}},"loc":{"start":{"line":257,"column":32},"end":{"line":259,"column":3}},"line":257},"3":{"name":"(anonymous_3)","decl":{"start":{"line":264,"column":2},"end":{"line":264,"column":3}},"loc":{"start":{"line":264,"column":50},"end":{"line":267,"column":3}},"line":264},"4":{"name":"(anonymous_4)","decl":{"start":{"line":272,"column":2},"end":{"line":272,"column":3}},"loc":{"start":{"line":272,"column":51},"end":{"line":281,"column":3}},"line":272},"5":{"name":"(anonymous_5)","decl":{"start":{"line":286,"column":2},"end":{"line":286,"column":3}},"loc":{"start":{"line":286,"column":32},"end":{"line":299,"column":3}},"line":286},"6":{"name":"(anonymous_6)","decl":{"start":{"line":310,"column":2},"end":{"line":310,"column":3}},"loc":{"start":{"line":310,"column":52},"end":{"line":313,"column":3}},"line":310},"7":{"name":"(anonymous_7)","decl":{"start":{"line":318,"column":32},"end":{"line":318,"column":33}},"loc":{"start":{"line":318,"column":59},"end":{"line":322,"column":3}},"line":318},"8":{"name":"(anonymous_8)","decl":{"start":{"line":327,"column":2},"end":{"line":327,"column":3}},"loc":{"start":{"line":330,"column":14},"end":{"line":412,"column":3}},"line":330},"9":{"name":"(anonymous_9)","decl":{"start":{"line":417,"column":2},"end":{"line":417,"column":3}},"loc":{"start":{"line":417,"column":79},"end":{"line":421,"column":3}},"line":417},"10":{"name":"(anonymous_10)","decl":{"start":{"line":426,"column":2},"end":{"line":426,"column":3}},"loc":{"start":{"line":429,"column":16},"end":{"line":459,"column":3}},"line":429},"11":{"name":"(anonymous_11)","decl":{"start":{"line":455,"column":26},"end":{"line":455,"column":27}},"loc":{"start":{"line":455,"column":37},"end":{"line":455,"column":63}},"line":455},"12":{"name":"(anonymous_12)","decl":{"start":{"line":464,"column":2},"end":{"line":464,"column":3}},"loc":{"start":{"line":467,"column":24},"end":{"line":476,"column":3}},"line":467},"13":{"name":"(anonymous_13)","decl":{"start":{"line":468,"column":11},"end":{"line":468,"column":12}},"loc":{"start":{"line":468,"column":49},"end":{"line":475,"column":5}},"line":468},"14":{"name":"(anonymous_14)","decl":{"start":{"line":481,"column":2},"end":{"line":481,"column":3}},"loc":{"start":{"line":484,"column":24},"end":{"line":488,"column":3}},"line":484},"15":{"name":"(anonymous_15)","decl":{"start":{"line":485,"column":11},"end":{"line":485,"column":12}},"loc":{"start":{"line":485,"column":49},"end":{"line":487,"column":5}},"line":485},"16":{"name":"(anonymous_16)","decl":{"start":{"line":486,"column":28},"end":{"line":486,"column":29}},"loc":{"start":{"line":486,"column":34},"end":{"line":486,"column":50}},"line":486},"17":{"name":"(anonymous_17)","decl":{"start":{"line":499,"column":30},"end":{"line":499,"column":31}},"loc":{"start":{"line":502,"column":15},"end":{"line":504,"column":1}},"line":502},"18":{"name":"(anonymous_18)","decl":{"start":{"line":509,"column":25},"end":{"line":509,"column":26}},"loc":{"start":{"line":512,"column":17},"end":{"line":514,"column":1}},"line":512}},"branchMap":{"0":{"loc":{"start":{"line":217,"column":4},"end":{"line":217,"column":30}},"type":"default-arg","locations":[{"start":{"line":217,"column":28},"end":{"line":217,"column":30}}],"line":217},"1":{"loc":{"start":{"line":220,"column":6},"end":{"line":220,"column":65}},"type":"binary-expr","locations":[{"start":{"line":220,"column":6},"end":{"line":220,"column":26}},{"start":{"line":220,"column":30},"end":{"line":220,"column":65}}],"line":220},"2":{"loc":{"start":{"line":233,"column":4},"end":{"line":247,"column":5}},"type":"if","locations":[{"start":{"line":233,"column":4},"end":{"line":247,"column":5}},{"start":{"line":237,"column":11},"end":{"line":247,"column":5}}],"line":233},"3":{"loc":{"start":{"line":237,"column":11},"end":{"line":247,"column":5}},"type":"if","locations":[{"start":{"line":237,"column":11},"end":{"line":247,"column":5}},{"start":{"line":243,"column":11},"end":{"line":247,"column":5}}],"line":237},"4":{"loc":{"start":{"line":243,"column":11},"end":{"line":247,"column":5}},"type":"if","locations":[{"start":{"line":243,"column":11},"end":{"line":247,"column":5}},{"start":{},"end":{}}],"line":243},"5":{"loc":{"start":{"line":251,"column":11},"end":{"line":251,"column":51}},"type":"binary-expr","locations":[{"start":{"line":251,"column":11},"end":{"line":251,"column":30}},{"start":{"line":251,"column":34},"end":{"line":251,"column":51}}],"line":251},"6":{"loc":{"start":{"line":264,"column":14},"end":{"line":264,"column":39}},"type":"default-arg","locations":[{"start":{"line":264,"column":38},"end":{"line":264,"column":39}}],"line":264},"7":{"loc":{"start":{"line":272,"column":16},"end":{"line":272,"column":41}},"type":"default-arg","locations":[{"start":{"line":272,"column":40},"end":{"line":272,"column":41}}],"line":272},"8":{"loc":{"start":{"line":274,"column":4},"end":{"line":276,"column":5}},"type":"if","locations":[{"start":{"line":274,"column":4},"end":{"line":276,"column":5}},{"start":{},"end":{}}],"line":274},"9":{"loc":{"start":{"line":310,"column":14},"end":{"line":310,"column":50}},"type":"default-arg","locations":[{"start":{"line":310,"column":48},"end":{"line":310,"column":50}}],"line":310},"10":{"loc":{"start":{"line":311,"column":19},"end":{"line":311,"column":62}},"type":"binary-expr","locations":[{"start":{"line":311,"column":19},"end":{"line":311,"column":34}},{"start":{"line":311,"column":38},"end":{"line":311,"column":62}}],"line":311},"11":{"loc":{"start":{"line":319,"column":4},"end":{"line":321,"column":5}},"type":"if","locations":[{"start":{"line":319,"column":4},"end":{"line":321,"column":5}},{"start":{},"end":{}}],"line":319},"12":{"loc":{"start":{"line":329,"column":4},"end":{"line":329,"column":30}},"type":"default-arg","locations":[{"start":{"line":329,"column":28},"end":{"line":329,"column":30}}],"line":329},"13":{"loc":{"start":{"line":336,"column":6},"end":{"line":336,"column":63}},"type":"cond-expr","locations":[{"start":{"line":336,"column":44},"end":{"line":336,"column":58}},{"start":{"line":336,"column":61},"end":{"line":336,"column":63}}],"line":336},"14":{"loc":{"start":{"line":339,"column":4},"end":{"line":345,"column":5}},"type":"if","locations":[{"start":{"line":339,"column":4},"end":{"line":345,"column":5}},{"start":{},"end":{}}],"line":339},"15":{"loc":{"start":{"line":340,"column":6},"end":{"line":342,"column":46}},"type":"binary-expr","locations":[{"start":{"line":340,"column":6},"end":{"line":340,"column":28}},{"start":{"line":341,"column":8},"end":{"line":341,"column":40}},{"start":{"line":341,"column":44},"end":{"line":341,"column":75}},{"start":{"line":342,"column":8},"end":{"line":342,"column":45}}],"line":340},"16":{"loc":{"start":{"line":348,"column":4},"end":{"line":353,"column":5}},"type":"if","locations":[{"start":{"line":348,"column":4},"end":{"line":353,"column":5}},{"start":{},"end":{}}],"line":348},"17":{"loc":{"start":{"line":349,"column":6},"end":{"line":350,"column":37}},"type":"binary-expr","locations":[{"start":{"line":349,"column":7},"end":{"line":349,"column":39}},{"start":{"line":349,"column":43},"end":{"line":349,"column":73}},{"start":{"line":350,"column":6},"end":{"line":350,"column":37}}],"line":349},"18":{"loc":{"start":{"line":361,"column":4},"end":{"line":384,"column":5}},"type":"if","locations":[{"start":{"line":361,"column":4},"end":{"line":384,"column":5}},{"start":{},"end":{}}],"line":361},"19":{"loc":{"start":{"line":362,"column":6},"end":{"line":365,"column":57}},"type":"binary-expr","locations":[{"start":{"line":362,"column":7},"end":{"line":362,"column":13}},{"start":{"line":362,"column":17},"end":{"line":362,"column":36}},{"start":{"line":362,"column":40},"end":{"line":362,"column":63}},{"start":{"line":363,"column":7},"end":{"line":363,"column":13}},{"start":{"line":364,"column":8},"end":{"line":364,"column":39}},{"start":{"line":365,"column":8},"end":{"line":365,"column":56}}],"line":362},"20":{"loc":{"start":{"line":367,"column":6},"end":{"line":382,"column":7}},"type":"if","locations":[{"start":{"line":367,"column":6},"end":{"line":382,"column":7}},{"start":{},"end":{}}],"line":367},"21":{"loc":{"start":{"line":369,"column":22},"end":{"line":369,"column":75}},"type":"cond-expr","locations":[{"start":{"line":369,"column":49},"end":{"line":369,"column":63}},{"start":{"line":369,"column":66},"end":{"line":369,"column":75}}],"line":369},"22":{"loc":{"start":{"line":369,"column":22},"end":{"line":369,"column":46}},"type":"binary-expr","locations":[{"start":{"line":369,"column":22},"end":{"line":369,"column":28}},{"start":{"line":369,"column":32},"end":{"line":369,"column":46}}],"line":369},"23":{"loc":{"start":{"line":370,"column":10},"end":{"line":378,"column":11}},"type":"if","locations":[{"start":{"line":370,"column":10},"end":{"line":378,"column":11}},{"start":{},"end":{}}],"line":370},"24":{"loc":{"start":{"line":387,"column":4},"end":{"line":409,"column":5}},"type":"if","locations":[{"start":{"line":387,"column":4},"end":{"line":409,"column":5}},{"start":{},"end":{}}],"line":387},"25":{"loc":{"start":{"line":387,"column":8},"end":{"line":387,"column":45}},"type":"binary-expr","locations":[{"start":{"line":387,"column":8},"end":{"line":387,"column":27}},{"start":{"line":387,"column":31},"end":{"line":387,"column":45}}],"line":387},"26":{"loc":{"start":{"line":390,"column":6},"end":{"line":408,"column":7}},"type":"switch","locations":[{"start":{"line":391,"column":8},"end":{"line":392,"column":74}},{"start":{"line":393,"column":8},"end":{"line":394,"column":73}},{"start":{"line":395,"column":8},"end":{"line":396,"column":69}},{"start":{"line":397,"column":8},"end":{"line":398,"column":71}},{"start":{"line":399,"column":8},"end":{"line":400,"column":70}},{"start":{"line":401,"column":8},"end":{"line":401,"column":17}},{"start":{"line":402,"column":8},"end":{"line":402,"column":17}},{"start":{"line":403,"column":8},"end":{"line":403,"column":17}},{"start":{"line":404,"column":8},"end":{"line":405,"column":72}},{"start":{"line":406,"column":8},"end":{"line":407,"column":67}}],"line":390},"27":{"loc":{"start":{"line":417,"column":41},"end":{"line":417,"column":67}},"type":"default-arg","locations":[{"start":{"line":417,"column":65},"end":{"line":417,"column":67}}],"line":417},"28":{"loc":{"start":{"line":428,"column":4},"end":{"line":428,"column":30}},"type":"default-arg","locations":[{"start":{"line":428,"column":28},"end":{"line":428,"column":30}}],"line":428},"29":{"loc":{"start":{"line":441,"column":8},"end":{"line":444,"column":9}},"type":"if","locations":[{"start":{"line":441,"column":8},"end":{"line":444,"column":9}},{"start":{},"end":{}}],"line":441},"30":{"loc":{"start":{"line":448,"column":8},"end":{"line":453,"column":9}},"type":"if","locations":[{"start":{"line":448,"column":8},"end":{"line":453,"column":9}},{"start":{},"end":{}}],"line":448},"31":{"loc":{"start":{"line":466,"column":4},"end":{"line":466,"column":30}},"type":"default-arg","locations":[{"start":{"line":466,"column":28},"end":{"line":466,"column":30}}],"line":466},"32":{"loc":{"start":{"line":483,"column":4},"end":{"line":483,"column":30}},"type":"default-arg","locations":[{"start":{"line":483,"column":28},"end":{"line":483,"column":30}}],"line":483},"33":{"loc":{"start":{"line":501,"column":2},"end":{"line":501,"column":28}},"type":"default-arg","locations":[{"start":{"line":501,"column":26},"end":{"line":501,"column":28}}],"line":501},"34":{"loc":{"start":{"line":511,"column":2},"end":{"line":511,"column":28}},"type":"default-arg","locations":[{"start":{"line":511,"column":26},"end":{"line":511,"column":28}}],"line":511}},"s":{"0":1,"1":1,"2":1,"3":37,"4":37,"5":37,"6":37,"7":37,"8":37,"9":37,"10":37,"11":37,"12":37,"13":37,"14":1,"15":1,"16":1,"17":36,"18":21,"19":21,"20":21,"21":21,"22":15,"23":3,"24":3,"25":3,"26":37,"27":14,"28":9,"29":9,"30":4,"31":4,"32":2,"33":2,"34":2,"35":2,"36":2,"37":13,"38":13,"39":13,"40":13,"41":4,"42":1,"43":31,"44":31,"45":31,"46":1,"47":30,"48":2,"49":28,"50":6,"51":3,"52":3,"53":3,"54":2,"55":2,"56":6,"57":22,"58":20,"59":20,"60":1,"61":1,"62":2,"63":3,"64":1,"65":11,"66":1,"67":2,"68":5,"69":5,"70":5,"71":4,"72":4,"73":8,"74":8,"75":6,"76":6,"77":2,"78":2,"79":4,"80":4,"81":0,"82":4,"83":4,"84":4,"85":1,"86":1,"87":1,"88":1,"89":1,"90":1,"91":1,"92":2,"93":1,"94":1,"95":0,"96":1,"97":0},"f":{"0":37,"1":37,"2":14,"3":9,"4":4,"5":2,"6":13,"7":4,"8":31,"9":5,"10":4,"11":4,"12":1,"13":1,"14":1,"15":1,"16":2,"17":0,"18":0},"b":{"0":[5],"1":[37,0],"2":[1,36],"3":[21,15],"4":[3,12],"5":[37,22],"6":[0],"7":[0],"8":[2,2],"9":[1],"10":[13,12],"11":[1,3],"12":[20],"13":[27,4],"14":[1,30],"15":[31,11,7,11],"16":[2,28],"17":[30,7,29],"18":[6,22],"19":[28,28,1,27,27,5],"20":[3,3],"21":[3,0],"22":[3,3],"23":[2,1],"24":[20,2],"25":[22,20],"26":[1,1,2,3,1,8,9,10,11,1],"27":[2],"28":[3],"29":[2,4],"30":[0,4],"31":[1],"32":[1],"33":[0],"34":[0]},"_coverageSchema":"1a1c01bbd47fc00a2c39e90264f33305004495a9","hash":"f3e6571f21f0503a0034a0ef93cfa77a4fe2cf25"}
}
