TN:
SF:src\services\apiErrorHandler.ts
FN:214,(anonymous_0)
FN:250,(anonymous_1)
FN:257,(anonymous_2)
FN:264,(anonymous_3)
FN:272,(anonymous_4)
FN:286,(anonymous_5)
FN:310,(anonymous_6)
FN:318,(anonymous_7)
FN:327,(anonymous_8)
FN:417,(anonymous_9)
FN:426,(anonymous_10)
FN:455,(anonymous_11)
FN:464,(anonymous_12)
FN:468,(anonymous_13)
FN:481,(anonymous_14)
FN:485,(anonymous_15)
FN:486,(anonymous_16)
FN:499,(anonymous_17)
FN:509,(anonymous_18)
FNF:19
FNH:17
FNDA:37,(anonymous_0)
FNDA:37,(anonymous_1)
FNDA:14,(anonymous_2)
FNDA:9,(anonymous_3)
FNDA:4,(anonymous_4)
FNDA:2,(anonymous_5)
FNDA:13,(anonymous_6)
FNDA:4,(anonymous_7)
FNDA:31,(anonymous_8)
FNDA:5,(anonymous_9)
FNDA:4,(anonymous_10)
FNDA:4,(anonymous_11)
FNDA:1,(anonymous_12)
FNDA:1,(anonymous_13)
FNDA:1,(anonymous_14)
FNDA:1,(anonymous_15)
FNDA:2,(anonymous_16)
FNDA:0,(anonymous_17)
FNDA:0,(anonymous_18)
DA:13,1
DA:74,1
DA:114,1
DA:202,37
DA:220,37
DA:221,37
DA:223,37
DA:224,37
DA:225,37
DA:226,37
DA:227,37
DA:228,37
DA:229,37
DA:233,37
DA:234,1
DA:235,1
DA:236,1
DA:237,36
DA:239,21
DA:240,21
DA:241,21
DA:242,21
DA:243,15
DA:244,3
DA:245,3
DA:246,3
DA:251,37
DA:258,14
DA:265,9
DA:266,9
DA:273,4
DA:274,4
DA:275,2
DA:278,2
DA:279,2
DA:280,2
DA:287,2
DA:308,13
DA:311,13
DA:312,13
DA:318,13
DA:319,4
DA:320,1
DA:334,31
DA:336,31
DA:339,31
DA:344,1
DA:348,30
DA:352,2
DA:361,28
DA:367,6
DA:368,3
DA:369,3
DA:370,3
DA:372,2
DA:377,2
DA:383,6
DA:387,22
DA:388,20
DA:390,20
DA:392,1
DA:394,1
DA:396,2
DA:398,3
DA:400,1
DA:405,11
DA:407,1
DA:411,2
DA:418,5
DA:419,5
DA:420,5
DA:430,4
DA:432,4
DA:433,8
DA:434,8
DA:436,6
DA:441,6
DA:442,2
DA:443,2
DA:446,4
DA:448,4
DA:449,0
DA:455,4
DA:456,4
DA:468,1
DA:469,1
DA:470,1
DA:472,1
DA:473,1
DA:485,1
DA:486,2
DA:494,1
DA:499,1
DA:503,0
DA:509,1
DA:513,0
LF:96
LH:93
BRDA:217,0,0,5
BRDA:220,1,0,37
BRDA:220,1,1,0
BRDA:233,2,0,1
BRDA:233,2,1,36
BRDA:237,3,0,21
BRDA:237,3,1,15
BRDA:243,4,0,3
BRDA:243,4,1,12
BRDA:251,5,0,37
BRDA:251,5,1,22
BRDA:264,6,0,0
BRDA:272,7,0,0
BRDA:274,8,0,2
BRDA:274,8,1,2
BRDA:310,9,0,1
BRDA:311,10,0,13
BRDA:311,10,1,12
BRDA:319,11,0,1
BRDA:319,11,1,3
BRDA:329,12,0,20
BRDA:336,13,0,27
BRDA:336,13,1,4
BRDA:339,14,0,1
BRDA:339,14,1,30
BRDA:340,15,0,31
BRDA:340,15,1,11
BRDA:340,15,2,7
BRDA:340,15,3,11
BRDA:348,16,0,2
BRDA:348,16,1,28
BRDA:349,17,0,30
BRDA:349,17,1,7
BRDA:349,17,2,29
BRDA:361,18,0,6
BRDA:361,18,1,22
BRDA:362,19,0,28
BRDA:362,19,1,28
BRDA:362,19,2,1
BRDA:362,19,3,27
BRDA:362,19,4,27
BRDA:362,19,5,5
BRDA:367,20,0,3
BRDA:367,20,1,3
BRDA:369,21,0,3
BRDA:369,21,1,0
BRDA:369,22,0,3
BRDA:369,22,1,3
BRDA:370,23,0,2
BRDA:370,23,1,1
BRDA:387,24,0,20
BRDA:387,24,1,2
BRDA:387,25,0,22
BRDA:387,25,1,20
BRDA:390,26,0,1
BRDA:390,26,1,1
BRDA:390,26,2,2
BRDA:390,26,3,3
BRDA:390,26,4,1
BRDA:390,26,5,8
BRDA:390,26,6,9
BRDA:390,26,7,10
BRDA:390,26,8,11
BRDA:390,26,9,1
BRDA:417,27,0,2
BRDA:428,28,0,3
BRDA:441,29,0,2
BRDA:441,29,1,4
BRDA:448,30,0,0
BRDA:448,30,1,4
BRDA:466,31,0,1
BRDA:483,32,0,1
BRDA:501,33,0,0
BRDA:511,34,0,0
BRF:74
BRH:67
end_of_record
