{"C:\\Users\\defir\\Documents\\fun_with_Copilot\\Kiro vibes\\src\\App.tsx": {"path":"C:\\Users\\defir\\Documents\\fun_with_Copilot\\Kiro vibes\\src\\App.tsx","statementMap":{"0":{"start":{"line":20,"column":59},"end":{"line":20,"column":68}},"1":{"start":{"line":22,"column":4},"end":{"line":22,"column":26}},"2":{"start":{"line":24,"column":4},"end":{"line":24,"column":20}},"3":{"start":{"line":25,"column":33},"end":{"line":25,"column":48}},"4":{"start":{"line":32,"column":6},"end":{"line":32,"column":13}},"5":{"start":{"line":33,"column":43},"end":{"line":33,"column":58}},"6":{"start":{"line":35,"column":2},"end":{"line":64,"column":40}},"7":{"start":{"line":36,"column":17},"end":{"line":36,"column":37}},"8":{"start":{"line":37,"column":4},"end":{"line":63,"column":5}},"9":{"start":{"line":38,"column":25},"end":{"line":41,"column":54}},"10":{"start":{"line":41,"column":22},"end":{"line":41,"column":53}},"11":{"start":{"line":42,"column":6},"end":{"line":62,"column":7}},"12":{"start":{"line":43,"column":22},"end":{"line":43,"column":46}},"13":{"start":{"line":44,"column":8},"end":{"line":61,"column":9}},"14":{"start":{"line":45,"column":10},"end":{"line":45,"column":32}},"15":{"start":{"line":47,"column":10},"end":{"line":59,"column":11}},"16":{"start":{"line":49,"column":14},"end":{"line":51,"column":23}},"17":{"start":{"line":52,"column":12},"end":{"line":58,"column":13}},"18":{"start":{"line":54,"column":14},"end":{"line":57,"column":16}},"19":{"start":{"line":60,"column":10},"end":{"line":60,"column":36}},"20":{"start":{"line":66,"column":34},"end":{"line":68,"column":3}},"21":{"start":{"line":67,"column":4},"end":{"line":67,"column":38}},"22":{"start":{"line":70,"column":34},"end":{"line":72,"column":3}},"23":{"start":{"line":71,"column":4},"end":{"line":71,"column":24}},"24":{"start":{"line":74,"column":28},"end":{"line":85,"column":3}},"25":{"start":{"line":80,"column":4},"end":{"line":80,"column":39}},"26":{"start":{"line":81,"column":4},"end":{"line":81,"column":59}},"27":{"start":{"line":82,"column":4},"end":{"line":84,"column":5}},"28":{"start":{"line":83,"column":6},"end":{"line":83,"column":23}},"29":{"start":{"line":87,"column":31},"end":{"line":94,"column":3}},"30":{"start":{"line":88,"column":21},"end":{"line":88,"column":69}},"31":{"start":{"line":88,"column":49},"end":{"line":88,"column":68}},"32":{"start":{"line":89,"column":4},"end":{"line":93,"column":5}},"33":{"start":{"line":92,"column":6},"end":{"line":92,"column":40}},"34":{"start":{"line":96,"column":2},"end":{"line":116,"column":4}},"35":{"start":{"line":113,"column":30},"end":{"line":113,"column":53}},"36":{"start":{"line":122,"column":57},"end":{"line":122,"column":79}},"37":{"start":{"line":123,"column":45},"end":{"line":123,"column":61}},"38":{"start":{"line":125,"column":31},"end":{"line":130,"column":3}},"39":{"start":{"line":126,"column":21},"end":{"line":126,"column":69}},"40":{"start":{"line":126,"column":49},"end":{"line":126,"column":68}},"41":{"start":{"line":127,"column":4},"end":{"line":129,"column":5}},"42":{"start":{"line":128,"column":6},"end":{"line":128,"column":40}},"43":{"start":{"line":132,"column":2},"end":{"line":139,"column":4}},"44":{"start":{"line":145,"column":26},"end":{"line":145,"column":35}},"45":{"start":{"line":146,"column":32},"end":{"line":146,"column":54}},"46":{"start":{"line":147,"column":26},"end":{"line":147,"column":42}},"47":{"start":{"line":148,"column":43},"end":{"line":148,"column":58}},"48":{"start":{"line":149,"column":31},"end":{"line":149,"column":38}},"49":{"start":{"line":151,"column":30},"end":{"line":153,"column":3}},"50":{"start":{"line":152,"column":4},"end":{"line":152,"column":29}},"51":{"start":{"line":155,"column":2},"end":{"line":165,"column":4}},"52":{"start":{"line":163,"column":22},"end":{"line":163,"column":37}},"53":{"start":{"line":169,"column":2},"end":{"line":196,"column":4}}},"fnMap":{"0":{"name":"MainApp","decl":{"start":{"line":19,"column":16},"end":{"line":19,"column":23}},"loc":{"start":{"line":19,"column":26},"end":{"line":117,"column":1}},"line":19},"1":{"name":"(anonymous_1)","decl":{"start":{"line":35,"column":12},"end":{"line":35,"column":13}},"loc":{"start":{"line":35,"column":18},"end":{"line":64,"column":3}},"line":35},"2":{"name":"(anonymous_2)","decl":{"start":{"line":41,"column":14},"end":{"line":41,"column":15}},"loc":{"start":{"line":41,"column":22},"end":{"line":41,"column":53}},"line":41},"3":{"name":"(anonymous_3)","decl":{"start":{"line":66,"column":34},"end":{"line":66,"column":35}},"loc":{"start":{"line":66,"column":53},"end":{"line":68,"column":3}},"line":66},"4":{"name":"(anonymous_4)","decl":{"start":{"line":70,"column":34},"end":{"line":70,"column":35}},"loc":{"start":{"line":70,"column":40},"end":{"line":72,"column":3}},"line":70},"5":{"name":"(anonymous_5)","decl":{"start":{"line":74,"column":28},"end":{"line":74,"column":29}},"loc":{"start":{"line":79,"column":13},"end":{"line":85,"column":3}},"line":79},"6":{"name":"(anonymous_6)","decl":{"start":{"line":87,"column":31},"end":{"line":87,"column":32}},"loc":{"start":{"line":87,"column":55},"end":{"line":94,"column":3}},"line":87},"7":{"name":"(anonymous_7)","decl":{"start":{"line":88,"column":44},"end":{"line":88,"column":45}},"loc":{"start":{"line":88,"column":49},"end":{"line":88,"column":68}},"line":88},"8":{"name":"(anonymous_8)","decl":{"start":{"line":113,"column":24},"end":{"line":113,"column":25}},"loc":{"start":{"line":113,"column":30},"end":{"line":113,"column":53}},"line":113},"9":{"name":"RatioConfigContainer","decl":{"start":{"line":121,"column":16},"end":{"line":121,"column":36}},"loc":{"start":{"line":121,"column":39},"end":{"line":140,"column":1}},"line":121},"10":{"name":"(anonymous_10)","decl":{"start":{"line":125,"column":31},"end":{"line":125,"column":32}},"loc":{"start":{"line":125,"column":55},"end":{"line":130,"column":3}},"line":125},"11":{"name":"(anonymous_11)","decl":{"start":{"line":126,"column":44},"end":{"line":126,"column":45}},"loc":{"start":{"line":126,"column":49},"end":{"line":126,"column":68}},"line":126},"12":{"name":"PlaylistMixerContainer","decl":{"start":{"line":144,"column":16},"end":{"line":144,"column":38}},"loc":{"start":{"line":144,"column":41},"end":{"line":166,"column":1}},"line":144},"13":{"name":"(anonymous_13)","decl":{"start":{"line":151,"column":30},"end":{"line":151,"column":31}},"loc":{"start":{"line":151,"column":59},"end":{"line":153,"column":3}},"line":151},"14":{"name":"(anonymous_14)","decl":{"start":{"line":163,"column":15},"end":{"line":163,"column":16}},"loc":{"start":{"line":163,"column":22},"end":{"line":163,"column":37}},"line":163},"15":{"name":"App","decl":{"start":{"line":168,"column":9},"end":{"line":168,"column":12}},"loc":{"start":{"line":168,"column":15},"end":{"line":197,"column":1}},"line":168}},"branchMap":{"0":{"loc":{"start":{"line":37,"column":4},"end":{"line":63,"column":5}},"type":"if","locations":[{"start":{"line":37,"column":4},"end":{"line":63,"column":5}},{"start":{},"end":{}}],"line":37},"1":{"loc":{"start":{"line":37,"column":8},"end":{"line":37,"column":32}},"type":"binary-expr","locations":[{"start":{"line":37,"column":8},"end":{"line":37,"column":12}},{"start":{"line":37,"column":16},"end":{"line":37,"column":32}}],"line":37},"2":{"loc":{"start":{"line":42,"column":6},"end":{"line":62,"column":7}},"type":"if","locations":[{"start":{"line":42,"column":6},"end":{"line":62,"column":7}},{"start":{},"end":{}}],"line":42},"3":{"loc":{"start":{"line":44,"column":8},"end":{"line":61,"column":9}},"type":"if","locations":[{"start":{"line":44,"column":8},"end":{"line":61,"column":9}},{"start":{},"end":{}}],"line":44},"4":{"loc":{"start":{"line":47,"column":10},"end":{"line":59,"column":11}},"type":"if","locations":[{"start":{"line":47,"column":10},"end":{"line":59,"column":11}},{"start":{},"end":{}}],"line":47},"5":{"loc":{"start":{"line":49,"column":14},"end":{"line":51,"column":23}},"type":"cond-expr","locations":[{"start":{"line":50,"column":18},"end":{"line":50,"column":61}},{"start":{"line":51,"column":18},"end":{"line":51,"column":23}}],"line":49},"6":{"loc":{"start":{"line":52,"column":12},"end":{"line":58,"column":13}},"type":"if","locations":[{"start":{"line":52,"column":12},"end":{"line":58,"column":13}},{"start":{},"end":{}}],"line":52},"7":{"loc":{"start":{"line":82,"column":4},"end":{"line":84,"column":5}},"type":"if","locations":[{"start":{"line":82,"column":4},"end":{"line":84,"column":5}},{"start":{},"end":{}}],"line":82},"8":{"loc":{"start":{"line":89,"column":4},"end":{"line":93,"column":5}},"type":"if","locations":[{"start":{"line":89,"column":4},"end":{"line":93,"column":5}},{"start":{},"end":{}}],"line":89},"9":{"loc":{"start":{"line":127,"column":4},"end":{"line":129,"column":5}},"type":"if","locations":[{"start":{"line":127,"column":4},"end":{"line":129,"column":5}},{"start":{},"end":{}}],"line":127},"10":{"loc":{"start":{"line":157,"column":20},"end":{"line":157,"column":37}},"type":"binary-expr","locations":[{"start":{"line":157,"column":20},"end":{"line":157,"column":31}},{"start":{"line":157,"column":35},"end":{"line":157,"column":37}}],"line":157}},"s":{"0":0,"1":0,"2":0,"3":0,"4":0,"5":0,"6":0,"7":0,"8":0,"9":0,"10":0,"11":0,"12":0,"13":0,"14":0,"15":0,"16":0,"17":0,"18":0,"19":0,"20":0,"21":0,"22":0,"23":0,"24":0,"25":0,"26":0,"27":0,"28":0,"29":0,"30":0,"31":0,"32":0,"33":0,"34":0,"35":0,"36":0,"37":0,"38":0,"39":0,"40":0,"41":0,"42":0,"43":0,"44":0,"45":0,"46":0,"47":0,"48":0,"49":0,"50":0,"51":0,"52":0,"53":0},"f":{"0":0,"1":0,"2":0,"3":0,"4":0,"5":0,"6":0,"7":0,"8":0,"9":0,"10":0,"11":0,"12":0,"13":0,"14":0,"15":0},"b":{"0":[0,0],"1":[0,0],"2":[0,0],"3":[0,0],"4":[0,0],"5":[0,0],"6":[0,0],"7":[0,0],"8":[0,0],"9":[0,0],"10":[0,0]}}
,"C:\\Users\\defir\\Documents\\fun_with_Copilot\\Kiro vibes\\src\\AppProviders.tsx": {"path":"C:\\Users\\defir\\Documents\\fun_with_Copilot\\Kiro vibes\\src\\AppProviders.tsx","statementMap":{"0":{"start":{"line":5,"column":62},"end":{"line":13,"column":1}},"1":{"start":{"line":8,"column":2},"end":{"line":12,"column":4}}},"fnMap":{"0":{"name":"(anonymous_0)","decl":{"start":{"line":5,"column":62},"end":{"line":5,"column":63}},"loc":{"start":{"line":7,"column":6},"end":{"line":13,"column":1}},"line":7}},"branchMap":{},"s":{"0":0,"1":0},"f":{"0":0},"b":{}}
,"C:\\Users\\defir\\Documents\\fun_with_Copilot\\Kiro vibes\\src\\AppShell.tsx": {"path":"C:\\Users\\defir\\Documents\\fun_with_Copilot\\Kiro vibes\\src\\AppShell.tsx","statementMap":{"0":{"start":{"line":41,"column":42},"end":{"line":148,"column":1}},"1":{"start":{"line":60,"column":2},"end":{"line":75,"column":3}},"2":{"start":{"line":61,"column":4},"end":{"line":74,"column":6}},"3":{"start":{"line":77,"column":2},"end":{"line":147,"column":4}},"4":{"start":{"line":98,"column":47},"end":{"line":98,"column":65}}},"fnMap":{"0":{"name":"(anonymous_0)","decl":{"start":{"line":41,"column":42},"end":{"line":41,"column":43}},"loc":{"start":{"line":59,"column":6},"end":{"line":148,"column":1}},"line":59},"1":{"name":"(anonymous_1)","decl":{"start":{"line":93,"column":64},"end":{"line":93,"column":65}},"loc":{"start":{"line":93,"column":70},"end":{"line":93,"column":72}},"line":93},"2":{"name":"(anonymous_2)","decl":{"start":{"line":98,"column":31},"end":{"line":98,"column":32}},"loc":{"start":{"line":98,"column":47},"end":{"line":98,"column":65}},"line":98},"3":{"name":"(anonymous_3)","decl":{"start":{"line":98,"column":68},"end":{"line":98,"column":69}},"loc":{"start":{"line":98,"column":74},"end":{"line":98,"column":76}},"line":98},"4":{"name":"(anonymous_4)","decl":{"start":{"line":106,"column":51},"end":{"line":106,"column":52}},"loc":{"start":{"line":106,"column":57},"end":{"line":106,"column":59}},"line":106},"5":{"name":"(anonymous_5)","decl":{"start":{"line":107,"column":39},"end":{"line":107,"column":40}},"loc":{"start":{"line":107,"column":45},"end":{"line":107,"column":47}},"line":107},"6":{"name":"(anonymous_6)","decl":{"start":{"line":108,"column":21},"end":{"line":108,"column":22}},"loc":{"start":{"line":108,"column":27},"end":{"line":108,"column":29}},"line":108},"7":{"name":"(anonymous_7)","decl":{"start":{"line":115,"column":45},"end":{"line":115,"column":46}},"loc":{"start":{"line":115,"column":51},"end":{"line":115,"column":53}},"line":115},"8":{"name":"(anonymous_8)","decl":{"start":{"line":124,"column":47},"end":{"line":124,"column":48}},"loc":{"start":{"line":124,"column":53},"end":{"line":124,"column":55}},"line":124},"9":{"name":"(anonymous_9)","decl":{"start":{"line":125,"column":53},"end":{"line":125,"column":54}},"loc":{"start":{"line":125,"column":59},"end":{"line":125,"column":61}},"line":125},"10":{"name":"(anonymous_10)","decl":{"start":{"line":137,"column":53},"end":{"line":137,"column":54}},"loc":{"start":{"line":137,"column":59},"end":{"line":137,"column":61}},"line":137},"11":{"name":"(anonymous_11)","decl":{"start":{"line":138,"column":51},"end":{"line":138,"column":52}},"loc":{"start":{"line":138,"column":57},"end":{"line":138,"column":59}},"line":138},"12":{"name":"(anonymous_12)","decl":{"start":{"line":139,"column":23},"end":{"line":139,"column":24}},"loc":{"start":{"line":139,"column":29},"end":{"line":139,"column":31}},"line":139}},"branchMap":{"0":{"loc":{"start":{"line":60,"column":2},"end":{"line":75,"column":3}},"type":"if","locations":[{"start":{"line":60,"column":2},"end":{"line":75,"column":3}},{"start":{},"end":{}}],"line":60},"1":{"loc":{"start":{"line":83,"column":11},"end":{"line":90,"column":18}},"type":"cond-expr","locations":[{"start":{"line":84,"column":12},"end":{"line":89,"column":18}},{"start":{"line":90,"column":14},"end":{"line":90,"column":18}}],"line":83},"2":{"loc":{"start":{"line":83,"column":11},"end":{"line":83,"column":63}},"type":"binary-expr","locations":[{"start":{"line":83,"column":11},"end":{"line":83,"column":48}},{"start":{"line":83,"column":52},"end":{"line":83,"column":63}}],"line":83},"3":{"loc":{"start":{"line":86,"column":15},"end":{"line":88,"column":29}},"type":"cond-expr","locations":[{"start":{"line":87,"column":18},"end":{"line":87,"column":73}},{"start":{"line":88,"column":18},"end":{"line":88,"column":29}}],"line":86},"4":{"loc":{"start":{"line":93,"column":45},"end":{"line":93,"column":73}},"type":"binary-expr","locations":[{"start":{"line":93,"column":45},"end":{"line":93,"column":59}},{"start":{"line":93,"column":64},"end":{"line":93,"column":72}}],"line":93},"5":{"loc":{"start":{"line":96,"column":26},"end":{"line":96,"column":48}},"type":"binary-expr","locations":[{"start":{"line":96,"column":26},"end":{"line":96,"column":40}},{"start":{"line":96,"column":44},"end":{"line":96,"column":48}}],"line":96},"6":{"loc":{"start":{"line":98,"column":12},"end":{"line":98,"column":76}},"type":"cond-expr","locations":[{"start":{"line":98,"column":31},"end":{"line":98,"column":65}},{"start":{"line":98,"column":68},"end":{"line":98,"column":76}}],"line":98},"7":{"loc":{"start":{"line":104,"column":25},"end":{"line":104,"column":44}},"type":"binary-expr","locations":[{"start":{"line":104,"column":25},"end":{"line":104,"column":36}},{"start":{"line":104,"column":40},"end":{"line":104,"column":44}}],"line":104},"8":{"loc":{"start":{"line":106,"column":30},"end":{"line":106,"column":60}},"type":"binary-expr","locations":[{"start":{"line":106,"column":30},"end":{"line":106,"column":46}},{"start":{"line":106,"column":51},"end":{"line":106,"column":59}}],"line":106},"9":{"loc":{"start":{"line":107,"column":24},"end":{"line":107,"column":48}},"type":"binary-expr","locations":[{"start":{"line":107,"column":24},"end":{"line":107,"column":34}},{"start":{"line":107,"column":39},"end":{"line":107,"column":47}}],"line":107},"10":{"loc":{"start":{"line":115,"column":27},"end":{"line":115,"column":54}},"type":"binary-expr","locations":[{"start":{"line":115,"column":27},"end":{"line":115,"column":40}},{"start":{"line":115,"column":45},"end":{"line":115,"column":53}}],"line":115},"11":{"loc":{"start":{"line":119,"column":9},"end":{"line":128,"column":9}},"type":"binary-expr","locations":[{"start":{"line":119,"column":9},"end":{"line":119,"column":37}},{"start":{"line":120,"column":10},"end":{"line":127,"column":26}}],"line":119},"12":{"loc":{"start":{"line":123,"column":27},"end":{"line":123,"column":44}},"type":"binary-expr","locations":[{"start":{"line":123,"column":27},"end":{"line":123,"column":38}},{"start":{"line":123,"column":42},"end":{"line":123,"column":44}}],"line":123},"13":{"loc":{"start":{"line":124,"column":29},"end":{"line":124,"column":56}},"type":"binary-expr","locations":[{"start":{"line":124,"column":29},"end":{"line":124,"column":42}},{"start":{"line":124,"column":47},"end":{"line":124,"column":55}}],"line":124},"14":{"loc":{"start":{"line":125,"column":32},"end":{"line":125,"column":62}},"type":"binary-expr","locations":[{"start":{"line":125,"column":32},"end":{"line":125,"column":48}},{"start":{"line":125,"column":53},"end":{"line":125,"column":61}}],"line":125},"15":{"loc":{"start":{"line":130,"column":9},"end":{"line":142,"column":9}},"type":"binary-expr","locations":[{"start":{"line":130,"column":9},"end":{"line":130,"column":37}},{"start":{"line":131,"column":10},"end":{"line":141,"column":26}}],"line":130},"16":{"loc":{"start":{"line":133,"column":28},"end":{"line":133,"column":45}},"type":"binary-expr","locations":[{"start":{"line":133,"column":28},"end":{"line":133,"column":39}},{"start":{"line":133,"column":43},"end":{"line":133,"column":45}}],"line":133},"17":{"loc":{"start":{"line":135,"column":27},"end":{"line":135,"column":44}},"type":"binary-expr","locations":[{"start":{"line":135,"column":27},"end":{"line":135,"column":38}},{"start":{"line":135,"column":42},"end":{"line":135,"column":44}}],"line":135},"18":{"loc":{"start":{"line":136,"column":26},"end":{"line":136,"column":51}},"type":"binary-expr","locations":[{"start":{"line":136,"column":26},"end":{"line":136,"column":36}},{"start":{"line":136,"column":41},"end":{"line":136,"column":50}}],"line":136},"19":{"loc":{"start":{"line":137,"column":32},"end":{"line":137,"column":62}},"type":"binary-expr","locations":[{"start":{"line":137,"column":32},"end":{"line":137,"column":48}},{"start":{"line":137,"column":53},"end":{"line":137,"column":61}}],"line":137},"20":{"loc":{"start":{"line":138,"column":31},"end":{"line":138,"column":60}},"type":"binary-expr","locations":[{"start":{"line":138,"column":31},"end":{"line":138,"column":46}},{"start":{"line":138,"column":51},"end":{"line":138,"column":59}}],"line":138}},"s":{"0":0,"1":0,"2":0,"3":0,"4":0},"f":{"0":0,"1":0,"2":0,"3":0,"4":0,"5":0,"6":0,"7":0,"8":0,"9":0,"10":0,"11":0,"12":0},"b":{"0":[0,0],"1":[0,0],"2":[0,0],"3":[0,0],"4":[0,0],"5":[0,0],"6":[0,0],"7":[0,0],"8":[0,0],"9":[0,0],"10":[0,0],"11":[0,0],"12":[0,0],"13":[0,0],"14":[0,0],"15":[0,0],"16":[0,0],"17":[0,0],"18":[0,0],"19":[0,0],"20":[0,0]}}
,"C:\\Users\\defir\\Documents\\fun_with_Copilot\\Kiro vibes\\src\\components\\AddUnselectedModal.tsx": {"path":"C:\\Users\\defir\\Documents\\fun_with_Copilot\\Kiro vibes\\src\\components\\AddUnselectedModal.tsx","statementMap":{"0":{"start":{"line":16,"column":27},"end":{"line":58,"column":1}},"1":{"start":{"line":27,"column":6},"end":{"line":31,"column":8}},"2":{"start":{"line":33,"column":4},"end":{"line":56,"column":6}},"3":{"start":{"line":60,"column":0},"end":{"line":60,"column":54}}},"fnMap":{"0":{"name":"(anonymous_0)","decl":{"start":{"line":17,"column":2},"end":{"line":17,"column":3}},"loc":{"start":{"line":24,"column":8},"end":{"line":57,"column":3}},"line":24}},"branchMap":{"0":{"loc":{"start":{"line":51,"column":10},"end":{"line":53,"column":67}},"type":"cond-expr","locations":[{"start":{"line":52,"column":14},"end":{"line":52,"column":43}},{"start":{"line":53,"column":14},"end":{"line":53,"column":67}}],"line":51}},"s":{"0":0,"1":0,"2":0,"3":0},"f":{"0":0},"b":{"0":[0,0]}}
,"C:\\Users\\defir\\Documents\\fun_with_Copilot\\Kiro vibes\\src\\components\\DndProvider.tsx": {"path":"C:\\Users\\defir\\Documents\\fun_with_Copilot\\Kiro vibes\\src\\components\\DndProvider.tsx","statementMap":{"0":{"start":{"line":13,"column":37},"end":{"line":68,"column":1}},"1":{"start":{"line":14,"column":18},"end":{"line":14,"column":34}},"2":{"start":{"line":17,"column":35},"end":{"line":29,"column":3}},"3":{"start":{"line":18,"column":4},"end":{"line":26,"column":7}},"4":{"start":{"line":20,"column":8},"end":{"line":24,"column":9}},"5":{"start":{"line":21,"column":10},"end":{"line":21,"column":22}},"6":{"start":{"line":28,"column":4},"end":{"line":28,"column":16}},"7":{"start":{"line":33,"column":2},"end":{"line":60,"column":3}},"8":{"start":{"line":34,"column":4},"end":{"line":59,"column":5}},"9":{"start":{"line":35,"column":18},"end":{"line":35,"column":41}},"10":{"start":{"line":36,"column":6},"end":{"line":56,"column":7}},"11":{"start":{"line":37,"column":32},"end":{"line":37,"column":53}},"12":{"start":{"line":38,"column":8},"end":{"line":54,"column":10}},"13":{"start":{"line":39,"column":10},"end":{"line":52,"column":11}},"14":{"start":{"line":41,"column":12},"end":{"line":49,"column":15}},"15":{"start":{"line":53,"column":10},"end":{"line":53,"column":42}},"16":{"start":{"line":55,"column":8},"end":{"line":55,"column":36}},"17":{"start":{"line":62,"column":2},"end":{"line":67,"column":4}}},"fnMap":{"0":{"name":"(anonymous_0)","decl":{"start":{"line":13,"column":37},"end":{"line":13,"column":38}},"loc":{"start":{"line":13,"column":64},"end":{"line":68,"column":1}},"line":13},"1":{"name":"(anonymous_1)","decl":{"start":{"line":17,"column":35},"end":{"line":17,"column":36}},"loc":{"start":{"line":17,"column":41},"end":{"line":29,"column":3}},"line":17},"2":{"name":"(anonymous_2)","decl":{"start":{"line":19,"column":6},"end":{"line":19,"column":7}},"loc":{"start":{"line":19,"column":26},"end":{"line":25,"column":7}},"line":19},"3":{"name":"vibrateWithTrace","decl":{"start":{"line":38,"column":31},"end":{"line":38,"column":47}},"loc":{"start":{"line":38,"column":62},"end":{"line":54,"column":9}},"line":38}},"branchMap":{"0":{"loc":{"start":{"line":33,"column":2},"end":{"line":60,"column":3}},"type":"if","locations":[{"start":{"line":33,"column":2},"end":{"line":60,"column":3}},{"start":{},"end":{}}],"line":33},"1":{"loc":{"start":{"line":33,"column":6},"end":{"line":33,"column":76}},"type":"binary-expr","locations":[{"start":{"line":33,"column":6},"end":{"line":33,"column":35}},{"start":{"line":33,"column":39},"end":{"line":33,"column":76}}],"line":33},"2":{"loc":{"start":{"line":36,"column":6},"end":{"line":56,"column":7}},"type":"if","locations":[{"start":{"line":36,"column":6},"end":{"line":56,"column":7}},{"start":{},"end":{}}],"line":36},"3":{"loc":{"start":{"line":36,"column":10},"end":{"line":36,"column":53}},"type":"binary-expr","locations":[{"start":{"line":36,"column":10},"end":{"line":36,"column":13}},{"start":{"line":36,"column":17},"end":{"line":36,"column":28}},{"start":{"line":36,"column":32},"end":{"line":36,"column":53}}],"line":36},"4":{"loc":{"start":{"line":45,"column":16},"end":{"line":47,"column":30}},"type":"cond-expr","locations":[{"start":{"line":46,"column":20},"end":{"line":46,"column":37}},{"start":{"line":47,"column":20},"end":{"line":47,"column":30}}],"line":45},"5":{"loc":{"start":{"line":45,"column":16},"end":{"line":45,"column":69}},"type":"binary-expr","locations":[{"start":{"line":45,"column":16},"end":{"line":45,"column":50}},{"start":{"line":45,"column":54},"end":{"line":45,"column":69}}],"line":45}},"s":{"0":0,"1":0,"2":0,"3":0,"4":0,"5":0,"6":0,"7":0,"8":0,"9":0,"10":0,"11":0,"12":0,"13":0,"14":0,"15":0,"16":0,"17":0},"f":{"0":0,"1":0,"2":0,"3":0},"b":{"0":[0,0],"1":[0,0],"2":[0,0],"3":[0,0,0],"4":[0,0],"5":[0,0]}}
,"C:\\Users\\defir\\Documents\\fun_with_Copilot\\Kiro vibes\\src\\components\\DragErrorBoundary.tsx": {"path":"C:\\Users\\defir\\Documents\\fun_with_Copilot\\Kiro vibes\\src\\components\\DragErrorBoundary.tsx","statementMap":{"0":{"start":{"line":7,"column":19},"end":{"line":22,"column":3}},"1":{"start":{"line":12,"column":4},"end":{"line":21,"column":10}},"2":{"start":{"line":16,"column":10},"end":{"line":16,"column":41}},"3":{"start":{"line":16,"column":27},"end":{"line":16,"column":41}},"4":{"start":{"line":24,"column":2},"end":{"line":24,"column":71}}},"fnMap":{"0":{"name":"DragErrorBoundary","decl":{"start":{"line":6,"column":24},"end":{"line":6,"column":41}},"loc":{"start":{"line":6,"column":63},"end":{"line":25,"column":1}},"line":6},"1":{"name":"(anonymous_1)","decl":{"start":{"line":7,"column":19},"end":{"line":7,"column":20}},"loc":{"start":{"line":12,"column":4},"end":{"line":21,"column":10}},"line":12},"2":{"name":"(anonymous_2)","decl":{"start":{"line":15,"column":17},"end":{"line":15,"column":18}},"loc":{"start":{"line":15,"column":23},"end":{"line":17,"column":9}},"line":15}},"branchMap":{"0":{"loc":{"start":{"line":16,"column":10},"end":{"line":16,"column":41}},"type":"if","locations":[{"start":{"line":16,"column":10},"end":{"line":16,"column":41}},{"start":{},"end":{}}],"line":16}},"s":{"0":0,"1":0,"2":0,"3":0,"4":0},"f":{"0":0,"1":0,"2":0},"b":{"0":[0,0]}}
,"C:\\Users\\defir\\Documents\\fun_with_Copilot\\Kiro vibes\\src\\components\\DraggableTrackList.tsx": {"path":"C:\\Users\\defir\\Documents\\fun_with_Copilot\\Kiro vibes\\src\\components\\DraggableTrackList.tsx","statementMap":{"0":{"start":{"line":13,"column":2},"end":{"line":17,"column":4}}},"fnMap":{"0":{"name":"DraggableTrackList","decl":{"start":{"line":12,"column":9},"end":{"line":12,"column":27}},"loc":{"start":{"line":12,"column":75},"end":{"line":18,"column":1}},"line":12}},"branchMap":{},"s":{"0":0},"f":{"0":0},"b":{}}
,"C:\\Users\\defir\\Documents\\fun_with_Copilot\\Kiro vibes\\src\\components\\ErrorHandler.tsx": {"path":"C:\\Users\\defir\\Documents\\fun_with_Copilot\\Kiro vibes\\src\\components\\ErrorHandler.tsx","statementMap":{"0":{"start":{"line":11,"column":50},"end":{"line":254,"column":1}},"1":{"start":{"line":18,"column":2},"end":{"line":18,"column":26}},"2":{"start":{"line":18,"column":14},"end":{"line":18,"column":26}},"3":{"start":{"line":21,"column":25},"end":{"line":29,"column":3}},"4":{"start":{"line":22,"column":4},"end":{"line":28,"column":6}},"5":{"start":{"line":31,"column":2},"end":{"line":71,"column":3}},"6":{"start":{"line":33,"column":21},"end":{"line":33,"column":26}},"7":{"start":{"line":34,"column":39},"end":{"line":59,"column":5}},"8":{"start":{"line":61,"column":4},"end":{"line":70,"column":6}},"9":{"start":{"line":74,"column":26},"end":{"line":181,"column":3}},"10":{"start":{"line":75,"column":21},"end":{"line":77,"column":19}},"11":{"start":{"line":79,"column":4},"end":{"line":90,"column":5}},"12":{"start":{"line":80,"column":6},"end":{"line":89,"column":8}},"13":{"start":{"line":92,"column":4},"end":{"line":103,"column":5}},"14":{"start":{"line":93,"column":6},"end":{"line":102,"column":8}},"15":{"start":{"line":105,"column":4},"end":{"line":116,"column":5}},"16":{"start":{"line":106,"column":6},"end":{"line":115,"column":8}},"17":{"start":{"line":118,"column":4},"end":{"line":129,"column":5}},"18":{"start":{"line":119,"column":6},"end":{"line":128,"column":8}},"19":{"start":{"line":131,"column":4},"end":{"line":142,"column":5}},"20":{"start":{"line":132,"column":6},"end":{"line":141,"column":8}},"21":{"start":{"line":144,"column":4},"end":{"line":155,"column":5}},"22":{"start":{"line":145,"column":6},"end":{"line":154,"column":8}},"23":{"start":{"line":157,"column":4},"end":{"line":168,"column":5}},"24":{"start":{"line":158,"column":6},"end":{"line":167,"column":8}},"25":{"start":{"line":171,"column":4},"end":{"line":180,"column":6}},"26":{"start":{"line":183,"column":23},"end":{"line":183,"column":45}},"27":{"start":{"line":184,"column":22},"end":{"line":184,"column":71}},"28":{"start":{"line":186,"column":2},"end":{"line":253,"column":4}},"29":{"start":{"line":201,"column":16},"end":{"line":203,"column":21}}},"fnMap":{"0":{"name":"(anonymous_0)","decl":{"start":{"line":11,"column":50},"end":{"line":11,"column":51}},"loc":{"start":{"line":17,"column":6},"end":{"line":254,"column":1}},"line":17},"1":{"name":"(anonymous_1)","decl":{"start":{"line":21,"column":25},"end":{"line":21,"column":26}},"loc":{"start":{"line":21,"column":69},"end":{"line":29,"column":3}},"line":21},"2":{"name":"(anonymous_2)","decl":{"start":{"line":74,"column":26},"end":{"line":74,"column":27}},"loc":{"start":{"line":74,"column":67},"end":{"line":181,"column":3}},"line":74},"3":{"name":"(anonymous_3)","decl":{"start":{"line":200,"column":44},"end":{"line":200,"column":45}},"loc":{"start":{"line":201,"column":16},"end":{"line":203,"column":21}},"line":201}},"branchMap":{"0":{"loc":{"start":{"line":18,"column":2},"end":{"line":18,"column":26}},"type":"if","locations":[{"start":{"line":18,"column":2},"end":{"line":18,"column":26}},{"start":{},"end":{}}],"line":18},"1":{"loc":{"start":{"line":23,"column":6},"end":{"line":27,"column":38}},"type":"binary-expr","locations":[{"start":{"line":23,"column":6},"end":{"line":23,"column":9}},{"start":{"line":24,"column":6},"end":{"line":24,"column":29}},{"start":{"line":25,"column":7},"end":{"line":25,"column":29}},{"start":{"line":26,"column":8},"end":{"line":26,"column":31}},{"start":{"line":27,"column":8},"end":{"line":27,"column":37}}],"line":23},"2":{"loc":{"start":{"line":31,"column":2},"end":{"line":71,"column":3}},"type":"if","locations":[{"start":{"line":31,"column":2},"end":{"line":71,"column":3}},{"start":{},"end":{}}],"line":31},"3":{"loc":{"start":{"line":31,"column":6},"end":{"line":31,"column":56}},"type":"binary-expr","locations":[{"start":{"line":31,"column":6},"end":{"line":31,"column":31}},{"start":{"line":31,"column":35},"end":{"line":31,"column":56}}],"line":31},"4":{"loc":{"start":{"line":35,"column":12},"end":{"line":35,"column":59}},"type":"binary-expr","locations":[{"start":{"line":35,"column":13},"end":{"line":35,"column":45}},{"start":{"line":35,"column":50},"end":{"line":35,"column":59}}],"line":35},"5":{"loc":{"start":{"line":37,"column":8},"end":{"line":39,"column":33}},"type":"binary-expr","locations":[{"start":{"line":37,"column":8},"end":{"line":37,"column":17}},{"start":{"line":38,"column":9},"end":{"line":38,"column":52}},{"start":{"line":39,"column":8},"end":{"line":39,"column":33}}],"line":37},"6":{"loc":{"start":{"line":38,"column":9},"end":{"line":38,"column":52}},"type":"cond-expr","locations":[{"start":{"line":38,"column":35},"end":{"line":38,"column":38}},{"start":{"line":38,"column":41},"end":{"line":38,"column":52}}],"line":38},"7":{"loc":{"start":{"line":41,"column":8},"end":{"line":43,"column":39}},"type":"binary-expr","locations":[{"start":{"line":41,"column":8},"end":{"line":41,"column":19}},{"start":{"line":42,"column":9},"end":{"line":42,"column":52}},{"start":{"line":43,"column":8},"end":{"line":43,"column":39}}],"line":41},"8":{"loc":{"start":{"line":42,"column":9},"end":{"line":42,"column":52}},"type":"cond-expr","locations":[{"start":{"line":42,"column":35},"end":{"line":42,"column":38}},{"start":{"line":42,"column":41},"end":{"line":42,"column":52}}],"line":42},"9":{"loc":{"start":{"line":44,"column":19},"end":{"line":44,"column":40}},"type":"binary-expr","locations":[{"start":{"line":44,"column":19},"end":{"line":44,"column":34}},{"start":{"line":44,"column":38},"end":{"line":44,"column":40}}],"line":44},"10":{"loc":{"start":{"line":45,"column":17},"end":{"line":45,"column":74}},"type":"cond-expr","locations":[{"start":{"line":45,"column":54},"end":{"line":45,"column":67}},{"start":{"line":45,"column":70},"end":{"line":45,"column":74}}],"line":45},"11":{"loc":{"start":{"line":46,"column":17},"end":{"line":46,"column":58}},"type":"binary-expr","locations":[{"start":{"line":46,"column":17},"end":{"line":46,"column":30}},{"start":{"line":46,"column":34},"end":{"line":46,"column":58}}],"line":46},"12":{"loc":{"start":{"line":51,"column":8},"end":{"line":58,"column":23}},"type":"cond-expr","locations":[{"start":{"line":52,"column":12},"end":{"line":55,"column":13}},{"start":{"line":56,"column":12},"end":{"line":58,"column":23}}],"line":51},"13":{"loc":{"start":{"line":51,"column":8},"end":{"line":51,"column":66}},"type":"binary-expr","locations":[{"start":{"line":51,"column":8},"end":{"line":51,"column":25}},{"start":{"line":51,"column":29},"end":{"line":51,"column":66}}],"line":51},"14":{"loc":{"start":{"line":56,"column":12},"end":{"line":58,"column":23}},"type":"cond-expr","locations":[{"start":{"line":57,"column":14},"end":{"line":57,"column":56}},{"start":{"line":58,"column":14},"end":{"line":58,"column":23}}],"line":56},"15":{"loc":{"start":{"line":76,"column":6},"end":{"line":76,"column":55}},"type":"cond-expr","locations":[{"start":{"line":76,"column":34},"end":{"line":76,"column":39}},{"start":{"line":76,"column":42},"end":{"line":76,"column":55}}],"line":76},"16":{"loc":{"start":{"line":79,"column":4},"end":{"line":90,"column":5}},"type":"if","locations":[{"start":{"line":79,"column":4},"end":{"line":90,"column":5}},{"start":{},"end":{}}],"line":79},"17":{"loc":{"start":{"line":79,"column":8},"end":{"line":79,"column":74}},"type":"binary-expr","locations":[{"start":{"line":79,"column":8},"end":{"line":79,"column":43}},{"start":{"line":79,"column":47},"end":{"line":79,"column":74}}],"line":79},"18":{"loc":{"start":{"line":92,"column":4},"end":{"line":103,"column":5}},"type":"if","locations":[{"start":{"line":92,"column":4},"end":{"line":103,"column":5}},{"start":{},"end":{}}],"line":92},"19":{"loc":{"start":{"line":92,"column":8},"end":{"line":92,"column":65}},"type":"binary-expr","locations":[{"start":{"line":92,"column":8},"end":{"line":92,"column":37}},{"start":{"line":92,"column":41},"end":{"line":92,"column":65}}],"line":92},"20":{"loc":{"start":{"line":105,"column":4},"end":{"line":116,"column":5}},"type":"if","locations":[{"start":{"line":105,"column":4},"end":{"line":116,"column":5}},{"start":{},"end":{}}],"line":105},"21":{"loc":{"start":{"line":105,"column":8},"end":{"line":105,"column":66}},"type":"binary-expr","locations":[{"start":{"line":105,"column":8},"end":{"line":105,"column":36}},{"start":{"line":105,"column":40},"end":{"line":105,"column":66}}],"line":105},"22":{"loc":{"start":{"line":118,"column":4},"end":{"line":129,"column":5}},"type":"if","locations":[{"start":{"line":118,"column":4},"end":{"line":129,"column":5}},{"start":{},"end":{}}],"line":118},"23":{"loc":{"start":{"line":118,"column":8},"end":{"line":118,"column":75}},"type":"binary-expr","locations":[{"start":{"line":118,"column":8},"end":{"line":118,"column":47}},{"start":{"line":118,"column":51},"end":{"line":118,"column":75}}],"line":118},"24":{"loc":{"start":{"line":131,"column":4},"end":{"line":142,"column":5}},"type":"if","locations":[{"start":{"line":131,"column":4},"end":{"line":142,"column":5}},{"start":{},"end":{}}],"line":131},"25":{"loc":{"start":{"line":131,"column":8},"end":{"line":131,"column":70}},"type":"binary-expr","locations":[{"start":{"line":131,"column":8},"end":{"line":131,"column":42}},{"start":{"line":131,"column":46},"end":{"line":131,"column":70}}],"line":131},"26":{"loc":{"start":{"line":144,"column":4},"end":{"line":155,"column":5}},"type":"if","locations":[{"start":{"line":144,"column":4},"end":{"line":155,"column":5}},{"start":{},"end":{}}],"line":144},"27":{"loc":{"start":{"line":144,"column":8},"end":{"line":144,"column":67}},"type":"binary-expr","locations":[{"start":{"line":144,"column":8},"end":{"line":144,"column":39}},{"start":{"line":144,"column":43},"end":{"line":144,"column":67}}],"line":144},"28":{"loc":{"start":{"line":157,"column":4},"end":{"line":168,"column":5}},"type":"if","locations":[{"start":{"line":157,"column":4},"end":{"line":168,"column":5}},{"start":{},"end":{}}],"line":157},"29":{"loc":{"start":{"line":157,"column":8},"end":{"line":157,"column":68}},"type":"binary-expr","locations":[{"start":{"line":157,"column":8},"end":{"line":157,"column":38}},{"start":{"line":157,"column":42},"end":{"line":157,"column":68}}],"line":157},"30":{"loc":{"start":{"line":184,"column":22},"end":{"line":184,"column":71}},"type":"cond-expr","locations":[{"start":{"line":184,"column":50},"end":{"line":184,"column":55}},{"start":{"line":184,"column":58},"end":{"line":184,"column":71}}],"line":184},"31":{"loc":{"start":{"line":188,"column":45},"end":{"line":188,"column":60}},"type":"binary-expr","locations":[{"start":{"line":188,"column":45},"end":{"line":188,"column":54}},{"start":{"line":188,"column":58},"end":{"line":188,"column":60}}],"line":188},"32":{"loc":{"start":{"line":209,"column":13},"end":{"line":218,"column":13}},"type":"binary-expr","locations":[{"start":{"line":209,"column":13},"end":{"line":209,"column":34}},{"start":{"line":209,"column":38},"end":{"line":209,"column":45}},{"start":{"line":210,"column":14},"end":{"line":217,"column":23}}],"line":209},"33":{"loc":{"start":{"line":220,"column":13},"end":{"line":229,"column":13}},"type":"binary-expr","locations":[{"start":{"line":220,"column":13},"end":{"line":220,"column":22}},{"start":{"line":221,"column":14},"end":{"line":228,"column":23}}],"line":220},"34":{"loc":{"start":{"line":233,"column":9},"end":{"line":242,"column":9}},"type":"binary-expr","locations":[{"start":{"line":233,"column":9},"end":{"line":233,"column":18}},{"start":{"line":234,"column":10},"end":{"line":241,"column":19}}],"line":233}},"s":{"0":0,"1":0,"2":0,"3":0,"4":0,"5":0,"6":0,"7":0,"8":0,"9":0,"10":0,"11":0,"12":0,"13":0,"14":0,"15":0,"16":0,"17":0,"18":0,"19":0,"20":0,"21":0,"22":0,"23":0,"24":0,"25":0,"26":0,"27":0,"28":0,"29":0},"f":{"0":0,"1":0,"2":0,"3":0},"b":{"0":[0,0],"1":[0,0,0,0,0],"2":[0,0],"3":[0,0],"4":[0,0],"5":[0,0,0],"6":[0,0],"7":[0,0,0],"8":[0,0],"9":[0,0],"10":[0,0],"11":[0,0],"12":[0,0],"13":[0,0],"14":[0,0],"15":[0,0],"16":[0,0],"17":[0,0],"18":[0,0],"19":[0,0],"20":[0,0],"21":[0,0],"22":[0,0],"23":[0,0],"24":[0,0],"25":[0,0],"26":[0,0],"27":[0,0],"28":[0,0],"29":[0,0],"30":[0,0],"31":[0,0],"32":[0,0,0],"33":[0,0],"34":[0,0]}}
,"C:\\Users\\defir\\Documents\\fun_with_Copilot\\Kiro vibes\\src\\components\\LoadingOverlay.tsx": {"path":"C:\\Users\\defir\\Documents\\fun_with_Copilot\\Kiro vibes\\src\\components\\LoadingOverlay.tsx","statementMap":{"0":{"start":{"line":41,"column":54},"end":{"line":76,"column":1}},"1":{"start":{"line":49,"column":25},"end":{"line":56,"column":14}},"2":{"start":{"line":58,"column":2},"end":{"line":75,"column":4}}},"fnMap":{"0":{"name":"(anonymous_0)","decl":{"start":{"line":41,"column":54},"end":{"line":41,"column":55}},"loc":{"start":{"line":48,"column":6},"end":{"line":76,"column":1}},"line":48}},"branchMap":{"0":{"loc":{"start":{"line":42,"column":2},"end":{"line":42,"column":21}},"type":"default-arg","locations":[{"start":{"line":42,"column":9},"end":{"line":42,"column":21}}],"line":42},"1":{"loc":{"start":{"line":43,"column":2},"end":{"line":43,"column":16}},"type":"default-arg","locations":[{"start":{"line":43,"column":12},"end":{"line":43,"column":16}}],"line":43},"2":{"loc":{"start":{"line":44,"column":2},"end":{"line":44,"column":17}},"type":"default-arg","locations":[{"start":{"line":44,"column":9},"end":{"line":44,"column":17}}],"line":44},"3":{"loc":{"start":{"line":45,"column":2},"end":{"line":45,"column":17}},"type":"default-arg","locations":[{"start":{"line":45,"column":10},"end":{"line":45,"column":17}}],"line":45},"4":{"loc":{"start":{"line":46,"column":2},"end":{"line":46,"column":16}},"type":"default-arg","locations":[{"start":{"line":46,"column":14},"end":{"line":46,"column":16}}],"line":46},"5":{"loc":{"start":{"line":47,"column":2},"end":{"line":47,"column":28}},"type":"default-arg","locations":[{"start":{"line":47,"column":11},"end":{"line":47,"column":28}}],"line":47},"6":{"loc":{"start":{"line":50,"column":4},"end":{"line":50,"column":44}},"type":"cond-expr","locations":[{"start":{"line":50,"column":14},"end":{"line":50,"column":28}},{"start":{"line":50,"column":31},"end":{"line":50,"column":44}}],"line":50}},"s":{"0":0,"1":0,"2":0},"f":{"0":0},"b":{"0":[0],"1":[0],"2":[0],"3":[0],"4":[0],"5":[0],"6":[0,0]}}
,"C:\\Users\\defir\\Documents\\fun_with_Copilot\\Kiro vibes\\src\\components\\PlaylistMixer.tsx": {"path":"C:\\Users\\defir\\Documents\\fun_with_Copilot\\Kiro vibes\\src\\components\\PlaylistMixer.tsx","statementMap":{"0":{"start":{"line":27,"column":52},"end":{"line":411,"column":1}},"1":{"start":{"line":37,"column":29},"end":{"line":37,"column":60}},"2":{"start":{"line":40,"column":24},"end":{"line":42,"column":4}},"3":{"start":{"line":44,"column":21},"end":{"line":46,"column":4}},"4":{"start":{"line":49,"column":43},"end":{"line":53,"column":3}},"5":{"start":{"line":56,"column":28},"end":{"line":56,"column":46}},"6":{"start":{"line":57,"column":2},"end":{"line":76,"column":31}},"7":{"start":{"line":58,"column":17},"end":{"line":58,"column":42}},"8":{"start":{"line":59,"column":20},"end":{"line":59,"column":30}},"9":{"start":{"line":63,"column":6},"end":{"line":70,"column":74}},"10":{"start":{"line":72,"column":4},"end":{"line":75,"column":5}},"11":{"start":{"line":73,"column":6},"end":{"line":73,"column":32}},"12":{"start":{"line":74,"column":6},"end":{"line":74,"column":42}},"13":{"start":{"line":79,"column":32},"end":{"line":85,"column":62}},"14":{"start":{"line":80,"column":4},"end":{"line":84,"column":6}},"15":{"start":{"line":88,"column":35},"end":{"line":93,"column":3}},"16":{"start":{"line":90,"column":6},"end":{"line":90,"column":51}},"17":{"start":{"line":96,"column":26},"end":{"line":143,"column":3}},"18":{"start":{"line":100,"column":6},"end":{"line":106,"column":9}},"19":{"start":{"line":111,"column":8},"end":{"line":111,"column":78}},"20":{"start":{"line":112,"column":6},"end":{"line":112,"column":53}},"21":{"start":{"line":116,"column":25},"end":{"line":116,"column":30}},"22":{"start":{"line":117,"column":29},"end":{"line":117,"column":69}},"23":{"start":{"line":119,"column":6},"end":{"line":140,"column":7}},"24":{"start":{"line":120,"column":26},"end":{"line":120,"column":52}},"25":{"start":{"line":121,"column":8},"end":{"line":139,"column":9}},"26":{"start":{"line":124,"column":46},"end":{"line":128,"column":11}},"27":{"start":{"line":131,"column":10},"end":{"line":131,"column":55}},"28":{"start":{"line":134,"column":32},"end":{"line":134,"column":61}},"29":{"start":{"line":135,"column":32},"end":{"line":135,"column":67}},"30":{"start":{"line":136,"column":10},"end":{"line":136,"column":53}},"31":{"start":{"line":138,"column":10},"end":{"line":138,"column":77}},"32":{"start":{"line":145,"column":27},"end":{"line":169,"column":18}},"33":{"start":{"line":146,"column":4},"end":{"line":146,"column":64}},"34":{"start":{"line":150,"column":6},"end":{"line":150,"column":76}},"35":{"start":{"line":151,"column":4},"end":{"line":151,"column":54}},"36":{"start":{"line":154,"column":4},"end":{"line":168,"column":5}},"37":{"start":{"line":155,"column":28},"end":{"line":155,"column":57}},"38":{"start":{"line":156,"column":32},"end":{"line":156,"column":74}},"39":{"start":{"line":159,"column":28},"end":{"line":161,"column":7}},"40":{"start":{"line":160,"column":13},"end":{"line":160,"column":52}},"41":{"start":{"line":163,"column":6},"end":{"line":163,"column":49}},"42":{"start":{"line":164,"column":6},"end":{"line":164,"column":76}},"43":{"start":{"line":167,"column":6},"end":{"line":167,"column":40}},"44":{"start":{"line":171,"column":24},"end":{"line":287,"column":3}},"45":{"start":{"line":173,"column":6},"end":{"line":173,"column":62}},"46":{"start":{"line":177,"column":8},"end":{"line":177,"column":78}},"47":{"start":{"line":178,"column":6},"end":{"line":178,"column":56}},"48":{"start":{"line":180,"column":31},"end":{"line":180,"column":36}},"49":{"start":{"line":182,"column":6},"end":{"line":187,"column":9}},"50":{"start":{"line":189,"column":6},"end":{"line":189,"column":24}},"51":{"start":{"line":189,"column":17},"end":{"line":189,"column":24}},"52":{"start":{"line":191,"column":28},"end":{"line":191,"column":57}},"53":{"start":{"line":194,"column":29},"end":{"line":194,"column":69}},"54":{"start":{"line":196,"column":6},"end":{"line":241,"column":7}},"55":{"start":{"line":199,"column":26},"end":{"line":199,"column":52}},"56":{"start":{"line":200,"column":8},"end":{"line":200,"column":62}},"57":{"start":{"line":200,"column":55},"end":{"line":200,"column":62}},"58":{"start":{"line":202,"column":34},"end":{"line":202,"column":76}},"59":{"start":{"line":205,"column":28},"end":{"line":207,"column":9}},"60":{"start":{"line":206,"column":15},"end":{"line":206,"column":44}},"61":{"start":{"line":209,"column":8},"end":{"line":227,"column":9}},"62":{"start":{"line":214,"column":31},"end":{"line":216,"column":11}},"63":{"start":{"line":215,"column":17},"end":{"line":215,"column":56}},"64":{"start":{"line":218,"column":10},"end":{"line":226,"column":11}},"65":{"start":{"line":219,"column":36},"end":{"line":223,"column":13}},"66":{"start":{"line":224,"column":12},"end":{"line":224,"column":57}},"67":{"start":{"line":225,"column":12},"end":{"line":225,"column":76}},"68":{"start":{"line":232,"column":8},"end":{"line":236,"column":10}},"69":{"start":{"line":239,"column":8},"end":{"line":239,"column":42}},"70":{"start":{"line":240,"column":8},"end":{"line":240,"column":15}},"71":{"start":{"line":244,"column":30},"end":{"line":246,"column":7}},"72":{"start":{"line":245,"column":13},"end":{"line":245,"column":44}},"73":{"start":{"line":247,"column":28},"end":{"line":249,"column":7}},"74":{"start":{"line":248,"column":13},"end":{"line":248,"column":42}},"75":{"start":{"line":251,"column":6},"end":{"line":261,"column":7}},"76":{"start":{"line":253,"column":8},"end":{"line":260,"column":11}},"77":{"start":{"line":258,"column":54},"end":{"line":258,"column":71}},"78":{"start":{"line":263,"column":6},"end":{"line":284,"column":7}},"79":{"start":{"line":264,"column":25},"end":{"line":266,"column":9}},"80":{"start":{"line":265,"column":15},"end":{"line":265,"column":46}},"81":{"start":{"line":267,"column":25},"end":{"line":269,"column":9}},"82":{"start":{"line":268,"column":15},"end":{"line":268,"column":44}},"83":{"start":{"line":271,"column":8},"end":{"line":278,"column":9}},"84":{"start":{"line":272,"column":34},"end":{"line":272,"column":78}},"85":{"start":{"line":273,"column":10},"end":{"line":276,"column":11}},"86":{"start":{"line":275,"column":12},"end":{"line":275,"column":80}},"87":{"start":{"line":277,"column":10},"end":{"line":277,"column":55}},"88":{"start":{"line":280,"column":8},"end":{"line":283,"column":9}},"89":{"start":{"line":282,"column":10},"end":{"line":282,"column":70}},"90":{"start":{"line":290,"column":31},"end":{"line":346,"column":4}},"91":{"start":{"line":291,"column":4},"end":{"line":338,"column":5}},"92":{"start":{"line":293,"column":28},"end":{"line":293,"column":57}},"93":{"start":{"line":296,"column":6},"end":{"line":308,"column":7}},"94":{"start":{"line":299,"column":8},"end":{"line":299,"column":36}},"95":{"start":{"line":303,"column":8},"end":{"line":307,"column":10}},"96":{"start":{"line":312,"column":6},"end":{"line":318,"column":7}},"97":{"start":{"line":314,"column":8},"end":{"line":317,"column":11}},"98":{"start":{"line":321,"column":21},"end":{"line":324,"column":7}},"99":{"start":{"line":328,"column":6},"end":{"line":331,"column":7}},"100":{"start":{"line":330,"column":8},"end":{"line":330,"column":75}},"101":{"start":{"line":333,"column":6},"end":{"line":335,"column":7}},"102":{"start":{"line":334,"column":8},"end":{"line":334,"column":32}},"103":{"start":{"line":337,"column":6},"end":{"line":337,"column":53}},"104":{"start":{"line":348,"column":2},"end":{"line":410,"column":4}},"105":{"start":{"line":355,"column":10},"end":{"line":355,"column":66}},"106":{"start":{"line":355,"column":53},"end":{"line":355,"column":66}},"107":{"start":{"line":356,"column":10},"end":{"line":356,"column":22}}},"fnMap":{"0":{"name":"(anonymous_0)","decl":{"start":{"line":27,"column":52},"end":{"line":27,"column":53}},"loc":{"start":{"line":35,"column":6},"end":{"line":411,"column":1}},"line":35},"1":{"name":"(anonymous_1)","decl":{"start":{"line":57,"column":12},"end":{"line":57,"column":13}},"loc":{"start":{"line":57,"column":18},"end":{"line":76,"column":3}},"line":57},"2":{"name":"(anonymous_2)","decl":{"start":{"line":79,"column":44},"end":{"line":79,"column":45}},"loc":{"start":{"line":79,"column":56},"end":{"line":85,"column":3}},"line":79},"3":{"name":"(anonymous_3)","decl":{"start":{"line":89,"column":4},"end":{"line":89,"column":5}},"loc":{"start":{"line":89,"column":39},"end":{"line":91,"column":5}},"line":89},"4":{"name":"(anonymous_4)","decl":{"start":{"line":97,"column":4},"end":{"line":97,"column":5}},"loc":{"start":{"line":97,"column":31},"end":{"line":141,"column":5}},"line":97},"5":{"name":"(anonymous_5)","decl":{"start":{"line":145,"column":39},"end":{"line":145,"column":40}},"loc":{"start":{"line":145,"column":45},"end":{"line":169,"column":3}},"line":145},"6":{"name":"(anonymous_6)","decl":{"start":{"line":160,"column":8},"end":{"line":160,"column":9}},"loc":{"start":{"line":160,"column":13},"end":{"line":160,"column":52}},"line":160},"7":{"name":"(anonymous_7)","decl":{"start":{"line":172,"column":4},"end":{"line":172,"column":5}},"loc":{"start":{"line":172,"column":29},"end":{"line":285,"column":5}},"line":172},"8":{"name":"(anonymous_8)","decl":{"start":{"line":206,"column":10},"end":{"line":206,"column":11}},"loc":{"start":{"line":206,"column":15},"end":{"line":206,"column":44}},"line":206},"9":{"name":"(anonymous_9)","decl":{"start":{"line":215,"column":12},"end":{"line":215,"column":13}},"loc":{"start":{"line":215,"column":17},"end":{"line":215,"column":56}},"line":215},"10":{"name":"(anonymous_10)","decl":{"start":{"line":245,"column":8},"end":{"line":245,"column":9}},"loc":{"start":{"line":245,"column":13},"end":{"line":245,"column":44}},"line":245},"11":{"name":"(anonymous_11)","decl":{"start":{"line":248,"column":8},"end":{"line":248,"column":9}},"loc":{"start":{"line":248,"column":13},"end":{"line":248,"column":42}},"line":248},"12":{"name":"(anonymous_12)","decl":{"start":{"line":258,"column":49},"end":{"line":258,"column":50}},"loc":{"start":{"line":258,"column":54},"end":{"line":258,"column":71}},"line":258},"13":{"name":"(anonymous_13)","decl":{"start":{"line":265,"column":10},"end":{"line":265,"column":11}},"loc":{"start":{"line":265,"column":15},"end":{"line":265,"column":46}},"line":265},"14":{"name":"(anonymous_14)","decl":{"start":{"line":268,"column":10},"end":{"line":268,"column":11}},"loc":{"start":{"line":268,"column":15},"end":{"line":268,"column":44}},"line":268},"15":{"name":"(anonymous_15)","decl":{"start":{"line":290,"column":43},"end":{"line":290,"column":44}},"loc":{"start":{"line":290,"column":55},"end":{"line":339,"column":3}},"line":290},"16":{"name":"(anonymous_16)","decl":{"start":{"line":354,"column":8},"end":{"line":354,"column":9}},"loc":{"start":{"line":354,"column":27},"end":{"line":357,"column":9}},"line":354}},"branchMap":{"0":{"loc":{"start":{"line":63,"column":6},"end":{"line":70,"column":74}},"type":"binary-expr","locations":[{"start":{"line":63,"column":6},"end":{"line":63,"column":44}},{"start":{"line":64,"column":6},"end":{"line":64,"column":52}},{"start":{"line":65,"column":6},"end":{"line":65,"column":48}},{"start":{"line":66,"column":6},"end":{"line":66,"column":46}},{"start":{"line":67,"column":6},"end":{"line":67,"column":62}},{"start":{"line":68,"column":6},"end":{"line":68,"column":60}},{"start":{"line":69,"column":6},"end":{"line":69,"column":48}},{"start":{"line":70,"column":6},"end":{"line":70,"column":74}}],"line":63},"1":{"loc":{"start":{"line":72,"column":4},"end":{"line":75,"column":5}},"type":"if","locations":[{"start":{"line":72,"column":4},"end":{"line":75,"column":5}},{"start":{},"end":{}}],"line":72},"2":{"loc":{"start":{"line":103,"column":10},"end":{"line":105,"column":24}},"type":"cond-expr","locations":[{"start":{"line":104,"column":14},"end":{"line":104,"column":31}},{"start":{"line":105,"column":14},"end":{"line":105,"column":24}}],"line":103},"3":{"loc":{"start":{"line":103,"column":10},"end":{"line":103,"column":63}},"type":"binary-expr","locations":[{"start":{"line":103,"column":10},"end":{"line":103,"column":44}},{"start":{"line":103,"column":48},"end":{"line":103,"column":63}}],"line":103},"4":{"loc":{"start":{"line":111,"column":8},"end":{"line":111,"column":78}},"type":"binary-expr","locations":[{"start":{"line":111,"column":9},"end":{"line":111,"column":49}},{"start":{"line":111,"column":54},"end":{"line":111,"column":78}}],"line":111},"5":{"loc":{"start":{"line":119,"column":6},"end":{"line":140,"column":7}},"type":"if","locations":[{"start":{"line":119,"column":6},"end":{"line":140,"column":7}},{"start":{},"end":{}}],"line":119},"6":{"loc":{"start":{"line":121,"column":8},"end":{"line":139,"column":9}},"type":"if","locations":[{"start":{"line":121,"column":8},"end":{"line":139,"column":9}},{"start":{},"end":{}}],"line":121},"7":{"loc":{"start":{"line":126,"column":28},"end":{"line":126,"column":65}},"type":"binary-expr","locations":[{"start":{"line":126,"column":28},"end":{"line":126,"column":52}},{"start":{"line":126,"column":56},"end":{"line":126,"column":65}}],"line":126},"8":{"loc":{"start":{"line":127,"column":24},"end":{"line":127,"column":57}},"type":"binary-expr","locations":[{"start":{"line":127,"column":24},"end":{"line":127,"column":44}},{"start":{"line":127,"column":48},"end":{"line":127,"column":57}}],"line":127},"9":{"loc":{"start":{"line":150,"column":6},"end":{"line":150,"column":76}},"type":"binary-expr","locations":[{"start":{"line":150,"column":7},"end":{"line":150,"column":47}},{"start":{"line":150,"column":52},"end":{"line":150,"column":76}}],"line":150},"10":{"loc":{"start":{"line":154,"column":4},"end":{"line":168,"column":5}},"type":"if","locations":[{"start":{"line":154,"column":4},"end":{"line":168,"column":5}},{"start":{},"end":{}}],"line":154},"11":{"loc":{"start":{"line":177,"column":8},"end":{"line":177,"column":78}},"type":"binary-expr","locations":[{"start":{"line":177,"column":9},"end":{"line":177,"column":49}},{"start":{"line":177,"column":54},"end":{"line":177,"column":78}}],"line":177},"12":{"loc":{"start":{"line":189,"column":6},"end":{"line":189,"column":24}},"type":"if","locations":[{"start":{"line":189,"column":6},"end":{"line":189,"column":24}},{"start":{},"end":{}}],"line":189},"13":{"loc":{"start":{"line":196,"column":6},"end":{"line":241,"column":7}},"type":"if","locations":[{"start":{"line":196,"column":6},"end":{"line":241,"column":7}},{"start":{},"end":{}}],"line":196},"14":{"loc":{"start":{"line":200,"column":8},"end":{"line":200,"column":62}},"type":"if","locations":[{"start":{"line":200,"column":8},"end":{"line":200,"column":62}},{"start":{},"end":{}}],"line":200},"15":{"loc":{"start":{"line":200,"column":12},"end":{"line":200,"column":53}},"type":"binary-expr","locations":[{"start":{"line":200,"column":12},"end":{"line":200,"column":22}},{"start":{"line":200,"column":26},"end":{"line":200,"column":53}}],"line":200},"16":{"loc":{"start":{"line":209,"column":8},"end":{"line":227,"column":9}},"type":"if","locations":[{"start":{"line":209,"column":8},"end":{"line":227,"column":9}},{"start":{},"end":{}}],"line":209},"17":{"loc":{"start":{"line":210,"column":10},"end":{"line":211,"column":74}},"type":"binary-expr","locations":[{"start":{"line":210,"column":10},"end":{"line":210,"column":26}},{"start":{"line":211,"column":10},"end":{"line":211,"column":74}}],"line":210},"18":{"loc":{"start":{"line":218,"column":10},"end":{"line":226,"column":11}},"type":"if","locations":[{"start":{"line":218,"column":10},"end":{"line":226,"column":11}},{"start":{},"end":{}}],"line":218},"19":{"loc":{"start":{"line":251,"column":6},"end":{"line":261,"column":7}},"type":"if","locations":[{"start":{"line":251,"column":6},"end":{"line":261,"column":7}},{"start":{},"end":{}}],"line":251},"20":{"loc":{"start":{"line":263,"column":6},"end":{"line":284,"column":7}},"type":"if","locations":[{"start":{"line":263,"column":6},"end":{"line":284,"column":7}},{"start":{"line":279,"column":13},"end":{"line":284,"column":7}}],"line":263},"21":{"loc":{"start":{"line":263,"column":10},"end":{"line":263,"column":42}},"type":"binary-expr","locations":[{"start":{"line":263,"column":10},"end":{"line":263,"column":25}},{"start":{"line":263,"column":29},"end":{"line":263,"column":42}}],"line":263},"22":{"loc":{"start":{"line":271,"column":8},"end":{"line":278,"column":9}},"type":"if","locations":[{"start":{"line":271,"column":8},"end":{"line":278,"column":9}},{"start":{},"end":{}}],"line":271},"23":{"loc":{"start":{"line":273,"column":10},"end":{"line":276,"column":11}},"type":"if","locations":[{"start":{"line":273,"column":10},"end":{"line":276,"column":11}},{"start":{},"end":{}}],"line":273},"24":{"loc":{"start":{"line":280,"column":8},"end":{"line":283,"column":9}},"type":"if","locations":[{"start":{"line":280,"column":8},"end":{"line":283,"column":9}},{"start":{},"end":{}}],"line":280},"25":{"loc":{"start":{"line":296,"column":6},"end":{"line":308,"column":7}},"type":"if","locations":[{"start":{"line":296,"column":6},"end":{"line":308,"column":7}},{"start":{"line":300,"column":13},"end":{"line":308,"column":7}}],"line":296},"26":{"loc":{"start":{"line":312,"column":6},"end":{"line":318,"column":7}},"type":"if","locations":[{"start":{"line":312,"column":6},"end":{"line":318,"column":7}},{"start":{},"end":{}}],"line":312},"27":{"loc":{"start":{"line":328,"column":6},"end":{"line":331,"column":7}},"type":"if","locations":[{"start":{"line":328,"column":6},"end":{"line":331,"column":7}},{"start":{},"end":{}}],"line":328},"28":{"loc":{"start":{"line":333,"column":6},"end":{"line":335,"column":7}},"type":"if","locations":[{"start":{"line":333,"column":6},"end":{"line":335,"column":7}},{"start":{},"end":{}}],"line":333},"29":{"loc":{"start":{"line":355,"column":10},"end":{"line":355,"column":66}},"type":"if","locations":[{"start":{"line":355,"column":10},"end":{"line":355,"column":66}},{"start":{},"end":{}}],"line":355},"30":{"loc":{"start":{"line":380,"column":9},"end":{"line":392,"column":9}},"type":"binary-expr","locations":[{"start":{"line":380,"column":9},"end":{"line":380,"column":33}},{"start":{"line":381,"column":10},"end":{"line":391,"column":26}}],"line":380}},"s":{"0":0,"1":0,"2":0,"3":0,"4":0,"5":0,"6":0,"7":0,"8":0,"9":0,"10":0,"11":0,"12":0,"13":0,"14":0,"15":0,"16":0,"17":0,"18":0,"19":0,"20":0,"21":0,"22":0,"23":0,"24":0,"25":0,"26":0,"27":0,"28":0,"29":0,"30":0,"31":0,"32":0,"33":0,"34":0,"35":0,"36":0,"37":0,"38":0,"39":0,"40":0,"41":0,"42":0,"43":0,"44":0,"45":0,"46":0,"47":0,"48":0,"49":0,"50":0,"51":0,"52":0,"53":0,"54":0,"55":0,"56":0,"57":0,"58":0,"59":0,"60":0,"61":0,"62":0,"63":0,"64":0,"65":0,"66":0,"67":0,"68":0,"69":0,"70":0,"71":0,"72":0,"73":0,"74":0,"75":0,"76":0,"77":0,"78":0,"79":0,"80":0,"81":0,"82":0,"83":0,"84":0,"85":0,"86":0,"87":0,"88":0,"89":0,"90":0,"91":0,"92":0,"93":0,"94":0,"95":0,"96":0,"97":0,"98":0,"99":0,"100":0,"101":0,"102":0,"103":0,"104":0,"105":0,"106":0,"107":0},"f":{"0":0,"1":0,"2":0,"3":0,"4":0,"5":0,"6":0,"7":0,"8":0,"9":0,"10":0,"11":0,"12":0,"13":0,"14":0,"15":0,"16":0},"b":{"0":[0,0,0,0,0,0,0,0],"1":[0,0],"2":[0,0],"3":[0,0],"4":[0,0],"5":[0,0],"6":[0,0],"7":[0,0],"8":[0,0],"9":[0,0],"10":[0,0],"11":[0,0],"12":[0,0],"13":[0,0],"14":[0,0],"15":[0,0],"16":[0,0],"17":[0,0],"18":[0,0],"19":[0,0],"20":[0,0],"21":[0,0],"22":[0,0],"23":[0,0],"24":[0,0],"25":[0,0],"26":[0,0],"27":[0,0],"28":[0,0],"29":[0,0],"30":[0,0]}}
,"C:\\Users\\defir\\Documents\\fun_with_Copilot\\Kiro vibes\\src\\components\\PlaylistSelector.tsx": {"path":"C:\\Users\\defir\\Documents\\fun_with_Copilot\\Kiro vibes\\src\\components\\PlaylistSelector.tsx","statementMap":{"0":{"start":{"line":20,"column":25},"end":{"line":352,"column":1}},"1":{"start":{"line":28,"column":52},"end":{"line":28,"column":63}},"2":{"start":{"line":29,"column":46},"end":{"line":29,"column":58}},"3":{"start":{"line":30,"column":34},"end":{"line":30,"column":49}},"4":{"start":{"line":31,"column":38},"end":{"line":31,"column":74}},"5":{"start":{"line":34,"column":21},"end":{"line":34,"column":51}},"6":{"start":{"line":45,"column":8},"end":{"line":49,"column":6}},"7":{"start":{"line":52,"column":6},"end":{"line":72,"column":8}},"8":{"start":{"line":56,"column":10},"end":{"line":56,"column":37}},"9":{"start":{"line":57,"column":10},"end":{"line":57,"column":31}},"10":{"start":{"line":58,"column":10},"end":{"line":58,"column":25}},"11":{"start":{"line":61,"column":10},"end":{"line":69,"column":18}},"12":{"start":{"line":62,"column":12},"end":{"line":68,"column":13}},"13":{"start":{"line":63,"column":14},"end":{"line":67,"column":15}},"14":{"start":{"line":64,"column":16},"end":{"line":64,"column":64}},"15":{"start":{"line":66,"column":16},"end":{"line":66,"column":41}},"16":{"start":{"line":78,"column":4},"end":{"line":86,"column":31}},"17":{"start":{"line":79,"column":6},"end":{"line":85,"column":7}},"18":{"start":{"line":80,"column":8},"end":{"line":84,"column":9}},"19":{"start":{"line":81,"column":10},"end":{"line":81,"column":31}},"20":{"start":{"line":83,"column":10},"end":{"line":83,"column":65}},"21":{"start":{"line":88,"column":30},"end":{"line":103,"column":5}},"22":{"start":{"line":90,"column":22},"end":{"line":90,"column":36}},"23":{"start":{"line":91,"column":8},"end":{"line":91,"column":32}},"24":{"start":{"line":92,"column":8},"end":{"line":92,"column":24}},"25":{"start":{"line":94,"column":8},"end":{"line":100,"column":9}},"26":{"start":{"line":95,"column":10},"end":{"line":95,"column":30}},"27":{"start":{"line":96,"column":10},"end":{"line":96,"column":32}},"28":{"start":{"line":98,"column":10},"end":{"line":98,"column":33}},"29":{"start":{"line":105,"column":30},"end":{"line":135,"column":6}},"30":{"start":{"line":106,"column":6},"end":{"line":109,"column":7}},"31":{"start":{"line":107,"column":8},"end":{"line":107,"column":62}},"32":{"start":{"line":108,"column":8},"end":{"line":108,"column":15}},"33":{"start":{"line":111,"column":20},"end":{"line":111,"column":40}},"34":{"start":{"line":114,"column":6},"end":{"line":127,"column":7}},"35":{"start":{"line":115,"column":8},"end":{"line":115,"column":25}},"36":{"start":{"line":116,"column":8},"end":{"line":116,"column":30}},"37":{"start":{"line":117,"column":8},"end":{"line":121,"column":9}},"38":{"start":{"line":118,"column":10},"end":{"line":118,"column":46}},"39":{"start":{"line":120,"column":10},"end":{"line":120,"column":28}},"40":{"start":{"line":124,"column":8},"end":{"line":126,"column":9}},"41":{"start":{"line":125,"column":10},"end":{"line":125,"column":61}},"42":{"start":{"line":137,"column":26},"end":{"line":177,"column":5}},"43":{"start":{"line":139,"column":8},"end":{"line":167,"column":9}},"44":{"start":{"line":140,"column":10},"end":{"line":163,"column":11}},"45":{"start":{"line":141,"column":12},"end":{"line":141,"column":31}},"46":{"start":{"line":142,"column":12},"end":{"line":146,"column":14}},"47":{"start":{"line":143,"column":14},"end":{"line":145,"column":67}},"48":{"start":{"line":147,"column":17},"end":{"line":163,"column":11}},"49":{"start":{"line":148,"column":12},"end":{"line":148,"column":31}},"50":{"start":{"line":149,"column":12},"end":{"line":151,"column":14}},"51":{"start":{"line":150,"column":14},"end":{"line":150,"column":48}},"52":{"start":{"line":152,"column":17},"end":{"line":163,"column":11}},"53":{"start":{"line":153,"column":12},"end":{"line":153,"column":31}},"54":{"start":{"line":154,"column":12},"end":{"line":162,"column":13}},"55":{"start":{"line":155,"column":14},"end":{"line":155,"column":31}},"56":{"start":{"line":156,"column":14},"end":{"line":156,"column":36}},"57":{"start":{"line":157,"column":14},"end":{"line":159,"column":49}},"58":{"start":{"line":159,"column":30},"end":{"line":159,"column":47}},"59":{"start":{"line":161,"column":14},"end":{"line":161,"column":34}},"60":{"start":{"line":164,"column":15},"end":{"line":167,"column":9}},"61":{"start":{"line":165,"column":10},"end":{"line":165,"column":29}},"62":{"start":{"line":166,"column":10},"end":{"line":166,"column":30}},"63":{"start":{"line":180,"column":4},"end":{"line":188,"column":11}},"64":{"start":{"line":181,"column":6},"end":{"line":187,"column":7}},"65":{"start":{"line":182,"column":8},"end":{"line":186,"column":9}},"66":{"start":{"line":183,"column":10},"end":{"line":183,"column":58}},"67":{"start":{"line":185,"column":10},"end":{"line":185,"column":35}},"68":{"start":{"line":191,"column":4},"end":{"line":193,"column":43}},"69":{"start":{"line":192,"column":6},"end":{"line":192,"column":61}},"70":{"start":{"line":195,"column":36},"end":{"line":214,"column":5}},"71":{"start":{"line":197,"column":8},"end":{"line":197,"column":30}},"72":{"start":{"line":198,"column":8},"end":{"line":198,"column":35}},"73":{"start":{"line":199,"column":8},"end":{"line":199,"column":29}},"74":{"start":{"line":200,"column":8},"end":{"line":200,"column":23}},"75":{"start":{"line":203,"column":8},"end":{"line":211,"column":16}},"76":{"start":{"line":204,"column":10},"end":{"line":210,"column":11}},"77":{"start":{"line":205,"column":12},"end":{"line":209,"column":13}},"78":{"start":{"line":206,"column":14},"end":{"line":206,"column":62}},"79":{"start":{"line":208,"column":14},"end":{"line":208,"column":39}},"80":{"start":{"line":216,"column":29},"end":{"line":220,"column":50}},"81":{"start":{"line":217,"column":6},"end":{"line":219,"column":7}},"82":{"start":{"line":218,"column":8},"end":{"line":218,"column":29}},"83":{"start":{"line":222,"column":28},"end":{"line":225,"column":24}},"84":{"start":{"line":224,"column":6},"end":{"line":224,"column":51}},"85":{"start":{"line":224,"column":23},"end":{"line":224,"column":44}},"86":{"start":{"line":227,"column":4},"end":{"line":350,"column":6}},"87":{"start":{"line":291,"column":36},"end":{"line":291,"column":59}},"88":{"start":{"line":293,"column":44},"end":{"line":295,"column":19}},"89":{"start":{"line":294,"column":25},"end":{"line":294,"column":45}},"90":{"start":{"line":296,"column":40},"end":{"line":296,"column":66}},"91":{"start":{"line":298,"column":18},"end":{"line":338,"column":20}},"92":{"start":{"line":301,"column":37},"end":{"line":301,"column":70}},"93":{"start":{"line":303,"column":24},"end":{"line":306,"column":25}},"94":{"start":{"line":304,"column":26},"end":{"line":304,"column":45}},"95":{"start":{"line":305,"column":26},"end":{"line":305,"column":60}},"96":{"start":{"line":315,"column":42},"end":{"line":315,"column":68}},"97":{"start":{"line":316,"column":42},"end":{"line":316,"column":65}},"98":{"start":{"line":354,"column":0},"end":{"line":354,"column":50}}},"fnMap":{"0":{"name":"(anonymous_0)","decl":{"start":{"line":21,"column":2},"end":{"line":21,"column":3}},"loc":{"start":{"line":27,"column":8},"end":{"line":351,"column":3}},"line":27},"1":{"name":"(anonymous_1)","decl":{"start":{"line":55,"column":26},"end":{"line":55,"column":27}},"loc":{"start":{"line":55,"column":38},"end":{"line":70,"column":9}},"line":55},"2":{"name":"(anonymous_2)","decl":{"start":{"line":61,"column":21},"end":{"line":61,"column":22}},"loc":{"start":{"line":61,"column":27},"end":{"line":69,"column":11}},"line":61},"3":{"name":"(anonymous_3)","decl":{"start":{"line":78,"column":14},"end":{"line":78,"column":15}},"loc":{"start":{"line":78,"column":20},"end":{"line":86,"column":5}},"line":78},"4":{"name":"(anonymous_4)","decl":{"start":{"line":89,"column":6},"end":{"line":89,"column":7}},"loc":{"start":{"line":89,"column":50},"end":{"line":101,"column":7}},"line":89},"5":{"name":"(anonymous_5)","decl":{"start":{"line":105,"column":42},"end":{"line":105,"column":43}},"loc":{"start":{"line":105,"column":54},"end":{"line":128,"column":5}},"line":105},"6":{"name":"(anonymous_6)","decl":{"start":{"line":138,"column":6},"end":{"line":138,"column":7}},"loc":{"start":{"line":138,"column":52},"end":{"line":168,"column":7}},"line":138},"7":{"name":"(anonymous_7)","decl":{"start":{"line":142,"column":32},"end":{"line":142,"column":33}},"loc":{"start":{"line":143,"column":14},"end":{"line":145,"column":67}},"line":143},"8":{"name":"(anonymous_8)","decl":{"start":{"line":149,"column":32},"end":{"line":149,"column":33}},"loc":{"start":{"line":150,"column":14},"end":{"line":150,"column":48}},"line":150},"9":{"name":"(anonymous_9)","decl":{"start":{"line":159,"column":24},"end":{"line":159,"column":25}},"loc":{"start":{"line":159,"column":30},"end":{"line":159,"column":47}},"line":159},"10":{"name":"(anonymous_10)","decl":{"start":{"line":180,"column":14},"end":{"line":180,"column":15}},"loc":{"start":{"line":180,"column":20},"end":{"line":188,"column":5}},"line":180},"11":{"name":"(anonymous_11)","decl":{"start":{"line":191,"column":14},"end":{"line":191,"column":15}},"loc":{"start":{"line":191,"column":20},"end":{"line":193,"column":5}},"line":191},"12":{"name":"(anonymous_12)","decl":{"start":{"line":196,"column":6},"end":{"line":196,"column":7}},"loc":{"start":{"line":196,"column":37},"end":{"line":212,"column":7}},"line":196},"13":{"name":"(anonymous_13)","decl":{"start":{"line":203,"column":19},"end":{"line":203,"column":20}},"loc":{"start":{"line":203,"column":25},"end":{"line":211,"column":9}},"line":203},"14":{"name":"(anonymous_14)","decl":{"start":{"line":216,"column":41},"end":{"line":216,"column":42}},"loc":{"start":{"line":216,"column":47},"end":{"line":220,"column":5}},"line":216},"15":{"name":"(anonymous_15)","decl":{"start":{"line":222,"column":40},"end":{"line":222,"column":41}},"loc":{"start":{"line":222,"column":46},"end":{"line":225,"column":5}},"line":222},"16":{"name":"(anonymous_16)","decl":{"start":{"line":224,"column":17},"end":{"line":224,"column":18}},"loc":{"start":{"line":224,"column":23},"end":{"line":224,"column":44}},"line":224},"17":{"name":"(anonymous_17)","decl":{"start":{"line":291,"column":24},"end":{"line":291,"column":25}},"loc":{"start":{"line":291,"column":36},"end":{"line":291,"column":59}},"line":291},"18":{"name":"(anonymous_18)","decl":{"start":{"line":292,"column":21},"end":{"line":292,"column":22}},"loc":{"start":{"line":292,"column":42},"end":{"line":339,"column":17}},"line":292},"19":{"name":"(anonymous_19)","decl":{"start":{"line":294,"column":20},"end":{"line":294,"column":21}},"loc":{"start":{"line":294,"column":25},"end":{"line":294,"column":45}},"line":294},"20":{"name":"(anonymous_20)","decl":{"start":{"line":301,"column":31},"end":{"line":301,"column":32}},"loc":{"start":{"line":301,"column":37},"end":{"line":301,"column":70}},"line":301},"21":{"name":"(anonymous_21)","decl":{"start":{"line":302,"column":33},"end":{"line":302,"column":34}},"loc":{"start":{"line":302,"column":38},"end":{"line":307,"column":23}},"line":302},"22":{"name":"(anonymous_22)","decl":{"start":{"line":315,"column":36},"end":{"line":315,"column":37}},"loc":{"start":{"line":315,"column":42},"end":{"line":315,"column":68}},"line":315},"23":{"name":"(anonymous_23)","decl":{"start":{"line":316,"column":36},"end":{"line":316,"column":37}},"loc":{"start":{"line":316,"column":42},"end":{"line":316,"column":65}},"line":316}},"branchMap":{"0":{"loc":{"start":{"line":62,"column":12},"end":{"line":68,"column":13}},"type":"if","locations":[{"start":{"line":62,"column":12},"end":{"line":68,"column":13}},{"start":{},"end":{}}],"line":62},"1":{"loc":{"start":{"line":79,"column":6},"end":{"line":85,"column":7}},"type":"if","locations":[{"start":{"line":79,"column":6},"end":{"line":85,"column":7}},{"start":{},"end":{}}],"line":79},"2":{"loc":{"start":{"line":80,"column":8},"end":{"line":84,"column":9}},"type":"if","locations":[{"start":{"line":80,"column":8},"end":{"line":84,"column":9}},{"start":{"line":82,"column":15},"end":{"line":84,"column":9}}],"line":80},"3":{"loc":{"start":{"line":94,"column":8},"end":{"line":100,"column":9}},"type":"if","locations":[{"start":{"line":94,"column":8},"end":{"line":100,"column":9}},{"start":{"line":97,"column":15},"end":{"line":100,"column":9}}],"line":94},"4":{"loc":{"start":{"line":106,"column":6},"end":{"line":109,"column":7}},"type":"if","locations":[{"start":{"line":106,"column":6},"end":{"line":109,"column":7}},{"start":{},"end":{}}],"line":106},"5":{"loc":{"start":{"line":114,"column":6},"end":{"line":127,"column":7}},"type":"if","locations":[{"start":{"line":114,"column":6},"end":{"line":127,"column":7}},{"start":{"line":122,"column":13},"end":{"line":127,"column":7}}],"line":114},"6":{"loc":{"start":{"line":124,"column":8},"end":{"line":126,"column":9}},"type":"if","locations":[{"start":{"line":124,"column":8},"end":{"line":126,"column":9}},{"start":{},"end":{}}],"line":124},"7":{"loc":{"start":{"line":139,"column":8},"end":{"line":167,"column":9}},"type":"if","locations":[{"start":{"line":139,"column":8},"end":{"line":167,"column":9}},{"start":{"line":164,"column":15},"end":{"line":167,"column":9}}],"line":139},"8":{"loc":{"start":{"line":139,"column":12},"end":{"line":139,"column":57}},"type":"binary-expr","locations":[{"start":{"line":139,"column":12},"end":{"line":139,"column":36}},{"start":{"line":139,"column":40},"end":{"line":139,"column":57}}],"line":139},"9":{"loc":{"start":{"line":140,"column":10},"end":{"line":163,"column":11}},"type":"if","locations":[{"start":{"line":140,"column":10},"end":{"line":163,"column":11}},{"start":{"line":147,"column":17},"end":{"line":163,"column":11}}],"line":140},"10":{"loc":{"start":{"line":143,"column":14},"end":{"line":145,"column":67}},"type":"cond-expr","locations":[{"start":{"line":144,"column":18},"end":{"line":144,"column":19}},{"start":{"line":145,"column":18},"end":{"line":145,"column":67}}],"line":143},"11":{"loc":{"start":{"line":147,"column":17},"end":{"line":163,"column":11}},"type":"if","locations":[{"start":{"line":147,"column":17},"end":{"line":163,"column":11}},{"start":{"line":152,"column":17},"end":{"line":163,"column":11}}],"line":147},"12":{"loc":{"start":{"line":150,"column":14},"end":{"line":150,"column":48}},"type":"cond-expr","locations":[{"start":{"line":150,"column":31},"end":{"line":150,"column":32}},{"start":{"line":150,"column":35},"end":{"line":150,"column":48}}],"line":150},"13":{"loc":{"start":{"line":152,"column":17},"end":{"line":163,"column":11}},"type":"if","locations":[{"start":{"line":152,"column":17},"end":{"line":163,"column":11}},{"start":{},"end":{}}],"line":152},"14":{"loc":{"start":{"line":154,"column":12},"end":{"line":162,"column":13}},"type":"if","locations":[{"start":{"line":154,"column":12},"end":{"line":162,"column":13}},{"start":{"line":160,"column":19},"end":{"line":162,"column":13}}],"line":154},"15":{"loc":{"start":{"line":154,"column":16},"end":{"line":154,"column":74}},"type":"binary-expr","locations":[{"start":{"line":154,"column":16},"end":{"line":154,"column":39}},{"start":{"line":154,"column":43},"end":{"line":154,"column":74}}],"line":154},"16":{"loc":{"start":{"line":164,"column":15},"end":{"line":167,"column":9}},"type":"if","locations":[{"start":{"line":164,"column":15},"end":{"line":167,"column":9}},{"start":{},"end":{}}],"line":164},"17":{"loc":{"start":{"line":181,"column":6},"end":{"line":187,"column":7}},"type":"if","locations":[{"start":{"line":181,"column":6},"end":{"line":187,"column":7}},{"start":{},"end":{}}],"line":181},"18":{"loc":{"start":{"line":192,"column":26},"end":{"line":192,"column":59}},"type":"cond-expr","locations":[{"start":{"line":192,"column":53},"end":{"line":192,"column":54}},{"start":{"line":192,"column":57},"end":{"line":192,"column":59}}],"line":192},"19":{"loc":{"start":{"line":204,"column":10},"end":{"line":210,"column":11}},"type":"if","locations":[{"start":{"line":204,"column":10},"end":{"line":210,"column":11}},{"start":{},"end":{}}],"line":204},"20":{"loc":{"start":{"line":217,"column":6},"end":{"line":219,"column":7}},"type":"if","locations":[{"start":{"line":217,"column":6},"end":{"line":219,"column":7}},{"start":{},"end":{}}],"line":217},"21":{"loc":{"start":{"line":217,"column":10},"end":{"line":217,"column":56}},"type":"binary-expr","locations":[{"start":{"line":217,"column":10},"end":{"line":217,"column":30}},{"start":{"line":217,"column":34},"end":{"line":217,"column":56}}],"line":217},"22":{"loc":{"start":{"line":230,"column":10},"end":{"line":230,"column":62}},"type":"cond-expr","locations":[{"start":{"line":230,"column":30},"end":{"line":230,"column":57}},{"start":{"line":230,"column":60},"end":{"line":230,"column":62}}],"line":230},"23":{"loc":{"start":{"line":233,"column":9},"end":{"line":233,"column":38}},"type":"binary-expr","locations":[{"start":{"line":233,"column":9},"end":{"line":233,"column":16}},{"start":{"line":233,"column":20},"end":{"line":233,"column":38}}],"line":233},"24":{"loc":{"start":{"line":241,"column":13},"end":{"line":250,"column":13}},"type":"binary-expr","locations":[{"start":{"line":241,"column":13},"end":{"line":241,"column":41}},{"start":{"line":242,"column":14},"end":{"line":249,"column":23}}],"line":241},"25":{"loc":{"start":{"line":273,"column":18},"end":{"line":275,"column":77}},"type":"binary-expr","locations":[{"start":{"line":273,"column":18},"end":{"line":273,"column":27}},{"start":{"line":274,"column":18},"end":{"line":274,"column":39}},{"start":{"line":275,"column":19},"end":{"line":275,"column":38}},{"start":{"line":275,"column":42},"end":{"line":275,"column":76}}],"line":273},"26":{"loc":{"start":{"line":278,"column":17},"end":{"line":282,"column":30}},"type":"cond-expr","locations":[{"start":{"line":279,"column":20},"end":{"line":279,"column":34}},{"start":{"line":280,"column":20},"end":{"line":282,"column":30}}],"line":278},"27":{"loc":{"start":{"line":280,"column":20},"end":{"line":282,"column":30}},"type":"cond-expr","locations":[{"start":{"line":281,"column":22},"end":{"line":281,"column":27}},{"start":{"line":282,"column":22},"end":{"line":282,"column":30}}],"line":280},"28":{"loc":{"start":{"line":288,"column":11},"end":{"line":341,"column":11}},"type":"binary-expr","locations":[{"start":{"line":288,"column":11},"end":{"line":288,"column":28}},{"start":{"line":288,"column":32},"end":{"line":288,"column":56}},{"start":{"line":289,"column":12},"end":{"line":340,"column":18}}],"line":288},"29":{"loc":{"start":{"line":291,"column":36},"end":{"line":291,"column":59}},"type":"binary-expr","locations":[{"start":{"line":291,"column":36},"end":{"line":291,"column":44}},{"start":{"line":291,"column":48},"end":{"line":291,"column":59}}],"line":291},"30":{"loc":{"start":{"line":303,"column":24},"end":{"line":306,"column":25}},"type":"if","locations":[{"start":{"line":303,"column":24},"end":{"line":306,"column":25}},{"start":{},"end":{}}],"line":303},"31":{"loc":{"start":{"line":303,"column":28},"end":{"line":303,"column":62}},"type":"binary-expr","locations":[{"start":{"line":303,"column":28},"end":{"line":303,"column":45}},{"start":{"line":303,"column":49},"end":{"line":303,"column":62}}],"line":303},"32":{"loc":{"start":{"line":312,"column":26},"end":{"line":312,"column":81}},"type":"cond-expr","locations":[{"start":{"line":312,"column":42},"end":{"line":312,"column":76}},{"start":{"line":312,"column":79},"end":{"line":312,"column":81}}],"line":312},"33":{"loc":{"start":{"line":313,"column":26},"end":{"line":313,"column":82}},"type":"cond-expr","locations":[{"start":{"line":313,"column":46},"end":{"line":313,"column":77}},{"start":{"line":313,"column":80},"end":{"line":313,"column":82}}],"line":313},"34":{"loc":{"start":{"line":318,"column":23},"end":{"line":324,"column":23}},"type":"binary-expr","locations":[{"start":{"line":318,"column":23},"end":{"line":318,"column":49}},{"start":{"line":319,"column":24},"end":{"line":323,"column":26}}],"line":318},"35":{"loc":{"start":{"line":321,"column":31},"end":{"line":321,"column":58}},"type":"binary-expr","locations":[{"start":{"line":321,"column":31},"end":{"line":321,"column":44}},{"start":{"line":321,"column":48},"end":{"line":321,"column":58}}],"line":321},"36":{"loc":{"start":{"line":327,"column":27},"end":{"line":327,"column":64}},"type":"binary-expr","locations":[{"start":{"line":327,"column":27},"end":{"line":
[...]
4},"end":{"line":349,"column":64}},"90":{"start":{"line":351,"column":4},"end":{"line":360,"column":5}},"91":{"start":{"line":358,"column":6},"end":{"line":358,"column":68}},"92":{"start":{"line":359,"column":6},"end":{"line":359,"column":37}},"93":{"start":{"line":363,"column":2},"end":{"line":369,"column":4}},"94":{"start":{"line":377,"column":39},"end":{"line":426,"column":1}},"95":{"start":{"line":392,"column":22},"end":{"line":392,"column":53}},"96":{"start":{"line":395,"column":6},"end":{"line":395,"column":8}},"97":{"start":{"line":397,"column":20},"end":{"line":397,"column":21}},"98":{"start":{"line":398,"column":21},"end":{"line":398,"column":22}},"99":{"start":{"line":399,"column":21},"end":{"line":399,"column":22}},"100":{"start":{"line":400,"column":22},"end":{"line":400,"column":23}},"101":{"start":{"line":401,"column":22},"end":{"line":401,"column":23}},"102":{"start":{"line":403,"column":2},"end":{"line":413,"column":5}},"103":{"start":{"line":404,"column":22},"end":{"line":404,"column":49}},"104":{"start":{"line":405,"column":18},"end":{"line":405,"column":45}},"105":{"start":{"line":406,"column":4},"end":{"line":406,"column":38}},"106":{"start":{"line":408,"column":4},"end":{"line":408,"column":37}},"107":{"start":{"line":409,"column":4},"end":{"line":409,"column":49}},"108":{"start":{"line":410,"column":4},"end":{"line":410,"column":49}},"109":{"start":{"line":411,"column":4},"end":{"line":411,"column":51}},"110":{"start":{"line":412,"column":4},"end":{"line":412,"column":51}},"111":{"start":{"line":415,"column":2},"end":{"line":425,"column":4}}},"fnMap":{"0":{"name":"(anonymous_0)","decl":{"start":{"line":26,"column":41},"end":{"line":26,"column":42}},"loc":{"start":{"line":29,"column":26},"end":{"line":90,"column":1}},"line":29},"1":{"name":"(anonymous_1)","decl":{"start":{"line":44,"column":65},"end":{"line":44,"column":66}},"loc":{"start":{"line":44,"column":74},"end":{"line":50,"column":3}},"line":44},"2":{"name":"(anonymous_2)","decl":{"start":{"line":99,"column":37},"end":{"line":99,"column":38}},"loc":{"start":{"line":102,"column":22},"end":{"line":147,"column":1}},"line":102},"3":{"name":"(anonymous_3)","decl":{"start":{"line":114,"column":41},"end":{"line":114,"column":42}},"loc":{"start":{"line":114,"column":55},"end":{"line":144,"column":3}},"line":114},"4":{"name":"(anonymous_4)","decl":{"start":{"line":154,"column":32},"end":{"line":154,"column":33}},"loc":{"start":{"line":182,"column":5},"end":{"line":254,"column":1}},"line":182},"5":{"name":"(anonymous_5)","decl":{"start":{"line":209,"column":27},"end":{"line":209,"column":28}},"loc":{"start":{"line":209,"column":62},"end":{"line":216,"column":3}},"line":209},"6":{"name":"(anonymous_6)","decl":{"start":{"line":211,"column":36},"end":{"line":211,"column":37}},"loc":{"start":{"line":211,"column":41},"end":{"line":211,"column":61}},"line":211},"7":{"name":"(anonymous_7)","decl":{"start":{"line":218,"column":29},"end":{"line":218,"column":30}},"loc":{"start":{"line":218,"column":64},"end":{"line":225,"column":3}},"line":218},"8":{"name":"(anonymous_8)","decl":{"start":{"line":221,"column":6},"end":{"line":221,"column":7}},"loc":{"start":{"line":221,"column":22},"end":{"line":221,"column":52}},"line":221},"9":{"name":"(anonymous_9)","decl":{"start":{"line":261,"column":33},"end":{"line":261,"column":34}},"loc":{"start":{"line":269,"column":5},"end":{"line":370,"column":1}},"line":269},"10":{"name":"(anonymous_10)","decl":{"start":{"line":310,"column":33},"end":{"line":310,"column":34}},"loc":{"start":{"line":313,"column":7},"end":{"line":328,"column":3}},"line":313},"11":{"name":"(anonymous_11)","decl":{"start":{"line":314,"column":19},"end":{"line":314,"column":20}},"loc":{"start":{"line":314,"column":37},"end":{"line":327,"column":5}},"line":314},"12":{"name":"(anonymous_12)","decl":{"start":{"line":338,"column":33},"end":{"line":338,"column":34}},"loc":{"start":{"line":338,"column":68},"end":{"line":344,"column":5}},"line":338},"13":{"name":"(anonymous_13)","decl":{"start":{"line":341,"column":22},"end":{"line":341,"column":23}},"loc":{"start":{"line":341,"column":38},"end":{"line":341,"column":68}},"line":341},"14":{"name":"(anonymous_14)","decl":{"start":{"line":377,"column":39},"end":{"line":377,"column":40}},"loc":{"start":{"line":391,"column":5},"end":{"line":426,"column":1}},"line":391},"15":{"name":"(anonymous_15)","decl":{"start":{"line":403,"column":22},"end":{"line":403,"column":23}},"loc":{"start":{"line":403,"column":36},"end":{"line":413,"column":3}},"line":403}},"branchMap":{"0":{"loc":{"start":{"line":28,"column":2},"end":{"line":28,"column":31}},"type":"default-arg","locations":[{"start":{"line":28,"column":26},"end":{"line":28,"column":31}}],"line":28},"1":{"loc":{"start":{"line":30,"column":2},"end":{"line":41,"column":3}},"type":"if","locations":[{"start":{"line":30,"column":2},"end":{"line":41,"column":3}},{"start":{},"end":{}}],"line":30},"2":{"loc":{"start":{"line":30,"column":6},"end":{"line":30,"column":51}},"type":"binary-expr","locations":[{"start":{"line":30,"column":6},"end":{"line":30,"column":28}},{"start":{"line":30,"column":32},"end":{"line":30,"column":51}}],"line":30},"3":{"loc":{"start":{"line":66,"column":2},"end":{"line":87,"column":3}},"type":"if","locations":[{"start":{"line":66,"column":2},"end":{"line":87,"column":3}},{"start":{},"end":{}}],"line":66},"4":{"loc":{"start":{"line":73,"column":71},"end":{"line":73,"column":143}},"type":"binary-expr","locations":[{"start":{"line":73,"column":71},"end":{"line":73,"column":138}},{"start":{"line":73,"column":142},"end":{"line":73,"column":143}}],"line":73},"5":{"loc":{"start":{"line":73,"column":159},"end":{"line":73,"column":204}},"type":"binary-expr","locations":[{"start":{"line":73,"column":159},"end":{"line":73,"column":199}},{"start":{"line":73,"column":203},"end":{"line":73,"column":204}}],"line":73},"6":{"loc":{"start":{"line":77,"column":69},"end":{"line":77,"column":141}},"type":"binary-expr","locations":[{"start":{"line":77,"column":69},"end":{"line":77,"column":136}},{"start":{"line":77,"column":140},"end":{"line":77,"column":141}}],"line":77},"7":{"loc":{"start":{"line":77,"column":157},"end":{"line":77,"column":202}},"type":"binary-expr","locations":[{"start":{"line":77,"column":157},"end":{"line":77,"column":197}},{"start":{"line":77,"column":201},"end":{"line":77,"column":202}}],"line":77},"8":{"loc":{"start":{"line":81,"column":72},"end":{"line":81,"column":146}},"type":"binary-expr","locations":[{"start":{"line":81,"column":72},"end":{"line":81,"column":141}},{"start":{"line":81,"column":145},"end":{"line":81,"column":146}}],"line":81},"9":{"loc":{"start":{"line":81,"column":162},"end":{"line":81,"column":208}},"type":"binary-expr","locations":[{"start":{"line":81,"column":162},"end":{"line":81,"column":203}},{"start":{"line":81,"column":207},"end":{"line":81,"column":208}}],"line":81},"10":{"loc":{"start":{"line":85,"column":73},"end":{"line":85,"column":147}},"type":"binary-expr","locations":[{"start":{"line":85,"column":73},"end":{"line":85,"column":142}},{"start":{"line":85,"column":146},"end":{"line":85,"column":147}}],"line":85},"11":{"loc":{"start":{"line":85,"column":163},"end":{"line":85,"column":209}},"type":"binary-expr","locations":[{"start":{"line":85,"column":163},"end":{"line":85,"column":204}},{"start":{"line":85,"column":208},"end":{"line":85,"column":209}}],"line":85},"12":{"loc":{"start":{"line":103,"column":2},"end":{"line":109,"column":3}},"type":"if","locations":[{"start":{"line":103,"column":2},"end":{"line":109,"column":3}},{"start":{},"end":{}}],"line":103},"13":{"loc":{"start":{"line":103,"column":6},"end":{"line":103,"column":59}},"type":"binary-expr","locations":[{"start":{"line":103,"column":6},"end":{"line":103,"column":21}},{"start":{"line":103,"column":25},"end":{"line":103,"column":59}}],"line":103},"14":{"loc":{"start":{"line":117,"column":4},"end":{"line":125,"column":5}},"type":"if","locations":[{"start":{"line":117,"column":4},"end":{"line":125,"column":5}},{"start":{},"end":{}}],"line":117},"15":{"loc":{"start":{"line":117,"column":8},"end":{"line":117,"column":53}},"type":"binary-expr","locations":[{"start":{"line":117,"column":8},"end":{"line":117,"column":30}},{"start":{"line":117,"column":34},"end":{"line":117,"column":53}}],"line":117},"16":{"loc":{"start":{"line":127,"column":4},"end":{"line":132,"column":5}},"type":"if","locations":[{"start":{"line":127,"column":4},"end":{"line":132,"column":5}},{"start":{},"end":{}}],"line":127},"17":{"loc":{"start":{"line":189,"column":2},"end":{"line":207,"column":3}},"type":"if","locations":[{"start":{"line":189,"column":2},"end":{"line":207,"column":3}},{"start":{},"end":{}}],"line":189},"18":{"loc":{"start":{"line":210,"column":4},"end":{"line":210,"column":55}},"type":"if","locations":[{"start":{"line":210,"column":4},"end":{"line":210,"column":55}},{"start":{},"end":{}}],"line":210},"19":{"loc":{"start":{"line":219,"column":4},"end":{"line":219,"column":38}},"type":"if","locations":[{"start":{"line":219,"column":4},"end":{"line":219,"column":38}},{"start":{},"end":{}}],"line":219},"20":{"loc":{"start":{"line":276,"column":4},"end":{"line":284,"column":5}},"type":"if","locations":[{"start":{"line":276,"column":4},"end":{"line":284,"column":5}},{"start":{"line":279,"column":11},"end":{"line":284,"column":5}}],"line":276},"21":{"loc":{"start":{"line":279,"column":11},"end":{"line":284,"column":5}},"type":"if","locations":[{"start":{"line":279,"column":11},"end":{"line":284,"column":5}},{"start":{},"end":{}}],"line":279},"22":{"loc":{"start":{"line":287,"column":2},"end":{"line":295,"column":3}},"type":"if","locations":[{"start":{"line":287,"column":2},"end":{"line":295,"column":3}},{"start":{},"end":{}}],"line":287},"23":{"loc":{"start":{"line":304,"column":4},"end":{"line":307,"column":35}},"type":"binary-expr","locations":[{"start":{"line":304,"column":4},"end":{"line":304,"column":34}},{"start":{"line":305,"column":4},"end":{"line":305,"column":34}},{"start":{"line":306,"column":4},"end":{"line":306,"column":35}},{"start":{"line":307,"column":4},"end":{"line":307,"column":35}}],"line":304},"24":{"loc":{"start":{"line":315,"column":6},"end":{"line":320,"column":7}},"type":"if","locations":[{"start":{"line":315,"column":6},"end":{"line":320,"column":7}},{"start":{},"end":{}}],"line":315},"25":{"loc":{"start":{"line":321,"column":6},"end":{"line":326,"column":7}},"type":"if","locations":[{"start":{"line":321,"column":6},"end":{"line":326,"column":7}},{"start":{},"end":{}}],"line":321},"26":{"loc":{"start":{"line":321,"column":10},"end":{"line":321,"column":33}},"type":"binary-expr","locations":[{"start":{"line":321,"column":10},"end":{"line":321,"column":19}},{"start":{"line":321,"column":23},"end":{"line":321,"column":33}}],"line":321},"27":{"loc":{"start":{"line":337,"column":2},"end":{"line":361,"column":3}},"type":"if","locations":[{"start":{"line":337,"column":2},"end":{"line":361,"column":3}},{"start":{},"end":{}}],"line":337},"28":{"loc":{"start":{"line":339,"column":6},"end":{"line":339,"column":40}},"type":"if","locations":[{"start":{"line":339,"column":6},"end":{"line":339,"column":40}},{"start":{},"end":{}}],"line":339},"29":{"loc":{"start":{"line":351,"column":4},"end":{"line":360,"column":5}},"type":"if","locations":[{"start":{"line":351,"column":4},"end":{"line":360,"column":5}},{"start":{},"end":{}}],"line":351},"30":{"loc":{"start":{"line":353,"column":8},"end":{"line":355,"column":34}},"type":"binary-expr","locations":[{"start":{"line":353,"column":8},"end":{"line":353,"column":32}},{"start":{"line":354,"column":8},"end":{"line":354,"column":33}},{"start":{"line":355,"column":8},"end":{"line":355,"column":34}}],"line":353}},"s":{"0":0,"1":0,"2":0,"3":0,"4":0,"5":0,"6":0,"7":0,"8":0,"9":0,"10":0,"11":0,"12":0,"13":0,"14":0,"15":0,"16":0,"17":0,"18":0,"19":0,"20":0,"21":0,"22":0,"23":0,"24":0,"25":0,"26":0,"27":0,"28":0,"29":0,"30":0,"31":0,"32":0,"33":0,"34":0,"35":0,"36":0,"37":0,"38":0,"39":0,"40":0,"41":0,"42":0,"43":0,"44":0,"45":0,"46":0,"47":0,"48":0,"49":0,"50":0,"51":0,"52":0,"53":0,"54":0,"55":0,"56":0,"57":0,"58":0,"59":0,"60":0,"61":0,"62":0,"63":0,"64":0,"65":0,"66":0,"67":0,"68":0,"69":0,"70":0,"71":0,"72":0,"73":0,"74":0,"75":0,"76":0,"77":0,"78":0,"79":0,"80":0,"81":0,"82":0,"83":0,"84":0,"85":0,"86":0,"87":0,"88":0,"89":0,"90":0,"91":0,"92":0,"93":0,"94":0,"95":0,"96":0,"97":0,"98":0,"99":0,"100":0,"101":0,"102":0,"103":0,"104":0,"105":0,"106":0,"107":0,"108":0,"109":0,"110":0,"111":0},"f":{"0":0,"1":0,"2":0,"3":0,"4":0,"5":0,"6":0,"7":0,"8":0,"9":0,"10":0,"11":0,"12":0,"13":0,"14":0,"15":0},"b":{"0":[0],"1":[0,0],"2":[0,0],"3":[0,0],"4":[0,0],"5":[0,0],"6":[0,0],"7":[0,0],"8":[0,0],"9":[0,0],"10":[0,0],"11":[0,0],"12":[0,0],"13":[0,0],"14":[0,0],"15":[0,0],"16":[0,0],"17":[0,0],"18":[0,0],"19":[0,0],"20":[0,0],"21":[0,0],"22":[0,0],"23":[0,0,0,0],"24":[0,0],"25":[0,0],"26":[0,0],"27":[0,0],"28":[0,0],"29":[0,0],"30":[0,0,0]}}
,"C:\\Users\\defir\\Documents\\fun_with_Copilot\\Kiro vibes\\src\\utils\\mixer\\trackShuffler.ts": {"path":"C:\\Users\\defir\\Documents\\fun_with_Copilot\\Kiro vibes\\src\\utils\\mixer\\trackShuffler.ts","statementMap":{"0":{"start":{"line":14,"column":28},"end":{"line":21,"column":1}},"1":{"start":{"line":15,"column":19},"end":{"line":15,"column":29}},"2":{"start":{"line":16,"column":2},"end":{"line":19,"column":3}},"3":{"start":{"line":16,"column":15},"end":{"line":16,"column":34}},"4":{"start":{"line":17,"column":14},"end":{"line":17,"column":49}},"5":{"start":{"line":18,"column":4},"end":{"line":18,"column":60}},"6":{"start":{"line":20,"column":2},"end":{"line":20,"column":18}},"7":{"start":{"line":28,"column":32},"end":{"line":37,"column":1}},"8":{"start":{"line":31,"column":2},"end":{"line":36,"column":4}},"9":{"start":{"line":44,"column":35},"end":{"line":54,"column":1}},"10":{"start":{"line":47,"column":41},"end":{"line":47,"column":43}},"11":{"start":{"line":49,"column":2},"end":{"line":51,"column":5}},"12":{"start":{"line":50,"column":4},"end":{"line":50,"column":78}},"13":{"start":{"line":53,"column":2},"end":{"line":53,"column":23}},"14":{"start":{"line":62,"column":30},"end":{"line":81,"column":1}},"15":{"start":{"line":66,"column":2},"end":{"line":68,"column":3}},"16":{"start":{"line":67,"column":4},"end":{"line":67,"column":16}},"17":{"start":{"line":71,"column":26},"end":{"line":73,"column":12}},"18":{"start":{"line":72,"column":29},"end":{"line":72,"column":54}},"19":{"start":{"line":75,"column":2},"end":{"line":77,"column":3}},"20":{"start":{"line":76,"column":4},"end":{"line":76,"column":16}},"21":{"start":{"line":79,"column":22},"end":{"line":79,"column":72}},"22":{"start":{"line":80,"column":2},"end":{"line":80,"column":38}},"23":{"start":{"line":90,"column":31},"end":{"line":111,"column":1}},"24":{"start":{"line":95,"column":2},"end":{"line":97,"column":3}},"25":{"start":{"line":96,"column":4},"end":{"line":96,"column":14}},"26":{"start":{"line":100,"column":26},"end":{"line":102,"column":17}},"27":{"start":{"line":101,"column":29},"end":{"line":101,"column":54}},"28":{"start":{"line":104,"column":2},"end":{"line":106,"column":3}},"29":{"start":{"line":105,"column":4},"end":{"line":105,"column":14}},"30":{"start":{"line":109,"column":25},"end":{"line":109,"column":54}},"31":{"start":{"line":110,"column":2},"end":{"line":110,"column":73}},"32":{"start":{"line":120,"column":43},"end":{"line":129,"column":1}},"33":{"start":{"line":124,"column":2},"end":{"line":126,"column":3}},"34":{"start":{"line":125,"column":4},"end":{"line":125,"column":21}},"35":{"start":{"line":128,"column":2},"end":{"line":128,"column":37}}},"fnMap":{"0":{"name":"(anonymous_0)","decl":{"start":{"line":14,"column":28},"end":{"line":14,"column":29}},"loc":{"start":{"line":14,"column":52},"end":{"line":21,"column":1}},"line":14},"1":{"name":"(anonymous_1)","decl":{"start":{"line":28,"column":32},"end":{"line":28,"column":33}},"loc":{"start":{"line":30,"column":26},"end":{"line":37,"column":1}},"line":30},"2":{"name":"(anonymous_2)","decl":{"start":{"line":44,"column":35},"end":{"line":44,"column":36}},"loc":{"start":{"line":46,"column":22},"end":{"line":54,"column":1}},"line":46},"3":{"name":"(anonymous_3)","decl":{"start":{"line":49,"column":39},"end":{"line":49,"column":40}},"loc":{"start":{"line":49,"column":53},"end":{"line":51,"column":3}},"line":49},"4":{"name":"(anonymous_4)","decl":{"start":{"line":62,"column":30},"end":{"line":62,"column":31}},"loc":{"start":{"line":65,"column":33},"end":{"line":81,"column":1}},"line":65},"5":{"name":"(anonymous_5)","decl":{"start":{"line":72,"column":20},"end":{"line":72,"column":21}},"loc":{"start":{"line":72,"column":29},"end":{"line":72,"column":54}},"line":72},"6":{"name":"(anonymous_6)","decl":{"start":{"line":90,"column":31},"end":{"line":90,"column":32}},"loc":{"start":{"line":94,"column":28},"end":{"line":111,"column":1}},"line":94},"7":{"name":"(anonymous_7)","decl":{"start":{"line":101,"column":20},"end":{"line":101,"column":21}},"loc":{"start":{"line":101,"column":29},"end":{"line":101,"column":54}},"line":101},"8":{"name":"(anonymous_8)","decl":{"start":{"line":120,"column":43},"end":{"line":120,"column":44}},"loc":{"start":{"line":123,"column":26},"end":{"line":129,"column":1}},"line":123}},"branchMap":{"0":{"loc":{"start":{"line":66,"column":2},"end":{"line":68,"column":3}},"type":"if","locations":[{"start":{"line":66,"column":2},"end":{"line":68,"column":3}},{"start":{},"end":{}}],"line":66},"1":{"loc":{"start":{"line":66,"column":6},"end":{"line":66,"column":36}},"type":"binary-expr","locations":[{"start":{"line":66,"column":6},"end":{"line":66,"column":13}},{"start":{"line":66,"column":17},"end":{"line":66,"column":36}}],"line":66},"2":{"loc":{"start":{"line":71,"column":26},"end":{"line":73,"column":12}},"type":"cond-expr","locations":[{"start":{"line":72,"column":6},"end":{"line":72,"column":55}},{"start":{"line":73,"column":6},"end":{"line":73,"column":12}}],"line":71},"3":{"loc":{"start":{"line":75,"column":2},"end":{"line":77,"column":3}},"type":"if","locations":[{"start":{"line":75,"column":2},"end":{"line":77,"column":3}},{"start":{},"end":{}}],"line":75},"4":{"loc":{"start":{"line":95,"column":2},"end":{"line":97,"column":3}},"type":"if","locations":[{"start":{"line":95,"column":2},"end":{"line":97,"column":3}},{"start":{},"end":{}}],"line":95},"5":{"loc":{"start":{"line":95,"column":6},"end":{"line":95,"column":50}},"type":"binary-expr","locations":[{"start":{"line":95,"column":6},"end":{"line":95,"column":13}},{"start":{"line":95,"column":17},"end":{"line":95,"column":36}},{"start":{"line":95,"column":40},"end":{"line":95,"column":50}}],"line":95},"6":{"loc":{"start":{"line":100,"column":26},"end":{"line":102,"column":17}},"type":"cond-expr","locations":[{"start":{"line":101,"column":6},"end":{"line":101,"column":55}},{"start":{"line":102,"column":6},"end":{"line":102,"column":17}}],"line":100},"7":{"loc":{"start":{"line":104,"column":2},"end":{"line":106,"column":3}},"type":"if","locations":[{"start":{"line":104,"column":2},"end":{"line":106,"column":3}},{"start":{},"end":{}}],"line":104},"8":{"loc":{"start":{"line":124,"column":2},"end":{"line":126,"column":3}},"type":"if","locations":[{"start":{"line":124,"column":2},"end":{"line":126,"column":3}},{"start":{},"end":{}}],"line":124}},"s":{"0":0,"1":0,"2":0,"3":0,"4":0,"5":0,"6":0,"7":0,"8":0,"9":0,"10":0,"11":0,"12":0,"13":0,"14":0,"15":0,"16":0,"17":0,"18":0,"19":0,"20":0,"21":0,"22":0,"23":0,"24":0,"25":0,"26":0,"27":0,"28":0,"29":0,"30":0,"31":0,"32":0,"33":0,"34":0,"35":0},"f":{"0":0,"1":0,"2":0,"3":0,"4":0,"5":0,"6":0,"7":0,"8":0},"b":{"0":[0,0],"1":[0,0],"2":[0,0],"3":[0,0],"4":[0,0],"5":[0,0,0],"6":[0,0],"7":[0,0],"8":[0,0]}}
,"C:\\Users\\defir\\Documents\\fun_with_Copilot\\Kiro vibes\\src\\utils\\mixer\\types.ts": {"path":"C:\\Users\\defir\\Documents\\fun_with_Copilot\\Kiro vibes\\src\\utils\\mixer\\types.ts","statementMap":{},"fnMap":{},"branchMap":{},"s":{},"f":{},"b":{}}
}
